ARM GAS  /var/folders/3j/4xdnk5197cv_b7cw3n33qk7r0000gn/T//ccRTuVSo.s 			page 1


   1              		.cpu arm1176jz-s
   2              		.eabi_attribute 20, 1
   3              		.eabi_attribute 21, 1
   4              		.eabi_attribute 23, 3
   5              		.eabi_attribute 24, 1
   6              		.eabi_attribute 25, 1
   7              		.eabi_attribute 26, 1
   8              		.eabi_attribute 30, 2
   9              		.eabi_attribute 34, 1
  10              		.eabi_attribute 18, 4
  11              		.file	"bcm2835.c"
  12              		.text
  13              	.Ltext0:
  14              		.cfi_sections	.debug_frame
  15              		.section	.text.bcm2835_gpio_fnsel,"ax",%progbits
  16              		.align	2
  17              		.global	bcm2835_gpio_fnsel
  18              		.syntax unified
  19              		.arm
  20              		.fpu softvfp
  21              		.type	bcm2835_gpio_fnsel, %function
  22              	bcm2835_gpio_fnsel:
  23              	.LFB0:
  24              		.file 1 "..//os/hal/platforms/BCM2835/bcm2835.c"
  25              		.loc 1 12 0
  26              		.cfi_startproc
  27              		@ args = 0, pretend = 0, frame = 0
  28              		@ frame_needed = 0, uses_anonymous_args = 0
  29              	.LVL0:
  30 0000 30402DE9 		push	{r4, r5, lr}
  31              		.cfi_def_cfa_offset 12
  32              		.cfi_offset 4, -12
  33              		.cfi_offset 5, -8
  34              		.cfi_offset 14, -4
  35              		.loc 1 16 0
  36 0004 07E0A0E3 		mov	lr, #7
  37              		.loc 1 14 0
  38 0008 38409FE5 		ldr	r4, .L4
  39 000c 904485E0 		umull	r4, r5, r0, r4
  40 0010 A5C1A0E1 		lsr	ip, r5, #3
  41 0014 0C21A0E1 		lsl	r2, ip, #2
  42              		.loc 1 15 0
  43 0018 023282E2 		add	r3, r2, #536870912
  44 001c 023683E2 		add	r3, r3, #2097152
  45              		.loc 1 14 0
  46 0020 0C2082E0 		add	r2, r2, ip
  47 0024 820040E0 		sub	r0, r0, r2, lsl #1
  48              	.LVL1:
  49              		.loc 1 16 0
  50 0028 002093E5 		ldr	r2, [r3]
  51              		.loc 1 14 0
  52 002c 800080E0 		add	r0, r0, r0, lsl #1
  53              	.LVL2:
  54              		.loc 1 16 0
  55 0030 1E20C2E1 		bic	r2, r2, lr, lsl r0
  56 0034 002083E5 		str	r2, [r3]
  57              		.loc 1 17 0
ARM GAS  /var/folders/3j/4xdnk5197cv_b7cw3n33qk7r0000gn/T//ccRTuVSo.s 			page 2


  58 0038 002093E5 		ldr	r2, [r3]
  59 003c 111082E1 		orr	r1, r2, r1, lsl r0
  60              	.LVL3:
  61 0040 001083E5 		str	r1, [r3]
  62              		.loc 1 18 0
  63 0044 3080BDE8 		pop	{r4, r5, pc}
  64              	.L5:
  65              		.align	2
  66              	.L4:
  67 0048 CDCCCCCC 		.word	-858993459
  68              		.cfi_endproc
  69              	.LFE0:
  70              		.size	bcm2835_gpio_fnsel, .-bcm2835_gpio_fnsel
  71              		.section	.text.bcm2835_delay,"ax",%progbits
  72              		.align	2
  73              		.global	bcm2835_delay
  74              		.syntax unified
  75              		.arm
  76              		.fpu softvfp
  77              		.type	bcm2835_delay, %function
  78              	bcm2835_delay:
  79              	.LFB1:
  80              		.loc 1 21 0
  81              		.cfi_startproc
  82              		@ args = 0, pretend = 0, frame = 8
  83              		@ frame_needed = 0, uses_anonymous_args = 0
  84              		@ link register save eliminated.
  85              	.LVL4:
  86              		.loc 1 22 0
  87 0000 0030A0E3 		mov	r3, #0
  88              		.loc 1 21 0
  89 0004 08D04DE2 		sub	sp, sp, #8
  90              		.cfi_def_cfa_offset 8
  91              		.loc 1 22 0
  92 0008 04308DE5 		str	r3, [sp, #4]
  93              		.loc 1 23 0
  94 000c 04308DE5 		str	r3, [sp, #4]
  95 0010 04309DE5 		ldr	r3, [sp, #4]
  96 0014 030050E1 		cmp	r0, r3
  97 0018 0500009A 		bls	.L6
  98              	.L8:
  99              		.loc 1 23 0 is_stmt 0 discriminator 3
 100 001c 04309DE5 		ldr	r3, [sp, #4]
 101 0020 013083E2 		add	r3, r3, #1
 102 0024 04308DE5 		str	r3, [sp, #4]
 103 0028 04309DE5 		ldr	r3, [sp, #4]
 104 002c 000053E1 		cmp	r3, r0
 105 0030 F9FFFF3A 		bcc	.L8
 106              	.L6:
 107              		.loc 1 24 0 is_stmt 1
 108 0034 08D08DE2 		add	sp, sp, #8
 109              		.cfi_def_cfa_offset 0
 110              		@ sp needed
 111 0038 1EFF2FE1 		bx	lr
 112              		.cfi_endproc
 113              	.LFE1:
 114              		.size	bcm2835_delay, .-bcm2835_delay
ARM GAS  /var/folders/3j/4xdnk5197cv_b7cw3n33qk7r0000gn/T//ccRTuVSo.s 			page 3


 115              		.text
 116              	.Letext0:
 117              		.file 2 "/usr/local/Cellar/gcc-arm-none-eabi/20180627/arm-none-eabi/include/machine/_default_types
 118              		.file 3 "/usr/local/Cellar/gcc-arm-none-eabi/20180627/arm-none-eabi/include/sys/_stdint.h"
 119              		.section	.debug_info,"",%progbits
 120              	.Ldebug_info0:
 121 0000 13010000 		.4byte	0x113
 122 0004 0400     		.2byte	0x4
 123 0006 00000000 		.4byte	.Ldebug_abbrev0
 124 000a 04       		.byte	0x4
 125 000b 01       		.uleb128 0x1
 126 000c 5C010000 		.4byte	.LASF18
 127 0010 0C       		.byte	0xc
 128 0011 60000000 		.4byte	.LASF19
 129 0015 87000000 		.4byte	.LASF20
 130 0019 00000000 		.4byte	.Ldebug_ranges0+0
 131 001d 00000000 		.4byte	0
 132 0021 00000000 		.4byte	.Ldebug_line0
 133 0025 02       		.uleb128 0x2
 134 0026 04       		.byte	0x4
 135 0027 07       		.byte	0x7
 136 0028 E5000000 		.4byte	.LASF0
 137 002c 03       		.uleb128 0x3
 138 002d 04       		.byte	0x4
 139 002e 05       		.byte	0x5
 140 002f 696E7400 		.ascii	"int\000"
 141 0033 02       		.uleb128 0x2
 142 0034 01       		.byte	0x1
 143 0035 06       		.byte	0x6
 144 0036 50010000 		.4byte	.LASF1
 145 003a 02       		.uleb128 0x2
 146 003b 01       		.byte	0x1
 147 003c 08       		.byte	0x8
 148 003d 25000000 		.4byte	.LASF2
 149 0041 02       		.uleb128 0x2
 150 0042 02       		.byte	0x2
 151 0043 05       		.byte	0x5
 152 0044 2C010000 		.4byte	.LASF3
 153 0048 02       		.uleb128 0x2
 154 0049 02       		.byte	0x2
 155 004a 07       		.byte	0x7
 156 004b 45000000 		.4byte	.LASF4
 157 004f 02       		.uleb128 0x2
 158 0050 04       		.byte	0x4
 159 0051 05       		.byte	0x5
 160 0052 47010000 		.4byte	.LASF5
 161 0056 04       		.uleb128 0x4
 162 0057 DA000000 		.4byte	.LASF9
 163 005b 02       		.byte	0x2
 164 005c 4F       		.byte	0x4f
 165 005d 61000000 		.4byte	0x61
 166 0061 02       		.uleb128 0x2
 167 0062 04       		.byte	0x4
 168 0063 07       		.byte	0x7
 169 0064 33000000 		.4byte	.LASF6
 170 0068 02       		.uleb128 0x2
 171 0069 08       		.byte	0x8
ARM GAS  /var/folders/3j/4xdnk5197cv_b7cw3n33qk7r0000gn/T//ccRTuVSo.s 			page 4


 172 006a 05       		.byte	0x5
 173 006b 17010000 		.4byte	.LASF7
 174 006f 02       		.uleb128 0x2
 175 0070 08       		.byte	0x8
 176 0071 07       		.byte	0x7
 177 0072 F2000000 		.4byte	.LASF8
 178 0076 04       		.uleb128 0x4
 179 0077 3E010000 		.4byte	.LASF10
 180 007b 03       		.byte	0x3
 181 007c 30       		.byte	0x30
 182 007d 56000000 		.4byte	0x56
 183 0081 05       		.uleb128 0x5
 184 0082 76000000 		.4byte	0x76
 185 0086 06       		.uleb128 0x6
 186 0087 09010000 		.4byte	.LASF11
 187 008b 01       		.byte	0x1
 188 008c 14       		.byte	0x14
 189 008d 00000000 		.4byte	.LFB1
 190 0091 3C000000 		.4byte	.LFE1-.LFB1
 191 0095 01       		.uleb128 0x1
 192 0096 9C       		.byte	0x9c
 193 0097 B3000000 		.4byte	0xb3
 194 009b 07       		.uleb128 0x7
 195 009c 6E00     		.ascii	"n\000"
 196 009e 01       		.byte	0x1
 197 009f 14       		.byte	0x14
 198 00a0 76000000 		.4byte	0x76
 199 00a4 01       		.uleb128 0x1
 200 00a5 50       		.byte	0x50
 201 00a6 08       		.uleb128 0x8
 202 00a7 6900     		.ascii	"i\000"
 203 00a9 01       		.byte	0x1
 204 00aa 16       		.byte	0x16
 205 00ab 81000000 		.4byte	0x81
 206 00af 02       		.uleb128 0x2
 207 00b0 91       		.byte	0x91
 208 00b1 7C       		.sleb128 -4
 209 00b2 00       		.byte	0
 210 00b3 06       		.uleb128 0x6
 211 00b4 09000000 		.4byte	.LASF12
 212 00b8 01       		.byte	0x1
 213 00b9 0B       		.byte	0xb
 214 00ba 00000000 		.4byte	.LFB0
 215 00be 4C000000 		.4byte	.LFE0-.LFB0
 216 00c2 01       		.uleb128 0x1
 217 00c3 9C       		.byte	0x9c
 218 00c4 10010000 		.4byte	0x110
 219 00c8 09       		.uleb128 0x9
 220 00c9 00000000 		.4byte	.LASF13
 221 00cd 01       		.byte	0x1
 222 00ce 0B       		.byte	0xb
 223 00cf 76000000 		.4byte	0x76
 224 00d3 00000000 		.4byte	.LLST0
 225 00d7 09       		.uleb128 0x9
 226 00d8 58000000 		.4byte	.LASF14
 227 00dc 01       		.byte	0x1
 228 00dd 0B       		.byte	0xb
ARM GAS  /var/folders/3j/4xdnk5197cv_b7cw3n33qk7r0000gn/T//ccRTuVSo.s 			page 5


 229 00de 76000000 		.4byte	0x76
 230 00e2 21000000 		.4byte	.LLST1
 231 00e6 0A       		.uleb128 0xa
 232 00e7 1C000000 		.4byte	.LASF15
 233 00eb 01       		.byte	0x1
 234 00ec 0D       		.byte	0xd
 235 00ed 76000000 		.4byte	0x76
 236 00f1 42000000 		.4byte	.LLST2
 237 00f5 0B       		.uleb128 0xb
 238 00f6 25010000 		.4byte	.LASF16
 239 00fa 01       		.byte	0x1
 240 00fb 0E       		.byte	0xe
 241 00fc 76000000 		.4byte	0x76
 242 0100 01       		.uleb128 0x1
 243 0101 50       		.byte	0x50
 244 0102 0B       		.uleb128 0xb
 245 0103 36010000 		.4byte	.LASF17
 246 0107 01       		.byte	0x1
 247 0108 0F       		.byte	0xf
 248 0109 10010000 		.4byte	0x110
 249 010d 01       		.uleb128 0x1
 250 010e 53       		.byte	0x53
 251 010f 00       		.byte	0
 252 0110 0C       		.uleb128 0xc
 253 0111 04       		.byte	0x4
 254 0112 81000000 		.4byte	0x81
 255 0116 00       		.byte	0
 256              		.section	.debug_abbrev,"",%progbits
 257              	.Ldebug_abbrev0:
 258 0000 01       		.uleb128 0x1
 259 0001 11       		.uleb128 0x11
 260 0002 01       		.byte	0x1
 261 0003 25       		.uleb128 0x25
 262 0004 0E       		.uleb128 0xe
 263 0005 13       		.uleb128 0x13
 264 0006 0B       		.uleb128 0xb
 265 0007 03       		.uleb128 0x3
 266 0008 0E       		.uleb128 0xe
 267 0009 1B       		.uleb128 0x1b
 268 000a 0E       		.uleb128 0xe
 269 000b 55       		.uleb128 0x55
 270 000c 17       		.uleb128 0x17
 271 000d 11       		.uleb128 0x11
 272 000e 01       		.uleb128 0x1
 273 000f 10       		.uleb128 0x10
 274 0010 17       		.uleb128 0x17
 275 0011 00       		.byte	0
 276 0012 00       		.byte	0
 277 0013 02       		.uleb128 0x2
 278 0014 24       		.uleb128 0x24
 279 0015 00       		.byte	0
 280 0016 0B       		.uleb128 0xb
 281 0017 0B       		.uleb128 0xb
 282 0018 3E       		.uleb128 0x3e
 283 0019 0B       		.uleb128 0xb
 284 001a 03       		.uleb128 0x3
 285 001b 0E       		.uleb128 0xe
ARM GAS  /var/folders/3j/4xdnk5197cv_b7cw3n33qk7r0000gn/T//ccRTuVSo.s 			page 6


 286 001c 00       		.byte	0
 287 001d 00       		.byte	0
 288 001e 03       		.uleb128 0x3
 289 001f 24       		.uleb128 0x24
 290 0020 00       		.byte	0
 291 0021 0B       		.uleb128 0xb
 292 0022 0B       		.uleb128 0xb
 293 0023 3E       		.uleb128 0x3e
 294 0024 0B       		.uleb128 0xb
 295 0025 03       		.uleb128 0x3
 296 0026 08       		.uleb128 0x8
 297 0027 00       		.byte	0
 298 0028 00       		.byte	0
 299 0029 04       		.uleb128 0x4
 300 002a 16       		.uleb128 0x16
 301 002b 00       		.byte	0
 302 002c 03       		.uleb128 0x3
 303 002d 0E       		.uleb128 0xe
 304 002e 3A       		.uleb128 0x3a
 305 002f 0B       		.uleb128 0xb
 306 0030 3B       		.uleb128 0x3b
 307 0031 0B       		.uleb128 0xb
 308 0032 49       		.uleb128 0x49
 309 0033 13       		.uleb128 0x13
 310 0034 00       		.byte	0
 311 0035 00       		.byte	0
 312 0036 05       		.uleb128 0x5
 313 0037 35       		.uleb128 0x35
 314 0038 00       		.byte	0
 315 0039 49       		.uleb128 0x49
 316 003a 13       		.uleb128 0x13
 317 003b 00       		.byte	0
 318 003c 00       		.byte	0
 319 003d 06       		.uleb128 0x6
 320 003e 2E       		.uleb128 0x2e
 321 003f 01       		.byte	0x1
 322 0040 3F       		.uleb128 0x3f
 323 0041 19       		.uleb128 0x19
 324 0042 03       		.uleb128 0x3
 325 0043 0E       		.uleb128 0xe
 326 0044 3A       		.uleb128 0x3a
 327 0045 0B       		.uleb128 0xb
 328 0046 3B       		.uleb128 0x3b
 329 0047 0B       		.uleb128 0xb
 330 0048 27       		.uleb128 0x27
 331 0049 19       		.uleb128 0x19
 332 004a 11       		.uleb128 0x11
 333 004b 01       		.uleb128 0x1
 334 004c 12       		.uleb128 0x12
 335 004d 06       		.uleb128 0x6
 336 004e 40       		.uleb128 0x40
 337 004f 18       		.uleb128 0x18
 338 0050 9742     		.uleb128 0x2117
 339 0052 19       		.uleb128 0x19
 340 0053 01       		.uleb128 0x1
 341 0054 13       		.uleb128 0x13
 342 0055 00       		.byte	0
ARM GAS  /var/folders/3j/4xdnk5197cv_b7cw3n33qk7r0000gn/T//ccRTuVSo.s 			page 7


 343 0056 00       		.byte	0
 344 0057 07       		.uleb128 0x7
 345 0058 05       		.uleb128 0x5
 346 0059 00       		.byte	0
 347 005a 03       		.uleb128 0x3
 348 005b 08       		.uleb128 0x8
 349 005c 3A       		.uleb128 0x3a
 350 005d 0B       		.uleb128 0xb
 351 005e 3B       		.uleb128 0x3b
 352 005f 0B       		.uleb128 0xb
 353 0060 49       		.uleb128 0x49
 354 0061 13       		.uleb128 0x13
 355 0062 02       		.uleb128 0x2
 356 0063 18       		.uleb128 0x18
 357 0064 00       		.byte	0
 358 0065 00       		.byte	0
 359 0066 08       		.uleb128 0x8
 360 0067 34       		.uleb128 0x34
 361 0068 00       		.byte	0
 362 0069 03       		.uleb128 0x3
 363 006a 08       		.uleb128 0x8
 364 006b 3A       		.uleb128 0x3a
 365 006c 0B       		.uleb128 0xb
 366 006d 3B       		.uleb128 0x3b
 367 006e 0B       		.uleb128 0xb
 368 006f 49       		.uleb128 0x49
 369 0070 13       		.uleb128 0x13
 370 0071 02       		.uleb128 0x2
 371 0072 18       		.uleb128 0x18
 372 0073 00       		.byte	0
 373 0074 00       		.byte	0
 374 0075 09       		.uleb128 0x9
 375 0076 05       		.uleb128 0x5
 376 0077 00       		.byte	0
 377 0078 03       		.uleb128 0x3
 378 0079 0E       		.uleb128 0xe
 379 007a 3A       		.uleb128 0x3a
 380 007b 0B       		.uleb128 0xb
 381 007c 3B       		.uleb128 0x3b
 382 007d 0B       		.uleb128 0xb
 383 007e 49       		.uleb128 0x49
 384 007f 13       		.uleb128 0x13
 385 0080 02       		.uleb128 0x2
 386 0081 17       		.uleb128 0x17
 387 0082 00       		.byte	0
 388 0083 00       		.byte	0
 389 0084 0A       		.uleb128 0xa
 390 0085 34       		.uleb128 0x34
 391 0086 00       		.byte	0
 392 0087 03       		.uleb128 0x3
 393 0088 0E       		.uleb128 0xe
 394 0089 3A       		.uleb128 0x3a
 395 008a 0B       		.uleb128 0xb
 396 008b 3B       		.uleb128 0x3b
 397 008c 0B       		.uleb128 0xb
 398 008d 49       		.uleb128 0x49
 399 008e 13       		.uleb128 0x13
ARM GAS  /var/folders/3j/4xdnk5197cv_b7cw3n33qk7r0000gn/T//ccRTuVSo.s 			page 8


 400 008f 02       		.uleb128 0x2
 401 0090 17       		.uleb128 0x17
 402 0091 00       		.byte	0
 403 0092 00       		.byte	0
 404 0093 0B       		.uleb128 0xb
 405 0094 34       		.uleb128 0x34
 406 0095 00       		.byte	0
 407 0096 03       		.uleb128 0x3
 408 0097 0E       		.uleb128 0xe
 409 0098 3A       		.uleb128 0x3a
 410 0099 0B       		.uleb128 0xb
 411 009a 3B       		.uleb128 0x3b
 412 009b 0B       		.uleb128 0xb
 413 009c 49       		.uleb128 0x49
 414 009d 13       		.uleb128 0x13
 415 009e 02       		.uleb128 0x2
 416 009f 18       		.uleb128 0x18
 417 00a0 00       		.byte	0
 418 00a1 00       		.byte	0
 419 00a2 0C       		.uleb128 0xc
 420 00a3 0F       		.uleb128 0xf
 421 00a4 00       		.byte	0
 422 00a5 0B       		.uleb128 0xb
 423 00a6 0B       		.uleb128 0xb
 424 00a7 49       		.uleb128 0x49
 425 00a8 13       		.uleb128 0x13
 426 00a9 00       		.byte	0
 427 00aa 00       		.byte	0
 428 00ab 00       		.byte	0
 429              		.section	.debug_loc,"",%progbits
 430              	.Ldebug_loc0:
 431              	.LLST0:
 432 0000 00000000 		.4byte	.LVL0
 433 0004 28000000 		.4byte	.LVL1
 434 0008 0100     		.2byte	0x1
 435 000a 50       		.byte	0x50
 436 000b 28000000 		.4byte	.LVL1
 437 000f 4C000000 		.4byte	.LFE0
 438 0013 0400     		.2byte	0x4
 439 0015 F3       		.byte	0xf3
 440 0016 01       		.uleb128 0x1
 441 0017 50       		.byte	0x50
 442 0018 9F       		.byte	0x9f
 443 0019 00000000 		.4byte	0
 444 001d 00000000 		.4byte	0
 445              	.LLST1:
 446 0021 00000000 		.4byte	.LVL0
 447 0025 40000000 		.4byte	.LVL3
 448 0029 0100     		.2byte	0x1
 449 002b 51       		.byte	0x51
 450 002c 40000000 		.4byte	.LVL3
 451 0030 4C000000 		.4byte	.LFE0
 452 0034 0400     		.2byte	0x4
 453 0036 F3       		.byte	0xf3
 454 0037 01       		.uleb128 0x1
 455 0038 51       		.byte	0x51
 456 0039 9F       		.byte	0x9f
ARM GAS  /var/folders/3j/4xdnk5197cv_b7cw3n33qk7r0000gn/T//ccRTuVSo.s 			page 9


 457 003a 00000000 		.4byte	0
 458 003e 00000000 		.4byte	0
 459              	.LLST2:
 460 0042 00000000 		.4byte	.LVL0
 461 0046 28000000 		.4byte	.LVL1
 462 004a 0B00     		.2byte	0xb
 463 004c 70       		.byte	0x70
 464 004d 00       		.sleb128 0
 465 004e F7       		.byte	0xf7
 466 004f 25       		.uleb128 0x25
 467 0050 3A       		.byte	0x3a
 468 0051 F7       		.byte	0xf7
 469 0052 25       		.uleb128 0x25
 470 0053 1B       		.byte	0x1b
 471 0054 F7       		.byte	0xf7
 472 0055 00       		.uleb128 0
 473 0056 9F       		.byte	0x9f
 474 0057 28000000 		.4byte	.LVL1
 475 005b 4C000000 		.4byte	.LFE0
 476 005f 0C00     		.2byte	0xc
 477 0061 F3       		.byte	0xf3
 478 0062 01       		.uleb128 0x1
 479 0063 50       		.byte	0x50
 480 0064 F7       		.byte	0xf7
 481 0065 25       		.uleb128 0x25
 482 0066 3A       		.byte	0x3a
 483 0067 F7       		.byte	0xf7
 484 0068 25       		.uleb128 0x25
 485 0069 1B       		.byte	0x1b
 486 006a F7       		.byte	0xf7
 487 006b 00       		.uleb128 0
 488 006c 9F       		.byte	0x9f
 489 006d 00000000 		.4byte	0
 490 0071 00000000 		.4byte	0
 491              		.section	.debug_aranges,"",%progbits
 492 0000 24000000 		.4byte	0x24
 493 0004 0200     		.2byte	0x2
 494 0006 00000000 		.4byte	.Ldebug_info0
 495 000a 04       		.byte	0x4
 496 000b 00       		.byte	0
 497 000c 0000     		.2byte	0
 498 000e 0000     		.2byte	0
 499 0010 00000000 		.4byte	.LFB0
 500 0014 4C000000 		.4byte	.LFE0-.LFB0
 501 0018 00000000 		.4byte	.LFB1
 502 001c 3C000000 		.4byte	.LFE1-.LFB1
 503 0020 00000000 		.4byte	0
 504 0024 00000000 		.4byte	0
 505              		.section	.debug_ranges,"",%progbits
 506              	.Ldebug_ranges0:
 507 0000 00000000 		.4byte	.LFB0
 508 0004 4C000000 		.4byte	.LFE0
 509 0008 00000000 		.4byte	.LFB1
 510 000c 3C000000 		.4byte	.LFE1
 511 0010 00000000 		.4byte	0
 512 0014 00000000 		.4byte	0
 513              		.section	.debug_line,"",%progbits
ARM GAS  /var/folders/3j/4xdnk5197cv_b7cw3n33qk7r0000gn/T//ccRTuVSo.s 			page 10


 514              	.Ldebug_line0:
 515 0000 29010000 		.section	.debug_str,"MS",%progbits,1
 515      0200F000 
 515      00000201 
 515      FB0E0D00 
 515      01010101 
 516              	.LASF13:
 517 0000 6770696F 		.ascii	"gpio_pin\000"
 517      5F70696E 
 517      00
 518              	.LASF12:
 519 0009 62636D32 		.ascii	"bcm2835_gpio_fnsel\000"
 519      3833355F 
 519      6770696F 
 519      5F666E73 
 519      656C00
 520              	.LASF15:
 521 001c 6770666E 		.ascii	"gpfnbank\000"
 521      62616E6B 
 521      00
 522              	.LASF2:
 523 0025 756E7369 		.ascii	"unsigned char\000"
 523      676E6564 
 523      20636861 
 523      7200
 524              	.LASF6:
 525 0033 6C6F6E67 		.ascii	"long unsigned int\000"
 525      20756E73 
 525      69676E65 
 525      6420696E 
 525      7400
 526              	.LASF4:
 527 0045 73686F72 		.ascii	"short unsigned int\000"
 527      7420756E 
 527      7369676E 
 527      65642069 
 527      6E7400
 528              	.LASF14:
 529 0058 6770696F 		.ascii	"gpio_fn\000"
 529      5F666E00 
 530              	.LASF19:
 531 0060 2E2E2F2F 		.ascii	"..//os/hal/platforms/BCM2835/bcm2835.c\000"
 531      6F732F68 
 531      616C2F70 
 531      6C617466 
 531      6F726D73 
 532              	.LASF20:
 533 0087 2F557365 		.ascii	"/Users/kevinmalmsten/development_raspberry_pi/Backu"
 533      72732F6B 
 533      6576696E 
 533      6D616C6D 
 533      7374656E 
 534 00ba 7053656E 		.ascii	"pSensor_ChibiOS/__Backup_System\000"
 534      736F725F 
 534      43686962 
 534      694F532F 
 534      5F5F4261 
ARM GAS  /var/folders/3j/4xdnk5197cv_b7cw3n33qk7r0000gn/T//ccRTuVSo.s 			page 11


 535              	.LASF9:
 536 00da 5F5F7569 		.ascii	"__uint32_t\000"
 536      6E743332 
 536      5F7400
 537              	.LASF0:
 538 00e5 756E7369 		.ascii	"unsigned int\000"
 538      676E6564 
 538      20696E74 
 538      00
 539              	.LASF8:
 540 00f2 6C6F6E67 		.ascii	"long long unsigned int\000"
 540      206C6F6E 
 540      6720756E 
 540      7369676E 
 540      65642069 
 541              	.LASF11:
 542 0109 62636D32 		.ascii	"bcm2835_delay\000"
 542      3833355F 
 542      64656C61 
 542      7900
 543              	.LASF7:
 544 0117 6C6F6E67 		.ascii	"long long int\000"
 544      206C6F6E 
 544      6720696E 
 544      7400
 545              	.LASF16:
 546 0125 6F666673 		.ascii	"offset\000"
 546      657400
 547              	.LASF3:
 548 012c 73686F72 		.ascii	"short int\000"
 548      7420696E 
 548      7400
 549              	.LASF17:
 550 0136 6770666E 		.ascii	"gpfnsel\000"
 550      73656C00 
 551              	.LASF10:
 552 013e 75696E74 		.ascii	"uint32_t\000"
 552      33325F74 
 552      00
 553              	.LASF5:
 554 0147 6C6F6E67 		.ascii	"long int\000"
 554      20696E74 
 554      00
 555              	.LASF1:
 556 0150 7369676E 		.ascii	"signed char\000"
 556      65642063 
 556      68617200 
 557              	.LASF18:
 558 015c 474E5520 		.ascii	"GNU C11 7.3.1 20180622 (release) [ARM/embedded-7-br"
 558      43313120 
 558      372E332E 
 558      31203230 
 558      31383036 
 559 018f 616E6368 		.ascii	"anch revision 261907] -mcpu=arm1176jz-s -mno-thumb-"
 559      20726576 
 559      6973696F 
 559      6E203236 
ARM GAS  /var/folders/3j/4xdnk5197cv_b7cw3n33qk7r0000gn/T//ccRTuVSo.s 			page 12


 559      31393037 
 560 01c2 696E7465 		.ascii	"interwork -ggdb -O2 -fomit-frame-pointer -ffunction"
 560      72776F72 
 560      6B202D67 
 560      67646220 
 560      2D4F3220 
 561 01f5 2D736563 		.ascii	"-sections -fdata-sections\000"
 561      74696F6E 
 561      73202D66 
 561      64617461 
 561      2D736563 
 562              		.ident	"GCC: (GNU Tools for Arm Embedded Processors 7-2018-q2-update) 7.3.1 20180622 (release) [AR
ARM GAS  /var/folders/3j/4xdnk5197cv_b7cw3n33qk7r0000gn/T//ccRTuVSo.s 			page 13


DEFINED SYMBOLS
                            *ABS*:0000000000000000 bcm2835.c
/var/folders/3j/4xdnk5197cv_b7cw3n33qk7r0000gn/T//ccRTuVSo.s:16     .text.bcm2835_gpio_fnsel:0000000000000000 $a
/var/folders/3j/4xdnk5197cv_b7cw3n33qk7r0000gn/T//ccRTuVSo.s:22     .text.bcm2835_gpio_fnsel:0000000000000000 bcm2835_gpio_fnsel
/var/folders/3j/4xdnk5197cv_b7cw3n33qk7r0000gn/T//ccRTuVSo.s:67     .text.bcm2835_gpio_fnsel:0000000000000048 $d
/var/folders/3j/4xdnk5197cv_b7cw3n33qk7r0000gn/T//ccRTuVSo.s:72     .text.bcm2835_delay:0000000000000000 $a
/var/folders/3j/4xdnk5197cv_b7cw3n33qk7r0000gn/T//ccRTuVSo.s:78     .text.bcm2835_delay:0000000000000000 bcm2835_delay

NO UNDEFINED SYMBOLS
