ARM GAS  /var/folders/3j/4xdnk5197cv_b7cw3n33qk7r0000gn/T//ccQ270vW.s 			page 1


   1              		.cpu arm1176jz-s
   2              		.eabi_attribute 20, 1
   3              		.eabi_attribute 21, 1
   4              		.eabi_attribute 23, 3
   5              		.eabi_attribute 24, 1
   6              		.eabi_attribute 25, 1
   7              		.eabi_attribute 26, 1
   8              		.eabi_attribute 30, 2
   9              		.eabi_attribute 34, 1
  10              		.eabi_attribute 18, 4
  11              		.file	"can.c"
  12              		.text
  13              	.Ltext0:
  14              		.cfi_sections	.debug_frame
  15              	.Letext0:
  16              		.file 1 "/usr/local/Cellar/gcc-arm-none-eabi/20180627/lib/gcc/arm-none-eabi/7.3.1/include/stddef.h
  17              		.file 2 "/usr/local/Cellar/gcc-arm-none-eabi/20180627/arm-none-eabi/include/machine/_default_types
  18              		.file 3 "/usr/local/Cellar/gcc-arm-none-eabi/20180627/arm-none-eabi/include/sys/_stdint.h"
  19              		.file 4 "..//os/ports/GCC/ARM/chtypes.h"
  20              		.file 5 "..//os/kernel/include/chlists.h"
  21              		.file 6 "..//os/kernel/include/chthreads.h"
  22              		.file 7 "..//os/ports/GCC/ARM/chcore.h"
  23              		.file 8 "..//os/kernel/include/chvt.h"
  24              		.file 9 "..//os/kernel/include/chschd.h"
  25              		.file 10 "..//os/kernel/include/chmtx.h"
  26              		.file 11 "..//os/kernel/include/chevents.h"
  27              		.file 12 "..//os/kernel/include/chregistry.h"
  28              		.file 13 "..//os/kernel/include/chqueues.h"
  29              		.file 14 "..//os/kernel/include/ch.h"
  30              		.file 15 "..//os/hal/platforms/BCM2835/bcm2835.h"
  31              		.file 16 "..//os/hal/platforms/BCM2835/pal_lld.h"
  32              		.file 17 "..//os/hal/include/i2c.h"
  33              		.file 18 "..//os/hal/platforms/BCM2835/i2c_lld.h"
  34              		.file 19 "..//os/hal/include/serial.h"
  35              		.file 20 "..//os/hal/include/spi.h"
  36              		.file 21 "..//os/hal/platforms/BCM2835/spi_lld.h"
  37              		.file 22 "..//os/hal/platforms/BCM2835/serial_lld.h"
  38              		.section	.debug_info,"",%progbits
  39              	.Ldebug_info0:
  40 0000 1D0D0000 		.4byte	0xd1d
  41 0004 0400     		.2byte	0x4
  42 0006 00000000 		.4byte	.Ldebug_abbrev0
  43 000a 04       		.byte	0x4
  44 000b 01       		.uleb128 0x1
  45 000c 2E010000 		.4byte	.LASF201
  46 0010 0C       		.byte	0xc
  47 0011 0D040000 		.4byte	.LASF202
  48 0015 E3040000 		.4byte	.LASF203
  49 0019 00000000 		.4byte	.Ldebug_line0
  50 001d 02       		.uleb128 0x2
  51 001e 04       		.byte	0x4
  52 001f 05       		.byte	0x5
  53 0020 696E7400 		.ascii	"int\000"
  54 0024 03       		.uleb128 0x3
  55 0025 13000000 		.4byte	.LASF2
  56 0029 01       		.byte	0x1
  57 002a D8       		.byte	0xd8
ARM GAS  /var/folders/3j/4xdnk5197cv_b7cw3n33qk7r0000gn/T//ccQ270vW.s 			page 2


  58 002b 2F000000 		.4byte	0x2f
  59 002f 04       		.uleb128 0x4
  60 0030 04       		.byte	0x4
  61 0031 07       		.byte	0x7
  62 0032 06030000 		.4byte	.LASF0
  63 0036 05       		.uleb128 0x5
  64 0037 2F000000 		.4byte	0x2f
  65 003b 04       		.uleb128 0x4
  66 003c 01       		.byte	0x1
  67 003d 06       		.byte	0x6
  68 003e E7000000 		.4byte	.LASF1
  69 0042 03       		.uleb128 0x3
  70 0043 33000000 		.4byte	.LASF3
  71 0047 02       		.byte	0x2
  72 0048 2B       		.byte	0x2b
  73 0049 4D000000 		.4byte	0x4d
  74 004d 04       		.uleb128 0x4
  75 004e 01       		.byte	0x1
  76 004f 08       		.byte	0x8
  77 0050 E4050000 		.4byte	.LASF4
  78 0054 04       		.uleb128 0x4
  79 0055 02       		.byte	0x2
  80 0056 05       		.byte	0x5
  81 0057 11060000 		.4byte	.LASF5
  82 005b 03       		.uleb128 0x3
  83 005c 17070000 		.4byte	.LASF6
  84 0060 02       		.byte	0x2
  85 0061 39       		.byte	0x39
  86 0062 66000000 		.4byte	0x66
  87 0066 04       		.uleb128 0x4
  88 0067 02       		.byte	0x2
  89 0068 07       		.byte	0x7
  90 0069 99030000 		.4byte	.LASF7
  91 006d 03       		.uleb128 0x3
  92 006e 49070000 		.4byte	.LASF8
  93 0072 02       		.byte	0x2
  94 0073 4D       		.byte	0x4d
  95 0074 78000000 		.4byte	0x78
  96 0078 04       		.uleb128 0x4
  97 0079 04       		.byte	0x4
  98 007a 05       		.byte	0x5
  99 007b FC010000 		.4byte	.LASF9
 100 007f 03       		.uleb128 0x3
 101 0080 B9020000 		.4byte	.LASF10
 102 0084 02       		.byte	0x2
 103 0085 4F       		.byte	0x4f
 104 0086 8A000000 		.4byte	0x8a
 105 008a 04       		.uleb128 0x4
 106 008b 04       		.byte	0x4
 107 008c 07       		.byte	0x7
 108 008d 3F030000 		.4byte	.LASF11
 109 0091 04       		.uleb128 0x4
 110 0092 08       		.byte	0x8
 111 0093 05       		.byte	0x5
 112 0094 D9000000 		.4byte	.LASF12
 113 0098 04       		.uleb128 0x4
 114 0099 08       		.byte	0x8
ARM GAS  /var/folders/3j/4xdnk5197cv_b7cw3n33qk7r0000gn/T//ccQ270vW.s 			page 3


 115 009a 07       		.byte	0x7
 116 009b 67000000 		.4byte	.LASF13
 117 009f 03       		.uleb128 0x3
 118 00a0 0C080000 		.4byte	.LASF14
 119 00a4 03       		.byte	0x3
 120 00a5 18       		.byte	0x18
 121 00a6 42000000 		.4byte	0x42
 122 00aa 06       		.uleb128 0x6
 123 00ab 9F000000 		.4byte	0x9f
 124 00af 03       		.uleb128 0x3
 125 00b0 2E020000 		.4byte	.LASF15
 126 00b4 03       		.byte	0x3
 127 00b5 24       		.byte	0x24
 128 00b6 5B000000 		.4byte	0x5b
 129 00ba 03       		.uleb128 0x3
 130 00bb DC050000 		.4byte	.LASF16
 131 00bf 03       		.byte	0x3
 132 00c0 2C       		.byte	0x2c
 133 00c1 6D000000 		.4byte	0x6d
 134 00c5 03       		.uleb128 0x3
 135 00c6 B8060000 		.4byte	.LASF17
 136 00ca 03       		.byte	0x3
 137 00cb 30       		.byte	0x30
 138 00cc 7F000000 		.4byte	0x7f
 139 00d0 05       		.uleb128 0x5
 140 00d1 C5000000 		.4byte	0xc5
 141 00d5 03       		.uleb128 0x3
 142 00d6 E2030000 		.4byte	.LASF18
 143 00da 04       		.byte	0x4
 144 00db 2A       		.byte	0x2a
 145 00dc 9F000000 		.4byte	0x9f
 146 00e0 03       		.uleb128 0x3
 147 00e1 05020000 		.4byte	.LASF19
 148 00e5 04       		.byte	0x4
 149 00e6 2B       		.byte	0x2b
 150 00e7 9F000000 		.4byte	0x9f
 151 00eb 03       		.uleb128 0x3
 152 00ec 8C050000 		.4byte	.LASF20
 153 00f0 04       		.byte	0x4
 154 00f1 2C       		.byte	0x2c
 155 00f2 9F000000 		.4byte	0x9f
 156 00f6 03       		.uleb128 0x3
 157 00f7 EF060000 		.4byte	.LASF21
 158 00fb 04       		.byte	0x4
 159 00fc 2D       		.byte	0x2d
 160 00fd 9F000000 		.4byte	0x9f
 161 0101 03       		.uleb128 0x3
 162 0102 BB050000 		.4byte	.LASF22
 163 0106 04       		.byte	0x4
 164 0107 2E       		.byte	0x2e
 165 0108 C5000000 		.4byte	0xc5
 166 010c 03       		.uleb128 0x3
 167 010d BE030000 		.4byte	.LASF23
 168 0111 04       		.byte	0x4
 169 0112 2F       		.byte	0x2f
 170 0113 BA000000 		.4byte	0xba
 171 0117 03       		.uleb128 0x3
ARM GAS  /var/folders/3j/4xdnk5197cv_b7cw3n33qk7r0000gn/T//ccQ270vW.s 			page 4


 172 0118 F6030000 		.4byte	.LASF24
 173 011c 04       		.byte	0x4
 174 011d 31       		.byte	0x31
 175 011e C5000000 		.4byte	0xc5
 176 0122 03       		.uleb128 0x3
 177 0123 B4070000 		.4byte	.LASF25
 178 0127 04       		.byte	0x4
 179 0128 32       		.byte	0x32
 180 0129 C5000000 		.4byte	0xc5
 181 012d 03       		.uleb128 0x3
 182 012e 34070000 		.4byte	.LASF26
 183 0132 04       		.byte	0x4
 184 0133 33       		.byte	0x33
 185 0134 C5000000 		.4byte	0xc5
 186 0138 05       		.uleb128 0x5
 187 0139 2D010000 		.4byte	0x12d
 188 013d 03       		.uleb128 0x3
 189 013e 76060000 		.4byte	.LASF27
 190 0142 05       		.byte	0x5
 191 0143 23       		.byte	0x23
 192 0144 48010000 		.4byte	0x148
 193 0148 07       		.uleb128 0x7
 194 0149 76060000 		.4byte	.LASF27
 195 014d 44       		.byte	0x44
 196 014e 06       		.byte	0x6
 197 014f 57       		.byte	0x57
 198 0150 39020000 		.4byte	0x239
 199 0154 08       		.uleb128 0x8
 200 0155 50060000 		.4byte	.LASF28
 201 0159 06       		.byte	0x6
 202 015a 58       		.byte	0x58
 203 015b 5A020000 		.4byte	0x25a
 204 015f 00       		.byte	0
 205 0160 08       		.uleb128 0x8
 206 0161 B4050000 		.4byte	.LASF29
 207 0165 06       		.byte	0x6
 208 0166 5A       		.byte	0x5a
 209 0167 5A020000 		.4byte	0x25a
 210 016b 04       		.byte	0x4
 211 016c 08       		.uleb128 0x8
 212 016d AE000000 		.4byte	.LASF30
 213 0171 06       		.byte	0x6
 214 0172 5C       		.byte	0x5c
 215 0173 01010000 		.4byte	0x101
 216 0177 08       		.byte	0x8
 217 0178 08       		.uleb128 0x8
 218 0179 9C080000 		.4byte	.LASF31
 219 017d 06       		.byte	0x6
 220 017e 5D       		.byte	0x5d
 221 017f 15030000 		.4byte	0x315
 222 0183 0C       		.byte	0xc
 223 0184 08       		.uleb128 0x8
 224 0185 60020000 		.4byte	.LASF32
 225 0189 06       		.byte	0x6
 226 018a 5F       		.byte	0x5f
 227 018b 5A020000 		.4byte	0x25a
 228 018f 10       		.byte	0x10
ARM GAS  /var/folders/3j/4xdnk5197cv_b7cw3n33qk7r0000gn/T//ccQ270vW.s 			page 5


 229 0190 08       		.uleb128 0x8
 230 0191 B8040000 		.4byte	.LASF33
 231 0195 06       		.byte	0x6
 232 0196 60       		.byte	0x60
 233 0197 5A020000 		.4byte	0x25a
 234 019b 14       		.byte	0x14
 235 019c 08       		.uleb128 0x8
 236 019d 2F080000 		.4byte	.LASF34
 237 01a1 06       		.byte	0x6
 238 01a2 67       		.byte	0x67
 239 01a3 49050000 		.4byte	0x549
 240 01a7 18       		.byte	0x18
 241 01a8 08       		.uleb128 0x8
 242 01a9 1B060000 		.4byte	.LASF35
 243 01ad 06       		.byte	0x6
 244 01ae 72       		.byte	0x72
 245 01af E0000000 		.4byte	0xe0
 246 01b3 1C       		.byte	0x1c
 247 01b4 08       		.uleb128 0x8
 248 01b5 6E060000 		.4byte	.LASF36
 249 01b9 06       		.byte	0x6
 250 01ba 76       		.byte	0x76
 251 01bb D5000000 		.4byte	0xd5
 252 01bf 1D       		.byte	0x1d
 253 01c0 08       		.uleb128 0x8
 254 01c1 E5070000 		.4byte	.LASF37
 255 01c5 06       		.byte	0x6
 256 01c6 7B       		.byte	0x7b
 257 01c7 EB000000 		.4byte	0xeb
 258 01cb 1E       		.byte	0x1e
 259 01cc 08       		.uleb128 0x8
 260 01cd 23060000 		.4byte	.LASF38
 261 01d1 06       		.byte	0x6
 262 01d2 81       		.byte	0x81
 263 01d3 F6000000 		.4byte	0xf6
 264 01d7 1F       		.byte	0x1f
 265 01d8 08       		.uleb128 0x8
 266 01d9 67070000 		.4byte	.LASF39
 267 01dd 06       		.byte	0x6
 268 01de 88       		.byte	0x88
 269 01df 38010000 		.4byte	0x138
 270 01e3 20       		.byte	0x20
 271 01e4 09       		.uleb128 0x9
 272 01e5 705F7500 		.ascii	"p_u\000"
 273 01e9 06       		.byte	0x6
 274 01ea AD       		.byte	0xad
 275 01eb 14050000 		.4byte	0x514
 276 01ef 24       		.byte	0x24
 277 01f0 08       		.uleb128 0x8
 278 01f1 A2080000 		.4byte	.LASF40
 279 01f5 06       		.byte	0x6
 280 01f6 B2       		.byte	0xb2
 281 01f7 80020000 		.4byte	0x280
 282 01fb 28       		.byte	0x28
 283 01fc 08       		.uleb128 0x8
 284 01fd 84070000 		.4byte	.LASF41
 285 0201 06       		.byte	0x6
ARM GAS  /var/folders/3j/4xdnk5197cv_b7cw3n33qk7r0000gn/T//ccQ270vW.s 			page 6


 286 0202 B8       		.byte	0xb8
 287 0203 60020000 		.4byte	0x260
 288 0207 2C       		.byte	0x2c
 289 0208 08       		.uleb128 0x8
 290 0209 0D000000 		.4byte	.LASF42
 291 020d 06       		.byte	0x6
 292 020e BC       		.byte	0xbc
 293 020f 0C010000 		.4byte	0x10c
 294 0213 34       		.byte	0x34
 295 0214 08       		.uleb128 0x8
 296 0215 A3060000 		.4byte	.LASF43
 297 0219 06       		.byte	0x6
 298 021a C2       		.byte	0xc2
 299 021b 17010000 		.4byte	0x117
 300 021f 38       		.byte	0x38
 301 0220 08       		.uleb128 0x8
 302 0221 07060000 		.4byte	.LASF44
 303 0225 06       		.byte	0x6
 304 0226 C9       		.byte	0xc9
 305 0227 5B050000 		.4byte	0x55b
 306 022b 3C       		.byte	0x3c
 307 022c 08       		.uleb128 0x8
 308 022d 3E070000 		.4byte	.LASF45
 309 0231 06       		.byte	0x6
 310 0232 CD       		.byte	0xcd
 311 0233 01010000 		.4byte	0x101
 312 0237 40       		.byte	0x40
 313 0238 00       		.byte	0
 314 0239 0A       		.uleb128 0xa
 315 023a 08       		.byte	0x8
 316 023b 05       		.byte	0x5
 317 023c 5A       		.byte	0x5a
 318 023d 5A020000 		.4byte	0x25a
 319 0241 08       		.uleb128 0x8
 320 0242 50060000 		.4byte	.LASF28
 321 0246 05       		.byte	0x5
 322 0247 5B       		.byte	0x5b
 323 0248 5A020000 		.4byte	0x25a
 324 024c 00       		.byte	0
 325 024d 08       		.uleb128 0x8
 326 024e B4050000 		.4byte	.LASF29
 327 0252 05       		.byte	0x5
 328 0253 5D       		.byte	0x5d
 329 0254 5A020000 		.4byte	0x25a
 330 0258 04       		.byte	0x4
 331 0259 00       		.byte	0
 332 025a 0B       		.uleb128 0xb
 333 025b 04       		.byte	0x4
 334 025c 3D010000 		.4byte	0x13d
 335 0260 03       		.uleb128 0x3
 336 0261 D6040000 		.4byte	.LASF46
 337 0265 05       		.byte	0x5
 338 0266 5F       		.byte	0x5f
 339 0267 39020000 		.4byte	0x239
 340 026b 0A       		.uleb128 0xa
 341 026c 04       		.byte	0x4
 342 026d 05       		.byte	0x5
ARM GAS  /var/folders/3j/4xdnk5197cv_b7cw3n33qk7r0000gn/T//ccQ270vW.s 			page 7


 343 026e 64       		.byte	0x64
 344 026f 80020000 		.4byte	0x280
 345 0273 08       		.uleb128 0x8
 346 0274 50060000 		.4byte	.LASF28
 347 0278 05       		.byte	0x5
 348 0279 66       		.byte	0x66
 349 027a 5A020000 		.4byte	0x25a
 350 027e 00       		.byte	0
 351 027f 00       		.byte	0
 352 0280 03       		.uleb128 0x3
 353 0281 EA030000 		.4byte	.LASF47
 354 0285 05       		.byte	0x5
 355 0286 69       		.byte	0x69
 356 0287 6B020000 		.4byte	0x26b
 357 028b 03       		.uleb128 0x3
 358 028c 3D040000 		.4byte	.LASF48
 359 0290 07       		.byte	0x7
 360 0291 9D       		.byte	0x9d
 361 0292 C5000000 		.4byte	0xc5
 362 0296 03       		.uleb128 0x3
 363 0297 C4020000 		.4byte	.LASF49
 364 029b 07       		.byte	0x7
 365 029c A2       		.byte	0xa2
 366 029d A1020000 		.4byte	0x2a1
 367 02a1 0C       		.uleb128 0xc
 368 02a2 04       		.byte	0x4
 369 02a3 07       		.uleb128 0x7
 370 02a4 7D070000 		.4byte	.LASF50
 371 02a8 24       		.byte	0x24
 372 02a9 07       		.byte	0x7
 373 02aa B9       		.byte	0xb9
 374 02ab 15030000 		.4byte	0x315
 375 02af 09       		.uleb128 0x9
 376 02b0 723400   		.ascii	"r4\000"
 377 02b3 07       		.byte	0x7
 378 02b4 BA       		.byte	0xba
 379 02b5 96020000 		.4byte	0x296
 380 02b9 00       		.byte	0
 381 02ba 09       		.uleb128 0x9
 382 02bb 723500   		.ascii	"r5\000"
 383 02be 07       		.byte	0x7
 384 02bf BB       		.byte	0xbb
 385 02c0 96020000 		.4byte	0x296
 386 02c4 04       		.byte	0x4
 387 02c5 09       		.uleb128 0x9
 388 02c6 723600   		.ascii	"r6\000"
 389 02c9 07       		.byte	0x7
 390 02ca BC       		.byte	0xbc
 391 02cb 96020000 		.4byte	0x296
 392 02cf 08       		.byte	0x8
 393 02d0 09       		.uleb128 0x9
 394 02d1 723700   		.ascii	"r7\000"
 395 02d4 07       		.byte	0x7
 396 02d5 BD       		.byte	0xbd
 397 02d6 96020000 		.4byte	0x296
 398 02da 0C       		.byte	0xc
 399 02db 09       		.uleb128 0x9
ARM GAS  /var/folders/3j/4xdnk5197cv_b7cw3n33qk7r0000gn/T//ccQ270vW.s 			page 8


 400 02dc 723800   		.ascii	"r8\000"
 401 02df 07       		.byte	0x7
 402 02e0 BE       		.byte	0xbe
 403 02e1 96020000 		.4byte	0x296
 404 02e5 10       		.byte	0x10
 405 02e6 09       		.uleb128 0x9
 406 02e7 723900   		.ascii	"r9\000"
 407 02ea 07       		.byte	0x7
 408 02eb BF       		.byte	0xbf
 409 02ec 96020000 		.4byte	0x296
 410 02f0 14       		.byte	0x14
 411 02f1 09       		.uleb128 0x9
 412 02f2 72313000 		.ascii	"r10\000"
 413 02f6 07       		.byte	0x7
 414 02f7 C0       		.byte	0xc0
 415 02f8 96020000 		.4byte	0x296
 416 02fc 18       		.byte	0x18
 417 02fd 09       		.uleb128 0x9
 418 02fe 72313100 		.ascii	"r11\000"
 419 0302 07       		.byte	0x7
 420 0303 C1       		.byte	0xc1
 421 0304 96020000 		.4byte	0x296
 422 0308 1C       		.byte	0x1c
 423 0309 09       		.uleb128 0x9
 424 030a 6C7200   		.ascii	"lr\000"
 425 030d 07       		.byte	0x7
 426 030e C2       		.byte	0xc2
 427 030f 96020000 		.4byte	0x296
 428 0313 20       		.byte	0x20
 429 0314 00       		.byte	0
 430 0315 07       		.uleb128 0x7
 431 0316 91030000 		.4byte	.LASF51
 432 031a 04       		.byte	0x4
 433 031b 07       		.byte	0x7
 434 031c CA       		.byte	0xca
 435 031d 2E030000 		.4byte	0x32e
 436 0321 09       		.uleb128 0x9
 437 0322 72313300 		.ascii	"r13\000"
 438 0326 07       		.byte	0x7
 439 0327 CB       		.byte	0xcb
 440 0328 2E030000 		.4byte	0x32e
 441 032c 00       		.byte	0
 442 032d 00       		.byte	0
 443 032e 0B       		.uleb128 0xb
 444 032f 04       		.byte	0x4
 445 0330 A3020000 		.4byte	0x2a3
 446 0334 03       		.uleb128 0x3
 447 0335 5F030000 		.4byte	.LASF52
 448 0339 08       		.byte	0x8
 449 033a 4E       		.byte	0x4e
 450 033b 3F030000 		.4byte	0x33f
 451 033f 0B       		.uleb128 0xb
 452 0340 04       		.byte	0x4
 453 0341 45030000 		.4byte	0x345
 454 0345 0D       		.uleb128 0xd
 455 0346 50030000 		.4byte	0x350
 456 034a 0E       		.uleb128 0xe
ARM GAS  /var/folders/3j/4xdnk5197cv_b7cw3n33qk7r0000gn/T//ccQ270vW.s 			page 9


 457 034b A1020000 		.4byte	0x2a1
 458 034f 00       		.byte	0
 459 0350 03       		.uleb128 0x3
 460 0351 D5060000 		.4byte	.LASF53
 461 0355 08       		.byte	0x8
 462 0356 53       		.byte	0x53
 463 0357 5B030000 		.4byte	0x35b
 464 035b 07       		.uleb128 0x7
 465 035c D5060000 		.4byte	.LASF53
 466 0360 14       		.byte	0x14
 467 0361 08       		.byte	0x8
 468 0362 5A       		.byte	0x5a
 469 0363 A4030000 		.4byte	0x3a4
 470 0367 08       		.uleb128 0x8
 471 0368 13030000 		.4byte	.LASF54
 472 036c 08       		.byte	0x8
 473 036d 5B       		.byte	0x5b
 474 036e A4030000 		.4byte	0x3a4
 475 0372 00       		.byte	0
 476 0373 08       		.uleb128 0x8
 477 0374 CD020000 		.4byte	.LASF55
 478 0378 08       		.byte	0x8
 479 0379 5D       		.byte	0x5d
 480 037a A4030000 		.4byte	0x3a4
 481 037e 04       		.byte	0x4
 482 037f 08       		.uleb128 0x8
 483 0380 67040000 		.4byte	.LASF56
 484 0384 08       		.byte	0x8
 485 0385 5F       		.byte	0x5f
 486 0386 2D010000 		.4byte	0x12d
 487 038a 08       		.byte	0x8
 488 038b 08       		.uleb128 0x8
 489 038c 8F040000 		.4byte	.LASF57
 490 0390 08       		.byte	0x8
 491 0391 60       		.byte	0x60
 492 0392 34030000 		.4byte	0x334
 493 0396 0C       		.byte	0xc
 494 0397 08       		.uleb128 0x8
 495 0398 AD070000 		.4byte	.LASF58
 496 039c 08       		.byte	0x8
 497 039d 62       		.byte	0x62
 498 039e A1020000 		.4byte	0x2a1
 499 03a2 10       		.byte	0x10
 500 03a3 00       		.byte	0
 501 03a4 0B       		.uleb128 0xb
 502 03a5 04       		.byte	0x4
 503 03a6 50030000 		.4byte	0x350
 504 03aa 0A       		.uleb128 0xa
 505 03ab 10       		.byte	0x10
 506 03ac 08       		.byte	0x8
 507 03ad 6C       		.byte	0x6c
 508 03ae E3030000 		.4byte	0x3e3
 509 03b2 08       		.uleb128 0x8
 510 03b3 13030000 		.4byte	.LASF54
 511 03b7 08       		.byte	0x8
 512 03b8 6D       		.byte	0x6d
 513 03b9 A4030000 		.4byte	0x3a4
ARM GAS  /var/folders/3j/4xdnk5197cv_b7cw3n33qk7r0000gn/T//ccQ270vW.s 			page 10


 514 03bd 00       		.byte	0
 515 03be 08       		.uleb128 0x8
 516 03bf CD020000 		.4byte	.LASF55
 517 03c3 08       		.byte	0x8
 518 03c4 6F       		.byte	0x6f
 519 03c5 A4030000 		.4byte	0x3a4
 520 03c9 04       		.byte	0x4
 521 03ca 08       		.uleb128 0x8
 522 03cb 67040000 		.4byte	.LASF56
 523 03cf 08       		.byte	0x8
 524 03d0 71       		.byte	0x71
 525 03d1 2D010000 		.4byte	0x12d
 526 03d5 08       		.byte	0x8
 527 03d6 08       		.uleb128 0x8
 528 03d7 36080000 		.4byte	.LASF59
 529 03db 08       		.byte	0x8
 530 03dc 72       		.byte	0x72
 531 03dd 38010000 		.4byte	0x138
 532 03e1 0C       		.byte	0xc
 533 03e2 00       		.byte	0
 534 03e3 03       		.uleb128 0x3
 535 03e4 69080000 		.4byte	.LASF60
 536 03e8 08       		.byte	0x8
 537 03e9 73       		.byte	0x73
 538 03ea AA030000 		.4byte	0x3aa
 539 03ee 0F       		.uleb128 0xf
 540 03ef 48000000 		.4byte	.LASF68
 541 03f3 08       		.byte	0x8
 542 03f4 D1       		.byte	0xd1
 543 03f5 E3030000 		.4byte	0x3e3
 544 03f9 0A       		.uleb128 0xa
 545 03fa 1C       		.byte	0x1c
 546 03fb 09       		.byte	0x9
 547 03fc 57       		.byte	0x57
 548 03fd 4A040000 		.4byte	0x44a
 549 0401 08       		.uleb128 0x8
 550 0402 CD060000 		.4byte	.LASF61
 551 0406 09       		.byte	0x9
 552 0407 58       		.byte	0x58
 553 0408 60020000 		.4byte	0x260
 554 040c 00       		.byte	0
 555 040d 08       		.uleb128 0x8
 556 040e 39060000 		.4byte	.LASF62
 557 0412 09       		.byte	0x9
 558 0413 59       		.byte	0x59
 559 0414 01010000 		.4byte	0x101
 560 0418 08       		.byte	0x8
 561 0419 08       		.uleb128 0x8
 562 041a D0040000 		.4byte	.LASF63
 563 041e 09       		.byte	0x9
 564 041f 5B       		.byte	0x5b
 565 0420 15030000 		.4byte	0x315
 566 0424 0C       		.byte	0xc
 567 0425 08       		.uleb128 0x8
 568 0426 CB030000 		.4byte	.LASF64
 569 042a 09       		.byte	0x9
 570 042b 5E       		.byte	0x5e
ARM GAS  /var/folders/3j/4xdnk5197cv_b7cw3n33qk7r0000gn/T//ccQ270vW.s 			page 11


 571 042c 5A020000 		.4byte	0x25a
 572 0430 10       		.byte	0x10
 573 0431 08       		.uleb128 0x8
 574 0432 54050000 		.4byte	.LASF65
 575 0436 09       		.byte	0x9
 576 0437 5F       		.byte	0x5f
 577 0438 5A020000 		.4byte	0x25a
 578 043c 14       		.byte	0x14
 579 043d 08       		.uleb128 0x8
 580 043e 4A050000 		.4byte	.LASF66
 581 0442 09       		.byte	0x9
 582 0443 62       		.byte	0x62
 583 0444 5A020000 		.4byte	0x25a
 584 0448 18       		.byte	0x18
 585 0449 00       		.byte	0
 586 044a 03       		.uleb128 0x3
 587 044b F3070000 		.4byte	.LASF67
 588 044f 09       		.byte	0x9
 589 0450 64       		.byte	0x64
 590 0451 F9030000 		.4byte	0x3f9
 591 0455 0F       		.uleb128 0xf
 592 0456 06080000 		.4byte	.LASF69
 593 045a 09       		.byte	0x9
 594 045b 68       		.byte	0x68
 595 045c 4A040000 		.4byte	0x44a
 596 0460 07       		.uleb128 0x7
 597 0461 8B030000 		.4byte	.LASF70
 598 0465 10       		.byte	0x10
 599 0466 0A       		.byte	0xa
 600 0467 25       		.byte	0x25
 601 0468 91040000 		.4byte	0x491
 602 046c 08       		.uleb128 0x8
 603 046d 21010000 		.4byte	.LASF71
 604 0471 0A       		.byte	0xa
 605 0472 26       		.byte	0x26
 606 0473 60020000 		.4byte	0x260
 607 0477 00       		.byte	0
 608 0478 08       		.uleb128 0x8
 609 0479 81080000 		.4byte	.LASF72
 610 047d 0A       		.byte	0xa
 611 047e 28       		.byte	0x28
 612 047f 5A020000 		.4byte	0x25a
 613 0483 08       		.byte	0x8
 614 0484 08       		.uleb128 0x8
 615 0485 2D070000 		.4byte	.LASF73
 616 0489 0A       		.byte	0xa
 617 048a 2A       		.byte	0x2a
 618 048b 91040000 		.4byte	0x491
 619 048f 0C       		.byte	0xc
 620 0490 00       		.byte	0
 621 0491 0B       		.uleb128 0xb
 622 0492 04       		.byte	0x4
 623 0493 60040000 		.4byte	0x460
 624 0497 03       		.uleb128 0x3
 625 0498 8B030000 		.4byte	.LASF70
 626 049c 0A       		.byte	0xa
 627 049d 2C       		.byte	0x2c
ARM GAS  /var/folders/3j/4xdnk5197cv_b7cw3n33qk7r0000gn/T//ccQ270vW.s 			page 12


 628 049e 60040000 		.4byte	0x460
 629 04a2 03       		.uleb128 0x3
 630 04a3 1A080000 		.4byte	.LASF74
 631 04a7 0B       		.byte	0xb
 632 04a8 25       		.byte	0x25
 633 04a9 AD040000 		.4byte	0x4ad
 634 04ad 07       		.uleb128 0x7
 635 04ae 1A080000 		.4byte	.LASF74
 636 04b2 10       		.byte	0x10
 637 04b3 0B       		.byte	0xb
 638 04b4 2A       		.byte	0x2a
 639 04b5 EA040000 		.4byte	0x4ea
 640 04b9 08       		.uleb128 0x8
 641 04ba D3030000 		.4byte	.LASF75
 642 04be 0B       		.byte	0xb
 643 04bf 2B       		.byte	0x2b
 644 04c0 EA040000 		.4byte	0x4ea
 645 04c4 00       		.byte	0
 646 04c5 08       		.uleb128 0x8
 647 04c6 F2050000 		.4byte	.LASF76
 648 04ca 0B       		.byte	0xb
 649 04cb 2E       		.byte	0x2e
 650 04cc 5A020000 		.4byte	0x25a
 651 04d0 04       		.byte	0x4
 652 04d1 08       		.uleb128 0x8
 653 04d2 5C050000 		.4byte	.LASF77
 654 04d6 0B       		.byte	0xb
 655 04d7 30       		.byte	0x30
 656 04d8 17010000 		.4byte	0x117
 657 04dc 08       		.byte	0x8
 658 04dd 08       		.uleb128 0x8
 659 04de FE050000 		.4byte	.LASF78
 660 04e2 0B       		.byte	0xb
 661 04e3 33       		.byte	0x33
 662 04e4 22010000 		.4byte	0x122
 663 04e8 0C       		.byte	0xc
 664 04e9 00       		.byte	0
 665 04ea 0B       		.uleb128 0xb
 666 04eb 04       		.byte	0x4
 667 04ec A2040000 		.4byte	0x4a2
 668 04f0 07       		.uleb128 0x7
 669 04f1 FA020000 		.4byte	.LASF79
 670 04f5 04       		.byte	0x4
 671 04f6 0B       		.byte	0xb
 672 04f7 3A       		.byte	0x3a
 673 04f8 09050000 		.4byte	0x509
 674 04fc 08       		.uleb128 0x8
 675 04fd 41080000 		.4byte	.LASF80
 676 0501 0B       		.byte	0xb
 677 0502 3B       		.byte	0x3b
 678 0503 EA040000 		.4byte	0x4ea
 679 0507 00       		.byte	0
 680 0508 00       		.byte	0
 681 0509 03       		.uleb128 0x3
 682 050a FA020000 		.4byte	.LASF79
 683 050e 0B       		.byte	0xb
 684 050f 3E       		.byte	0x3e
ARM GAS  /var/folders/3j/4xdnk5197cv_b7cw3n33qk7r0000gn/T//ccQ270vW.s 			page 13


 685 0510 F0040000 		.4byte	0x4f0
 686 0514 10       		.uleb128 0x10
 687 0515 04       		.byte	0x4
 688 0516 06       		.byte	0x6
 689 0517 8F       		.byte	0x8f
 690 0518 49050000 		.4byte	0x549
 691 051c 11       		.uleb128 0x11
 692 051d 1A000000 		.4byte	.LASF81
 693 0521 06       		.byte	0x6
 694 0522 96       		.byte	0x96
 695 0523 0C010000 		.4byte	0x10c
 696 0527 11       		.uleb128 0x11
 697 0528 8C000000 		.4byte	.LASF82
 698 052c 06       		.byte	0x6
 699 052d 9D       		.byte	0x9d
 700 052e 0C010000 		.4byte	0x10c
 701 0532 11       		.uleb128 0x11
 702 0533 28080000 		.4byte	.LASF83
 703 0537 06       		.byte	0x6
 704 0538 A4       		.byte	0xa4
 705 0539 A1020000 		.4byte	0x2a1
 706 053d 11       		.uleb128 0x11
 707 053e 49060000 		.4byte	.LASF84
 708 0542 06       		.byte	0x6
 709 0543 AB       		.byte	0xab
 710 0544 17010000 		.4byte	0x117
 711 0548 00       		.byte	0
 712 0549 0B       		.uleb128 0xb
 713 054a 04       		.byte	0x4
 714 054b 56050000 		.4byte	0x556
 715 054f 04       		.uleb128 0x4
 716 0550 01       		.byte	0x1
 717 0551 08       		.byte	0x8
 718 0552 FE060000 		.4byte	.LASF85
 719 0556 06       		.uleb128 0x6
 720 0557 4F050000 		.4byte	0x54f
 721 055b 0B       		.uleb128 0xb
 722 055c 04       		.byte	0x4
 723 055d 97040000 		.4byte	0x497
 724 0561 0B       		.uleb128 0xb
 725 0562 04       		.byte	0x4
 726 0563 67050000 		.4byte	0x567
 727 0567 12       		.uleb128 0x12
 728 0568 0C010000 		.4byte	0x10c
 729 056c 76050000 		.4byte	0x576
 730 0570 0E       		.uleb128 0xe
 731 0571 A1020000 		.4byte	0x2a1
 732 0575 00       		.byte	0
 733 0576 0A       		.uleb128 0xa
 734 0577 16       		.byte	0x16
 735 0578 0C       		.byte	0xc
 736 0579 25       		.byte	0x25
 737 057a 57060000 		.4byte	0x657
 738 057e 08       		.uleb128 0x8
 739 057f 68030000 		.4byte	.LASF86
 740 0583 0C       		.byte	0xc
 741 0584 26       		.byte	0x26
ARM GAS  /var/folders/3j/4xdnk5197cv_b7cw3n33qk7r0000gn/T//ccQ270vW.s 			page 14


 742 0585 57060000 		.4byte	0x657
 743 0589 00       		.byte	0
 744 058a 08       		.uleb128 0x8
 745 058b 48040000 		.4byte	.LASF87
 746 058f 0C       		.byte	0xc
 747 0590 27       		.byte	0x27
 748 0591 9F000000 		.4byte	0x9f
 749 0595 04       		.byte	0x4
 750 0596 08       		.uleb128 0x8
 751 0597 3A050000 		.4byte	.LASF88
 752 059b 0C       		.byte	0xc
 753 059c 28       		.byte	0x28
 754 059d 9F000000 		.4byte	0x9f
 755 05a1 05       		.byte	0x5
 756 05a2 08       		.uleb128 0x8
 757 05a3 53080000 		.4byte	.LASF89
 758 05a7 0C       		.byte	0xc
 759 05a8 29       		.byte	0x29
 760 05a9 AF000000 		.4byte	0xaf
 761 05ad 06       		.byte	0x6
 762 05ae 08       		.uleb128 0x8
 763 05af 9F050000 		.4byte	.LASF90
 764 05b3 0C       		.byte	0xc
 765 05b4 2A       		.byte	0x2a
 766 05b5 9F000000 		.4byte	0x9f
 767 05b9 08       		.byte	0x8
 768 05ba 08       		.uleb128 0x8
 769 05bb 97040000 		.4byte	.LASF91
 770 05bf 0C       		.byte	0xc
 771 05c0 2B       		.byte	0x2b
 772 05c1 9F000000 		.4byte	0x9f
 773 05c5 09       		.byte	0x9
 774 05c6 08       		.uleb128 0x8
 775 05c7 7E000000 		.4byte	.LASF92
 776 05cb 0C       		.byte	0xc
 777 05cc 2C       		.byte	0x2c
 778 05cd 9F000000 		.4byte	0x9f
 779 05d1 0A       		.byte	0xa
 780 05d2 08       		.uleb128 0x8
 781 05d3 C1060000 		.4byte	.LASF93
 782 05d7 0C       		.byte	0xc
 783 05d8 2D       		.byte	0x2d
 784 05d9 9F000000 		.4byte	0x9f
 785 05dd 0B       		.byte	0xb
 786 05de 08       		.uleb128 0x8
 787 05df DA070000 		.4byte	.LASF94
 788 05e3 0C       		.byte	0xc
 789 05e4 2E       		.byte	0x2e
 790 05e5 9F000000 		.4byte	0x9f
 791 05e9 0C       		.byte	0xc
 792 05ea 08       		.uleb128 0x8
 793 05eb 8B060000 		.4byte	.LASF95
 794 05ef 0C       		.byte	0xc
 795 05f0 2F       		.byte	0x2f
 796 05f1 9F000000 		.4byte	0x9f
 797 05f5 0D       		.byte	0xd
 798 05f6 08       		.uleb128 0x8
ARM GAS  /var/folders/3j/4xdnk5197cv_b7cw3n33qk7r0000gn/T//ccQ270vW.s 			page 15


 799 05f7 00000000 		.4byte	.LASF96
 800 05fb 0C       		.byte	0xc
 801 05fc 30       		.byte	0x30
 802 05fd 9F000000 		.4byte	0x9f
 803 0601 0E       		.byte	0xe
 804 0602 08       		.uleb128 0x8
 805 0603 AC040000 		.4byte	.LASF97
 806 0607 0C       		.byte	0xc
 807 0608 31       		.byte	0x31
 808 0609 9F000000 		.4byte	0x9f
 809 060d 0F       		.byte	0xf
 810 060e 08       		.uleb128 0x8
 811 060f F3000000 		.4byte	.LASF98
 812 0613 0C       		.byte	0xc
 813 0614 32       		.byte	0x32
 814 0615 9F000000 		.4byte	0x9f
 815 0619 10       		.byte	0x10
 816 061a 08       		.uleb128 0x8
 817 061b B5000000 		.4byte	.LASF99
 818 061f 0C       		.byte	0xc
 819 0620 34       		.byte	0x34
 820 0621 9F000000 		.4byte	0x9f
 821 0625 11       		.byte	0x11
 822 0626 08       		.uleb128 0x8
 823 0627 0C010000 		.4byte	.LASF100
 824 062b 0C       		.byte	0xc
 825 062c 35       		.byte	0x35
 826 062d 9F000000 		.4byte	0x9f
 827 0631 12       		.byte	0x12
 828 0632 08       		.uleb128 0x8
 829 0633 50040000 		.4byte	.LASF101
 830 0637 0C       		.byte	0xc
 831 0638 36       		.byte	0x36
 832 0639 9F000000 		.4byte	0x9f
 833 063d 13       		.byte	0x13
 834 063e 08       		.uleb128 0x8
 835 063f 5F060000 		.4byte	.LASF102
 836 0643 0C       		.byte	0xc
 837 0644 37       		.byte	0x37
 838 0645 9F000000 		.4byte	0x9f
 839 0649 14       		.byte	0x14
 840 064a 08       		.uleb128 0x8
 841 064b 2D060000 		.4byte	.LASF103
 842 064f 0C       		.byte	0xc
 843 0650 39       		.byte	0x39
 844 0651 9F000000 		.4byte	0x9f
 845 0655 15       		.byte	0x15
 846 0656 00       		.byte	0
 847 0657 13       		.uleb128 0x13
 848 0658 4F050000 		.4byte	0x54f
 849 065c 67060000 		.4byte	0x667
 850 0660 14       		.uleb128 0x14
 851 0661 2F000000 		.4byte	0x2f
 852 0665 03       		.byte	0x3
 853 0666 00       		.byte	0
 854 0667 03       		.uleb128 0x3
 855 0668 3C020000 		.4byte	.LASF104
ARM GAS  /var/folders/3j/4xdnk5197cv_b7cw3n33qk7r0000gn/T//ccQ270vW.s 			page 16


 856 066c 0C       		.byte	0xc
 857 066d 3A       		.byte	0x3a
 858 066e 76050000 		.4byte	0x576
 859 0672 06       		.uleb128 0x6
 860 0673 67060000 		.4byte	0x667
 861 0677 0F       		.uleb128 0xf
 862 0678 51030000 		.4byte	.LASF105
 863 067c 0C       		.byte	0xc
 864 067d 77       		.byte	0x77
 865 067e 72060000 		.4byte	0x672
 866 0682 03       		.uleb128 0x3
 867 0683 30040000 		.4byte	.LASF106
 868 0687 0D       		.byte	0xd
 869 0688 30       		.byte	0x30
 870 0689 8D060000 		.4byte	0x68d
 871 068d 07       		.uleb128 0x7
 872 068e 30040000 		.4byte	.LASF106
 873 0692 24       		.byte	0x24
 874 0693 0D       		.byte	0xd
 875 0694 3E       		.byte	0x3e
 876 0695 FA060000 		.4byte	0x6fa
 877 0699 08       		.uleb128 0x8
 878 069a CF000000 		.4byte	.LASF107
 879 069e 0D       		.byte	0xd
 880 069f 3F       		.byte	0x3f
 881 06a0 60020000 		.4byte	0x260
 882 06a4 00       		.byte	0
 883 06a5 08       		.uleb128 0x8
 884 06a6 85040000 		.4byte	.LASF108
 885 06aa 0D       		.byte	0xd
 886 06ab 40       		.byte	0x40
 887 06ac 24000000 		.4byte	0x24
 888 06b0 08       		.byte	0x8
 889 06b1 08       		.uleb128 0x8
 890 06b2 25020000 		.4byte	.LASF109
 891 06b6 0D       		.byte	0xd
 892 06b7 41       		.byte	0x41
 893 06b8 1C070000 		.4byte	0x71c
 894 06bc 0C       		.byte	0xc
 895 06bd 08       		.uleb128 0x8
 896 06be 61000000 		.4byte	.LASF110
 897 06c2 0D       		.byte	0xd
 898 06c3 42       		.byte	0x42
 899 06c4 1C070000 		.4byte	0x71c
 900 06c8 10       		.byte	0x10
 901 06c9 08       		.uleb128 0x8
 902 06ca C8040000 		.4byte	.LASF111
 903 06ce 0D       		.byte	0xd
 904 06cf 44       		.byte	0x44
 905 06d0 1C070000 		.4byte	0x71c
 906 06d4 14       		.byte	0x14
 907 06d5 08       		.uleb128 0x8
 908 06d6 C3050000 		.4byte	.LASF112
 909 06da 0D       		.byte	0xd
 910 06db 45       		.byte	0x45
 911 06dc 1C070000 		.4byte	0x71c
 912 06e0 18       		.byte	0x18
ARM GAS  /var/folders/3j/4xdnk5197cv_b7cw3n33qk7r0000gn/T//ccQ270vW.s 			page 17


 913 06e1 08       		.uleb128 0x8
 914 06e2 FD070000 		.4byte	.LASF113
 915 06e6 0D       		.byte	0xd
 916 06e7 46       		.byte	0x46
 917 06e8 FA060000 		.4byte	0x6fa
 918 06ec 1C       		.byte	0x1c
 919 06ed 08       		.uleb128 0x8
 920 06ee 70080000 		.4byte	.LASF114
 921 06f2 0D       		.byte	0xd
 922 06f3 47       		.byte	0x47
 923 06f4 A1020000 		.4byte	0x2a1
 924 06f8 20       		.byte	0x20
 925 06f9 00       		.byte	0
 926 06fa 03       		.uleb128 0x3
 927 06fb AA050000 		.4byte	.LASF115
 928 06ff 0D       		.byte	0xd
 929 0700 33       		.byte	0x33
 930 0701 05070000 		.4byte	0x705
 931 0705 0B       		.uleb128 0xb
 932 0706 04       		.byte	0x4
 933 0707 0B070000 		.4byte	0x70b
 934 070b 0D       		.uleb128 0xd
 935 070c 16070000 		.4byte	0x716
 936 0710 0E       		.uleb128 0xe
 937 0711 16070000 		.4byte	0x716
 938 0715 00       		.byte	0
 939 0716 0B       		.uleb128 0xb
 940 0717 04       		.byte	0x4
 941 0718 82060000 		.4byte	0x682
 942 071c 0B       		.uleb128 0xb
 943 071d 04       		.byte	0x4
 944 071e 9F000000 		.4byte	0x9f
 945 0722 03       		.uleb128 0x3
 946 0723 02040000 		.4byte	.LASF116
 947 0727 0D       		.byte	0xd
 948 0728 7B       		.byte	0x7b
 949 0729 82060000 		.4byte	0x682
 950 072d 03       		.uleb128 0x3
 951 072e 27000000 		.4byte	.LASF117
 952 0732 0D       		.byte	0xd
 953 0733 EE       		.byte	0xee
 954 0734 82060000 		.4byte	0x682
 955 0738 12       		.uleb128 0x12
 956 0739 24000000 		.4byte	0x24
 957 073d 51070000 		.4byte	0x751
 958 0741 0E       		.uleb128 0xe
 959 0742 A1020000 		.4byte	0x2a1
 960 0746 0E       		.uleb128 0xe
 961 0747 51070000 		.4byte	0x751
 962 074b 0E       		.uleb128 0xe
 963 074c 24000000 		.4byte	0x24
 964 0750 00       		.byte	0
 965 0751 0B       		.uleb128 0xb
 966 0752 04       		.byte	0x4
 967 0753 AA000000 		.4byte	0xaa
 968 0757 0B       		.uleb128 0xb
 969 0758 04       		.byte	0x4
ARM GAS  /var/folders/3j/4xdnk5197cv_b7cw3n33qk7r0000gn/T//ccQ270vW.s 			page 18


 970 0759 38070000 		.4byte	0x738
 971 075d 12       		.uleb128 0x12
 972 075e 24000000 		.4byte	0x24
 973 0762 76070000 		.4byte	0x776
 974 0766 0E       		.uleb128 0xe
 975 0767 A1020000 		.4byte	0x2a1
 976 076b 0E       		.uleb128 0xe
 977 076c 1C070000 		.4byte	0x71c
 978 0770 0E       		.uleb128 0xe
 979 0771 24000000 		.4byte	0x24
 980 0775 00       		.byte	0
 981 0776 0B       		.uleb128 0xb
 982 0777 04       		.byte	0x4
 983 0778 5D070000 		.4byte	0x75d
 984 077c 12       		.uleb128 0x12
 985 077d 0C010000 		.4byte	0x10c
 986 0781 90070000 		.4byte	0x790
 987 0785 0E       		.uleb128 0xe
 988 0786 A1020000 		.4byte	0x2a1
 989 078a 0E       		.uleb128 0xe
 990 078b 9F000000 		.4byte	0x9f
 991 078f 00       		.byte	0
 992 0790 0B       		.uleb128 0xb
 993 0791 04       		.byte	0x4
 994 0792 7C070000 		.4byte	0x77c
 995 0796 13       		.uleb128 0x13
 996 0797 8B020000 		.4byte	0x28b
 997 079b A6070000 		.4byte	0x7a6
 998 079f 14       		.uleb128 0x14
 999 07a0 2F000000 		.4byte	0x2f
 1000 07a4 26       		.byte	0x26
 1001 07a5 00       		.byte	0
 1002 07a6 0F       		.uleb128 0xf
 1003 07a7 68020000 		.4byte	.LASF118
 1004 07ab 0E       		.byte	0xe
 1005 07ac 82       		.byte	0x82
 1006 07ad 96070000 		.4byte	0x796
 1007 07b1 07       		.uleb128 0x7
 1008 07b2 4F000000 		.4byte	.LASF119
 1009 07b6 20       		.byte	0x20
 1010 07b7 0F       		.byte	0xf
 1011 07b8 FD       		.byte	0xfd
 1012 07b9 24080000 		.4byte	0x824
 1013 07bd 08       		.uleb128 0x8
 1014 07be B1020000 		.4byte	.LASF120
 1015 07c2 0F       		.byte	0xf
 1016 07c3 FE       		.byte	0xfe
 1017 07c4 36000000 		.4byte	0x36
 1018 07c8 00       		.byte	0
 1019 07c9 08       		.uleb128 0x8
 1020 07ca EC070000 		.4byte	.LASF121
 1021 07ce 0F       		.byte	0xf
 1022 07cf FF       		.byte	0xff
 1023 07d0 36000000 		.4byte	0x36
 1024 07d4 04       		.byte	0x4
 1025 07d5 15       		.uleb128 0x15
 1026 07d6 5E080000 		.4byte	.LASF122
ARM GAS  /var/folders/3j/4xdnk5197cv_b7cw3n33qk7r0000gn/T//ccQ270vW.s 			page 19


 1027 07da 0F       		.byte	0xf
 1028 07db 0001     		.2byte	0x100
 1029 07dd 36000000 		.4byte	0x36
 1030 07e1 08       		.byte	0x8
 1031 07e2 15       		.uleb128 0x15
 1032 07e3 D5020000 		.4byte	.LASF123
 1033 07e7 0F       		.byte	0xf
 1034 07e8 0101     		.2byte	0x101
 1035 07ea 36000000 		.4byte	0x36
 1036 07ee 0C       		.byte	0xc
 1037 07ef 15       		.uleb128 0x15
 1038 07f0 9F000000 		.4byte	.LASF124
 1039 07f4 0F       		.byte	0xf
 1040 07f5 0201     		.2byte	0x102
 1041 07f7 36000000 		.4byte	0x36
 1042 07fb 10       		.byte	0x10
 1043 07fc 15       		.uleb128 0x15
 1044 07fd 78040000 		.4byte	.LASF125
 1045 0801 0F       		.byte	0xf
 1046 0802 0301     		.2byte	0x103
 1047 0804 36000000 		.4byte	0x36
 1048 0808 14       		.byte	0x14
 1049 0809 15       		.uleb128 0x15
 1050 080a 15020000 		.4byte	.LASF126
 1051 080e 0F       		.byte	0xf
 1052 080f 0401     		.2byte	0x104
 1053 0811 36000000 		.4byte	0x36
 1054 0815 18       		.byte	0x18
 1055 0816 15       		.uleb128 0x15
 1056 0817 B4080000 		.4byte	.LASF127
 1057 081b 0F       		.byte	0xf
 1058 081c 0501     		.2byte	0x105
 1059 081e 36000000 		.4byte	0x36
 1060 0822 1C       		.byte	0x1c
 1061 0823 00       		.byte	0
 1062 0824 16       		.uleb128 0x16
 1063 0825 4F000000 		.4byte	.LASF119
 1064 0829 0F       		.byte	0xf
 1065 082a 0801     		.2byte	0x108
 1066 082c B1070000 		.4byte	0x7b1
 1067 0830 12       		.uleb128 0x12
 1068 0831 0C010000 		.4byte	0x10c
 1069 0835 49080000 		.4byte	0x849
 1070 0839 0E       		.uleb128 0xe
 1071 083a A1020000 		.4byte	0x2a1
 1072 083e 0E       		.uleb128 0xe
 1073 083f 9F000000 		.4byte	0x9f
 1074 0843 0E       		.uleb128 0xe
 1075 0844 2D010000 		.4byte	0x12d
 1076 0848 00       		.byte	0
 1077 0849 0B       		.uleb128 0xb
 1078 084a 04       		.byte	0x4
 1079 084b 30080000 		.4byte	0x830
 1080 084f 12       		.uleb128 0x12
 1081 0850 0C010000 		.4byte	0x10c
 1082 0854 63080000 		.4byte	0x863
 1083 0858 0E       		.uleb128 0xe
ARM GAS  /var/folders/3j/4xdnk5197cv_b7cw3n33qk7r0000gn/T//ccQ270vW.s 			page 20


 1084 0859 A1020000 		.4byte	0x2a1
 1085 085d 0E       		.uleb128 0xe
 1086 085e 2D010000 		.4byte	0x12d
 1087 0862 00       		.byte	0
 1088 0863 0B       		.uleb128 0xb
 1089 0864 04       		.byte	0x4
 1090 0865 4F080000 		.4byte	0x84f
 1091 0869 12       		.uleb128 0x12
 1092 086a 24000000 		.4byte	0x24
 1093 086e 87080000 		.4byte	0x887
 1094 0872 0E       		.uleb128 0xe
 1095 0873 A1020000 		.4byte	0x2a1
 1096 0877 0E       		.uleb128 0xe
 1097 0878 51070000 		.4byte	0x751
 1098 087c 0E       		.uleb128 0xe
 1099 087d 24000000 		.4byte	0x24
 1100 0881 0E       		.uleb128 0xe
 1101 0882 2D010000 		.4byte	0x12d
 1102 0886 00       		.byte	0
 1103 0887 0B       		.uleb128 0xb
 1104 0888 04       		.byte	0x4
 1105 0889 69080000 		.4byte	0x869
 1106 088d 12       		.uleb128 0x12
 1107 088e 24000000 		.4byte	0x24
 1108 0892 AB080000 		.4byte	0x8ab
 1109 0896 0E       		.uleb128 0xe
 1110 0897 A1020000 		.4byte	0x2a1
 1111 089b 0E       		.uleb128 0xe
 1112 089c 1C070000 		.4byte	0x71c
 1113 08a0 0E       		.uleb128 0xe
 1114 08a1 24000000 		.4byte	0x24
 1115 08a5 0E       		.uleb128 0xe
 1116 08a6 2D010000 		.4byte	0x12d
 1117 08aa 00       		.byte	0
 1118 08ab 0B       		.uleb128 0xb
 1119 08ac 04       		.byte	0x4
 1120 08ad 8D080000 		.4byte	0x88d
 1121 08b1 0A       		.uleb128 0xa
 1122 08b2 18       		.byte	0x18
 1123 08b3 10       		.byte	0x10
 1124 08b4 2A       		.byte	0x2a
 1125 08b5 02090000 		.4byte	0x902
 1126 08b9 08       		.uleb128 0x8
 1127 08ba 14080000 		.4byte	.LASF128
 1128 08be 10       		.byte	0x10
 1129 08bf 2F       		.byte	0x2f
 1130 08c0 C5000000 		.4byte	0xc5
 1131 08c4 00       		.byte	0
 1132 08c5 08       		.uleb128 0x8
 1133 08c6 64050000 		.4byte	.LASF129
 1134 08ca 10       		.byte	0x10
 1135 08cb 31       		.byte	0x31
 1136 08cc 02090000 		.4byte	0x902
 1137 08d0 04       		.byte	0x4
 1138 08d1 08       		.uleb128 0x8
 1139 08d2 B8030000 		.4byte	.LASF130
 1140 08d6 10       		.byte	0x10
ARM GAS  /var/folders/3j/4xdnk5197cv_b7cw3n33qk7r0000gn/T//ccQ270vW.s 			page 21


 1141 08d7 32       		.byte	0x32
 1142 08d8 02090000 		.4byte	0x902
 1143 08dc 08       		.byte	0x8
 1144 08dd 08       		.uleb128 0x8
 1145 08de 5C040000 		.4byte	.LASF131
 1146 08e2 10       		.byte	0x10
 1147 08e3 33       		.byte	0x33
 1148 08e4 02090000 		.4byte	0x902
 1149 08e8 0C       		.byte	0xc
 1150 08e9 08       		.uleb128 0x8
 1151 08ea 6A050000 		.4byte	.LASF132
 1152 08ee 10       		.byte	0x10
 1153 08ef 34       		.byte	0x34
 1154 08f0 02090000 		.4byte	0x902
 1155 08f4 10       		.byte	0x10
 1156 08f5 08       		.uleb128 0x8
 1157 08f6 40060000 		.4byte	.LASF133
 1158 08fa 10       		.byte	0x10
 1159 08fb 35       		.byte	0x35
 1160 08fc 2F000000 		.4byte	0x2f
 1161 0900 14       		.byte	0x14
 1162 0901 00       		.byte	0
 1163 0902 0B       		.uleb128 0xb
 1164 0903 04       		.byte	0x4
 1165 0904 D0000000 		.4byte	0xd0
 1166 0908 03       		.uleb128 0x3
 1167 0909 AC030000 		.4byte	.LASF134
 1168 090d 10       		.byte	0x10
 1169 090e 37       		.byte	0x37
 1170 090f B1080000 		.4byte	0x8b1
 1171 0913 17       		.uleb128 0x17
 1172 0914 00       		.byte	0
 1173 0915 10       		.byte	0x10
 1174 0916 43       		.byte	0x43
 1175 0917 03       		.uleb128 0x3
 1176 0918 77080000 		.4byte	.LASF135
 1177 091c 10       		.byte	0x10
 1178 091d 45       		.byte	0x45
 1179 091e 13090000 		.4byte	0x913
 1180 0922 06       		.uleb128 0x6
 1181 0923 17090000 		.4byte	0x917
 1182 0927 0F       		.uleb128 0xf
 1183 0928 42050000 		.4byte	.LASF136
 1184 092c 10       		.byte	0x10
 1185 092d 6D       		.byte	0x6d
 1186 092e 08090000 		.4byte	0x908
 1187 0932 0F       		.uleb128 0xf
 1188 0933 57060000 		.4byte	.LASF137
 1189 0937 10       		.byte	0x10
 1190 0938 6E       		.byte	0x6e
 1191 0939 08090000 		.4byte	0x908
 1192 093d 0F       		.uleb128 0xf
 1193 093e 89080000 		.4byte	.LASF138
 1194 0942 10       		.byte	0x10
 1195 0943 75       		.byte	0x75
 1196 0944 22090000 		.4byte	0x922
 1197 0948 18       		.uleb128 0x18
ARM GAS  /var/folders/3j/4xdnk5197cv_b7cw3n33qk7r0000gn/T//ccQ270vW.s 			page 22


 1198 0949 07       		.byte	0x7
 1199 094a 01       		.byte	0x1
 1200 094b 4D000000 		.4byte	0x4d
 1201 094f 11       		.byte	0x11
 1202 0950 54       		.byte	0x54
 1203 0951 7A090000 		.4byte	0x97a
 1204 0955 19       		.uleb128 0x19
 1205 0956 E1010000 		.4byte	.LASF139
 1206 095a 00       		.byte	0
 1207 095b 19       		.uleb128 0x19
 1208 095c 6F040000 		.4byte	.LASF140
 1209 0960 01       		.byte	0x1
 1210 0961 19       		.uleb128 0x19
 1211 0962 53070000 		.4byte	.LASF141
 1212 0966 02       		.byte	0x2
 1213 0967 19       		.uleb128 0x19
 1214 0968 46020000 		.4byte	.LASF142
 1215 096c 03       		.byte	0x3
 1216 096d 19       		.uleb128 0x19
 1217 096e 22040000 		.4byte	.LASF143
 1218 0972 04       		.byte	0x4
 1219 0973 19       		.uleb128 0x19
 1220 0974 98060000 		.4byte	.LASF144
 1221 0978 05       		.byte	0x5
 1222 0979 00       		.byte	0
 1223 097a 03       		.uleb128 0x3
 1224 097b 94050000 		.4byte	.LASF145
 1225 097f 11       		.byte	0x11
 1226 0980 5B       		.byte	0x5b
 1227 0981 48090000 		.4byte	0x948
 1228 0985 03       		.uleb128 0x3
 1229 0986 5D070000 		.4byte	.LASF146
 1230 098a 12       		.byte	0x12
 1231 098b 38       		.byte	0x38
 1232 098c 90090000 		.4byte	0x990
 1233 0990 07       		.uleb128 0x7
 1234 0991 5D070000 		.4byte	.LASF146
 1235 0995 40       		.byte	0x40
 1236 0996 12       		.byte	0x12
 1237 0997 62       		.byte	0x62
 1238 0998 390A0000 		.4byte	0xa39
 1239 099c 08       		.uleb128 0x8
 1240 099d F6010000 		.4byte	.LASF147
 1241 09a1 12       		.byte	0x12
 1242 09a2 64       		.byte	0x64
 1243 09a3 7A090000 		.4byte	0x97a
 1244 09a7 00       		.byte	0
 1245 09a8 08       		.uleb128 0x8
 1246 09a9 10070000 		.4byte	.LASF148
 1247 09ad 12       		.byte	0x12
 1248 09ae 66       		.byte	0x66
 1249 09af 740A0000 		.4byte	0xa74
 1250 09b3 04       		.byte	0x4
 1251 09b4 08       		.uleb128 0x8
 1252 09b5 31030000 		.4byte	.LASF149
 1253 09b9 12       		.byte	0x12
 1254 09ba 68       		.byte	0x68
ARM GAS  /var/folders/3j/4xdnk5197cv_b7cw3n33qk7r0000gn/T//ccQ270vW.s 			page 23


 1255 09bb 390A0000 		.4byte	0xa39
 1256 09bf 08       		.byte	0x8
 1257 09c0 08       		.uleb128 0x8
 1258 09c1 C8000000 		.4byte	.LASF150
 1259 09c5 12       		.byte	0x12
 1260 09c6 6A       		.byte	0x6a
 1261 09c7 7A0A0000 		.4byte	0xa7a
 1262 09cb 0C       		.byte	0xc
 1263 09cc 08       		.uleb128 0x8
 1264 09cd D6050000 		.4byte	.LASF151
 1265 09d1 12       		.byte	0x12
 1266 09d2 6D       		.byte	0x6d
 1267 09d3 97040000 		.4byte	0x497
 1268 09d7 10       		.byte	0x10
 1269 09d8 08       		.uleb128 0x8
 1270 09d9 0E020000 		.4byte	.LASF152
 1271 09dd 12       		.byte	0x12
 1272 09de 77       		.byte	0x77
 1273 09df 5A020000 		.4byte	0x25a
 1274 09e3 20       		.byte	0x20
 1275 09e4 08       		.uleb128 0x8
 1276 09e5 29010000 		.4byte	.LASF153
 1277 09e9 12       		.byte	0x12
 1278 09ea 7B       		.byte	0x7b
 1279 09eb 440A0000 		.4byte	0xa44
 1280 09ef 24       		.byte	0x24
 1281 09f0 08       		.uleb128 0x8
 1282 09f1 1B030000 		.4byte	.LASF154
 1283 09f5 12       		.byte	0x12
 1284 09f6 7F       		.byte	0x7f
 1285 09f7 51070000 		.4byte	0x751
 1286 09fb 28       		.byte	0x28
 1287 09fc 08       		.uleb128 0x8
 1288 09fd AC080000 		.4byte	.LASF155
 1289 0a01 12       		.byte	0x12
 1290 0a02 83       		.byte	0x83
 1291 0a03 24000000 		.4byte	0x24
 1292 0a07 2C       		.byte	0x2c
 1293 0a08 08       		.uleb128 0x8
 1294 0a09 D4070000 		.4byte	.LASF156
 1295 0a0d 12       		.byte	0x12
 1296 0a0e 87       		.byte	0x87
 1297 0a0f 24000000 		.4byte	0x24
 1298 0a13 30       		.byte	0x30
 1299 0a14 08       		.uleb128 0x8
 1300 0a15 5B000000 		.4byte	.LASF157
 1301 0a19 12       		.byte	0x12
 1302 0a1a 8B       		.byte	0x8b
 1303 0a1b 1C070000 		.4byte	0x71c
 1304 0a1f 34       		.byte	0x34
 1305 0a20 08       		.uleb128 0x8
 1306 0a21 C0040000 		.4byte	.LASF158
 1307 0a25 12       		.byte	0x12
 1308 0a26 8F       		.byte	0x8f
 1309 0a27 24000000 		.4byte	0x24
 1310 0a2b 38       		.byte	0x38
 1311 0a2c 08       		.uleb128 0x8
ARM GAS  /var/folders/3j/4xdnk5197cv_b7cw3n33qk7r0000gn/T//ccQ270vW.s 			page 24


 1312 0a2d 1F020000 		.4byte	.LASF159
 1313 0a31 12       		.byte	0x12
 1314 0a32 93       		.byte	0x93
 1315 0a33 24000000 		.4byte	0x24
 1316 0a37 3C       		.byte	0x3c
 1317 0a38 00       		.byte	0
 1318 0a39 03       		.uleb128 0x3
 1319 0a3a CB050000 		.4byte	.LASF160
 1320 0a3e 12       		.byte	0x12
 1321 0a3f 42       		.byte	0x42
 1322 0a40 C5000000 		.4byte	0xc5
 1323 0a44 03       		.uleb128 0x3
 1324 0a45 EC010000 		.4byte	.LASF161
 1325 0a49 12       		.byte	0x12
 1326 0a4a 48       		.byte	0x48
 1327 0a4b AF000000 		.4byte	0xaf
 1328 0a4f 0A       		.uleb128 0xa
 1329 0a50 04       		.byte	0x4
 1330 0a51 12       		.byte	0x12
 1331 0a52 57       		.byte	0x57
 1332 0a53 640A0000 		.4byte	0xa64
 1333 0a57 08       		.uleb128 0x8
 1334 0a58 A3040000 		.4byte	.LASF162
 1335 0a5c 12       		.byte	0x12
 1336 0a5d 59       		.byte	0x59
 1337 0a5e C5000000 		.4byte	0xc5
 1338 0a62 00       		.byte	0
 1339 0a63 00       		.byte	0
 1340 0a64 03       		.uleb128 0x3
 1341 0a65 C0070000 		.4byte	.LASF163
 1342 0a69 12       		.byte	0x12
 1343 0a6a 5B       		.byte	0x5b
 1344 0a6b 4F0A0000 		.4byte	0xa4f
 1345 0a6f 06       		.uleb128 0x6
 1346 0a70 640A0000 		.4byte	0xa64
 1347 0a74 0B       		.uleb128 0xb
 1348 0a75 04       		.byte	0x4
 1349 0a76 6F0A0000 		.4byte	0xa6f
 1350 0a7a 0B       		.uleb128 0xb
 1351 0a7b 04       		.byte	0x4
 1352 0a7c 24080000 		.4byte	0x824
 1353 0a80 0F       		.uleb128 0xf
 1354 0a81 F0020000 		.4byte	.LASF164
 1355 0a85 12       		.byte	0x12
 1356 0a86 A6       		.byte	0xa6
 1357 0a87 85090000 		.4byte	0x985
 1358 0a8b 0F       		.uleb128 0xf
 1359 0a8c F5020000 		.4byte	.LASF165
 1360 0a90 12       		.byte	0x12
 1361 0a91 A7       		.byte	0xa7
 1362 0a92 85090000 		.4byte	0x985
 1363 0a96 18       		.uleb128 0x18
 1364 0a97 07       		.byte	0x7
 1365 0a98 01       		.byte	0x1
 1366 0a99 4D000000 		.4byte	0x4d
 1367 0a9d 13       		.byte	0x13
 1368 0a9e 5D       		.byte	0x5d
ARM GAS  /var/folders/3j/4xdnk5197cv_b7cw3n33qk7r0000gn/T//ccQ270vW.s 			page 25


 1369 0a9f B60A0000 		.4byte	0xab6
 1370 0aa3 19       		.uleb128 0x19
 1371 0aa4 AE060000 		.4byte	.LASF166
 1372 0aa8 00       		.byte	0
 1373 0aa9 19       		.uleb128 0x19
 1374 0aaa 19010000 		.4byte	.LASF167
 1375 0aae 01       		.byte	0x1
 1376 0aaf 19       		.uleb128 0x19
 1377 0ab0 8F070000 		.4byte	.LASF168
 1378 0ab4 02       		.byte	0x2
 1379 0ab5 00       		.byte	0
 1380 0ab6 03       		.uleb128 0x3
 1381 0ab7 CA070000 		.4byte	.LASF169
 1382 0abb 13       		.byte	0x13
 1383 0abc 61       		.byte	0x61
 1384 0abd 960A0000 		.4byte	0xa96
 1385 0ac1 03       		.uleb128 0x3
 1386 0ac2 E2060000 		.4byte	.LASF170
 1387 0ac6 13       		.byte	0x13
 1388 0ac7 66       		.byte	0x66
 1389 0ac8 CC0A0000 		.4byte	0xacc
 1390 0acc 07       		.uleb128 0x7
 1391 0acd E2060000 		.4byte	.LASF170
 1392 0ad1 74       		.byte	0x74
 1393 0ad2 13       		.byte	0x13
 1394 0ad3 80       		.byte	0x80
 1395 0ad4 2B0B0000 		.4byte	0xb2b
 1396 0ad8 09       		.uleb128 0x9
 1397 0ad9 766D7400 		.ascii	"vmt\000"
 1398 0add 13       		.byte	0x13
 1399 0ade 82       		.byte	0x82
 1400 0adf A80B0000 		.4byte	0xba8
 1401 0ae3 00       		.byte	0
 1402 0ae4 08       		.uleb128 0x8
 1403 0ae5 A8000000 		.4byte	.LASF171
 1404 0ae9 13       		.byte	0x13
 1405 0aea 83       		.byte	0x83
 1406 0aeb 09050000 		.4byte	0x509
 1407 0aef 04       		.byte	0x4
 1408 0af0 08       		.uleb128 0x8
 1409 0af1 F6010000 		.4byte	.LASF147
 1410 0af5 13       		.byte	0x13
 1411 0af6 83       		.byte	0x83
 1412 0af7 B60A0000 		.4byte	0xab6
 1413 0afb 08       		.byte	0x8
 1414 0afc 08       		.uleb128 0x8
 1415 0afd 38030000 		.4byte	.LASF172
 1416 0b01 13       		.byte	0x13
 1417 0b02 83       		.byte	0x83
 1418 0b03 22070000 		.4byte	0x722
 1419 0b07 0C       		.byte	0xc
 1420 0b08 08       		.uleb128 0x8
 1421 0b09 C4030000 		.4byte	.LASF173
 1422 0b0d 13       		.byte	0x13
 1423 0b0e 83       		.byte	0x83
 1424 0b0f 2D070000 		.4byte	0x72d
 1425 0b13 30       		.byte	0x30
ARM GAS  /var/folders/3j/4xdnk5197cv_b7cw3n33qk7r0000gn/T//ccQ270vW.s 			page 26


 1426 0b14 09       		.uleb128 0x9
 1427 0b15 696200   		.ascii	"ib\000"
 1428 0b18 13       		.byte	0x13
 1429 0b19 83       		.byte	0x83
 1430 0b1a AE0B0000 		.4byte	0xbae
 1431 0b1e 54       		.byte	0x54
 1432 0b1f 09       		.uleb128 0x9
 1433 0b20 6F6200   		.ascii	"ob\000"
 1434 0b23 13       		.byte	0x13
 1435 0b24 83       		.byte	0x83
 1436 0b25 AE0B0000 		.4byte	0xbae
 1437 0b29 64       		.byte	0x64
 1438 0b2a 00       		.byte	0
 1439 0b2b 1A       		.uleb128 0x1a
 1440 0b2c 53443100 		.ascii	"SD1\000"
 1441 0b30 16       		.byte	0x16
 1442 0b31 62       		.byte	0x62
 1443 0b32 C10A0000 		.4byte	0xac1
 1444 0b36 07       		.uleb128 0x7
 1445 0b37 21030000 		.4byte	.LASF174
 1446 0b3b 20       		.byte	0x20
 1447 0b3c 13       		.byte	0x13
 1448 0b3d 75       		.byte	0x75
 1449 0b3e A30B0000 		.4byte	0xba3
 1450 0b42 08       		.uleb128 0x8
 1451 0b43 21000000 		.4byte	.LASF175
 1452 0b47 13       		.byte	0x13
 1453 0b48 76       		.byte	0x76
 1454 0b49 57070000 		.4byte	0x757
 1455 0b4d 00       		.byte	0
 1456 0b4e 08       		.uleb128 0x8
 1457 0b4f F9060000 		.4byte	.LASF176
 1458 0b53 13       		.byte	0x13
 1459 0b54 76       		.byte	0x76
 1460 0b55 76070000 		.4byte	0x776
 1461 0b59 04       		.byte	0x4
 1462 0b5a 09       		.uleb128 0x9
 1463 0b5b 70757400 		.ascii	"put\000"
 1464 0b5f 13       		.byte	0x13
 1465 0b60 76       		.byte	0x76
 1466 0b61 90070000 		.4byte	0x790
 1467 0b65 08       		.byte	0x8
 1468 0b66 09       		.uleb128 0x9
 1469 0b67 67657400 		.ascii	"get\000"
 1470 0b6b 13       		.byte	0x13
 1471 0b6c 76       		.byte	0x76
 1472 0b6d 61050000 		.4byte	0x561
 1473 0b71 0C       		.byte	0xc
 1474 0b72 08       		.uleb128 0x8
 1475 0b73 62040000 		.4byte	.LASF177
 1476 0b77 13       		.byte	0x13
 1477 0b78 76       		.byte	0x76
 1478 0b79 49080000 		.4byte	0x849
 1479 0b7d 10       		.byte	0x10
 1480 0b7e 08       		.uleb128 0x8
 1481 0b7f 5A030000 		.4byte	.LASF178
 1482 0b83 13       		.byte	0x13
ARM GAS  /var/folders/3j/4xdnk5197cv_b7cw3n33qk7r0000gn/T//ccQ270vW.s 			page 27


 1483 0b84 76       		.byte	0x76
 1484 0b85 63080000 		.4byte	0x863
 1485 0b89 14       		.byte	0x14
 1486 0b8a 08       		.uleb128 0x8
 1487 0b8b DB030000 		.4byte	.LASF179
 1488 0b8f 13       		.byte	0x13
 1489 0b90 76       		.byte	0x76
 1490 0b91 87080000 		.4byte	0x887
 1491 0b95 18       		.byte	0x18
 1492 0b96 08       		.uleb128 0x8
 1493 0b97 C2000000 		.4byte	.LASF180
 1494 0b9b 13       		.byte	0x13
 1495 0b9c 76       		.byte	0x76
 1496 0b9d AB080000 		.4byte	0x8ab
 1497 0ba1 1C       		.byte	0x1c
 1498 0ba2 00       		.byte	0
 1499 0ba3 06       		.uleb128 0x6
 1500 0ba4 360B0000 		.4byte	0xb36
 1501 0ba8 0B       		.uleb128 0xb
 1502 0ba9 04       		.byte	0x4
 1503 0baa A30B0000 		.4byte	0xba3
 1504 0bae 13       		.uleb128 0x13
 1505 0baf 9F000000 		.4byte	0x9f
 1506 0bb3 BE0B0000 		.4byte	0xbbe
 1507 0bb7 14       		.uleb128 0x14
 1508 0bb8 2F000000 		.4byte	0x2f
 1509 0bbc 0F       		.byte	0xf
 1510 0bbd 00       		.byte	0
 1511 0bbe 18       		.uleb128 0x18
 1512 0bbf 07       		.byte	0x7
 1513 0bc0 01       		.byte	0x1
 1514 0bc1 4D000000 		.4byte	0x4d
 1515 0bc5 14       		.byte	0x14
 1516 0bc6 4E       		.byte	0x4e
 1517 0bc7 EA0B0000 		.4byte	0xbea
 1518 0bcb 19       		.uleb128 0x19
 1519 0bcc A2070000 		.4byte	.LASF181
 1520 0bd0 00       		.byte	0
 1521 0bd1 19       		.uleb128 0x19
 1522 0bd2 03010000 		.4byte	.LASF182
 1523 0bd6 01       		.byte	0x1
 1524 0bd7 19       		.uleb128 0x19
 1525 0bd8 98070000 		.4byte	.LASF183
 1526 0bdc 02       		.byte	0x2
 1527 0bdd 19       		.uleb128 0x19
 1528 0bde 3D000000 		.4byte	.LASF184
 1529 0be2 03       		.byte	0x3
 1530 0be3 19       		.uleb128 0x19
 1531 0be4 03070000 		.4byte	.LASF185
 1532 0be8 04       		.byte	0x4
 1533 0be9 00       		.byte	0
 1534 0bea 03       		.uleb128 0x3
 1535 0beb 22070000 		.4byte	.LASF186
 1536 0bef 14       		.byte	0x14
 1537 0bf0 54       		.byte	0x54
 1538 0bf1 BE0B0000 		.4byte	0xbbe
 1539 0bf5 03       		.uleb128 0x3
ARM GAS  /var/folders/3j/4xdnk5197cv_b7cw3n33qk7r0000gn/T//ccQ270vW.s 			page 28


 1540 0bf6 95000000 		.4byte	.LASF187
 1541 0bfa 15       		.byte	0x15
 1542 0bfb 35       		.byte	0x35
 1543 0bfc 000C0000 		.4byte	0xc00
 1544 0c00 07       		.uleb128 0x7
 1545 0c01 95000000 		.4byte	.LASF187
 1546 0c05 28       		.byte	0x28
 1547 0c06 15       		.byte	0x15
 1548 0c07 7C       		.byte	0x7c
 1549 0c08 610C0000 		.4byte	0xc61
 1550 0c0c 08       		.uleb128 0x8
 1551 0c0d F6010000 		.4byte	.LASF147
 1552 0c11 15       		.byte	0x15
 1553 0c12 80       		.byte	0x80
 1554 0c13 EA0B0000 		.4byte	0xbea
 1555 0c17 00       		.byte	0
 1556 0c18 08       		.uleb128 0x8
 1557 0c19 10070000 		.4byte	.LASF148
 1558 0c1d 15       		.byte	0x15
 1559 0c1e 84       		.byte	0x84
 1560 0c1f 080D0000 		.4byte	0xd08
 1561 0c23 04       		.byte	0x4
 1562 0c24 08       		.uleb128 0x8
 1563 0c25 0E020000 		.4byte	.LASF152
 1564 0c29 15       		.byte	0x15
 1565 0c2a 89       		.byte	0x89
 1566 0c2b 5A020000 		.4byte	0x25a
 1567 0c2f 08       		.byte	0x8
 1568 0c30 08       		.uleb128 0x8
 1569 0c31 D6050000 		.4byte	.LASF151
 1570 0c35 15       		.byte	0x15
 1571 0c36 90       		.byte	0x90
 1572 0c37 97040000 		.4byte	0x497
 1573 0c3b 0C       		.byte	0xc
 1574 0c3c 08       		.uleb128 0x8
 1575 0c3d 5B000000 		.4byte	.LASF157
 1576 0c41 15       		.byte	0x15
 1577 0c42 98       		.byte	0x98
 1578 0c43 A1020000 		.4byte	0x2a1
 1579 0c47 1C       		.byte	0x1c
 1580 0c48 08       		.uleb128 0x8
 1581 0c49 1B030000 		.4byte	.LASF154
 1582 0c4d 15       		.byte	0x15
 1583 0c4e 9D       		.byte	0x9d
 1584 0c4f 0E0D0000 		.4byte	0xd0e
 1585 0c53 20       		.byte	0x20
 1586 0c54 08       		.uleb128 0x8
 1587 0c55 7F020000 		.4byte	.LASF188
 1588 0c59 15       		.byte	0x15
 1589 0c5a A2       		.byte	0xa2
 1590 0c5b 24000000 		.4byte	0x24
 1591 0c5f 24       		.byte	0x24
 1592 0c60 00       		.byte	0
 1593 0c61 03       		.uleb128 0x3
 1594 0c62 E2020000 		.4byte	.LASF189
 1595 0c66 15       		.byte	0x15
 1596 0c67 3D       		.byte	0x3d
ARM GAS  /var/folders/3j/4xdnk5197cv_b7cw3n33qk7r0000gn/T//ccQ270vW.s 			page 29


 1597 0c68 6C0C0000 		.4byte	0xc6c
 1598 0c6c 0B       		.uleb128 0xb
 1599 0c6d 04       		.byte	0x4
 1600 0c6e 720C0000 		.4byte	0xc72
 1601 0c72 0D       		.uleb128 0xd
 1602 0c73 7D0C0000 		.4byte	0xc7d
 1603 0c77 0E       		.uleb128 0xe
 1604 0c78 7D0C0000 		.4byte	0xc7d
 1605 0c7c 00       		.byte	0
 1606 0c7d 0B       		.uleb128 0xb
 1607 0c7e 04       		.byte	0x4
 1608 0c7f F50B0000 		.4byte	0xbf5
 1609 0c83 0A       		.uleb128 0xa
 1610 0c84 10       		.byte	0x10
 1611 0c85 15       		.byte	0x15
 1612 0c86 44       		.byte	0x44
 1613 0c87 F80C0000 		.4byte	0xcf8
 1614 0c8b 08       		.uleb128 0x8
 1615 0c8c 78020000 		.4byte	.LASF190
 1616 0c90 15       		.byte	0x15
 1617 0c91 48       		.byte	0x48
 1618 0c92 610C0000 		.4byte	0xc61
 1619 0c96 00       		.byte	0
 1620 0c97 08       		.uleb128 0x8
 1621 0c98 73050000 		.4byte	.LASF191
 1622 0c9c 15       		.byte	0x15
 1623 0c9d 4F       		.byte	0x4f
 1624 0c9e 9F000000 		.4byte	0x9f
 1625 0ca2 04       		.byte	0x4
 1626 0ca3 08       		.uleb128 0x8
 1627 0ca4 80050000 		.4byte	.LASF192
 1628 0ca8 15       		.byte	0x15
 1629 0ca9 52       		.byte	0x52
 1630 0caa 9F000000 		.4byte	0x9f
 1631 0cae 05       		.byte	0x5
 1632 0caf 08       		.uleb128 0x8
 1633 0cb0 76030000 		.4byte	.LASF193
 1634 0cb4 15       		.byte	0x15
 1635 0cb5 58       		.byte	0x58
 1636 0cb6 9F000000 		.4byte	0x9f
 1637 0cba 06       		.byte	0x6
 1638 0cbb 08       		.uleb128 0x8
 1639 0cbc 85020000 		.4byte	.LASF194
 1640 0cc0 15       		.byte	0x15
 1641 0cc1 5E       		.byte	0x5e
 1642 0cc2 9F000000 		.4byte	0x9f
 1643 0cc6 07       		.byte	0x7
 1644 0cc7 08       		.uleb128 0x8
 1645 0cc8 9B020000 		.4byte	.LASF195
 1646 0ccc 15       		.byte	0x15
 1647 0ccd 64       		.byte	0x64
 1648 0cce 9F000000 		.4byte	0x9f
 1649 0cd2 08       		.byte	0x8
 1650 0cd3 08       		.uleb128 0x8
 1651 0cd4 6E070000 		.4byte	.LASF196
 1652 0cd8 15       		.byte	0x15
 1653 0cd9 6A       		.byte	0x6a
ARM GAS  /var/folders/3j/4xdnk5197cv_b7cw3n33qk7r0000gn/T//ccQ270vW.s 			page 30


 1654 0cda 9F000000 		.4byte	0x9f
 1655 0cde 09       		.byte	0x9
 1656 0cdf 08       		.uleb128 0x8
 1657 0ce0 54020000 		.4byte	.LASF197
 1658 0ce4 15       		.byte	0x15
 1659 0ce5 70       		.byte	0x70
 1660 0ce6 9F000000 		.4byte	0x9f
 1661 0cea 0A       		.byte	0xa
 1662 0ceb 08       		.uleb128 0x8
 1663 0cec 7D060000 		.4byte	.LASF198
 1664 0cf0 15       		.byte	0x15
 1665 0cf1 73       		.byte	0x73
 1666 0cf2 C5000000 		.4byte	0xc5
 1667 0cf6 0C       		.byte	0xc
 1668 0cf7 00       		.byte	0
 1669 0cf8 03       		.uleb128 0x3
 1670 0cf9 49080000 		.4byte	.LASF199
 1671 0cfd 15       		.byte	0x15
 1672 0cfe 75       		.byte	0x75
 1673 0cff 830C0000 		.4byte	0xc83
 1674 0d03 06       		.uleb128 0x6
 1675 0d04 F80C0000 		.4byte	0xcf8
 1676 0d08 0B       		.uleb128 0xb
 1677 0d09 04       		.byte	0x4
 1678 0d0a 030D0000 		.4byte	0xd03
 1679 0d0e 0B       		.uleb128 0xb
 1680 0d0f 04       		.byte	0x4
 1681 0d10 140D0000 		.4byte	0xd14
 1682 0d14 1B       		.uleb128 0x1b
 1683 0d15 0F       		.uleb128 0xf
 1684 0d16 37020000 		.4byte	.LASF200
 1685 0d1a 15       		.byte	0x15
 1686 0d1b B6       		.byte	0xb6
 1687 0d1c F50B0000 		.4byte	0xbf5
 1688 0d20 00       		.byte	0
 1689              		.section	.debug_abbrev,"",%progbits
 1690              	.Ldebug_abbrev0:
 1691 0000 01       		.uleb128 0x1
 1692 0001 11       		.uleb128 0x11
 1693 0002 01       		.byte	0x1
 1694 0003 25       		.uleb128 0x25
 1695 0004 0E       		.uleb128 0xe
 1696 0005 13       		.uleb128 0x13
 1697 0006 0B       		.uleb128 0xb
 1698 0007 03       		.uleb128 0x3
 1699 0008 0E       		.uleb128 0xe
 1700 0009 1B       		.uleb128 0x1b
 1701 000a 0E       		.uleb128 0xe
 1702 000b 10       		.uleb128 0x10
 1703 000c 17       		.uleb128 0x17
 1704 000d 00       		.byte	0
 1705 000e 00       		.byte	0
 1706 000f 02       		.uleb128 0x2
 1707 0010 24       		.uleb128 0x24
 1708 0011 00       		.byte	0
 1709 0012 0B       		.uleb128 0xb
 1710 0013 0B       		.uleb128 0xb
ARM GAS  /var/folders/3j/4xdnk5197cv_b7cw3n33qk7r0000gn/T//ccQ270vW.s 			page 31


 1711 0014 3E       		.uleb128 0x3e
 1712 0015 0B       		.uleb128 0xb
 1713 0016 03       		.uleb128 0x3
 1714 0017 08       		.uleb128 0x8
 1715 0018 00       		.byte	0
 1716 0019 00       		.byte	0
 1717 001a 03       		.uleb128 0x3
 1718 001b 16       		.uleb128 0x16
 1719 001c 00       		.byte	0
 1720 001d 03       		.uleb128 0x3
 1721 001e 0E       		.uleb128 0xe
 1722 001f 3A       		.uleb128 0x3a
 1723 0020 0B       		.uleb128 0xb
 1724 0021 3B       		.uleb128 0x3b
 1725 0022 0B       		.uleb128 0xb
 1726 0023 49       		.uleb128 0x49
 1727 0024 13       		.uleb128 0x13
 1728 0025 00       		.byte	0
 1729 0026 00       		.byte	0
 1730 0027 04       		.uleb128 0x4
 1731 0028 24       		.uleb128 0x24
 1732 0029 00       		.byte	0
 1733 002a 0B       		.uleb128 0xb
 1734 002b 0B       		.uleb128 0xb
 1735 002c 3E       		.uleb128 0x3e
 1736 002d 0B       		.uleb128 0xb
 1737 002e 03       		.uleb128 0x3
 1738 002f 0E       		.uleb128 0xe
 1739 0030 00       		.byte	0
 1740 0031 00       		.byte	0
 1741 0032 05       		.uleb128 0x5
 1742 0033 35       		.uleb128 0x35
 1743 0034 00       		.byte	0
 1744 0035 49       		.uleb128 0x49
 1745 0036 13       		.uleb128 0x13
 1746 0037 00       		.byte	0
 1747 0038 00       		.byte	0
 1748 0039 06       		.uleb128 0x6
 1749 003a 26       		.uleb128 0x26
 1750 003b 00       		.byte	0
 1751 003c 49       		.uleb128 0x49
 1752 003d 13       		.uleb128 0x13
 1753 003e 00       		.byte	0
 1754 003f 00       		.byte	0
 1755 0040 07       		.uleb128 0x7
 1756 0041 13       		.uleb128 0x13
 1757 0042 01       		.byte	0x1
 1758 0043 03       		.uleb128 0x3
 1759 0044 0E       		.uleb128 0xe
 1760 0045 0B       		.uleb128 0xb
 1761 0046 0B       		.uleb128 0xb
 1762 0047 3A       		.uleb128 0x3a
 1763 0048 0B       		.uleb128 0xb
 1764 0049 3B       		.uleb128 0x3b
 1765 004a 0B       		.uleb128 0xb
 1766 004b 01       		.uleb128 0x1
 1767 004c 13       		.uleb128 0x13
ARM GAS  /var/folders/3j/4xdnk5197cv_b7cw3n33qk7r0000gn/T//ccQ270vW.s 			page 32


 1768 004d 00       		.byte	0
 1769 004e 00       		.byte	0
 1770 004f 08       		.uleb128 0x8
 1771 0050 0D       		.uleb128 0xd
 1772 0051 00       		.byte	0
 1773 0052 03       		.uleb128 0x3
 1774 0053 0E       		.uleb128 0xe
 1775 0054 3A       		.uleb128 0x3a
 1776 0055 0B       		.uleb128 0xb
 1777 0056 3B       		.uleb128 0x3b
 1778 0057 0B       		.uleb128 0xb
 1779 0058 49       		.uleb128 0x49
 1780 0059 13       		.uleb128 0x13
 1781 005a 38       		.uleb128 0x38
 1782 005b 0B       		.uleb128 0xb
 1783 005c 00       		.byte	0
 1784 005d 00       		.byte	0
 1785 005e 09       		.uleb128 0x9
 1786 005f 0D       		.uleb128 0xd
 1787 0060 00       		.byte	0
 1788 0061 03       		.uleb128 0x3
 1789 0062 08       		.uleb128 0x8
 1790 0063 3A       		.uleb128 0x3a
 1791 0064 0B       		.uleb128 0xb
 1792 0065 3B       		.uleb128 0x3b
 1793 0066 0B       		.uleb128 0xb
 1794 0067 49       		.uleb128 0x49
 1795 0068 13       		.uleb128 0x13
 1796 0069 38       		.uleb128 0x38
 1797 006a 0B       		.uleb128 0xb
 1798 006b 00       		.byte	0
 1799 006c 00       		.byte	0
 1800 006d 0A       		.uleb128 0xa
 1801 006e 13       		.uleb128 0x13
 1802 006f 01       		.byte	0x1
 1803 0070 0B       		.uleb128 0xb
 1804 0071 0B       		.uleb128 0xb
 1805 0072 3A       		.uleb128 0x3a
 1806 0073 0B       		.uleb128 0xb
 1807 0074 3B       		.uleb128 0x3b
 1808 0075 0B       		.uleb128 0xb
 1809 0076 01       		.uleb128 0x1
 1810 0077 13       		.uleb128 0x13
 1811 0078 00       		.byte	0
 1812 0079 00       		.byte	0
 1813 007a 0B       		.uleb128 0xb
 1814 007b 0F       		.uleb128 0xf
 1815 007c 00       		.byte	0
 1816 007d 0B       		.uleb128 0xb
 1817 007e 0B       		.uleb128 0xb
 1818 007f 49       		.uleb128 0x49
 1819 0080 13       		.uleb128 0x13
 1820 0081 00       		.byte	0
 1821 0082 00       		.byte	0
 1822 0083 0C       		.uleb128 0xc
 1823 0084 0F       		.uleb128 0xf
 1824 0085 00       		.byte	0
ARM GAS  /var/folders/3j/4xdnk5197cv_b7cw3n33qk7r0000gn/T//ccQ270vW.s 			page 33


 1825 0086 0B       		.uleb128 0xb
 1826 0087 0B       		.uleb128 0xb
 1827 0088 00       		.byte	0
 1828 0089 00       		.byte	0
 1829 008a 0D       		.uleb128 0xd
 1830 008b 15       		.uleb128 0x15
 1831 008c 01       		.byte	0x1
 1832 008d 27       		.uleb128 0x27
 1833 008e 19       		.uleb128 0x19
 1834 008f 01       		.uleb128 0x1
 1835 0090 13       		.uleb128 0x13
 1836 0091 00       		.byte	0
 1837 0092 00       		.byte	0
 1838 0093 0E       		.uleb128 0xe
 1839 0094 05       		.uleb128 0x5
 1840 0095 00       		.byte	0
 1841 0096 49       		.uleb128 0x49
 1842 0097 13       		.uleb128 0x13
 1843 0098 00       		.byte	0
 1844 0099 00       		.byte	0
 1845 009a 0F       		.uleb128 0xf
 1846 009b 34       		.uleb128 0x34
 1847 009c 00       		.byte	0
 1848 009d 03       		.uleb128 0x3
 1849 009e 0E       		.uleb128 0xe
 1850 009f 3A       		.uleb128 0x3a
 1851 00a0 0B       		.uleb128 0xb
 1852 00a1 3B       		.uleb128 0x3b
 1853 00a2 0B       		.uleb128 0xb
 1854 00a3 49       		.uleb128 0x49
 1855 00a4 13       		.uleb128 0x13
 1856 00a5 3F       		.uleb128 0x3f
 1857 00a6 19       		.uleb128 0x19
 1858 00a7 3C       		.uleb128 0x3c
 1859 00a8 19       		.uleb128 0x19
 1860 00a9 00       		.byte	0
 1861 00aa 00       		.byte	0
 1862 00ab 10       		.uleb128 0x10
 1863 00ac 17       		.uleb128 0x17
 1864 00ad 01       		.byte	0x1
 1865 00ae 0B       		.uleb128 0xb
 1866 00af 0B       		.uleb128 0xb
 1867 00b0 3A       		.uleb128 0x3a
 1868 00b1 0B       		.uleb128 0xb
 1869 00b2 3B       		.uleb128 0x3b
 1870 00b3 0B       		.uleb128 0xb
 1871 00b4 01       		.uleb128 0x1
 1872 00b5 13       		.uleb128 0x13
 1873 00b6 00       		.byte	0
 1874 00b7 00       		.byte	0
 1875 00b8 11       		.uleb128 0x11
 1876 00b9 0D       		.uleb128 0xd
 1877 00ba 00       		.byte	0
 1878 00bb 03       		.uleb128 0x3
 1879 00bc 0E       		.uleb128 0xe
 1880 00bd 3A       		.uleb128 0x3a
 1881 00be 0B       		.uleb128 0xb
ARM GAS  /var/folders/3j/4xdnk5197cv_b7cw3n33qk7r0000gn/T//ccQ270vW.s 			page 34


 1882 00bf 3B       		.uleb128 0x3b
 1883 00c0 0B       		.uleb128 0xb
 1884 00c1 49       		.uleb128 0x49
 1885 00c2 13       		.uleb128 0x13
 1886 00c3 00       		.byte	0
 1887 00c4 00       		.byte	0
 1888 00c5 12       		.uleb128 0x12
 1889 00c6 15       		.uleb128 0x15
 1890 00c7 01       		.byte	0x1
 1891 00c8 27       		.uleb128 0x27
 1892 00c9 19       		.uleb128 0x19
 1893 00ca 49       		.uleb128 0x49
 1894 00cb 13       		.uleb128 0x13
 1895 00cc 01       		.uleb128 0x1
 1896 00cd 13       		.uleb128 0x13
 1897 00ce 00       		.byte	0
 1898 00cf 00       		.byte	0
 1899 00d0 13       		.uleb128 0x13
 1900 00d1 01       		.uleb128 0x1
 1901 00d2 01       		.byte	0x1
 1902 00d3 49       		.uleb128 0x49
 1903 00d4 13       		.uleb128 0x13
 1904 00d5 01       		.uleb128 0x1
 1905 00d6 13       		.uleb128 0x13
 1906 00d7 00       		.byte	0
 1907 00d8 00       		.byte	0
 1908 00d9 14       		.uleb128 0x14
 1909 00da 21       		.uleb128 0x21
 1910 00db 00       		.byte	0
 1911 00dc 49       		.uleb128 0x49
 1912 00dd 13       		.uleb128 0x13
 1913 00de 2F       		.uleb128 0x2f
 1914 00df 0B       		.uleb128 0xb
 1915 00e0 00       		.byte	0
 1916 00e1 00       		.byte	0
 1917 00e2 15       		.uleb128 0x15
 1918 00e3 0D       		.uleb128 0xd
 1919 00e4 00       		.byte	0
 1920 00e5 03       		.uleb128 0x3
 1921 00e6 0E       		.uleb128 0xe
 1922 00e7 3A       		.uleb128 0x3a
 1923 00e8 0B       		.uleb128 0xb
 1924 00e9 3B       		.uleb128 0x3b
 1925 00ea 05       		.uleb128 0x5
 1926 00eb 49       		.uleb128 0x49
 1927 00ec 13       		.uleb128 0x13
 1928 00ed 38       		.uleb128 0x38
 1929 00ee 0B       		.uleb128 0xb
 1930 00ef 00       		.byte	0
 1931 00f0 00       		.byte	0
 1932 00f1 16       		.uleb128 0x16
 1933 00f2 16       		.uleb128 0x16
 1934 00f3 00       		.byte	0
 1935 00f4 03       		.uleb128 0x3
 1936 00f5 0E       		.uleb128 0xe
 1937 00f6 3A       		.uleb128 0x3a
 1938 00f7 0B       		.uleb128 0xb
ARM GAS  /var/folders/3j/4xdnk5197cv_b7cw3n33qk7r0000gn/T//ccQ270vW.s 			page 35


 1939 00f8 3B       		.uleb128 0x3b
 1940 00f9 05       		.uleb128 0x5
 1941 00fa 49       		.uleb128 0x49
 1942 00fb 13       		.uleb128 0x13
 1943 00fc 00       		.byte	0
 1944 00fd 00       		.byte	0
 1945 00fe 17       		.uleb128 0x17
 1946 00ff 13       		.uleb128 0x13
 1947 0100 00       		.byte	0
 1948 0101 0B       		.uleb128 0xb
 1949 0102 0B       		.uleb128 0xb
 1950 0103 3A       		.uleb128 0x3a
 1951 0104 0B       		.uleb128 0xb
 1952 0105 3B       		.uleb128 0x3b
 1953 0106 0B       		.uleb128 0xb
 1954 0107 00       		.byte	0
 1955 0108 00       		.byte	0
 1956 0109 18       		.uleb128 0x18
 1957 010a 04       		.uleb128 0x4
 1958 010b 01       		.byte	0x1
 1959 010c 3E       		.uleb128 0x3e
 1960 010d 0B       		.uleb128 0xb
 1961 010e 0B       		.uleb128 0xb
 1962 010f 0B       		.uleb128 0xb
 1963 0110 49       		.uleb128 0x49
 1964 0111 13       		.uleb128 0x13
 1965 0112 3A       		.uleb128 0x3a
 1966 0113 0B       		.uleb128 0xb
 1967 0114 3B       		.uleb128 0x3b
 1968 0115 0B       		.uleb128 0xb
 1969 0116 01       		.uleb128 0x1
 1970 0117 13       		.uleb128 0x13
 1971 0118 00       		.byte	0
 1972 0119 00       		.byte	0
 1973 011a 19       		.uleb128 0x19
 1974 011b 28       		.uleb128 0x28
 1975 011c 00       		.byte	0
 1976 011d 03       		.uleb128 0x3
 1977 011e 0E       		.uleb128 0xe
 1978 011f 1C       		.uleb128 0x1c
 1979 0120 0B       		.uleb128 0xb
 1980 0121 00       		.byte	0
 1981 0122 00       		.byte	0
 1982 0123 1A       		.uleb128 0x1a
 1983 0124 34       		.uleb128 0x34
 1984 0125 00       		.byte	0
 1985 0126 03       		.uleb128 0x3
 1986 0127 08       		.uleb128 0x8
 1987 0128 3A       		.uleb128 0x3a
 1988 0129 0B       		.uleb128 0xb
 1989 012a 3B       		.uleb128 0x3b
 1990 012b 0B       		.uleb128 0xb
 1991 012c 49       		.uleb128 0x49
 1992 012d 13       		.uleb128 0x13
 1993 012e 3F       		.uleb128 0x3f
 1994 012f 19       		.uleb128 0x19
 1995 0130 3C       		.uleb128 0x3c
ARM GAS  /var/folders/3j/4xdnk5197cv_b7cw3n33qk7r0000gn/T//ccQ270vW.s 			page 36


 1996 0131 19       		.uleb128 0x19
 1997 0132 00       		.byte	0
 1998 0133 00       		.byte	0
 1999 0134 1B       		.uleb128 0x1b
 2000 0135 26       		.uleb128 0x26
 2001 0136 00       		.byte	0
 2002 0137 00       		.byte	0
 2003 0138 00       		.byte	0
 2004 0139 00       		.byte	0
 2005              		.section	.debug_aranges,"",%progbits
 2006 0000 14000000 		.4byte	0x14
 2007 0004 0200     		.2byte	0x2
 2008 0006 00000000 		.4byte	.Ldebug_info0
 2009 000a 04       		.byte	0x4
 2010 000b 00       		.byte	0
 2011 000c 0000     		.2byte	0
 2012 000e 0000     		.2byte	0
 2013 0010 00000000 		.4byte	0
 2014 0014 00000000 		.4byte	0
 2015              		.section	.debug_line,"",%progbits
 2016              	.Ldebug_line0:
 2017 0000 70020000 		.section	.debug_str,"MS",%progbits,1
 2017      02006A02 
 2017      00000201 
 2017      FB0E0D00 
 2017      01010101 
 2018              	.LASF96:
 2019 0000 63665F6F 		.ascii	"cf_off_older\000"
 2019      66665F6F 
 2019      6C646572 
 2019      00
 2020              	.LASF42:
 2021 000d 705F6D73 		.ascii	"p_msg\000"
 2021      6700
 2022              	.LASF2:
 2023 0013 73697A65 		.ascii	"size_t\000"
 2023      5F7400
 2024              	.LASF81:
 2025 001a 7264796D 		.ascii	"rdymsg\000"
 2025      736700
 2026              	.LASF175:
 2027 0021 77726974 		.ascii	"write\000"
 2027      6500
 2028              	.LASF117:
 2029 0027 4F757470 		.ascii	"OutputQueue\000"
 2029      75745175 
 2029      65756500 
 2030              	.LASF3:
 2031 0033 5F5F7569 		.ascii	"__uint8_t\000"
 2031      6E74385F 
 2031      7400
 2032              	.LASF184:
 2033 003d 5350495F 		.ascii	"SPI_ACTIVE\000"
 2033      41435449 
 2033      564500
 2034              	.LASF68:
 2035 0048 76746C69 		.ascii	"vtlist\000"
ARM GAS  /var/folders/3j/4xdnk5197cv_b7cw3n33qk7r0000gn/T//ccQ270vW.s 			page 37


 2035      737400
 2036              	.LASF119:
 2037 004f 62736364 		.ascii	"bscdevice_t\000"
 2037      65766963 
 2037      655F7400 
 2038              	.LASF157:
 2039 005b 72786275 		.ascii	"rxbuf\000"
 2039      6600
 2040              	.LASF110:
 2041 0061 715F746F 		.ascii	"q_top\000"
 2041      7000
 2042              	.LASF13:
 2043 0067 6C6F6E67 		.ascii	"long long unsigned int\000"
 2043      206C6F6E 
 2043      6720756E 
 2043      7369676E 
 2043      65642069 
 2044              	.LASF92:
 2045 007e 63685F74 		.ascii	"ch_threadsize\000"
 2045      68726561 
 2045      6473697A 
 2045      6500
 2046              	.LASF82:
 2047 008c 65786974 		.ascii	"exitcode\000"
 2047      636F6465 
 2047      00
 2048              	.LASF187:
 2049 0095 53504944 		.ascii	"SPIDriver\000"
 2049      72697665 
 2049      7200
 2050              	.LASF124:
 2051 009f 64617461 		.ascii	"dataFifo\000"
 2051      4669666F 
 2051      00
 2052              	.LASF171:
 2053 00a8 6576656E 		.ascii	"event\000"
 2053      7400
 2054              	.LASF30:
 2055 00ae 705F7072 		.ascii	"p_prio\000"
 2055      696F00
 2056              	.LASF99:
 2057 00b5 63665F6F 		.ascii	"cf_off_state\000"
 2057      66665F73 
 2057      74617465 
 2057      00
 2058              	.LASF180:
 2059 00c2 72656164 		.ascii	"readt\000"
 2059      7400
 2060              	.LASF150:
 2061 00c8 64657669 		.ascii	"device\000"
 2061      636500
 2062              	.LASF107:
 2063 00cf 715F7761 		.ascii	"q_waiting\000"
 2063      6974696E 
 2063      6700
 2064              	.LASF12:
 2065 00d9 6C6F6E67 		.ascii	"long long int\000"
ARM GAS  /var/folders/3j/4xdnk5197cv_b7cw3n33qk7r0000gn/T//ccQ270vW.s 			page 38


 2065      206C6F6E 
 2065      6720696E 
 2065      7400
 2066              	.LASF1:
 2067 00e7 7369676E 		.ascii	"signed char\000"
 2067      65642063 
 2067      68617200 
 2068              	.LASF98:
 2069 00f3 63665F6F 		.ascii	"cf_off_stklimit\000"
 2069      66665F73 
 2069      746B6C69 
 2069      6D697400 
 2070              	.LASF182:
 2071 0103 5350495F 		.ascii	"SPI_STOP\000"
 2071      53544F50 
 2071      00
 2072              	.LASF100:
 2073 010c 63665F6F 		.ascii	"cf_off_flags\000"
 2073      66665F66 
 2073      6C616773 
 2073      00
 2074              	.LASF167:
 2075 0119 53445F53 		.ascii	"SD_STOP\000"
 2075      544F5000 
 2076              	.LASF71:
 2077 0121 6D5F7175 		.ascii	"m_queue\000"
 2077      65756500 
 2078              	.LASF153:
 2079 0129 61646472 		.ascii	"addr\000"
 2079      00
 2080              	.LASF201:
 2081 012e 474E5520 		.ascii	"GNU C11 7.3.1 20180622 (release) [ARM/embedded-7-br"
 2081      43313120 
 2081      372E332E 
 2081      31203230 
 2081      31383036 
 2082 0161 616E6368 		.ascii	"anch revision 261907] -mcpu=arm1176jz-s -mno-thumb-"
 2082      20726576 
 2082      6973696F 
 2082      6E203236 
 2082      31393037 
 2083 0194 696E7465 		.ascii	"interwork -ggdb -O2 -fomit-frame-pointer -ffunction"
 2083      72776F72 
 2083      6B202D67 
 2083      67646220 
 2083      2D4F3220 
 2084 01c7 2D736563 		.ascii	"-sections -fdata-sections\000"
 2084      74696F6E 
 2084      73202D66 
 2084      64617461 
 2084      2D736563 
 2085              	.LASF139:
 2086 01e1 4932435F 		.ascii	"I2C_UNINIT\000"
 2086      554E494E 
 2086      495400
 2087              	.LASF161:
 2088 01ec 69326361 		.ascii	"i2caddr_t\000"
ARM GAS  /var/folders/3j/4xdnk5197cv_b7cw3n33qk7r0000gn/T//ccQ270vW.s 			page 39


 2088      6464725F 
 2088      7400
 2089              	.LASF147:
 2090 01f6 73746174 		.ascii	"state\000"
 2090      6500
 2091              	.LASF9:
 2092 01fc 6C6F6E67 		.ascii	"long int\000"
 2092      20696E74 
 2092      00
 2093              	.LASF19:
 2094 0205 74737461 		.ascii	"tstate_t\000"
 2094      74655F74 
 2094      00
 2095              	.LASF152:
 2096 020e 74687265 		.ascii	"thread\000"
 2096      616400
 2097              	.LASF126:
 2098 0215 64617461 		.ascii	"dataDelay\000"
 2098      44656C61 
 2098      7900
 2099              	.LASF159:
 2100 021f 72786964 		.ascii	"rxidx\000"
 2100      7800
 2101              	.LASF109:
 2102 0225 715F6275 		.ascii	"q_buffer\000"
 2102      66666572 
 2102      00
 2103              	.LASF15:
 2104 022e 75696E74 		.ascii	"uint16_t\000"
 2104      31365F74 
 2104      00
 2105              	.LASF200:
 2106 0237 53504930 		.ascii	"SPI0\000"
 2106      00
 2107              	.LASF104:
 2108 023c 63686465 		.ascii	"chdebug_t\000"
 2108      6275675F 
 2108      7400
 2109              	.LASF142:
 2110 0246 4932435F 		.ascii	"I2C_ACTIVE_TX\000"
 2110      41435449 
 2110      56455F54 
 2110      5800
 2111              	.LASF197:
 2112 0254 636C6F63 		.ascii	"clock_phase\000"
 2112      6B5F7068 
 2112      61736500 
 2113              	.LASF32:
 2114 0260 705F6E65 		.ascii	"p_newer\000"
 2114      77657200 
 2115              	.LASF118:
 2116 0268 5F69646C 		.ascii	"_idle_thread_wa\000"
 2116      655F7468 
 2116      72656164 
 2116      5F776100 
 2117              	.LASF190:
 2118 0278 656E645F 		.ascii	"end_cb\000"
ARM GAS  /var/folders/3j/4xdnk5197cv_b7cw3n33qk7r0000gn/T//ccQ270vW.s 			page 40


 2118      636200
 2119              	.LASF188:
 2120 027f 7478636E 		.ascii	"txcnt\000"
 2120      7400
 2121              	.LASF194:
 2122 0285 63686970 		.ascii	"chip_select_polarity0\000"
 2122      5F73656C 
 2122      6563745F 
 2122      706F6C61 
 2122      72697479 
 2123              	.LASF195:
 2124 029b 63686970 		.ascii	"chip_select_polarity1\000"
 2124      5F73656C 
 2124      6563745F 
 2124      706F6C61 
 2124      72697479 
 2125              	.LASF120:
 2126 02b1 636F6E74 		.ascii	"control\000"
 2126      726F6C00 
 2127              	.LASF10:
 2128 02b9 5F5F7569 		.ascii	"__uint32_t\000"
 2128      6E743332 
 2128      5F7400
 2129              	.LASF49:
 2130 02c4 72656761 		.ascii	"regarm_t\000"
 2130      726D5F74 
 2130      00
 2131              	.LASF55:
 2132 02cd 76745F70 		.ascii	"vt_prev\000"
 2132      72657600 
 2133              	.LASF123:
 2134 02d5 736C6176 		.ascii	"slaveAddress\000"
 2134      65416464 
 2134      72657373 
 2134      00
 2135              	.LASF189:
 2136 02e2 73706963 		.ascii	"spicallback_t\000"
 2136      616C6C62 
 2136      61636B5F 
 2136      7400
 2137              	.LASF164:
 2138 02f0 49324330 		.ascii	"I2C0\000"
 2138      00
 2139              	.LASF165:
 2140 02f5 49324331 		.ascii	"I2C1\000"
 2140      00
 2141              	.LASF79:
 2142 02fa 4576656E 		.ascii	"EventSource\000"
 2142      74536F75 
 2142      72636500 
 2143              	.LASF0:
 2144 0306 756E7369 		.ascii	"unsigned int\000"
 2144      676E6564 
 2144      20696E74 
 2144      00
 2145              	.LASF54:
 2146 0313 76745F6E 		.ascii	"vt_next\000"
ARM GAS  /var/folders/3j/4xdnk5197cv_b7cw3n33qk7r0000gn/T//ccQ270vW.s 			page 41


 2146      65787400 
 2147              	.LASF154:
 2148 031b 74786275 		.ascii	"txbuf\000"
 2148      6600
 2149              	.LASF174:
 2150 0321 53657269 		.ascii	"SerialDriverVMT\000"
 2150      616C4472 
 2150      69766572 
 2150      564D5400 
 2151              	.LASF149:
 2152 0331 6572726F 		.ascii	"errors\000"
 2152      727300
 2153              	.LASF172:
 2154 0338 69717565 		.ascii	"iqueue\000"
 2154      756500
 2155              	.LASF11:
 2156 033f 6C6F6E67 		.ascii	"long unsigned int\000"
 2156      20756E73 
 2156      69676E65 
 2156      6420696E 
 2156      7400
 2157              	.LASF105:
 2158 0351 63685F64 		.ascii	"ch_debug\000"
 2158      65627567 
 2158      00
 2159              	.LASF178:
 2160 035a 67657474 		.ascii	"gett\000"
 2160      00
 2161              	.LASF52:
 2162 035f 76746675 		.ascii	"vtfunc_t\000"
 2162      6E635F74 
 2162      00
 2163              	.LASF86:
 2164 0368 63685F69 		.ascii	"ch_identifier\000"
 2164      64656E74 
 2164      69666965 
 2164      7200
 2165              	.LASF193:
 2166 0376 63686970 		.ascii	"chip_select_polarity\000"
 2166      5F73656C 
 2166      6563745F 
 2166      706F6C61 
 2166      72697479 
 2167              	.LASF70:
 2168 038b 4D757465 		.ascii	"Mutex\000"
 2168      7800
 2169              	.LASF51:
 2170 0391 636F6E74 		.ascii	"context\000"
 2170      65787400 
 2171              	.LASF7:
 2172 0399 73686F72 		.ascii	"short unsigned int\000"
 2172      7420756E 
 2172      7369676E 
 2172      65642069 
 2172      6E7400
 2173              	.LASF134:
 2174 03ac 6770696F 		.ascii	"gpio_port_t\000"
ARM GAS  /var/folders/3j/4xdnk5197cv_b7cw3n33qk7r0000gn/T//ccQ270vW.s 			page 42


 2174      5F706F72 
 2174      745F7400 
 2175              	.LASF130:
 2176 03b8 6770636C 		.ascii	"gpclr\000"
 2176      7200
 2177              	.LASF23:
 2178 03be 6D73675F 		.ascii	"msg_t\000"
 2178      7400
 2179              	.LASF173:
 2180 03c4 6F717565 		.ascii	"oqueue\000"
 2180      756500
 2181              	.LASF64:
 2182 03cb 725F6E65 		.ascii	"r_newer\000"
 2182      77657200 
 2183              	.LASF75:
 2184 03d3 656C5F6E 		.ascii	"el_next\000"
 2184      65787400 
 2185              	.LASF179:
 2186 03db 77726974 		.ascii	"writet\000"
 2186      657400
 2187              	.LASF18:
 2188 03e2 746D6F64 		.ascii	"tmode_t\000"
 2188      655F7400 
 2189              	.LASF47:
 2190 03ea 54687265 		.ascii	"ThreadsList\000"
 2190      6164734C 
 2190      69737400 
 2191              	.LASF24:
 2192 03f6 6576656E 		.ascii	"eventmask_t\000"
 2192      746D6173 
 2192      6B5F7400 
 2193              	.LASF116:
 2194 0402 496E7075 		.ascii	"InputQueue\000"
 2194      74517565 
 2194      756500
 2195              	.LASF202:
 2196 040d 2E2E2F2F 		.ascii	"..//os/hal/src/can.c\000"
 2196      6F732F68 
 2196      616C2F73 
 2196      72632F63 
 2196      616E2E63 
 2197              	.LASF143:
 2198 0422 4932435F 		.ascii	"I2C_ACTIVE_RX\000"
 2198      41435449 
 2198      56455F52 
 2198      5800
 2199              	.LASF106:
 2200 0430 47656E65 		.ascii	"GenericQueue\000"
 2200      72696351 
 2200      75657565 
 2200      00
 2201              	.LASF48:
 2202 043d 73746B61 		.ascii	"stkalign_t\000"
 2202      6C69676E 
 2202      5F7400
 2203              	.LASF87:
 2204 0448 63685F7A 		.ascii	"ch_zero\000"
ARM GAS  /var/folders/3j/4xdnk5197cv_b7cw3n33qk7r0000gn/T//ccQ270vW.s 			page 43


 2204      65726F00 
 2205              	.LASF101:
 2206 0450 63665F6F 		.ascii	"cf_off_refs\000"
 2206      66665F72 
 2206      65667300 
 2207              	.LASF131:
 2208 045c 67706C65 		.ascii	"gplev\000"
 2208      7600
 2209              	.LASF177:
 2210 0462 70757474 		.ascii	"putt\000"
 2210      00
 2211              	.LASF56:
 2212 0467 76745F74 		.ascii	"vt_time\000"
 2212      696D6500 
 2213              	.LASF140:
 2214 046f 4932435F 		.ascii	"I2C_STOP\000"
 2214      53544F50 
 2214      00
 2215              	.LASF125:
 2216 0478 636C6F63 		.ascii	"clockDivider\000"
 2216      6B446976 
 2216      69646572 
 2216      00
 2217              	.LASF108:
 2218 0485 715F636F 		.ascii	"q_counter\000"
 2218      756E7465 
 2218      7200
 2219              	.LASF57:
 2220 048f 76745F66 		.ascii	"vt_func\000"
 2220      756E6300 
 2221              	.LASF91:
 2222 0497 63685F74 		.ascii	"ch_timesize\000"
 2222      696D6573 
 2222      697A6500 
 2223              	.LASF162:
 2224 04a3 69635F73 		.ascii	"ic_speed\000"
 2224      70656564 
 2224      00
 2225              	.LASF97:
 2226 04ac 63665F6F 		.ascii	"cf_off_name\000"
 2226      66665F6E 
 2226      616D6500 
 2227              	.LASF33:
 2228 04b8 705F6F6C 		.ascii	"p_older\000"
 2228      64657200 
 2229              	.LASF158:
 2230 04c0 72786279 		.ascii	"rxbytes\000"
 2230      74657300 
 2231              	.LASF111:
 2232 04c8 715F7772 		.ascii	"q_wrptr\000"
 2232      70747200 
 2233              	.LASF63:
 2234 04d0 725F6374 		.ascii	"r_ctx\000"
 2234      7800
 2235              	.LASF46:
 2236 04d6 54687265 		.ascii	"ThreadsQueue\000"
 2236      61647351 
ARM GAS  /var/folders/3j/4xdnk5197cv_b7cw3n33qk7r0000gn/T//ccQ270vW.s 			page 44


 2236      75657565 
 2236      00
 2237              	.LASF203:
 2238 04e3 2F557365 		.ascii	"/Users/kevinmalmsten/development_raspberry_pi/Backu"
 2238      72732F6B 
 2238      6576696E 
 2238      6D616C6D 
 2238      7374656E 
 2239 0516 7053656E 		.ascii	"pSensor_ChibiOS GIT/__Backup_System\000"
 2239      736F725F 
 2239      43686962 
 2239      694F5320 
 2239      4749542F 
 2240              	.LASF88:
 2241 053a 63685F73 		.ascii	"ch_size\000"
 2241      697A6500 
 2242              	.LASF136:
 2243 0542 494F504F 		.ascii	"IOPORT0\000"
 2243      52543000 
 2244              	.LASF66:
 2245 054a 725F6375 		.ascii	"r_current\000"
 2245      7272656E 
 2245      7400
 2246              	.LASF65:
 2247 0554 725F6F6C 		.ascii	"r_older\000"
 2247      64657200 
 2248              	.LASF77:
 2249 055c 656C5F6D 		.ascii	"el_mask\000"
 2249      61736B00 
 2250              	.LASF129:
 2251 0564 67707365 		.ascii	"gpset\000"
 2251      7400
 2252              	.LASF132:
 2253 056a 67707075 		.ascii	"gppudclk\000"
 2253      64636C6B 
 2253      00
 2254              	.LASF191:
 2255 0573 6C6F7373 		.ascii	"lossiEnabled\000"
 2255      69456E61 
 2255      626C6564 
 2255      00
 2256              	.LASF192:
 2257 0580 63686970 		.ascii	"chip_select\000"
 2257      5F73656C 
 2257      65637400 
 2258              	.LASF20:
 2259 058c 74726566 		.ascii	"trefs_t\000"
 2259      735F7400 
 2260              	.LASF145:
 2261 0594 69326373 		.ascii	"i2cstate_t\000"
 2261      74617465 
 2261      5F7400
 2262              	.LASF90:
 2263 059f 63685F70 		.ascii	"ch_ptrsize\000"
 2263      74727369 
 2263      7A6500
 2264              	.LASF115:
ARM GAS  /var/folders/3j/4xdnk5197cv_b7cw3n33qk7r0000gn/T//ccQ270vW.s 			page 45


 2265 05aa 716E6F74 		.ascii	"qnotify_t\000"
 2265      6966795F 
 2265      7400
 2266              	.LASF29:
 2267 05b4 705F7072 		.ascii	"p_prev\000"
 2267      657600
 2268              	.LASF22:
 2269 05bb 74707269 		.ascii	"tprio_t\000"
 2269      6F5F7400 
 2270              	.LASF112:
 2271 05c3 715F7264 		.ascii	"q_rdptr\000"
 2271      70747200 
 2272              	.LASF160:
 2273 05cb 69326366 		.ascii	"i2cflags_t\000"
 2273      6C616773 
 2273      5F7400
 2274              	.LASF151:
 2275 05d6 6D757465 		.ascii	"mutex\000"
 2275      7800
 2276              	.LASF16:
 2277 05dc 696E7433 		.ascii	"int32_t\000"
 2277      325F7400 
 2278              	.LASF4:
 2279 05e4 756E7369 		.ascii	"unsigned char\000"
 2279      676E6564 
 2279      20636861 
 2279      7200
 2280              	.LASF76:
 2281 05f2 656C5F6C 		.ascii	"el_listener\000"
 2281      69737465 
 2281      6E657200 
 2282              	.LASF78:
 2283 05fe 656C5F66 		.ascii	"el_flags\000"
 2283      6C616773 
 2283      00
 2284              	.LASF44:
 2285 0607 705F6D74 		.ascii	"p_mtxlist\000"
 2285      786C6973 
 2285      7400
 2286              	.LASF5:
 2287 0611 73686F72 		.ascii	"short int\000"
 2287      7420696E 
 2287      7400
 2288              	.LASF35:
 2289 061b 705F7374 		.ascii	"p_state\000"
 2289      61746500 
 2290              	.LASF38:
 2291 0623 705F7072 		.ascii	"p_preempt\000"
 2291      65656D70 
 2291      7400
 2292              	.LASF103:
 2293 062d 63665F6F 		.ascii	"cf_off_time\000"
 2293      66665F74 
 2293      696D6500 
 2294              	.LASF62:
 2295 0639 725F7072 		.ascii	"r_prio\000"
 2295      696F00
ARM GAS  /var/folders/3j/4xdnk5197cv_b7cw3n33qk7r0000gn/T//ccQ270vW.s 			page 46


 2296              	.LASF133:
 2297 0640 70696E5F 		.ascii	"pin_base\000"
 2297      62617365 
 2297      00
 2298              	.LASF84:
 2299 0649 65776D61 		.ascii	"ewmask\000"
 2299      736B00
 2300              	.LASF28:
 2301 0650 705F6E65 		.ascii	"p_next\000"
 2301      787400
 2302              	.LASF137:
 2303 0657 494F504F 		.ascii	"IOPORT1\000"
 2303      52543100 
 2304              	.LASF102:
 2305 065f 63665F6F 		.ascii	"cf_off_preempt\000"
 2305      66665F70 
 2305      7265656D 
 2305      707400
 2306              	.LASF36:
 2307 066e 705F666C 		.ascii	"p_flags\000"
 2307      61677300 
 2308              	.LASF27:
 2309 0676 54687265 		.ascii	"Thread\000"
 2309      616400
 2310              	.LASF198:
 2311 067d 636C6F63 		.ascii	"clock_divider\000"
 2311      6B5F6469 
 2311      76696465 
 2311      7200
 2312              	.LASF95:
 2313 068b 63665F6F 		.ascii	"cf_off_newer\000"
 2313      66665F6E 
 2313      65776572 
 2313      00
 2314              	.LASF144:
 2315 0698 4932435F 		.ascii	"I2C_LOCKED\000"
 2315      4C4F434B 
 2315      454400
 2316              	.LASF43:
 2317 06a3 705F6570 		.ascii	"p_epending\000"
 2317      656E6469 
 2317      6E6700
 2318              	.LASF166:
 2319 06ae 53445F55 		.ascii	"SD_UNINIT\000"
 2319      4E494E49 
 2319      5400
 2320              	.LASF17:
 2321 06b8 75696E74 		.ascii	"uint32_t\000"
 2321      33325F74 
 2321      00
 2322              	.LASF93:
 2323 06c1 63665F6F 		.ascii	"cf_off_prio\000"
 2323      66665F70 
 2323      72696F00 
 2324              	.LASF61:
 2325 06cd 725F7175 		.ascii	"r_queue\000"
 2325      65756500 
ARM GAS  /var/folders/3j/4xdnk5197cv_b7cw3n33qk7r0000gn/T//ccQ270vW.s 			page 47


 2326              	.LASF53:
 2327 06d5 56697274 		.ascii	"VirtualTimer\000"
 2327      75616C54 
 2327      696D6572 
 2327      00
 2328              	.LASF170:
 2329 06e2 53657269 		.ascii	"SerialDriver\000"
 2329      616C4472 
 2329      69766572 
 2329      00
 2330              	.LASF21:
 2331 06ef 74736C69 		.ascii	"tslices_t\000"
 2331      6365735F 
 2331      7400
 2332              	.LASF176:
 2333 06f9 72656164 		.ascii	"read\000"
 2333      00
 2334              	.LASF85:
 2335 06fe 63686172 		.ascii	"char\000"
 2335      00
 2336              	.LASF185:
 2337 0703 5350495F 		.ascii	"SPI_COMPLETE\000"
 2337      434F4D50 
 2337      4C455445 
 2337      00
 2338              	.LASF148:
 2339 0710 636F6E66 		.ascii	"config\000"
 2339      696700
 2340              	.LASF6:
 2341 0717 5F5F7569 		.ascii	"__uint16_t\000"
 2341      6E743136 
 2341      5F7400
 2342              	.LASF186:
 2343 0722 73706973 		.ascii	"spistate_t\000"
 2343      74617465 
 2343      5F7400
 2344              	.LASF73:
 2345 072d 6D5F6E65 		.ascii	"m_next\000"
 2345      787400
 2346              	.LASF26:
 2347 0734 73797374 		.ascii	"systime_t\000"
 2347      696D655F 
 2347      7400
 2348              	.LASF45:
 2349 073e 705F7265 		.ascii	"p_realprio\000"
 2349      616C7072 
 2349      696F00
 2350              	.LASF8:
 2351 0749 5F5F696E 		.ascii	"__int32_t\000"
 2351      7433325F 
 2351      7400
 2352              	.LASF141:
 2353 0753 4932435F 		.ascii	"I2C_READY\000"
 2353      52454144 
 2353      5900
 2354              	.LASF146:
 2355 075d 49324344 		.ascii	"I2CDriver\000"
ARM GAS  /var/folders/3j/4xdnk5197cv_b7cw3n33qk7r0000gn/T//ccQ270vW.s 			page 48


 2355      72697665 
 2355      7200
 2356              	.LASF39:
 2357 0767 705F7469 		.ascii	"p_time\000"
 2357      6D6500
 2358              	.LASF196:
 2359 076e 636C6F63 		.ascii	"clock_polarity\000"
 2359      6B5F706F 
 2359      6C617269 
 2359      747900
 2360              	.LASF50:
 2361 077d 696E7463 		.ascii	"intctx\000"
 2361      747800
 2362              	.LASF41:
 2363 0784 705F6D73 		.ascii	"p_msgqueue\000"
 2363      67717565 
 2363      756500
 2364              	.LASF168:
 2365 078f 53445F52 		.ascii	"SD_READY\000"
 2365      45414459 
 2365      00
 2366              	.LASF183:
 2367 0798 5350495F 		.ascii	"SPI_READY\000"
 2367      52454144 
 2367      5900
 2368              	.LASF181:
 2369 07a2 5350495F 		.ascii	"SPI_UNINIT\000"
 2369      554E494E 
 2369      495400
 2370              	.LASF58:
 2371 07ad 76745F70 		.ascii	"vt_par\000"
 2371      617200
 2372              	.LASF25:
 2373 07b4 666C6167 		.ascii	"flagsmask_t\000"
 2373      736D6173 
 2373      6B5F7400 
 2374              	.LASF163:
 2375 07c0 49324343 		.ascii	"I2CConfig\000"
 2375      6F6E6669 
 2375      6700
 2376              	.LASF169:
 2377 07ca 73647374 		.ascii	"sdstate_t\000"
 2377      6174655F 
 2377      7400
 2378              	.LASF156:
 2379 07d4 74786964 		.ascii	"txidx\000"
 2379      7800
 2380              	.LASF94:
 2381 07da 63665F6F 		.ascii	"cf_off_ctx\000"
 2381      66665F63 
 2381      747800
 2382              	.LASF37:
 2383 07e5 705F7265 		.ascii	"p_refs\000"
 2383      667300
 2384              	.LASF121:
 2385 07ec 73746174 		.ascii	"status\000"
 2385      757300
ARM GAS  /var/folders/3j/4xdnk5197cv_b7cw3n33qk7r0000gn/T//ccQ270vW.s 			page 49


 2386              	.LASF67:
 2387 07f3 52656164 		.ascii	"ReadyList\000"
 2387      794C6973 
 2387      7400
 2388              	.LASF113:
 2389 07fd 715F6E6F 		.ascii	"q_notify\000"
 2389      74696679 
 2389      00
 2390              	.LASF69:
 2391 0806 726C6973 		.ascii	"rlist\000"
 2391      7400
 2392              	.LASF14:
 2393 080c 75696E74 		.ascii	"uint8_t\000"
 2393      385F7400 
 2394              	.LASF128:
 2395 0814 6C617463 		.ascii	"latch\000"
 2395      6800
 2396              	.LASF74:
 2397 081a 4576656E 		.ascii	"EventListener\000"
 2397      744C6973 
 2397      74656E65 
 2397      7200
 2398              	.LASF83:
 2399 0828 77746F62 		.ascii	"wtobjp\000"
 2399      6A7000
 2400              	.LASF34:
 2401 082f 705F6E61 		.ascii	"p_name\000"
 2401      6D6500
 2402              	.LASF59:
 2403 0836 76745F73 		.ascii	"vt_systime\000"
 2403      79737469 
 2403      6D6500
 2404              	.LASF80:
 2405 0841 65735F6E 		.ascii	"es_next\000"
 2405      65787400 
 2406              	.LASF199:
 2407 0849 53504943 		.ascii	"SPIConfig\000"
 2407      6F6E6669 
 2407      6700
 2408              	.LASF89:
 2409 0853 63685F76 		.ascii	"ch_version\000"
 2409      65727369 
 2409      6F6E00
 2410              	.LASF122:
 2411 085e 64617461 		.ascii	"dataLength\000"
 2411      4C656E67 
 2411      746800
 2412              	.LASF60:
 2413 0869 56544C69 		.ascii	"VTList\000"
 2413      737400
 2414              	.LASF114:
 2415 0870 715F6C69 		.ascii	"q_link\000"
 2415      6E6B00
 2416              	.LASF135:
 2417 0877 50414C43 		.ascii	"PALConfig\000"
 2417      6F6E6669 
 2417      6700
ARM GAS  /var/folders/3j/4xdnk5197cv_b7cw3n33qk7r0000gn/T//ccQ270vW.s 			page 50


 2418              	.LASF72:
 2419 0881 6D5F6F77 		.ascii	"m_owner\000"
 2419      6E657200 
 2420              	.LASF138:
 2421 0889 70616C5F 		.ascii	"pal_default_config\000"
 2421      64656661 
 2421      756C745F 
 2421      636F6E66 
 2421      696700
 2422              	.LASF31:
 2423 089c 705F6374 		.ascii	"p_ctx\000"
 2423      7800
 2424              	.LASF40:
 2425 08a2 705F7761 		.ascii	"p_waiting\000"
 2425      6974696E 
 2425      6700
 2426              	.LASF155:
 2427 08ac 74786279 		.ascii	"txbytes\000"
 2427      74657300 
 2428              	.LASF127:
 2429 08b4 636C6F63 		.ascii	"clockStretchTimeout\000"
 2429      6B537472 
 2429      65746368 
 2429      54696D65 
 2429      6F757400 
 2430              		.ident	"GCC: (GNU Tools for Arm Embedded Processors 7-2018-q2-update) 7.3.1 20180622 (release) [AR
ARM GAS  /var/folders/3j/4xdnk5197cv_b7cw3n33qk7r0000gn/T//ccQ270vW.s 			page 51


DEFINED SYMBOLS
                            *ABS*:0000000000000000 can.c

NO UNDEFINED SYMBOLS
