ARM GAS  /var/folders/3j/4xdnk5197cv_b7cw3n33qk7r0000gn/T//cc4jYPLs.s 			page 1


   1              		.cpu arm1176jz-s
   2              		.eabi_attribute 20, 1
   3              		.eabi_attribute 21, 1
   4              		.eabi_attribute 23, 3
   5              		.eabi_attribute 24, 1
   6              		.eabi_attribute 25, 1
   7              		.eabi_attribute 26, 1
   8              		.eabi_attribute 30, 2
   9              		.eabi_attribute 34, 1
  10              		.eabi_attribute 18, 4
  11              		.file	"chdynamic.c"
  12              		.text
  13              	.Ltext0:
  14              		.cfi_sections	.debug_frame
  15              		.section	.text.chThdAddRef,"ax",%progbits
  16              		.align	2
  17              		.global	chThdAddRef
  18              		.syntax unified
  19              		.arm
  20              		.fpu softvfp
  21              		.type	chThdAddRef, %function
  22              	chThdAddRef:
  23              	.LFB7:
  24              		.file 1 "..//os/kernel/src/chdynamic.c"
  25              		.loc 1 45 0
  26              		.cfi_startproc
  27              		@ args = 0, pretend = 0, frame = 0
  28              		@ frame_needed = 0, uses_anonymous_args = 0
  29              		@ link register save eliminated.
  30              	.LVL0:
  31              		.loc 1 47 0
  32              		.syntax divided
  33              	@ 47 "..//os/kernel/src/chdynamic.c" 1
  34 0000 9FF021E3 		msr     CPSR_c, #0x9F
  35              	@ 0 "" 2
  36              		.loc 1 49 0
  37              		.arm
  38              		.syntax unified
  39 0004 1E30D0E5 		ldrb	r3, [r0, #30]	@ zero_extendqisi2
  40 0008 013083E2 		add	r3, r3, #1
  41 000c 1E30C0E5 		strb	r3, [r0, #30]
  42              		.loc 1 50 0
  43              		.syntax divided
  44              	@ 50 "..//os/kernel/src/chdynamic.c" 1
  45 0010 1FF021E3 		msr     CPSR_c, #0x1F
  46              	@ 0 "" 2
  47              		.loc 1 52 0
  48              		.arm
  49              		.syntax unified
  50 0014 1EFF2FE1 		bx	lr
  51              		.cfi_endproc
  52              	.LFE7:
  53              		.size	chThdAddRef, .-chThdAddRef
  54              		.section	.text.chThdRelease,"ax",%progbits
  55              		.align	2
  56              		.global	chThdRelease
  57              		.syntax unified
ARM GAS  /var/folders/3j/4xdnk5197cv_b7cw3n33qk7r0000gn/T//cc4jYPLs.s 			page 2


  58              		.arm
  59              		.fpu softvfp
  60              		.type	chThdRelease, %function
  61              	chThdRelease:
  62              	.LFB8:
  63              		.loc 1 67 0
  64              		.cfi_startproc
  65              		@ args = 0, pretend = 0, frame = 0
  66              		@ frame_needed = 0, uses_anonymous_args = 0
  67              		@ link register save eliminated.
  68              	.LVL1:
  69              		.loc 1 70 0
  70              		.syntax divided
  71              	@ 70 "..//os/kernel/src/chdynamic.c" 1
  72 0000 9FF021E3 		msr     CPSR_c, #0x9F
  73              	@ 0 "" 2
  74              		.loc 1 72 0
  75              		.arm
  76              		.syntax unified
  77 0004 1E30D0E5 		ldrb	r3, [r0, #30]	@ zero_extendqisi2
  78 0008 013043E2 		sub	r3, r3, #1
  79 000c 7330EFE6 		uxtb	r3, r3
  80 0010 1E30C0E5 		strb	r3, [r0, #30]
  81              	.LVL2:
  82              		.loc 1 73 0
  83              		.syntax divided
  84              	@ 73 "..//os/kernel/src/chdynamic.c" 1
  85 0014 1FF021E3 		msr     CPSR_c, #0x1F
  86              	@ 0 "" 2
  87              		.loc 1 78 0
  88              		.arm
  89              		.syntax unified
  90 0018 000053E3 		cmp	r3, #0
  91 001c 1EFF2F11 		bxne	lr
  92              		.loc 1 78 0 is_stmt 0 discriminator 1
  93 0020 1C30D0E5 		ldrb	r3, [r0, #28]	@ zero_extendqisi2
  94              	.LVL3:
  95 0024 0E0053E3 		cmp	r3, #14
  96 0028 1EFF2F11 		bxne	lr
  97              		.loc 1 79 0 is_stmt 1
  98 002c 1D30D0E5 		ldrb	r3, [r0, #29]	@ zero_extendqisi2
  99 0030 033003E2 		and	r3, r3, #3
 100 0034 010053E3 		cmp	r3, #1
 101 0038 1EFF2F11 		bxne	lr
 102              		.loc 1 83 0
 103 003c 143090E5 		ldr	r3, [r0, #20]
 104 0040 101090E5 		ldr	r1, [r0, #16]
 105 0044 101083E5 		str	r1, [r3, #16]
 106              	.LVL4:
 107 0048 102090E5 		ldr	r2, [r0, #16]
 108 004c 143082E5 		str	r3, [r2, #20]
 109              		.loc 1 85 0
 110 0050 FEFFFFEA 		b	chHeapFree
 111              	.LVL5:
 112              		.cfi_endproc
 113              	.LFE8:
 114              		.size	chThdRelease, .-chThdRelease
ARM GAS  /var/folders/3j/4xdnk5197cv_b7cw3n33qk7r0000gn/T//cc4jYPLs.s 			page 3


 115              		.section	.text.chThdCreateFromHeap,"ax",%progbits
 116              		.align	2
 117              		.global	chThdCreateFromHeap
 118              		.syntax unified
 119              		.arm
 120              		.fpu softvfp
 121              		.type	chThdCreateFromHeap, %function
 122              	chThdCreateFromHeap:
 123              	.LFB9:
 124              		.loc 1 124 0
 125              		.cfi_startproc
 126              		@ args = 4, pretend = 0, frame = 0
 127              		@ frame_needed = 0, uses_anonymous_args = 0
 128              	.LVL6:
 129 0000 F0402DE9 		push	{r4, r5, r6, r7, lr}
 130              		.cfi_def_cfa_offset 20
 131              		.cfi_offset 4, -20
 132              		.cfi_offset 5, -16
 133              		.cfi_offset 6, -12
 134              		.cfi_offset 7, -8
 135              		.cfi_offset 14, -4
 136 0004 0CD04DE2 		sub	sp, sp, #12
 137              		.cfi_def_cfa_offset 32
 138              		.loc 1 124 0
 139 0008 0260A0E1 		mov	r6, r2
 140 000c 0370A0E1 		mov	r7, r3
 141 0010 0150A0E1 		mov	r5, r1
 142              		.loc 1 128 0
 143 0014 FEFFFFEB 		bl	chHeapAlloc
 144              	.LVL7:
 145              		.loc 1 129 0
 146 0018 004050E2 		subs	r4, r0, #0
 147 001c 0C00000A 		beq	.L6
 148              		.loc 1 141 0
 149              		.syntax divided
 150              	@ 141 "..//os/kernel/src/chdynamic.c" 1
 151 0020 9FF021E3 		msr     CPSR_c, #0x9F
 152              	@ 0 "" 2
 153              		.loc 1 142 0
 154              		.arm
 155              		.syntax unified
 156 0024 20309DE5 		ldr	r3, [sp, #32]
 157 0028 0620A0E1 		mov	r2, r6
 158 002c 00308DE5 		str	r3, [sp]
 159 0030 0510A0E1 		mov	r1, r5
 160 0034 0730A0E1 		mov	r3, r7
 161 0038 FEFFFFEB 		bl	chThdCreateI
 162              	.LVL8:
 163              		.loc 1 143 0
 164 003c 0130A0E3 		mov	r3, #1
 165              		.loc 1 144 0
 166 0040 0010A0E3 		mov	r1, #0
 167              		.loc 1 143 0
 168 0044 1D30C0E5 		strb	r3, [r0, #29]
 169              		.loc 1 142 0
 170 0048 0040A0E1 		mov	r4, r0
 171              	.LVL9:
ARM GAS  /var/folders/3j/4xdnk5197cv_b7cw3n33qk7r0000gn/T//cc4jYPLs.s 			page 4


 172              		.loc 1 144 0
 173 004c FEFFFFEB 		bl	chSchWakeupS
 174              	.LVL10:
 175              		.loc 1 145 0
 176              		.syntax divided
 177              	@ 145 "..//os/kernel/src/chdynamic.c" 1
 178 0050 1FF021E3 		msr     CPSR_c, #0x1F
 179              	@ 0 "" 2
 180              	.LVL11:
 181              		.arm
 182              		.syntax unified
 183              	.L6:
 184              		.loc 1 147 0
 185 0054 0400A0E1 		mov	r0, r4
 186 0058 0CD08DE2 		add	sp, sp, #12
 187              		.cfi_def_cfa_offset 20
 188              		@ sp needed
 189 005c F080BDE8 		pop	{r4, r5, r6, r7, pc}
 190              		.cfi_endproc
 191              	.LFE9:
 192              		.size	chThdCreateFromHeap, .-chThdCreateFromHeap
 193              		.text
 194              	.Letext0:
 195              		.file 2 "/usr/local/Cellar/gcc-arm-none-eabi/20180627/lib/gcc/arm-none-eabi/7.3.1/include/stddef.h
 196              		.file 3 "/usr/local/Cellar/gcc-arm-none-eabi/20180627/arm-none-eabi/include/machine/_default_types
 197              		.file 4 "/usr/local/Cellar/gcc-arm-none-eabi/20180627/arm-none-eabi/include/sys/_stdint.h"
 198              		.file 5 "..//os/ports/GCC/ARM/chtypes.h"
 199              		.file 6 "..//os/kernel/include/chlists.h"
 200              		.file 7 "..//os/kernel/include/chthreads.h"
 201              		.file 8 "..//os/ports/GCC/ARM/chcore.h"
 202              		.file 9 "..//os/kernel/include/chvt.h"
 203              		.file 10 "..//os/kernel/include/chschd.h"
 204              		.file 11 "..//os/kernel/include/chmtx.h"
 205              		.file 12 "..//os/kernel/include/chmemcore.h"
 206              		.file 13 "..//os/kernel/include/chheap.h"
 207              		.file 14 "..//os/kernel/include/chregistry.h"
 208              		.file 15 "..//os/kernel/include/ch.h"
 209              		.section	.debug_info,"",%progbits
 210              	.Ldebug_info0:
 211 0000 5D080000 		.4byte	0x85d
 212 0004 0400     		.2byte	0x4
 213 0006 00000000 		.4byte	.Ldebug_abbrev0
 214 000a 04       		.byte	0x4
 215 000b 01       		.uleb128 0x1
 216 000c 36010000 		.4byte	.LASF119
 217 0010 0C       		.byte	0xc
 218 0011 3E040000 		.4byte	.LASF120
 219 0015 00000000 		.4byte	.LASF121
 220 0019 00000000 		.4byte	.Ldebug_ranges0+0
 221 001d 00000000 		.4byte	0
 222 0021 00000000 		.4byte	.Ldebug_line0
 223 0025 02       		.uleb128 0x2
 224 0026 04       		.byte	0x4
 225 0027 05       		.byte	0x5
 226 0028 696E7400 		.ascii	"int\000"
 227 002c 03       		.uleb128 0x3
 228 002d 61000000 		.4byte	.LASF2
ARM GAS  /var/folders/3j/4xdnk5197cv_b7cw3n33qk7r0000gn/T//cc4jYPLs.s 			page 5


 229 0031 02       		.byte	0x2
 230 0032 D8       		.byte	0xd8
 231 0033 37000000 		.4byte	0x37
 232 0037 04       		.uleb128 0x4
 233 0038 04       		.byte	0x4
 234 0039 07       		.byte	0x7
 235 003a 69020000 		.4byte	.LASF0
 236 003e 04       		.uleb128 0x4
 237 003f 01       		.byte	0x1
 238 0040 06       		.byte	0x6
 239 0041 F4000000 		.4byte	.LASF1
 240 0045 03       		.uleb128 0x3
 241 0046 74000000 		.4byte	.LASF3
 242 004a 03       		.byte	0x3
 243 004b 2B       		.byte	0x2b
 244 004c 50000000 		.4byte	0x50
 245 0050 04       		.uleb128 0x4
 246 0051 01       		.byte	0x1
 247 0052 08       		.byte	0x8
 248 0053 E0030000 		.4byte	.LASF4
 249 0057 04       		.uleb128 0x4
 250 0058 02       		.byte	0x2
 251 0059 05       		.byte	0x5
 252 005a 03040000 		.4byte	.LASF5
 253 005e 03       		.uleb128 0x3
 254 005f F7040000 		.4byte	.LASF6
 255 0063 03       		.byte	0x3
 256 0064 39       		.byte	0x39
 257 0065 69000000 		.4byte	0x69
 258 0069 04       		.uleb128 0x4
 259 006a 02       		.byte	0x2
 260 006b 07       		.byte	0x7
 261 006c CA020000 		.4byte	.LASF7
 262 0070 03       		.uleb128 0x3
 263 0071 1E050000 		.4byte	.LASF8
 264 0075 03       		.byte	0x3
 265 0076 4D       		.byte	0x4d
 266 0077 7B000000 		.4byte	0x7b
 267 007b 04       		.uleb128 0x4
 268 007c 04       		.byte	0x4
 269 007d 05       		.byte	0x5
 270 007e F6010000 		.4byte	.LASF9
 271 0082 03       		.uleb128 0x3
 272 0083 47020000 		.4byte	.LASF10
 273 0087 03       		.byte	0x3
 274 0088 4F       		.byte	0x4f
 275 0089 8D000000 		.4byte	0x8d
 276 008d 04       		.uleb128 0x4
 277 008e 04       		.byte	0x4
 278 008f 07       		.byte	0x7
 279 0090 8B020000 		.4byte	.LASF11
 280 0094 04       		.uleb128 0x4
 281 0095 08       		.byte	0x8
 282 0096 05       		.byte	0x5
 283 0097 E6000000 		.4byte	.LASF12
 284 009b 04       		.uleb128 0x4
 285 009c 08       		.byte	0x8
ARM GAS  /var/folders/3j/4xdnk5197cv_b7cw3n33qk7r0000gn/T//cc4jYPLs.s 			page 6


 286 009d 07       		.byte	0x7
 287 009e 92000000 		.4byte	.LASF13
 288 00a2 03       		.uleb128 0x3
 289 00a3 6A050000 		.4byte	.LASF14
 290 00a7 04       		.byte	0x4
 291 00a8 18       		.byte	0x18
 292 00a9 45000000 		.4byte	0x45
 293 00ad 03       		.uleb128 0x3
 294 00ae 1C020000 		.4byte	.LASF15
 295 00b2 04       		.byte	0x4
 296 00b3 24       		.byte	0x24
 297 00b4 5E000000 		.4byte	0x5e
 298 00b8 03       		.uleb128 0x3
 299 00b9 D8030000 		.4byte	.LASF16
 300 00bd 04       		.byte	0x4
 301 00be 2C       		.byte	0x2c
 302 00bf 70000000 		.4byte	0x70
 303 00c3 03       		.uleb128 0x3
 304 00c4 B9040000 		.4byte	.LASF17
 305 00c8 04       		.byte	0x4
 306 00c9 30       		.byte	0x30
 307 00ca 82000000 		.4byte	0x82
 308 00ce 03       		.uleb128 0x3
 309 00cf F8020000 		.4byte	.LASF18
 310 00d3 05       		.byte	0x5
 311 00d4 2A       		.byte	0x2a
 312 00d5 A2000000 		.4byte	0xa2
 313 00d9 03       		.uleb128 0x3
 314 00da 13020000 		.4byte	.LASF19
 315 00de 05       		.byte	0x5
 316 00df 2B       		.byte	0x2b
 317 00e0 A2000000 		.4byte	0xa2
 318 00e4 03       		.uleb128 0x3
 319 00e5 B1030000 		.4byte	.LASF20
 320 00e9 05       		.byte	0x5
 321 00ea 2C       		.byte	0x2c
 322 00eb A2000000 		.4byte	0xa2
 323 00ef 03       		.uleb128 0x3
 324 00f0 E8040000 		.4byte	.LASF21
 325 00f4 05       		.byte	0x5
 326 00f5 2D       		.byte	0x2d
 327 00f6 A2000000 		.4byte	0xa2
 328 00fa 03       		.uleb128 0x3
 329 00fb D0030000 		.4byte	.LASF22
 330 00ff 05       		.byte	0x5
 331 0100 2E       		.byte	0x2e
 332 0101 C3000000 		.4byte	0xc3
 333 0105 03       		.uleb128 0x3
 334 0106 EA020000 		.4byte	.LASF23
 335 010a 05       		.byte	0x5
 336 010b 2F       		.byte	0x2f
 337 010c B8000000 		.4byte	0xb8
 338 0110 03       		.uleb128 0x3
 339 0111 0C030000 		.4byte	.LASF24
 340 0115 05       		.byte	0x5
 341 0116 31       		.byte	0x31
 342 0117 C3000000 		.4byte	0xc3
ARM GAS  /var/folders/3j/4xdnk5197cv_b7cw3n33qk7r0000gn/T//cc4jYPLs.s 			page 7


 343 011b 03       		.uleb128 0x3
 344 011c 09050000 		.4byte	.LASF25
 345 0120 05       		.byte	0x5
 346 0121 33       		.byte	0x33
 347 0122 C3000000 		.4byte	0xc3
 348 0126 05       		.uleb128 0x5
 349 0127 1B010000 		.4byte	0x11b
 350 012b 03       		.uleb128 0x3
 351 012c 8E040000 		.4byte	.LASF26
 352 0130 06       		.byte	0x6
 353 0131 23       		.byte	0x23
 354 0132 36010000 		.4byte	0x136
 355 0136 06       		.uleb128 0x6
 356 0137 8E040000 		.4byte	.LASF26
 357 013b 44       		.byte	0x44
 358 013c 07       		.byte	0x7
 359 013d 57       		.byte	0x57
 360 013e 27020000 		.4byte	0x227
 361 0142 07       		.uleb128 0x7
 362 0143 63040000 		.4byte	.LASF27
 363 0147 07       		.byte	0x7
 364 0148 58       		.byte	0x58
 365 0149 48020000 		.4byte	0x248
 366 014d 00       		.byte	0
 367 014e 07       		.uleb128 0x7
 368 014f C9030000 		.4byte	.LASF28
 369 0153 07       		.byte	0x7
 370 0154 5A       		.byte	0x5a
 371 0155 48020000 		.4byte	0x248
 372 0159 04       		.byte	0x4
 373 015a 07       		.uleb128 0x7
 374 015b D2000000 		.4byte	.LASF29
 375 015f 07       		.byte	0x7
 376 0160 5C       		.byte	0x5c
 377 0161 FA000000 		.4byte	0xfa
 378 0165 08       		.byte	0x8
 379 0166 07       		.uleb128 0x7
 380 0167 A5050000 		.4byte	.LASF30
 381 016b 07       		.byte	0x7
 382 016c 5D       		.byte	0x5d
 383 016d 03030000 		.4byte	0x303
 384 0171 0C       		.byte	0xc
 385 0172 07       		.uleb128 0x7
 386 0173 2F020000 		.4byte	.LASF31
 387 0177 07       		.byte	0x7
 388 0178 5F       		.byte	0x5f
 389 0179 48020000 		.4byte	0x248
 390 017d 10       		.byte	0x10
 391 017e 07       		.uleb128 0x7
 392 017f 71030000 		.4byte	.LASF32
 393 0183 07       		.byte	0x7
 394 0184 60       		.byte	0x60
 395 0185 48020000 		.4byte	0x248
 396 0189 14       		.byte	0x14
 397 018a 07       		.uleb128 0x7
 398 018b 79050000 		.4byte	.LASF33
 399 018f 07       		.byte	0x7
ARM GAS  /var/folders/3j/4xdnk5197cv_b7cw3n33qk7r0000gn/T//cc4jYPLs.s 			page 8


 400 0190 67       		.byte	0x67
 401 0191 8C050000 		.4byte	0x58c
 402 0195 18       		.byte	0x18
 403 0196 07       		.uleb128 0x7
 404 0197 0D040000 		.4byte	.LASF34
 405 019b 07       		.byte	0x7
 406 019c 72       		.byte	0x72
 407 019d D9000000 		.4byte	0xd9
 408 01a1 1C       		.byte	0x1c
 409 01a2 07       		.uleb128 0x7
 410 01a3 79040000 		.4byte	.LASF35
 411 01a7 07       		.byte	0x7
 412 01a8 76       		.byte	0x76
 413 01a9 CE000000 		.4byte	0xce
 414 01ad 1D       		.byte	0x1d
 415 01ae 07       		.uleb128 0x7
 416 01af 53050000 		.4byte	.LASF36
 417 01b3 07       		.byte	0x7
 418 01b4 7B       		.byte	0x7b
 419 01b5 E4000000 		.4byte	0xe4
 420 01b9 1E       		.byte	0x1e
 421 01ba 07       		.uleb128 0x7
 422 01bb 15040000 		.4byte	.LASF37
 423 01bf 07       		.byte	0x7
 424 01c0 81       		.byte	0x81
 425 01c1 EF000000 		.4byte	0xef
 426 01c5 1F       		.byte	0x1f
 427 01c6 07       		.uleb128 0x7
 428 01c7 28050000 		.4byte	.LASF38
 429 01cb 07       		.byte	0x7
 430 01cc 88       		.byte	0x88
 431 01cd 26010000 		.4byte	0x126
 432 01d1 20       		.byte	0x20
 433 01d2 08       		.uleb128 0x8
 434 01d3 705F7500 		.ascii	"p_u\000"
 435 01d7 07       		.byte	0x7
 436 01d8 AD       		.byte	0xad
 437 01d9 57050000 		.4byte	0x557
 438 01dd 24       		.byte	0x24
 439 01de 07       		.uleb128 0x7
 440 01df AB050000 		.4byte	.LASF39
 441 01e3 07       		.byte	0x7
 442 01e4 B2       		.byte	0xb2
 443 01e5 6E020000 		.4byte	0x26e
 444 01e9 28       		.byte	0x28
 445 01ea 07       		.uleb128 0x7
 446 01eb 36050000 		.4byte	.LASF40
 447 01ef 07       		.byte	0x7
 448 01f0 B8       		.byte	0xb8
 449 01f1 4E020000 		.4byte	0x24e
 450 01f5 2C       		.byte	0x2c
 451 01f6 07       		.uleb128 0x7
 452 01f7 5B000000 		.4byte	.LASF41
 453 01fb 07       		.byte	0x7
 454 01fc BC       		.byte	0xbc
 455 01fd 05010000 		.4byte	0x105
 456 0201 34       		.byte	0x34
ARM GAS  /var/folders/3j/4xdnk5197cv_b7cw3n33qk7r0000gn/T//cc4jYPLs.s 			page 9


 457 0202 07       		.uleb128 0x7
 458 0203 AE040000 		.4byte	.LASF42
 459 0207 07       		.byte	0x7
 460 0208 C2       		.byte	0xc2
 461 0209 10010000 		.4byte	0x110
 462 020d 38       		.byte	0x38
 463 020e 07       		.uleb128 0x7
 464 020f F9030000 		.4byte	.LASF43
 465 0213 07       		.byte	0x7
 466 0214 C9       		.byte	0xc9
 467 0215 9E050000 		.4byte	0x59e
 468 0219 3C       		.byte	0x3c
 469 021a 07       		.uleb128 0x7
 470 021b 13050000 		.4byte	.LASF44
 471 021f 07       		.byte	0x7
 472 0220 CD       		.byte	0xcd
 473 0221 FA000000 		.4byte	0xfa
 474 0225 40       		.byte	0x40
 475 0226 00       		.byte	0
 476 0227 09       		.uleb128 0x9
 477 0228 08       		.byte	0x8
 478 0229 06       		.byte	0x6
 479 022a 5A       		.byte	0x5a
 480 022b 48020000 		.4byte	0x248
 481 022f 07       		.uleb128 0x7
 482 0230 63040000 		.4byte	.LASF27
 483 0234 06       		.byte	0x6
 484 0235 5B       		.byte	0x5b
 485 0236 48020000 		.4byte	0x248
 486 023a 00       		.byte	0
 487 023b 07       		.uleb128 0x7
 488 023c C9030000 		.4byte	.LASF28
 489 0240 06       		.byte	0x6
 490 0241 5D       		.byte	0x5d
 491 0242 48020000 		.4byte	0x248
 492 0246 04       		.byte	0x4
 493 0247 00       		.byte	0
 494 0248 0A       		.uleb128 0xa
 495 0249 04       		.byte	0x4
 496 024a 2B010000 		.4byte	0x12b
 497 024e 03       		.uleb128 0x3
 498 024f 7F030000 		.4byte	.LASF45
 499 0253 06       		.byte	0x6
 500 0254 5F       		.byte	0x5f
 501 0255 27020000 		.4byte	0x227
 502 0259 09       		.uleb128 0x9
 503 025a 04       		.byte	0x4
 504 025b 06       		.byte	0x6
 505 025c 64       		.byte	0x64
 506 025d 6E020000 		.4byte	0x26e
 507 0261 07       		.uleb128 0x7
 508 0262 63040000 		.4byte	.LASF27
 509 0266 06       		.byte	0x6
 510 0267 66       		.byte	0x66
 511 0268 48020000 		.4byte	0x248
 512 026c 00       		.byte	0
 513 026d 00       		.byte	0
ARM GAS  /var/folders/3j/4xdnk5197cv_b7cw3n33qk7r0000gn/T//cc4jYPLs.s 			page 10


 514 026e 03       		.uleb128 0x3
 515 026f 00030000 		.4byte	.LASF46
 516 0273 06       		.byte	0x6
 517 0274 69       		.byte	0x69
 518 0275 59020000 		.4byte	0x259
 519 0279 03       		.uleb128 0x3
 520 027a 2A030000 		.4byte	.LASF47
 521 027e 08       		.byte	0x8
 522 027f 9D       		.byte	0x9d
 523 0280 C3000000 		.4byte	0xc3
 524 0284 03       		.uleb128 0x3
 525 0285 52020000 		.4byte	.LASF48
 526 0289 08       		.byte	0x8
 527 028a A2       		.byte	0xa2
 528 028b 8F020000 		.4byte	0x28f
 529 028f 0B       		.uleb128 0xb
 530 0290 04       		.byte	0x4
 531 0291 06       		.uleb128 0x6
 532 0292 2F050000 		.4byte	.LASF49
 533 0296 24       		.byte	0x24
 534 0297 08       		.byte	0x8
 535 0298 B9       		.byte	0xb9
 536 0299 03030000 		.4byte	0x303
 537 029d 08       		.uleb128 0x8
 538 029e 723400   		.ascii	"r4\000"
 539 02a1 08       		.byte	0x8
 540 02a2 BA       		.byte	0xba
 541 02a3 84020000 		.4byte	0x284
 542 02a7 00       		.byte	0
 543 02a8 08       		.uleb128 0x8
 544 02a9 723500   		.ascii	"r5\000"
 545 02ac 08       		.byte	0x8
 546 02ad BB       		.byte	0xbb
 547 02ae 84020000 		.4byte	0x284
 548 02b2 04       		.byte	0x4
 549 02b3 08       		.uleb128 0x8
 550 02b4 723600   		.ascii	"r6\000"
 551 02b7 08       		.byte	0x8
 552 02b8 BC       		.byte	0xbc
 553 02b9 84020000 		.4byte	0x284
 554 02bd 08       		.byte	0x8
 555 02be 08       		.uleb128 0x8
 556 02bf 723700   		.ascii	"r7\000"
 557 02c2 08       		.byte	0x8
 558 02c3 BD       		.byte	0xbd
 559 02c4 84020000 		.4byte	0x284
 560 02c8 0C       		.byte	0xc
 561 02c9 08       		.uleb128 0x8
 562 02ca 723800   		.ascii	"r8\000"
 563 02cd 08       		.byte	0x8
 564 02ce BE       		.byte	0xbe
 565 02cf 84020000 		.4byte	0x284
 566 02d3 10       		.byte	0x10
 567 02d4 08       		.uleb128 0x8
 568 02d5 723900   		.ascii	"r9\000"
 569 02d8 08       		.byte	0x8
 570 02d9 BF       		.byte	0xbf
ARM GAS  /var/folders/3j/4xdnk5197cv_b7cw3n33qk7r0000gn/T//cc4jYPLs.s 			page 11


 571 02da 84020000 		.4byte	0x284
 572 02de 14       		.byte	0x14
 573 02df 08       		.uleb128 0x8
 574 02e0 72313000 		.ascii	"r10\000"
 575 02e4 08       		.byte	0x8
 576 02e5 C0       		.byte	0xc0
 577 02e6 84020000 		.4byte	0x284
 578 02ea 18       		.byte	0x18
 579 02eb 08       		.uleb128 0x8
 580 02ec 72313100 		.ascii	"r11\000"
 581 02f0 08       		.byte	0x8
 582 02f1 C1       		.byte	0xc1
 583 02f2 84020000 		.4byte	0x284
 584 02f6 1C       		.byte	0x1c
 585 02f7 08       		.uleb128 0x8
 586 02f8 6C7200   		.ascii	"lr\000"
 587 02fb 08       		.byte	0x8
 588 02fc C2       		.byte	0xc2
 589 02fd 84020000 		.4byte	0x284
 590 0301 20       		.byte	0x20
 591 0302 00       		.byte	0
 592 0303 06       		.uleb128 0x6
 593 0304 BD020000 		.4byte	.LASF50
 594 0308 04       		.byte	0x4
 595 0309 08       		.byte	0x8
 596 030a CA       		.byte	0xca
 597 030b 1C030000 		.4byte	0x31c
 598 030f 08       		.uleb128 0x8
 599 0310 72313300 		.ascii	"r13\000"
 600 0314 08       		.byte	0x8
 601 0315 CB       		.byte	0xcb
 602 0316 1C030000 		.4byte	0x31c
 603 031a 00       		.byte	0
 604 031b 00       		.byte	0
 605 031c 0A       		.uleb128 0xa
 606 031d 04       		.byte	0x4
 607 031e 91020000 		.4byte	0x291
 608 0322 03       		.uleb128 0x3
 609 0323 A6020000 		.4byte	.LASF51
 610 0327 09       		.byte	0x9
 611 0328 4E       		.byte	0x4e
 612 0329 2D030000 		.4byte	0x32d
 613 032d 0A       		.uleb128 0xa
 614 032e 04       		.byte	0x4
 615 032f 33030000 		.4byte	0x333
 616 0333 0C       		.uleb128 0xc
 617 0334 3E030000 		.4byte	0x33e
 618 0338 0D       		.uleb128 0xd
 619 0339 8F020000 		.4byte	0x28f
 620 033d 00       		.byte	0
 621 033e 03       		.uleb128 0x3
 622 033f D6040000 		.4byte	.LASF52
 623 0343 09       		.byte	0x9
 624 0344 53       		.byte	0x53
 625 0345 49030000 		.4byte	0x349
 626 0349 06       		.uleb128 0x6
 627 034a D6040000 		.4byte	.LASF52
ARM GAS  /var/folders/3j/4xdnk5197cv_b7cw3n33qk7r0000gn/T//cc4jYPLs.s 			page 12


 628 034e 14       		.byte	0x14
 629 034f 09       		.byte	0x9
 630 0350 5A       		.byte	0x5a
 631 0351 92030000 		.4byte	0x392
 632 0355 07       		.uleb128 0x7
 633 0356 76020000 		.4byte	.LASF53
 634 035a 09       		.byte	0x9
 635 035b 5B       		.byte	0x5b
 636 035c 92030000 		.4byte	0x392
 637 0360 00       		.byte	0
 638 0361 07       		.uleb128 0x7
 639 0362 5B020000 		.4byte	.LASF54
 640 0366 09       		.byte	0x9
 641 0367 5D       		.byte	0x5d
 642 0368 92030000 		.4byte	0x392
 643 036c 04       		.byte	0x4
 644 036d 07       		.uleb128 0x7
 645 036e 49030000 		.4byte	.LASF55
 646 0372 09       		.byte	0x9
 647 0373 5F       		.byte	0x5f
 648 0374 1B010000 		.4byte	0x11b
 649 0378 08       		.byte	0x8
 650 0379 07       		.uleb128 0x7
 651 037a 51030000 		.4byte	.LASF56
 652 037e 09       		.byte	0x9
 653 037f 60       		.byte	0x60
 654 0380 22030000 		.4byte	0x322
 655 0384 0C       		.byte	0xc
 656 0385 07       		.uleb128 0x7
 657 0386 41050000 		.4byte	.LASF57
 658 038a 09       		.byte	0x9
 659 038b 62       		.byte	0x62
 660 038c 8F020000 		.4byte	0x28f
 661 0390 10       		.byte	0x10
 662 0391 00       		.byte	0
 663 0392 0A       		.uleb128 0xa
 664 0393 04       		.byte	0x4
 665 0394 3E030000 		.4byte	0x33e
 666 0398 09       		.uleb128 0x9
 667 0399 10       		.byte	0x10
 668 039a 09       		.byte	0x9
 669 039b 6C       		.byte	0x6c
 670 039c D1030000 		.4byte	0x3d1
 671 03a0 07       		.uleb128 0x7
 672 03a1 76020000 		.4byte	.LASF53
 673 03a5 09       		.byte	0x9
 674 03a6 6D       		.byte	0x6d
 675 03a7 92030000 		.4byte	0x392
 676 03ab 00       		.byte	0
 677 03ac 07       		.uleb128 0x7
 678 03ad 5B020000 		.4byte	.LASF54
 679 03b1 09       		.byte	0x9
 680 03b2 6F       		.byte	0x6f
 681 03b3 92030000 		.4byte	0x392
 682 03b7 04       		.byte	0x4
 683 03b8 07       		.uleb128 0x7
 684 03b9 49030000 		.4byte	.LASF55
ARM GAS  /var/folders/3j/4xdnk5197cv_b7cw3n33qk7r0000gn/T//cc4jYPLs.s 			page 13


 685 03bd 09       		.byte	0x9
 686 03be 71       		.byte	0x71
 687 03bf 1B010000 		.4byte	0x11b
 688 03c3 08       		.byte	0x8
 689 03c4 07       		.uleb128 0x7
 690 03c5 80050000 		.4byte	.LASF58
 691 03c9 09       		.byte	0x9
 692 03ca 72       		.byte	0x72
 693 03cb 26010000 		.4byte	0x126
 694 03cf 0C       		.byte	0xc
 695 03d0 00       		.byte	0
 696 03d1 03       		.uleb128 0x3
 697 03d2 96050000 		.4byte	.LASF59
 698 03d6 09       		.byte	0x9
 699 03d7 73       		.byte	0x73
 700 03d8 98030000 		.4byte	0x398
 701 03dc 0E       		.uleb128 0xe
 702 03dd 7E000000 		.4byte	.LASF67
 703 03e1 09       		.byte	0x9
 704 03e2 D1       		.byte	0xd1
 705 03e3 D1030000 		.4byte	0x3d1
 706 03e7 09       		.uleb128 0x9
 707 03e8 1C       		.byte	0x1c
 708 03e9 0A       		.byte	0xa
 709 03ea 57       		.byte	0x57
 710 03eb 38040000 		.4byte	0x438
 711 03ef 07       		.uleb128 0x7
 712 03f0 CE040000 		.4byte	.LASF60
 713 03f4 0A       		.byte	0xa
 714 03f5 58       		.byte	0x58
 715 03f6 4E020000 		.4byte	0x24e
 716 03fa 00       		.byte	0
 717 03fb 07       		.uleb128 0x7
 718 03fc 2B040000 		.4byte	.LASF61
 719 0400 0A       		.byte	0xa
 720 0401 59       		.byte	0x59
 721 0402 FA000000 		.4byte	0xfa
 722 0406 08       		.byte	0x8
 723 0407 07       		.uleb128 0x7
 724 0408 79030000 		.4byte	.LASF62
 725 040c 0A       		.byte	0xa
 726 040d 5B       		.byte	0x5b
 727 040e 03030000 		.4byte	0x303
 728 0412 0C       		.byte	0xc
 729 0413 07       		.uleb128 0x7
 730 0414 F0020000 		.4byte	.LASF63
 731 0418 0A       		.byte	0xa
 732 0419 5E       		.byte	0x5e
 733 041a 48020000 		.4byte	0x248
 734 041e 10       		.byte	0x10
 735 041f 07       		.uleb128 0x7
 736 0420 9E030000 		.4byte	.LASF64
 737 0424 0A       		.byte	0xa
 738 0425 5F       		.byte	0x5f
 739 0426 48020000 		.4byte	0x248
 740 042a 14       		.byte	0x14
 741 042b 07       		.uleb128 0x7
ARM GAS  /var/folders/3j/4xdnk5197cv_b7cw3n33qk7r0000gn/T//cc4jYPLs.s 			page 14


 742 042c 94030000 		.4byte	.LASF65
 743 0430 0A       		.byte	0xa
 744 0431 62       		.byte	0x62
 745 0432 48020000 		.4byte	0x248
 746 0436 18       		.byte	0x18
 747 0437 00       		.byte	0
 748 0438 03       		.uleb128 0x3
 749 0439 5A050000 		.4byte	.LASF66
 750 043d 0A       		.byte	0xa
 751 043e 64       		.byte	0x64
 752 043f E7030000 		.4byte	0x3e7
 753 0443 0E       		.uleb128 0xe
 754 0444 64050000 		.4byte	.LASF68
 755 0448 0A       		.byte	0xa
 756 0449 68       		.byte	0x68
 757 044a 38040000 		.4byte	0x438
 758 044e 06       		.uleb128 0x6
 759 044f 18030000 		.4byte	.LASF69
 760 0453 10       		.byte	0x10
 761 0454 0B       		.byte	0xb
 762 0455 25       		.byte	0x25
 763 0456 7F040000 		.4byte	0x47f
 764 045a 07       		.uleb128 0x7
 765 045b 23010000 		.4byte	.LASF70
 766 045f 0B       		.byte	0xb
 767 0460 26       		.byte	0x26
 768 0461 4E020000 		.4byte	0x24e
 769 0465 00       		.byte	0
 770 0466 07       		.uleb128 0x7
 771 0467 9D050000 		.4byte	.LASF71
 772 046b 0B       		.byte	0xb
 773 046c 28       		.byte	0x28
 774 046d 48020000 		.4byte	0x248
 775 0471 08       		.byte	0x8
 776 0472 07       		.uleb128 0x7
 777 0473 02050000 		.4byte	.LASF72
 778 0477 0B       		.byte	0xb
 779 0478 2A       		.byte	0x2a
 780 0479 7F040000 		.4byte	0x47f
 781 047d 0C       		.byte	0xc
 782 047e 00       		.byte	0
 783 047f 0A       		.uleb128 0xa
 784 0480 04       		.byte	0x4
 785 0481 4E040000 		.4byte	0x44e
 786 0485 03       		.uleb128 0x3
 787 0486 18030000 		.4byte	.LASF69
 788 048a 0B       		.byte	0xb
 789 048b 2C       		.byte	0x2c
 790 048c 4E040000 		.4byte	0x44e
 791 0490 03       		.uleb128 0x3
 792 0491 85000000 		.4byte	.LASF73
 793 0495 0C       		.byte	0xc
 794 0496 25       		.byte	0x25
 795 0497 9B040000 		.4byte	0x49b
 796 049b 0A       		.uleb128 0xa
 797 049c 04       		.byte	0x4
 798 049d A1040000 		.4byte	0x4a1
ARM GAS  /var/folders/3j/4xdnk5197cv_b7cw3n33qk7r0000gn/T//cc4jYPLs.s 			page 15


 799 04a1 0F       		.uleb128 0xf
 800 04a2 8F020000 		.4byte	0x28f
 801 04a6 B0040000 		.4byte	0x4b0
 802 04aa 0D       		.uleb128 0xd
 803 04ab 2C000000 		.4byte	0x2c
 804 04af 00       		.byte	0
 805 04b0 03       		.uleb128 0x3
 806 04b1 A6030000 		.4byte	.LASF74
 807 04b5 0D       		.byte	0xd
 808 04b6 2D       		.byte	0x2d
 809 04b7 BB040000 		.4byte	0x4bb
 810 04bb 06       		.uleb128 0x6
 811 04bc B5050000 		.4byte	.LASF75
 812 04c0 1C       		.byte	0x1c
 813 04c1 0D       		.byte	0xd
 814 04c2 40       		.byte	0x40
 815 04c3 EC040000 		.4byte	0x4ec
 816 04c7 07       		.uleb128 0x7
 817 04c8 EE030000 		.4byte	.LASF76
 818 04cc 0D       		.byte	0xd
 819 04cd 41       		.byte	0x41
 820 04ce 90040000 		.4byte	0x490
 821 04d2 00       		.byte	0
 822 04d3 07       		.uleb128 0x7
 823 04d4 C0000000 		.4byte	.LASF77
 824 04d8 0D       		.byte	0xd
 825 04d9 43       		.byte	0x43
 826 04da 0B050000 		.4byte	0x50b
 827 04de 04       		.byte	0x4
 828 04df 07       		.uleb128 0x7
 829 04e0 00010000 		.4byte	.LASF78
 830 04e4 0D       		.byte	0xd
 831 04e5 45       		.byte	0x45
 832 04e6 85040000 		.4byte	0x485
 833 04ea 0C       		.byte	0xc
 834 04eb 00       		.byte	0
 835 04ec 10       		.uleb128 0x10
 836 04ed 04       		.byte	0x4
 837 04ee 0D       		.byte	0xd
 838 04ef 35       		.byte	0x35
 839 04f0 0B050000 		.4byte	0x50b
 840 04f4 11       		.uleb128 0x11
 841 04f5 CD000000 		.4byte	.LASF79
 842 04f9 0D       		.byte	0xd
 843 04fa 36       		.byte	0x36
 844 04fb 2C050000 		.4byte	0x52c
 845 04ff 11       		.uleb128 0x11
 846 0500 E3040000 		.4byte	.LASF80
 847 0504 0D       		.byte	0xd
 848 0505 37       		.byte	0x37
 849 0506 32050000 		.4byte	0x532
 850 050a 00       		.byte	0
 851 050b 12       		.uleb128 0x12
 852 050c 32040000 		.4byte	.LASF122
 853 0510 08       		.byte	0x8
 854 0511 0D       		.byte	0xd
 855 0512 32       		.byte	0x32
ARM GAS  /var/folders/3j/4xdnk5197cv_b7cw3n33qk7r0000gn/T//cc4jYPLs.s 			page 16


 856 0513 2C050000 		.4byte	0x52c
 857 0517 11       		.uleb128 0x11
 858 0518 63020000 		.4byte	.LASF81
 859 051c 0D       		.byte	0xd
 860 051d 33       		.byte	0x33
 861 051e 79020000 		.4byte	0x279
 862 0522 13       		.uleb128 0x13
 863 0523 6800     		.ascii	"h\000"
 864 0525 0D       		.byte	0xd
 865 0526 3A       		.byte	0x3a
 866 0527 38050000 		.4byte	0x538
 867 052b 00       		.byte	0
 868 052c 0A       		.uleb128 0xa
 869 052d 04       		.byte	0x4
 870 052e 0B050000 		.4byte	0x50b
 871 0532 0A       		.uleb128 0xa
 872 0533 04       		.byte	0x4
 873 0534 B0040000 		.4byte	0x4b0
 874 0538 09       		.uleb128 0x9
 875 0539 08       		.byte	0x8
 876 053a 0D       		.byte	0xd
 877 053b 34       		.byte	0x34
 878 053c 57050000 		.4byte	0x557
 879 0540 08       		.uleb128 0x8
 880 0541 7500     		.ascii	"u\000"
 881 0543 0D       		.byte	0xd
 882 0544 38       		.byte	0x38
 883 0545 EC040000 		.4byte	0x4ec
 884 0549 00       		.byte	0
 885 054a 07       		.uleb128 0x7
 886 054b C5020000 		.4byte	.LASF82
 887 054f 0D       		.byte	0xd
 888 0550 39       		.byte	0x39
 889 0551 2C000000 		.4byte	0x2c
 890 0555 04       		.byte	0x4
 891 0556 00       		.byte	0
 892 0557 10       		.uleb128 0x10
 893 0558 04       		.byte	0x4
 894 0559 07       		.byte	0x7
 895 055a 8F       		.byte	0x8f
 896 055b 8C050000 		.4byte	0x58c
 897 055f 11       		.uleb128 0x11
 898 0560 6D000000 		.4byte	.LASF83
 899 0564 07       		.byte	0x7
 900 0565 96       		.byte	0x96
 901 0566 05010000 		.4byte	0x105
 902 056a 11       		.uleb128 0x11
 903 056b B7000000 		.4byte	.LASF84
 904 056f 07       		.byte	0x7
 905 0570 9D       		.byte	0x9d
 906 0571 05010000 		.4byte	0x105
 907 0575 11       		.uleb128 0x11
 908 0576 72050000 		.4byte	.LASF85
 909 057a 07       		.byte	0x7
 910 057b A4       		.byte	0xa4
 911 057c 8F020000 		.4byte	0x28f
 912 0580 11       		.uleb128 0x11
ARM GAS  /var/folders/3j/4xdnk5197cv_b7cw3n33qk7r0000gn/T//cc4jYPLs.s 			page 17


 913 0581 5C040000 		.4byte	.LASF86
 914 0585 07       		.byte	0x7
 915 0586 AB       		.byte	0xab
 916 0587 10010000 		.4byte	0x110
 917 058b 00       		.byte	0
 918 058c 0A       		.uleb128 0xa
 919 058d 04       		.byte	0x4
 920 058e 99050000 		.4byte	0x599
 921 0592 04       		.uleb128 0x4
 922 0593 01       		.byte	0x1
 923 0594 08       		.byte	0x8
 924 0595 F2040000 		.4byte	.LASF87
 925 0599 14       		.uleb128 0x14
 926 059a 92050000 		.4byte	0x592
 927 059e 0A       		.uleb128 0xa
 928 059f 04       		.byte	0x4
 929 05a0 85040000 		.4byte	0x485
 930 05a4 03       		.uleb128 0x3
 931 05a5 53000000 		.4byte	.LASF88
 932 05a9 07       		.byte	0x7
 933 05aa DE       		.byte	0xde
 934 05ab AF050000 		.4byte	0x5af
 935 05af 0A       		.uleb128 0xa
 936 05b0 04       		.byte	0x4
 937 05b1 B5050000 		.4byte	0x5b5
 938 05b5 0F       		.uleb128 0xf
 939 05b6 05010000 		.4byte	0x105
 940 05ba C4050000 		.4byte	0x5c4
 941 05be 0D       		.uleb128 0xd
 942 05bf 8F020000 		.4byte	0x28f
 943 05c3 00       		.byte	0
 944 05c4 09       		.uleb128 0x9
 945 05c5 16       		.byte	0x16
 946 05c6 0E       		.byte	0xe
 947 05c7 25       		.byte	0x25
 948 05c8 A5060000 		.4byte	0x6a5
 949 05cc 07       		.uleb128 0x7
 950 05cd AF020000 		.4byte	.LASF89
 951 05d1 0E       		.byte	0xe
 952 05d2 26       		.byte	0x26
 953 05d3 A5060000 		.4byte	0x6a5
 954 05d7 00       		.byte	0
 955 05d8 07       		.uleb128 0x7
 956 05d9 35030000 		.4byte	.LASF90
 957 05dd 0E       		.byte	0xe
 958 05de 27       		.byte	0x27
 959 05df A2000000 		.4byte	0xa2
 960 05e3 04       		.byte	0x4
 961 05e4 07       		.uleb128 0x7
 962 05e5 8C030000 		.4byte	.LASF91
 963 05e9 0E       		.byte	0xe
 964 05ea 28       		.byte	0x28
 965 05eb A2000000 		.4byte	0xa2
 966 05ef 05       		.byte	0x5
 967 05f0 07       		.uleb128 0x7
 968 05f1 8B050000 		.4byte	.LASF92
 969 05f5 0E       		.byte	0xe
ARM GAS  /var/folders/3j/4xdnk5197cv_b7cw3n33qk7r0000gn/T//cc4jYPLs.s 			page 18


 970 05f6 29       		.byte	0x29
 971 05f7 AD000000 		.4byte	0xad
 972 05fb 06       		.byte	0x6
 973 05fc 07       		.uleb128 0x7
 974 05fd B9030000 		.4byte	.LASF93
 975 0601 0E       		.byte	0xe
 976 0602 2A       		.byte	0x2a
 977 0603 A2000000 		.4byte	0xa2
 978 0607 08       		.byte	0x8
 979 0608 07       		.uleb128 0x7
 980 0609 59030000 		.4byte	.LASF94
 981 060d 0E       		.byte	0xe
 982 060e 2B       		.byte	0x2b
 983 060f A2000000 		.4byte	0xa2
 984 0613 09       		.byte	0x9
 985 0614 07       		.uleb128 0x7
 986 0615 A9000000 		.4byte	.LASF95
 987 0619 0E       		.byte	0xe
 988 061a 2C       		.byte	0x2c
 989 061b A2000000 		.4byte	0xa2
 990 061f 0A       		.byte	0xa
 991 0620 07       		.uleb128 0x7
 992 0621 C2040000 		.4byte	.LASF96
 993 0625 0E       		.byte	0xe
 994 0626 2D       		.byte	0x2d
 995 0627 A2000000 		.4byte	0xa2
 996 062b 0B       		.byte	0xb
 997 062c 07       		.uleb128 0x7
 998 062d 48050000 		.4byte	.LASF97
 999 0631 0E       		.byte	0xe
 1000 0632 2E       		.byte	0x2e
 1001 0633 A2000000 		.4byte	0xa2
 1002 0637 0C       		.byte	0xc
 1003 0638 07       		.uleb128 0x7
 1004 0639 A1040000 		.4byte	.LASF98
 1005 063d 0E       		.byte	0xe
 1006 063e 2F       		.byte	0x2f
 1007 063f A2000000 		.4byte	0xa2
 1008 0643 0D       		.byte	0xd
 1009 0644 07       		.uleb128 0x7
 1010 0645 7E020000 		.4byte	.LASF99
 1011 0649 0E       		.byte	0xe
 1012 064a 30       		.byte	0x30
 1013 064b A2000000 		.4byte	0xa2
 1014 064f 0E       		.byte	0xe
 1015 0650 07       		.uleb128 0x7
 1016 0651 65030000 		.4byte	.LASF100
 1017 0655 0E       		.byte	0xe
 1018 0656 31       		.byte	0x31
 1019 0657 A2000000 		.4byte	0xa2
 1020 065b 0F       		.byte	0xf
 1021 065c 07       		.uleb128 0x7
 1022 065d 06010000 		.4byte	.LASF101
 1023 0661 0E       		.byte	0xe
 1024 0662 32       		.byte	0x32
 1025 0663 A2000000 		.4byte	0xa2
 1026 0667 10       		.byte	0x10
ARM GAS  /var/folders/3j/4xdnk5197cv_b7cw3n33qk7r0000gn/T//cc4jYPLs.s 			page 19


 1027 0668 07       		.uleb128 0x7
 1028 0669 D9000000 		.4byte	.LASF102
 1029 066d 0E       		.byte	0xe
 1030 066e 34       		.byte	0x34
 1031 066f A2000000 		.4byte	0xa2
 1032 0673 11       		.byte	0x11
 1033 0674 07       		.uleb128 0x7
 1034 0675 16010000 		.4byte	.LASF103
 1035 0679 0E       		.byte	0xe
 1036 067a 35       		.byte	0x35
 1037 067b A2000000 		.4byte	0xa2
 1038 067f 12       		.byte	0x12
 1039 0680 07       		.uleb128 0x7
 1040 0681 3D030000 		.4byte	.LASF104
 1041 0685 0E       		.byte	0xe
 1042 0686 36       		.byte	0x36
 1043 0687 A2000000 		.4byte	0xa2
 1044 068b 13       		.byte	0x13
 1045 068c 07       		.uleb128 0x7
 1046 068d 6A040000 		.4byte	.LASF105
 1047 0691 0E       		.byte	0xe
 1048 0692 37       		.byte	0x37
 1049 0693 A2000000 		.4byte	0xa2
 1050 0697 14       		.byte	0x14
 1051 0698 07       		.uleb128 0x7
 1052 0699 1F040000 		.4byte	.LASF106
 1053 069d 0E       		.byte	0xe
 1054 069e 39       		.byte	0x39
 1055 069f A2000000 		.4byte	0xa2
 1056 06a3 15       		.byte	0x15
 1057 06a4 00       		.byte	0
 1058 06a5 15       		.uleb128 0x15
 1059 06a6 92050000 		.4byte	0x592
 1060 06aa B5060000 		.4byte	0x6b5
 1061 06ae 16       		.uleb128 0x16
 1062 06af 37000000 		.4byte	0x37
 1063 06b3 03       		.byte	0x3
 1064 06b4 00       		.byte	0
 1065 06b5 03       		.uleb128 0x3
 1066 06b6 25020000 		.4byte	.LASF107
 1067 06ba 0E       		.byte	0xe
 1068 06bb 3A       		.byte	0x3a
 1069 06bc C4050000 		.4byte	0x5c4
 1070 06c0 14       		.uleb128 0x14
 1071 06c1 B5060000 		.4byte	0x6b5
 1072 06c5 0E       		.uleb128 0xe
 1073 06c6 9D020000 		.4byte	.LASF108
 1074 06ca 0E       		.byte	0xe
 1075 06cb 77       		.byte	0x77
 1076 06cc C0060000 		.4byte	0x6c0
 1077 06d0 15       		.uleb128 0x15
 1078 06d1 79020000 		.4byte	0x279
 1079 06d5 E0060000 		.4byte	0x6e0
 1080 06d9 16       		.uleb128 0x16
 1081 06da 37000000 		.4byte	0x37
 1082 06de 26       		.byte	0x26
 1083 06df 00       		.byte	0
ARM GAS  /var/folders/3j/4xdnk5197cv_b7cw3n33qk7r0000gn/T//cc4jYPLs.s 			page 20


 1084 06e0 0E       		.uleb128 0xe
 1085 06e1 37020000 		.4byte	.LASF109
 1086 06e5 0F       		.byte	0xf
 1087 06e6 82       		.byte	0x82
 1088 06e7 D0060000 		.4byte	0x6d0
 1089 06eb 17       		.uleb128 0x17
 1090 06ec FF010000 		.4byte	.LASF113
 1091 06f0 01       		.byte	0x1
 1092 06f1 7B       		.byte	0x7b
 1093 06f2 48020000 		.4byte	0x248
 1094 06f6 00000000 		.4byte	.LFB9
 1095 06fa 60000000 		.4byte	.LFE9-.LFB9
 1096 06fe 01       		.uleb128 0x1
 1097 06ff 9C       		.byte	0x9c
 1098 0700 C9070000 		.4byte	0x7c9
 1099 0704 18       		.uleb128 0x18
 1100 0705 C7000000 		.4byte	.LASF110
 1101 0709 01       		.byte	0x1
 1102 070a 7B       		.byte	0x7b
 1103 070b 32050000 		.4byte	0x532
 1104 070f 00000000 		.4byte	.LLST2
 1105 0713 18       		.uleb128 0x18
 1106 0714 C5020000 		.4byte	.LASF82
 1107 0718 01       		.byte	0x1
 1108 0719 7B       		.byte	0x7b
 1109 071a 2C000000 		.4byte	0x2c
 1110 071e 21000000 		.4byte	.LLST3
 1111 0722 18       		.uleb128 0x18
 1112 0723 68000000 		.4byte	.LASF111
 1113 0727 01       		.byte	0x1
 1114 0728 7C       		.byte	0x7c
 1115 0729 FA000000 		.4byte	0xfa
 1116 072d 3F000000 		.4byte	.LLST4
 1117 0731 19       		.uleb128 0x19
 1118 0732 706600   		.ascii	"pf\000"
 1119 0735 01       		.byte	0x1
 1120 0736 7C       		.byte	0x7c
 1121 0737 A4050000 		.4byte	0x5a4
 1122 073b 5D000000 		.4byte	.LLST5
 1123 073f 1A       		.uleb128 0x1a
 1124 0740 61726700 		.ascii	"arg\000"
 1125 0744 01       		.byte	0x1
 1126 0745 7C       		.byte	0x7c
 1127 0746 8F020000 		.4byte	0x28f
 1128 074a 02       		.uleb128 0x2
 1129 074b 91       		.byte	0x91
 1130 074c 00       		.sleb128 0
 1131 074d 1B       		.uleb128 0x1b
 1132 074e 77737000 		.ascii	"wsp\000"
 1133 0752 01       		.byte	0x1
 1134 0753 7D       		.byte	0x7d
 1135 0754 8F020000 		.4byte	0x28f
 1136 0758 7B000000 		.4byte	.LLST6
 1137 075c 1B       		.uleb128 0x1b
 1138 075d 747000   		.ascii	"tp\000"
 1139 0760 01       		.byte	0x1
 1140 0761 7E       		.byte	0x7e
ARM GAS  /var/folders/3j/4xdnk5197cv_b7cw3n33qk7r0000gn/T//cc4jYPLs.s 			page 21


 1141 0762 48020000 		.4byte	0x248
 1142 0766 99000000 		.4byte	.LLST7
 1143 076a 1C       		.uleb128 0x1c
 1144 076b 18000000 		.4byte	.LVL7
 1145 076f 33080000 		.4byte	0x833
 1146 0773 85070000 		.4byte	0x785
 1147 0777 1D       		.uleb128 0x1d
 1148 0778 01       		.uleb128 0x1
 1149 0779 50       		.byte	0x50
 1150 077a 03       		.uleb128 0x3
 1151 077b F3       		.byte	0xf3
 1152 077c 01       		.uleb128 0x1
 1153 077d 50       		.byte	0x50
 1154 077e 1D       		.uleb128 0x1d
 1155 077f 01       		.uleb128 0x1
 1156 0780 51       		.byte	0x51
 1157 0781 02       		.uleb128 0x2
 1158 0782 75       		.byte	0x75
 1159 0783 00       		.sleb128 0
 1160 0784 00       		.byte	0
 1161 0785 1C       		.uleb128 0x1c
 1162 0786 3C000000 		.4byte	.LVL8
 1163 078a 3E080000 		.4byte	0x83e
 1164 078e B3070000 		.4byte	0x7b3
 1165 0792 1D       		.uleb128 0x1d
 1166 0793 01       		.uleb128 0x1
 1167 0794 50       		.byte	0x50
 1168 0795 02       		.uleb128 0x2
 1169 0796 74       		.byte	0x74
 1170 0797 00       		.sleb128 0
 1171 0798 1D       		.uleb128 0x1d
 1172 0799 01       		.uleb128 0x1
 1173 079a 51       		.byte	0x51
 1174 079b 02       		.uleb128 0x2
 1175 079c 75       		.byte	0x75
 1176 079d 00       		.sleb128 0
 1177 079e 1D       		.uleb128 0x1d
 1178 079f 01       		.uleb128 0x1
 1179 07a0 52       		.byte	0x52
 1180 07a1 02       		.uleb128 0x2
 1181 07a2 76       		.byte	0x76
 1182 07a3 00       		.sleb128 0
 1183 07a4 1D       		.uleb128 0x1d
 1184 07a5 01       		.uleb128 0x1
 1185 07a6 53       		.byte	0x53
 1186 07a7 02       		.uleb128 0x2
 1187 07a8 77       		.byte	0x77
 1188 07a9 00       		.sleb128 0
 1189 07aa 1D       		.uleb128 0x1d
 1190 07ab 02       		.uleb128 0x2
 1191 07ac 7D       		.byte	0x7d
 1192 07ad 00       		.sleb128 0
 1193 07ae 03       		.uleb128 0x3
 1194 07af 91       		.byte	0x91
 1195 07b0 78       		.sleb128 -8
 1196 07b1 06       		.byte	0x6
 1197 07b2 00       		.byte	0
ARM GAS  /var/folders/3j/4xdnk5197cv_b7cw3n33qk7r0000gn/T//cc4jYPLs.s 			page 22


 1198 07b3 1E       		.uleb128 0x1e
 1199 07b4 50000000 		.4byte	.LVL10
 1200 07b8 4A080000 		.4byte	0x84a
 1201 07bc 1D       		.uleb128 0x1d
 1202 07bd 01       		.uleb128 0x1
 1203 07be 50       		.byte	0x50
 1204 07bf 02       		.uleb128 0x2
 1205 07c0 74       		.byte	0x74
 1206 07c1 00       		.sleb128 0
 1207 07c2 1D       		.uleb128 0x1d
 1208 07c3 01       		.uleb128 0x1
 1209 07c4 51       		.byte	0x51
 1210 07c5 01       		.uleb128 0x1
 1211 07c6 30       		.byte	0x30
 1212 07c7 00       		.byte	0
 1213 07c8 00       		.byte	0
 1214 07c9 1F       		.uleb128 0x1f
 1215 07ca 81040000 		.4byte	.LASF123
 1216 07ce 01       		.byte	0x1
 1217 07cf 43       		.byte	0x43
 1218 07d0 00000000 		.4byte	.LFB8
 1219 07d4 54000000 		.4byte	.LFE8-.LFB8
 1220 07d8 01       		.uleb128 0x1
 1221 07d9 9C       		.byte	0x9c
 1222 07da 0D080000 		.4byte	0x80d
 1223 07de 19       		.uleb128 0x19
 1224 07df 747000   		.ascii	"tp\000"
 1225 07e2 01       		.byte	0x1
 1226 07e3 43       		.byte	0x43
 1227 07e4 48020000 		.4byte	0x248
 1228 07e8 B7000000 		.4byte	.LLST0
 1229 07ec 20       		.uleb128 0x20
 1230 07ed C4030000 		.4byte	.LASF112
 1231 07f1 01       		.byte	0x1
 1232 07f2 44       		.byte	0x44
 1233 07f3 E4000000 		.4byte	0xe4
 1234 07f7 D8000000 		.4byte	.LLST1
 1235 07fb 21       		.uleb128 0x21
 1236 07fc 54000000 		.4byte	.LVL5
 1237 0800 55080000 		.4byte	0x855
 1238 0804 1D       		.uleb128 0x1d
 1239 0805 01       		.uleb128 0x1
 1240 0806 50       		.byte	0x50
 1241 0807 03       		.uleb128 0x3
 1242 0808 F3       		.byte	0xf3
 1243 0809 01       		.uleb128 0x1
 1244 080a 50       		.byte	0x50
 1245 080b 00       		.byte	0
 1246 080c 00       		.byte	0
 1247 080d 17       		.uleb128 0x17
 1248 080e 1E030000 		.4byte	.LASF114
 1249 0812 01       		.byte	0x1
 1250 0813 2D       		.byte	0x2d
 1251 0814 48020000 		.4byte	0x248
 1252 0818 00000000 		.4byte	.LFB7
 1253 081c 18000000 		.4byte	.LFE7-.LFB7
 1254 0820 01       		.uleb128 0x1
ARM GAS  /var/folders/3j/4xdnk5197cv_b7cw3n33qk7r0000gn/T//cc4jYPLs.s 			page 23


 1255 0821 9C       		.byte	0x9c
 1256 0822 33080000 		.4byte	0x833
 1257 0826 1A       		.uleb128 0x1a
 1258 0827 747000   		.ascii	"tp\000"
 1259 082a 01       		.byte	0x1
 1260 082b 2D       		.byte	0x2d
 1261 082c 48020000 		.4byte	0x248
 1262 0830 01       		.uleb128 0x1
 1263 0831 50       		.byte	0x50
 1264 0832 00       		.byte	0
 1265 0833 22       		.uleb128 0x22
 1266 0834 95040000 		.4byte	.LASF115
 1267 0838 95040000 		.4byte	.LASF115
 1268 083c 0D       		.byte	0xd
 1269 083d 52       		.byte	0x52
 1270 083e 23       		.uleb128 0x23
 1271 083f E9010000 		.4byte	.LASF116
 1272 0843 E9010000 		.4byte	.LASF116
 1273 0847 07       		.byte	0x7
 1274 0848 6201     		.2byte	0x162
 1275 084a 22       		.uleb128 0x22
 1276 084b DD020000 		.4byte	.LASF117
 1277 084f DD020000 		.4byte	.LASF117
 1278 0853 0A       		.byte	0xa
 1279 0854 92       		.byte	0x92
 1280 0855 22       		.uleb128 0x22
 1281 0856 2B010000 		.4byte	.LASF118
 1282 085a 2B010000 		.4byte	.LASF118
 1283 085e 0D       		.byte	0xd
 1284 085f 53       		.byte	0x53
 1285 0860 00       		.byte	0
 1286              		.section	.debug_abbrev,"",%progbits
 1287              	.Ldebug_abbrev0:
 1288 0000 01       		.uleb128 0x1
 1289 0001 11       		.uleb128 0x11
 1290 0002 01       		.byte	0x1
 1291 0003 25       		.uleb128 0x25
 1292 0004 0E       		.uleb128 0xe
 1293 0005 13       		.uleb128 0x13
 1294 0006 0B       		.uleb128 0xb
 1295 0007 03       		.uleb128 0x3
 1296 0008 0E       		.uleb128 0xe
 1297 0009 1B       		.uleb128 0x1b
 1298 000a 0E       		.uleb128 0xe
 1299 000b 55       		.uleb128 0x55
 1300 000c 17       		.uleb128 0x17
 1301 000d 11       		.uleb128 0x11
 1302 000e 01       		.uleb128 0x1
 1303 000f 10       		.uleb128 0x10
 1304 0010 17       		.uleb128 0x17
 1305 0011 00       		.byte	0
 1306 0012 00       		.byte	0
 1307 0013 02       		.uleb128 0x2
 1308 0014 24       		.uleb128 0x24
 1309 0015 00       		.byte	0
 1310 0016 0B       		.uleb128 0xb
 1311 0017 0B       		.uleb128 0xb
ARM GAS  /var/folders/3j/4xdnk5197cv_b7cw3n33qk7r0000gn/T//cc4jYPLs.s 			page 24


 1312 0018 3E       		.uleb128 0x3e
 1313 0019 0B       		.uleb128 0xb
 1314 001a 03       		.uleb128 0x3
 1315 001b 08       		.uleb128 0x8
 1316 001c 00       		.byte	0
 1317 001d 00       		.byte	0
 1318 001e 03       		.uleb128 0x3
 1319 001f 16       		.uleb128 0x16
 1320 0020 00       		.byte	0
 1321 0021 03       		.uleb128 0x3
 1322 0022 0E       		.uleb128 0xe
 1323 0023 3A       		.uleb128 0x3a
 1324 0024 0B       		.uleb128 0xb
 1325 0025 3B       		.uleb128 0x3b
 1326 0026 0B       		.uleb128 0xb
 1327 0027 49       		.uleb128 0x49
 1328 0028 13       		.uleb128 0x13
 1329 0029 00       		.byte	0
 1330 002a 00       		.byte	0
 1331 002b 04       		.uleb128 0x4
 1332 002c 24       		.uleb128 0x24
 1333 002d 00       		.byte	0
 1334 002e 0B       		.uleb128 0xb
 1335 002f 0B       		.uleb128 0xb
 1336 0030 3E       		.uleb128 0x3e
 1337 0031 0B       		.uleb128 0xb
 1338 0032 03       		.uleb128 0x3
 1339 0033 0E       		.uleb128 0xe
 1340 0034 00       		.byte	0
 1341 0035 00       		.byte	0
 1342 0036 05       		.uleb128 0x5
 1343 0037 35       		.uleb128 0x35
 1344 0038 00       		.byte	0
 1345 0039 49       		.uleb128 0x49
 1346 003a 13       		.uleb128 0x13
 1347 003b 00       		.byte	0
 1348 003c 00       		.byte	0
 1349 003d 06       		.uleb128 0x6
 1350 003e 13       		.uleb128 0x13
 1351 003f 01       		.byte	0x1
 1352 0040 03       		.uleb128 0x3
 1353 0041 0E       		.uleb128 0xe
 1354 0042 0B       		.uleb128 0xb
 1355 0043 0B       		.uleb128 0xb
 1356 0044 3A       		.uleb128 0x3a
 1357 0045 0B       		.uleb128 0xb
 1358 0046 3B       		.uleb128 0x3b
 1359 0047 0B       		.uleb128 0xb
 1360 0048 01       		.uleb128 0x1
 1361 0049 13       		.uleb128 0x13
 1362 004a 00       		.byte	0
 1363 004b 00       		.byte	0
 1364 004c 07       		.uleb128 0x7
 1365 004d 0D       		.uleb128 0xd
 1366 004e 00       		.byte	0
 1367 004f 03       		.uleb128 0x3
 1368 0050 0E       		.uleb128 0xe
ARM GAS  /var/folders/3j/4xdnk5197cv_b7cw3n33qk7r0000gn/T//cc4jYPLs.s 			page 25


 1369 0051 3A       		.uleb128 0x3a
 1370 0052 0B       		.uleb128 0xb
 1371 0053 3B       		.uleb128 0x3b
 1372 0054 0B       		.uleb128 0xb
 1373 0055 49       		.uleb128 0x49
 1374 0056 13       		.uleb128 0x13
 1375 0057 38       		.uleb128 0x38
 1376 0058 0B       		.uleb128 0xb
 1377 0059 00       		.byte	0
 1378 005a 00       		.byte	0
 1379 005b 08       		.uleb128 0x8
 1380 005c 0D       		.uleb128 0xd
 1381 005d 00       		.byte	0
 1382 005e 03       		.uleb128 0x3
 1383 005f 08       		.uleb128 0x8
 1384 0060 3A       		.uleb128 0x3a
 1385 0061 0B       		.uleb128 0xb
 1386 0062 3B       		.uleb128 0x3b
 1387 0063 0B       		.uleb128 0xb
 1388 0064 49       		.uleb128 0x49
 1389 0065 13       		.uleb128 0x13
 1390 0066 38       		.uleb128 0x38
 1391 0067 0B       		.uleb128 0xb
 1392 0068 00       		.byte	0
 1393 0069 00       		.byte	0
 1394 006a 09       		.uleb128 0x9
 1395 006b 13       		.uleb128 0x13
 1396 006c 01       		.byte	0x1
 1397 006d 0B       		.uleb128 0xb
 1398 006e 0B       		.uleb128 0xb
 1399 006f 3A       		.uleb128 0x3a
 1400 0070 0B       		.uleb128 0xb
 1401 0071 3B       		.uleb128 0x3b
 1402 0072 0B       		.uleb128 0xb
 1403 0073 01       		.uleb128 0x1
 1404 0074 13       		.uleb128 0x13
 1405 0075 00       		.byte	0
 1406 0076 00       		.byte	0
 1407 0077 0A       		.uleb128 0xa
 1408 0078 0F       		.uleb128 0xf
 1409 0079 00       		.byte	0
 1410 007a 0B       		.uleb128 0xb
 1411 007b 0B       		.uleb128 0xb
 1412 007c 49       		.uleb128 0x49
 1413 007d 13       		.uleb128 0x13
 1414 007e 00       		.byte	0
 1415 007f 00       		.byte	0
 1416 0080 0B       		.uleb128 0xb
 1417 0081 0F       		.uleb128 0xf
 1418 0082 00       		.byte	0
 1419 0083 0B       		.uleb128 0xb
 1420 0084 0B       		.uleb128 0xb
 1421 0085 00       		.byte	0
 1422 0086 00       		.byte	0
 1423 0087 0C       		.uleb128 0xc
 1424 0088 15       		.uleb128 0x15
 1425 0089 01       		.byte	0x1
ARM GAS  /var/folders/3j/4xdnk5197cv_b7cw3n33qk7r0000gn/T//cc4jYPLs.s 			page 26


 1426 008a 27       		.uleb128 0x27
 1427 008b 19       		.uleb128 0x19
 1428 008c 01       		.uleb128 0x1
 1429 008d 13       		.uleb128 0x13
 1430 008e 00       		.byte	0
 1431 008f 00       		.byte	0
 1432 0090 0D       		.uleb128 0xd
 1433 0091 05       		.uleb128 0x5
 1434 0092 00       		.byte	0
 1435 0093 49       		.uleb128 0x49
 1436 0094 13       		.uleb128 0x13
 1437 0095 00       		.byte	0
 1438 0096 00       		.byte	0
 1439 0097 0E       		.uleb128 0xe
 1440 0098 34       		.uleb128 0x34
 1441 0099 00       		.byte	0
 1442 009a 03       		.uleb128 0x3
 1443 009b 0E       		.uleb128 0xe
 1444 009c 3A       		.uleb128 0x3a
 1445 009d 0B       		.uleb128 0xb
 1446 009e 3B       		.uleb128 0x3b
 1447 009f 0B       		.uleb128 0xb
 1448 00a0 49       		.uleb128 0x49
 1449 00a1 13       		.uleb128 0x13
 1450 00a2 3F       		.uleb128 0x3f
 1451 00a3 19       		.uleb128 0x19
 1452 00a4 3C       		.uleb128 0x3c
 1453 00a5 19       		.uleb128 0x19
 1454 00a6 00       		.byte	0
 1455 00a7 00       		.byte	0
 1456 00a8 0F       		.uleb128 0xf
 1457 00a9 15       		.uleb128 0x15
 1458 00aa 01       		.byte	0x1
 1459 00ab 27       		.uleb128 0x27
 1460 00ac 19       		.uleb128 0x19
 1461 00ad 49       		.uleb128 0x49
 1462 00ae 13       		.uleb128 0x13
 1463 00af 01       		.uleb128 0x1
 1464 00b0 13       		.uleb128 0x13
 1465 00b1 00       		.byte	0
 1466 00b2 00       		.byte	0
 1467 00b3 10       		.uleb128 0x10
 1468 00b4 17       		.uleb128 0x17
 1469 00b5 01       		.byte	0x1
 1470 00b6 0B       		.uleb128 0xb
 1471 00b7 0B       		.uleb128 0xb
 1472 00b8 3A       		.uleb128 0x3a
 1473 00b9 0B       		.uleb128 0xb
 1474 00ba 3B       		.uleb128 0x3b
 1475 00bb 0B       		.uleb128 0xb
 1476 00bc 01       		.uleb128 0x1
 1477 00bd 13       		.uleb128 0x13
 1478 00be 00       		.byte	0
 1479 00bf 00       		.byte	0
 1480 00c0 11       		.uleb128 0x11
 1481 00c1 0D       		.uleb128 0xd
 1482 00c2 00       		.byte	0
ARM GAS  /var/folders/3j/4xdnk5197cv_b7cw3n33qk7r0000gn/T//cc4jYPLs.s 			page 27


 1483 00c3 03       		.uleb128 0x3
 1484 00c4 0E       		.uleb128 0xe
 1485 00c5 3A       		.uleb128 0x3a
 1486 00c6 0B       		.uleb128 0xb
 1487 00c7 3B       		.uleb128 0x3b
 1488 00c8 0B       		.uleb128 0xb
 1489 00c9 49       		.uleb128 0x49
 1490 00ca 13       		.uleb128 0x13
 1491 00cb 00       		.byte	0
 1492 00cc 00       		.byte	0
 1493 00cd 12       		.uleb128 0x12
 1494 00ce 17       		.uleb128 0x17
 1495 00cf 01       		.byte	0x1
 1496 00d0 03       		.uleb128 0x3
 1497 00d1 0E       		.uleb128 0xe
 1498 00d2 0B       		.uleb128 0xb
 1499 00d3 0B       		.uleb128 0xb
 1500 00d4 3A       		.uleb128 0x3a
 1501 00d5 0B       		.uleb128 0xb
 1502 00d6 3B       		.uleb128 0x3b
 1503 00d7 0B       		.uleb128 0xb
 1504 00d8 01       		.uleb128 0x1
 1505 00d9 13       		.uleb128 0x13
 1506 00da 00       		.byte	0
 1507 00db 00       		.byte	0
 1508 00dc 13       		.uleb128 0x13
 1509 00dd 0D       		.uleb128 0xd
 1510 00de 00       		.byte	0
 1511 00df 03       		.uleb128 0x3
 1512 00e0 08       		.uleb128 0x8
 1513 00e1 3A       		.uleb128 0x3a
 1514 00e2 0B       		.uleb128 0xb
 1515 00e3 3B       		.uleb128 0x3b
 1516 00e4 0B       		.uleb128 0xb
 1517 00e5 49       		.uleb128 0x49
 1518 00e6 13       		.uleb128 0x13
 1519 00e7 00       		.byte	0
 1520 00e8 00       		.byte	0
 1521 00e9 14       		.uleb128 0x14
 1522 00ea 26       		.uleb128 0x26
 1523 00eb 00       		.byte	0
 1524 00ec 49       		.uleb128 0x49
 1525 00ed 13       		.uleb128 0x13
 1526 00ee 00       		.byte	0
 1527 00ef 00       		.byte	0
 1528 00f0 15       		.uleb128 0x15
 1529 00f1 01       		.uleb128 0x1
 1530 00f2 01       		.byte	0x1
 1531 00f3 49       		.uleb128 0x49
 1532 00f4 13       		.uleb128 0x13
 1533 00f5 01       		.uleb128 0x1
 1534 00f6 13       		.uleb128 0x13
 1535 00f7 00       		.byte	0
 1536 00f8 00       		.byte	0
 1537 00f9 16       		.uleb128 0x16
 1538 00fa 21       		.uleb128 0x21
 1539 00fb 00       		.byte	0
ARM GAS  /var/folders/3j/4xdnk5197cv_b7cw3n33qk7r0000gn/T//cc4jYPLs.s 			page 28


 1540 00fc 49       		.uleb128 0x49
 1541 00fd 13       		.uleb128 0x13
 1542 00fe 2F       		.uleb128 0x2f
 1543 00ff 0B       		.uleb128 0xb
 1544 0100 00       		.byte	0
 1545 0101 00       		.byte	0
 1546 0102 17       		.uleb128 0x17
 1547 0103 2E       		.uleb128 0x2e
 1548 0104 01       		.byte	0x1
 1549 0105 3F       		.uleb128 0x3f
 1550 0106 19       		.uleb128 0x19
 1551 0107 03       		.uleb128 0x3
 1552 0108 0E       		.uleb128 0xe
 1553 0109 3A       		.uleb128 0x3a
 1554 010a 0B       		.uleb128 0xb
 1555 010b 3B       		.uleb128 0x3b
 1556 010c 0B       		.uleb128 0xb
 1557 010d 27       		.uleb128 0x27
 1558 010e 19       		.uleb128 0x19
 1559 010f 49       		.uleb128 0x49
 1560 0110 13       		.uleb128 0x13
 1561 0111 11       		.uleb128 0x11
 1562 0112 01       		.uleb128 0x1
 1563 0113 12       		.uleb128 0x12
 1564 0114 06       		.uleb128 0x6
 1565 0115 40       		.uleb128 0x40
 1566 0116 18       		.uleb128 0x18
 1567 0117 9742     		.uleb128 0x2117
 1568 0119 19       		.uleb128 0x19
 1569 011a 01       		.uleb128 0x1
 1570 011b 13       		.uleb128 0x13
 1571 011c 00       		.byte	0
 1572 011d 00       		.byte	0
 1573 011e 18       		.uleb128 0x18
 1574 011f 05       		.uleb128 0x5
 1575 0120 00       		.byte	0
 1576 0121 03       		.uleb128 0x3
 1577 0122 0E       		.uleb128 0xe
 1578 0123 3A       		.uleb128 0x3a
 1579 0124 0B       		.uleb128 0xb
 1580 0125 3B       		.uleb128 0x3b
 1581 0126 0B       		.uleb128 0xb
 1582 0127 49       		.uleb128 0x49
 1583 0128 13       		.uleb128 0x13
 1584 0129 02       		.uleb128 0x2
 1585 012a 17       		.uleb128 0x17
 1586 012b 00       		.byte	0
 1587 012c 00       		.byte	0
 1588 012d 19       		.uleb128 0x19
 1589 012e 05       		.uleb128 0x5
 1590 012f 00       		.byte	0
 1591 0130 03       		.uleb128 0x3
 1592 0131 08       		.uleb128 0x8
 1593 0132 3A       		.uleb128 0x3a
 1594 0133 0B       		.uleb128 0xb
 1595 0134 3B       		.uleb128 0x3b
 1596 0135 0B       		.uleb128 0xb
ARM GAS  /var/folders/3j/4xdnk5197cv_b7cw3n33qk7r0000gn/T//cc4jYPLs.s 			page 29


 1597 0136 49       		.uleb128 0x49
 1598 0137 13       		.uleb128 0x13
 1599 0138 02       		.uleb128 0x2
 1600 0139 17       		.uleb128 0x17
 1601 013a 00       		.byte	0
 1602 013b 00       		.byte	0
 1603 013c 1A       		.uleb128 0x1a
 1604 013d 05       		.uleb128 0x5
 1605 013e 00       		.byte	0
 1606 013f 03       		.uleb128 0x3
 1607 0140 08       		.uleb128 0x8
 1608 0141 3A       		.uleb128 0x3a
 1609 0142 0B       		.uleb128 0xb
 1610 0143 3B       		.uleb128 0x3b
 1611 0144 0B       		.uleb128 0xb
 1612 0145 49       		.uleb128 0x49
 1613 0146 13       		.uleb128 0x13
 1614 0147 02       		.uleb128 0x2
 1615 0148 18       		.uleb128 0x18
 1616 0149 00       		.byte	0
 1617 014a 00       		.byte	0
 1618 014b 1B       		.uleb128 0x1b
 1619 014c 34       		.uleb128 0x34
 1620 014d 00       		.byte	0
 1621 014e 03       		.uleb128 0x3
 1622 014f 08       		.uleb128 0x8
 1623 0150 3A       		.uleb128 0x3a
 1624 0151 0B       		.uleb128 0xb
 1625 0152 3B       		.uleb128 0x3b
 1626 0153 0B       		.uleb128 0xb
 1627 0154 49       		.uleb128 0x49
 1628 0155 13       		.uleb128 0x13
 1629 0156 02       		.uleb128 0x2
 1630 0157 17       		.uleb128 0x17
 1631 0158 00       		.byte	0
 1632 0159 00       		.byte	0
 1633 015a 1C       		.uleb128 0x1c
 1634 015b 898201   		.uleb128 0x4109
 1635 015e 01       		.byte	0x1
 1636 015f 11       		.uleb128 0x11
 1637 0160 01       		.uleb128 0x1
 1638 0161 31       		.uleb128 0x31
 1639 0162 13       		.uleb128 0x13
 1640 0163 01       		.uleb128 0x1
 1641 0164 13       		.uleb128 0x13
 1642 0165 00       		.byte	0
 1643 0166 00       		.byte	0
 1644 0167 1D       		.uleb128 0x1d
 1645 0168 8A8201   		.uleb128 0x410a
 1646 016b 00       		.byte	0
 1647 016c 02       		.uleb128 0x2
 1648 016d 18       		.uleb128 0x18
 1649 016e 9142     		.uleb128 0x2111
 1650 0170 18       		.uleb128 0x18
 1651 0171 00       		.byte	0
 1652 0172 00       		.byte	0
 1653 0173 1E       		.uleb128 0x1e
ARM GAS  /var/folders/3j/4xdnk5197cv_b7cw3n33qk7r0000gn/T//cc4jYPLs.s 			page 30


 1654 0174 898201   		.uleb128 0x4109
 1655 0177 01       		.byte	0x1
 1656 0178 11       		.uleb128 0x11
 1657 0179 01       		.uleb128 0x1
 1658 017a 31       		.uleb128 0x31
 1659 017b 13       		.uleb128 0x13
 1660 017c 00       		.byte	0
 1661 017d 00       		.byte	0
 1662 017e 1F       		.uleb128 0x1f
 1663 017f 2E       		.uleb128 0x2e
 1664 0180 01       		.byte	0x1
 1665 0181 3F       		.uleb128 0x3f
 1666 0182 19       		.uleb128 0x19
 1667 0183 03       		.uleb128 0x3
 1668 0184 0E       		.uleb128 0xe
 1669 0185 3A       		.uleb128 0x3a
 1670 0186 0B       		.uleb128 0xb
 1671 0187 3B       		.uleb128 0x3b
 1672 0188 0B       		.uleb128 0xb
 1673 0189 27       		.uleb128 0x27
 1674 018a 19       		.uleb128 0x19
 1675 018b 11       		.uleb128 0x11
 1676 018c 01       		.uleb128 0x1
 1677 018d 12       		.uleb128 0x12
 1678 018e 06       		.uleb128 0x6
 1679 018f 40       		.uleb128 0x40
 1680 0190 18       		.uleb128 0x18
 1681 0191 9742     		.uleb128 0x2117
 1682 0193 19       		.uleb128 0x19
 1683 0194 01       		.uleb128 0x1
 1684 0195 13       		.uleb128 0x13
 1685 0196 00       		.byte	0
 1686 0197 00       		.byte	0
 1687 0198 20       		.uleb128 0x20
 1688 0199 34       		.uleb128 0x34
 1689 019a 00       		.byte	0
 1690 019b 03       		.uleb128 0x3
 1691 019c 0E       		.uleb128 0xe
 1692 019d 3A       		.uleb128 0x3a
 1693 019e 0B       		.uleb128 0xb
 1694 019f 3B       		.uleb128 0x3b
 1695 01a0 0B       		.uleb128 0xb
 1696 01a1 49       		.uleb128 0x49
 1697 01a2 13       		.uleb128 0x13
 1698 01a3 02       		.uleb128 0x2
 1699 01a4 17       		.uleb128 0x17
 1700 01a5 00       		.byte	0
 1701 01a6 00       		.byte	0
 1702 01a7 21       		.uleb128 0x21
 1703 01a8 898201   		.uleb128 0x4109
 1704 01ab 01       		.byte	0x1
 1705 01ac 11       		.uleb128 0x11
 1706 01ad 01       		.uleb128 0x1
 1707 01ae 9542     		.uleb128 0x2115
 1708 01b0 19       		.uleb128 0x19
 1709 01b1 31       		.uleb128 0x31
 1710 01b2 13       		.uleb128 0x13
ARM GAS  /var/folders/3j/4xdnk5197cv_b7cw3n33qk7r0000gn/T//cc4jYPLs.s 			page 31


 1711 01b3 00       		.byte	0
 1712 01b4 00       		.byte	0
 1713 01b5 22       		.uleb128 0x22
 1714 01b6 2E       		.uleb128 0x2e
 1715 01b7 00       		.byte	0
 1716 01b8 3F       		.uleb128 0x3f
 1717 01b9 19       		.uleb128 0x19
 1718 01ba 3C       		.uleb128 0x3c
 1719 01bb 19       		.uleb128 0x19
 1720 01bc 6E       		.uleb128 0x6e
 1721 01bd 0E       		.uleb128 0xe
 1722 01be 03       		.uleb128 0x3
 1723 01bf 0E       		.uleb128 0xe
 1724 01c0 3A       		.uleb128 0x3a
 1725 01c1 0B       		.uleb128 0xb
 1726 01c2 3B       		.uleb128 0x3b
 1727 01c3 0B       		.uleb128 0xb
 1728 01c4 00       		.byte	0
 1729 01c5 00       		.byte	0
 1730 01c6 23       		.uleb128 0x23
 1731 01c7 2E       		.uleb128 0x2e
 1732 01c8 00       		.byte	0
 1733 01c9 3F       		.uleb128 0x3f
 1734 01ca 19       		.uleb128 0x19
 1735 01cb 3C       		.uleb128 0x3c
 1736 01cc 19       		.uleb128 0x19
 1737 01cd 6E       		.uleb128 0x6e
 1738 01ce 0E       		.uleb128 0xe
 1739 01cf 03       		.uleb128 0x3
 1740 01d0 0E       		.uleb128 0xe
 1741 01d1 3A       		.uleb128 0x3a
 1742 01d2 0B       		.uleb128 0xb
 1743 01d3 3B       		.uleb128 0x3b
 1744 01d4 05       		.uleb128 0x5
 1745 01d5 00       		.byte	0
 1746 01d6 00       		.byte	0
 1747 01d7 00       		.byte	0
 1748              		.section	.debug_loc,"",%progbits
 1749              	.Ldebug_loc0:
 1750              	.LLST2:
 1751 0000 00000000 		.4byte	.LVL6
 1752 0004 17000000 		.4byte	.LVL7-1
 1753 0008 0100     		.2byte	0x1
 1754 000a 50       		.byte	0x50
 1755 000b 17000000 		.4byte	.LVL7-1
 1756 000f 60000000 		.4byte	.LFE9
 1757 0013 0400     		.2byte	0x4
 1758 0015 F3       		.byte	0xf3
 1759 0016 01       		.uleb128 0x1
 1760 0017 50       		.byte	0x50
 1761 0018 9F       		.byte	0x9f
 1762 0019 00000000 		.4byte	0
 1763 001d 00000000 		.4byte	0
 1764              	.LLST3:
 1765 0021 00000000 		.4byte	.LVL6
 1766 0025 17000000 		.4byte	.LVL7-1
 1767 0029 0100     		.2byte	0x1
ARM GAS  /var/folders/3j/4xdnk5197cv_b7cw3n33qk7r0000gn/T//cc4jYPLs.s 			page 32


 1768 002b 51       		.byte	0x51
 1769 002c 17000000 		.4byte	.LVL7-1
 1770 0030 60000000 		.4byte	.LFE9
 1771 0034 0100     		.2byte	0x1
 1772 0036 55       		.byte	0x55
 1773 0037 00000000 		.4byte	0
 1774 003b 00000000 		.4byte	0
 1775              	.LLST4:
 1776 003f 00000000 		.4byte	.LVL6
 1777 0043 17000000 		.4byte	.LVL7-1
 1778 0047 0100     		.2byte	0x1
 1779 0049 52       		.byte	0x52
 1780 004a 17000000 		.4byte	.LVL7-1
 1781 004e 60000000 		.4byte	.LFE9
 1782 0052 0100     		.2byte	0x1
 1783 0054 56       		.byte	0x56
 1784 0055 00000000 		.4byte	0
 1785 0059 00000000 		.4byte	0
 1786              	.LLST5:
 1787 005d 00000000 		.4byte	.LVL6
 1788 0061 17000000 		.4byte	.LVL7-1
 1789 0065 0100     		.2byte	0x1
 1790 0067 53       		.byte	0x53
 1791 0068 17000000 		.4byte	.LVL7-1
 1792 006c 60000000 		.4byte	.LFE9
 1793 0070 0100     		.2byte	0x1
 1794 0072 57       		.byte	0x57
 1795 0073 00000000 		.4byte	0
 1796 0077 00000000 		.4byte	0
 1797              	.LLST6:
 1798 007b 18000000 		.4byte	.LVL7
 1799 007f 3B000000 		.4byte	.LVL8-1
 1800 0083 0100     		.2byte	0x1
 1801 0085 50       		.byte	0x50
 1802 0086 3B000000 		.4byte	.LVL8-1
 1803 008a 4C000000 		.4byte	.LVL9
 1804 008e 0100     		.2byte	0x1
 1805 0090 54       		.byte	0x54
 1806 0091 00000000 		.4byte	0
 1807 0095 00000000 		.4byte	0
 1808              	.LLST7:
 1809 0099 4C000000 		.4byte	.LVL9
 1810 009d 4F000000 		.4byte	.LVL10-1
 1811 00a1 0100     		.2byte	0x1
 1812 00a3 50       		.byte	0x50
 1813 00a4 4F000000 		.4byte	.LVL10-1
 1814 00a8 54000000 		.4byte	.LVL11
 1815 00ac 0100     		.2byte	0x1
 1816 00ae 54       		.byte	0x54
 1817 00af 00000000 		.4byte	0
 1818 00b3 00000000 		.4byte	0
 1819              	.LLST0:
 1820 00b7 00000000 		.4byte	.LVL1
 1821 00bb 53000000 		.4byte	.LVL5-1
 1822 00bf 0100     		.2byte	0x1
 1823 00c1 50       		.byte	0x50
 1824 00c2 53000000 		.4byte	.LVL5-1
ARM GAS  /var/folders/3j/4xdnk5197cv_b7cw3n33qk7r0000gn/T//cc4jYPLs.s 			page 33


 1825 00c6 54000000 		.4byte	.LFE8
 1826 00ca 0400     		.2byte	0x4
 1827 00cc F3       		.byte	0xf3
 1828 00cd 01       		.uleb128 0x1
 1829 00ce 50       		.byte	0x50
 1830 00cf 9F       		.byte	0x9f
 1831 00d0 00000000 		.4byte	0
 1832 00d4 00000000 		.4byte	0
 1833              	.LLST1:
 1834 00d8 14000000 		.4byte	.LVL2
 1835 00dc 24000000 		.4byte	.LVL3
 1836 00e0 0100     		.2byte	0x1
 1837 00e2 53       		.byte	0x53
 1838 00e3 24000000 		.4byte	.LVL3
 1839 00e7 48000000 		.4byte	.LVL4
 1840 00eb 0200     		.2byte	0x2
 1841 00ed 70       		.byte	0x70
 1842 00ee 1E       		.sleb128 30
 1843 00ef 00000000 		.4byte	0
 1844 00f3 00000000 		.4byte	0
 1845              		.section	.debug_aranges,"",%progbits
 1846 0000 2C000000 		.4byte	0x2c
 1847 0004 0200     		.2byte	0x2
 1848 0006 00000000 		.4byte	.Ldebug_info0
 1849 000a 04       		.byte	0x4
 1850 000b 00       		.byte	0
 1851 000c 0000     		.2byte	0
 1852 000e 0000     		.2byte	0
 1853 0010 00000000 		.4byte	.LFB7
 1854 0014 18000000 		.4byte	.LFE7-.LFB7
 1855 0018 00000000 		.4byte	.LFB8
 1856 001c 54000000 		.4byte	.LFE8-.LFB8
 1857 0020 00000000 		.4byte	.LFB9
 1858 0024 60000000 		.4byte	.LFE9-.LFB9
 1859 0028 00000000 		.4byte	0
 1860 002c 00000000 		.4byte	0
 1861              		.section	.debug_ranges,"",%progbits
 1862              	.Ldebug_ranges0:
 1863 0000 00000000 		.4byte	.LFB7
 1864 0004 18000000 		.4byte	.LFE7
 1865 0008 00000000 		.4byte	.LFB8
 1866 000c 54000000 		.4byte	.LFE8
 1867 0010 00000000 		.4byte	.LFB9
 1868 0014 60000000 		.4byte	.LFE9
 1869 0018 00000000 		.4byte	0
 1870 001c 00000000 		.4byte	0
 1871              		.section	.debug_line,"",%progbits
 1872              	.Ldebug_line0:
 1873 0000 4D020000 		.section	.debug_str,"MS",%progbits,1
 1873      0200F801 
 1873      00000201 
 1873      FB0E0D00 
 1873      01010101 
 1874              	.LASF121:
 1875 0000 2F557365 		.ascii	"/Users/kevinmalmsten/development_raspberry_pi/Backu"
 1875      72732F6B 
 1875      6576696E 
ARM GAS  /var/folders/3j/4xdnk5197cv_b7cw3n33qk7r0000gn/T//cc4jYPLs.s 			page 34


 1875      6D616C6D 
 1875      7374656E 
 1876 0033 7053656E 		.ascii	"pSensor_ChibiOS/__Backup_System\000"
 1876      736F725F 
 1876      43686962 
 1876      694F532F 
 1876      5F5F4261 
 1877              	.LASF88:
 1878 0053 7466756E 		.ascii	"tfunc_t\000"
 1878      635F7400 
 1879              	.LASF41:
 1880 005b 705F6D73 		.ascii	"p_msg\000"
 1880      6700
 1881              	.LASF2:
 1882 0061 73697A65 		.ascii	"size_t\000"
 1882      5F7400
 1883              	.LASF111:
 1884 0068 7072696F 		.ascii	"prio\000"
 1884      00
 1885              	.LASF83:
 1886 006d 7264796D 		.ascii	"rdymsg\000"
 1886      736700
 1887              	.LASF3:
 1888 0074 5F5F7569 		.ascii	"__uint8_t\000"
 1888      6E74385F 
 1888      7400
 1889              	.LASF67:
 1890 007e 76746C69 		.ascii	"vtlist\000"
 1890      737400
 1891              	.LASF73:
 1892 0085 6D656D67 		.ascii	"memgetfunc_t\000"
 1892      65746675 
 1892      6E635F74 
 1892      00
 1893              	.LASF13:
 1894 0092 6C6F6E67 		.ascii	"long long unsigned int\000"
 1894      206C6F6E 
 1894      6720756E 
 1894      7369676E 
 1894      65642069 
 1895              	.LASF95:
 1896 00a9 63685F74 		.ascii	"ch_threadsize\000"
 1896      68726561 
 1896      6473697A 
 1896      6500
 1897              	.LASF84:
 1898 00b7 65786974 		.ascii	"exitcode\000"
 1898      636F6465 
 1898      00
 1899              	.LASF77:
 1900 00c0 685F6672 		.ascii	"h_free\000"
 1900      656500
 1901              	.LASF110:
 1902 00c7 68656170 		.ascii	"heapp\000"
 1902      7000
 1903              	.LASF79:
 1904 00cd 6E657874 		.ascii	"next\000"
ARM GAS  /var/folders/3j/4xdnk5197cv_b7cw3n33qk7r0000gn/T//cc4jYPLs.s 			page 35


 1904      00
 1905              	.LASF29:
 1906 00d2 705F7072 		.ascii	"p_prio\000"
 1906      696F00
 1907              	.LASF102:
 1908 00d9 63665F6F 		.ascii	"cf_off_state\000"
 1908      66665F73 
 1908      74617465 
 1908      00
 1909              	.LASF12:
 1910 00e6 6C6F6E67 		.ascii	"long long int\000"
 1910      206C6F6E 
 1910      6720696E 
 1910      7400
 1911              	.LASF1:
 1912 00f4 7369676E 		.ascii	"signed char\000"
 1912      65642063 
 1912      68617200 
 1913              	.LASF78:
 1914 0100 685F6D74 		.ascii	"h_mtx\000"
 1914      7800
 1915              	.LASF101:
 1916 0106 63665F6F 		.ascii	"cf_off_stklimit\000"
 1916      66665F73 
 1916      746B6C69 
 1916      6D697400 
 1917              	.LASF103:
 1918 0116 63665F6F 		.ascii	"cf_off_flags\000"
 1918      66665F66 
 1918      6C616773 
 1918      00
 1919              	.LASF70:
 1920 0123 6D5F7175 		.ascii	"m_queue\000"
 1920      65756500 
 1921              	.LASF118:
 1922 012b 63684865 		.ascii	"chHeapFree\000"
 1922      61704672 
 1922      656500
 1923              	.LASF119:
 1924 0136 474E5520 		.ascii	"GNU C11 7.3.1 20180622 (release) [ARM/embedded-7-br"
 1924      43313120 
 1924      372E332E 
 1924      31203230 
 1924      31383036 
 1925 0169 616E6368 		.ascii	"anch revision 261907] -mcpu=arm1176jz-s -mno-thumb-"
 1925      20726576 
 1925      6973696F 
 1925      6E203236 
 1925      31393037 
 1926 019c 696E7465 		.ascii	"interwork -ggdb -O2 -fomit-frame-pointer -ffunction"
 1926      72776F72 
 1926      6B202D67 
 1926      67646220 
 1926      2D4F3220 
 1927 01cf 2D736563 		.ascii	"-sections -fdata-sections\000"
 1927      74696F6E 
 1927      73202D66 
ARM GAS  /var/folders/3j/4xdnk5197cv_b7cw3n33qk7r0000gn/T//cc4jYPLs.s 			page 36


 1927      64617461 
 1927      2D736563 
 1928              	.LASF116:
 1929 01e9 63685468 		.ascii	"chThdCreateI\000"
 1929      64437265 
 1929      61746549 
 1929      00
 1930              	.LASF9:
 1931 01f6 6C6F6E67 		.ascii	"long int\000"
 1931      20696E74 
 1931      00
 1932              	.LASF113:
 1933 01ff 63685468 		.ascii	"chThdCreateFromHeap\000"
 1933      64437265 
 1933      61746546 
 1933      726F6D48 
 1933      65617000 
 1934              	.LASF19:
 1935 0213 74737461 		.ascii	"tstate_t\000"
 1935      74655F74 
 1935      00
 1936              	.LASF15:
 1937 021c 75696E74 		.ascii	"uint16_t\000"
 1937      31365F74 
 1937      00
 1938              	.LASF107:
 1939 0225 63686465 		.ascii	"chdebug_t\000"
 1939      6275675F 
 1939      7400
 1940              	.LASF31:
 1941 022f 705F6E65 		.ascii	"p_newer\000"
 1941      77657200 
 1942              	.LASF109:
 1943 0237 5F69646C 		.ascii	"_idle_thread_wa\000"
 1943      655F7468 
 1943      72656164 
 1943      5F776100 
 1944              	.LASF10:
 1945 0247 5F5F7569 		.ascii	"__uint32_t\000"
 1945      6E743332 
 1945      5F7400
 1946              	.LASF48:
 1947 0252 72656761 		.ascii	"regarm_t\000"
 1947      726D5F74 
 1947      00
 1948              	.LASF54:
 1949 025b 76745F70 		.ascii	"vt_prev\000"
 1949      72657600 
 1950              	.LASF81:
 1951 0263 616C6967 		.ascii	"align\000"
 1951      6E00
 1952              	.LASF0:
 1953 0269 756E7369 		.ascii	"unsigned int\000"
 1953      676E6564 
 1953      20696E74 
 1953      00
 1954              	.LASF53:
ARM GAS  /var/folders/3j/4xdnk5197cv_b7cw3n33qk7r0000gn/T//cc4jYPLs.s 			page 37


 1955 0276 76745F6E 		.ascii	"vt_next\000"
 1955      65787400 
 1956              	.LASF99:
 1957 027e 63665F6F 		.ascii	"cf_off_older\000"
 1957      66665F6F 
 1957      6C646572 
 1957      00
 1958              	.LASF11:
 1959 028b 6C6F6E67 		.ascii	"long unsigned int\000"
 1959      20756E73 
 1959      69676E65 
 1959      6420696E 
 1959      7400
 1960              	.LASF108:
 1961 029d 63685F64 		.ascii	"ch_debug\000"
 1961      65627567 
 1961      00
 1962              	.LASF51:
 1963 02a6 76746675 		.ascii	"vtfunc_t\000"
 1963      6E635F74 
 1963      00
 1964              	.LASF89:
 1965 02af 63685F69 		.ascii	"ch_identifier\000"
 1965      64656E74 
 1965      69666965 
 1965      7200
 1966              	.LASF50:
 1967 02bd 636F6E74 		.ascii	"context\000"
 1967      65787400 
 1968              	.LASF82:
 1969 02c5 73697A65 		.ascii	"size\000"
 1969      00
 1970              	.LASF7:
 1971 02ca 73686F72 		.ascii	"short unsigned int\000"
 1971      7420756E 
 1971      7369676E 
 1971      65642069 
 1971      6E7400
 1972              	.LASF117:
 1973 02dd 63685363 		.ascii	"chSchWakeupS\000"
 1973      6857616B 
 1973      65757053 
 1973      00
 1974              	.LASF23:
 1975 02ea 6D73675F 		.ascii	"msg_t\000"
 1975      7400
 1976              	.LASF63:
 1977 02f0 725F6E65 		.ascii	"r_newer\000"
 1977      77657200 
 1978              	.LASF18:
 1979 02f8 746D6F64 		.ascii	"tmode_t\000"
 1979      655F7400 
 1980              	.LASF46:
 1981 0300 54687265 		.ascii	"ThreadsList\000"
 1981      6164734C 
 1981      69737400 
 1982              	.LASF24:
ARM GAS  /var/folders/3j/4xdnk5197cv_b7cw3n33qk7r0000gn/T//cc4jYPLs.s 			page 38


 1983 030c 6576656E 		.ascii	"eventmask_t\000"
 1983      746D6173 
 1983      6B5F7400 
 1984              	.LASF69:
 1985 0318 4D757465 		.ascii	"Mutex\000"
 1985      7800
 1986              	.LASF114:
 1987 031e 63685468 		.ascii	"chThdAddRef\000"
 1987      64416464 
 1987      52656600 
 1988              	.LASF47:
 1989 032a 73746B61 		.ascii	"stkalign_t\000"
 1989      6C69676E 
 1989      5F7400
 1990              	.LASF90:
 1991 0335 63685F7A 		.ascii	"ch_zero\000"
 1991      65726F00 
 1992              	.LASF104:
 1993 033d 63665F6F 		.ascii	"cf_off_refs\000"
 1993      66665F72 
 1993      65667300 
 1994              	.LASF55:
 1995 0349 76745F74 		.ascii	"vt_time\000"
 1995      696D6500 
 1996              	.LASF56:
 1997 0351 76745F66 		.ascii	"vt_func\000"
 1997      756E6300 
 1998              	.LASF94:
 1999 0359 63685F74 		.ascii	"ch_timesize\000"
 1999      696D6573 
 1999      697A6500 
 2000              	.LASF100:
 2001 0365 63665F6F 		.ascii	"cf_off_name\000"
 2001      66665F6E 
 2001      616D6500 
 2002              	.LASF32:
 2003 0371 705F6F6C 		.ascii	"p_older\000"
 2003      64657200 
 2004              	.LASF62:
 2005 0379 725F6374 		.ascii	"r_ctx\000"
 2005      7800
 2006              	.LASF45:
 2007 037f 54687265 		.ascii	"ThreadsQueue\000"
 2007      61647351 
 2007      75657565 
 2007      00
 2008              	.LASF91:
 2009 038c 63685F73 		.ascii	"ch_size\000"
 2009      697A6500 
 2010              	.LASF65:
 2011 0394 725F6375 		.ascii	"r_current\000"
 2011      7272656E 
 2011      7400
 2012              	.LASF64:
 2013 039e 725F6F6C 		.ascii	"r_older\000"
 2013      64657200 
 2014              	.LASF74:
ARM GAS  /var/folders/3j/4xdnk5197cv_b7cw3n33qk7r0000gn/T//cc4jYPLs.s 			page 39


 2015 03a6 4D656D6F 		.ascii	"MemoryHeap\000"
 2015      72794865 
 2015      617000
 2016              	.LASF20:
 2017 03b1 74726566 		.ascii	"trefs_t\000"
 2017      735F7400 
 2018              	.LASF93:
 2019 03b9 63685F70 		.ascii	"ch_ptrsize\000"
 2019      74727369 
 2019      7A6500
 2020              	.LASF112:
 2021 03c4 72656673 		.ascii	"refs\000"
 2021      00
 2022              	.LASF28:
 2023 03c9 705F7072 		.ascii	"p_prev\000"
 2023      657600
 2024              	.LASF22:
 2025 03d0 74707269 		.ascii	"tprio_t\000"
 2025      6F5F7400 
 2026              	.LASF16:
 2027 03d8 696E7433 		.ascii	"int32_t\000"
 2027      325F7400 
 2028              	.LASF4:
 2029 03e0 756E7369 		.ascii	"unsigned char\000"
 2029      676E6564 
 2029      20636861 
 2029      7200
 2030              	.LASF76:
 2031 03ee 685F7072 		.ascii	"h_provider\000"
 2031      6F766964 
 2031      657200
 2032              	.LASF43:
 2033 03f9 705F6D74 		.ascii	"p_mtxlist\000"
 2033      786C6973 
 2033      7400
 2034              	.LASF5:
 2035 0403 73686F72 		.ascii	"short int\000"
 2035      7420696E 
 2035      7400
 2036              	.LASF34:
 2037 040d 705F7374 		.ascii	"p_state\000"
 2037      61746500 
 2038              	.LASF37:
 2039 0415 705F7072 		.ascii	"p_preempt\000"
 2039      65656D70 
 2039      7400
 2040              	.LASF106:
 2041 041f 63665F6F 		.ascii	"cf_off_time\000"
 2041      66665F74 
 2041      696D6500 
 2042              	.LASF61:
 2043 042b 725F7072 		.ascii	"r_prio\000"
 2043      696F00
 2044              	.LASF122:
 2045 0432 68656170 		.ascii	"heap_header\000"
 2045      5F686561 
 2045      64657200 
ARM GAS  /var/folders/3j/4xdnk5197cv_b7cw3n33qk7r0000gn/T//cc4jYPLs.s 			page 40


 2046              	.LASF120:
 2047 043e 2E2E2F2F 		.ascii	"..//os/kernel/src/chdynamic.c\000"
 2047      6F732F6B 
 2047      65726E65 
 2047      6C2F7372 
 2047      632F6368 
 2048              	.LASF86:
 2049 045c 65776D61 		.ascii	"ewmask\000"
 2049      736B00
 2050              	.LASF27:
 2051 0463 705F6E65 		.ascii	"p_next\000"
 2051      787400
 2052              	.LASF105:
 2053 046a 63665F6F 		.ascii	"cf_off_preempt\000"
 2053      66665F70 
 2053      7265656D 
 2053      707400
 2054              	.LASF35:
 2055 0479 705F666C 		.ascii	"p_flags\000"
 2055      61677300 
 2056              	.LASF123:
 2057 0481 63685468 		.ascii	"chThdRelease\000"
 2057      6452656C 
 2057      65617365 
 2057      00
 2058              	.LASF26:
 2059 048e 54687265 		.ascii	"Thread\000"
 2059      616400
 2060              	.LASF115:
 2061 0495 63684865 		.ascii	"chHeapAlloc\000"
 2061      6170416C 
 2061      6C6F6300 
 2062              	.LASF98:
 2063 04a1 63665F6F 		.ascii	"cf_off_newer\000"
 2063      66665F6E 
 2063      65776572 
 2063      00
 2064              	.LASF42:
 2065 04ae 705F6570 		.ascii	"p_epending\000"
 2065      656E6469 
 2065      6E6700
 2066              	.LASF17:
 2067 04b9 75696E74 		.ascii	"uint32_t\000"
 2067      33325F74 
 2067      00
 2068              	.LASF96:
 2069 04c2 63665F6F 		.ascii	"cf_off_prio\000"
 2069      66665F70 
 2069      72696F00 
 2070              	.LASF60:
 2071 04ce 725F7175 		.ascii	"r_queue\000"
 2071      65756500 
 2072              	.LASF52:
 2073 04d6 56697274 		.ascii	"VirtualTimer\000"
 2073      75616C54 
 2073      696D6572 
 2073      00
ARM GAS  /var/folders/3j/4xdnk5197cv_b7cw3n33qk7r0000gn/T//cc4jYPLs.s 			page 41


 2074              	.LASF80:
 2075 04e3 68656170 		.ascii	"heap\000"
 2075      00
 2076              	.LASF21:
 2077 04e8 74736C69 		.ascii	"tslices_t\000"
 2077      6365735F 
 2077      7400
 2078              	.LASF87:
 2079 04f2 63686172 		.ascii	"char\000"
 2079      00
 2080              	.LASF6:
 2081 04f7 5F5F7569 		.ascii	"__uint16_t\000"
 2081      6E743136 
 2081      5F7400
 2082              	.LASF72:
 2083 0502 6D5F6E65 		.ascii	"m_next\000"
 2083      787400
 2084              	.LASF25:
 2085 0509 73797374 		.ascii	"systime_t\000"
 2085      696D655F 
 2085      7400
 2086              	.LASF44:
 2087 0513 705F7265 		.ascii	"p_realprio\000"
 2087      616C7072 
 2087      696F00
 2088              	.LASF8:
 2089 051e 5F5F696E 		.ascii	"__int32_t\000"
 2089      7433325F 
 2089      7400
 2090              	.LASF38:
 2091 0528 705F7469 		.ascii	"p_time\000"
 2091      6D6500
 2092              	.LASF49:
 2093 052f 696E7463 		.ascii	"intctx\000"
 2093      747800
 2094              	.LASF40:
 2095 0536 705F6D73 		.ascii	"p_msgqueue\000"
 2095      67717565 
 2095      756500
 2096              	.LASF57:
 2097 0541 76745F70 		.ascii	"vt_par\000"
 2097      617200
 2098              	.LASF97:
 2099 0548 63665F6F 		.ascii	"cf_off_ctx\000"
 2099      66665F63 
 2099      747800
 2100              	.LASF36:
 2101 0553 705F7265 		.ascii	"p_refs\000"
 2101      667300
 2102              	.LASF66:
 2103 055a 52656164 		.ascii	"ReadyList\000"
 2103      794C6973 
 2103      7400
 2104              	.LASF68:
 2105 0564 726C6973 		.ascii	"rlist\000"
 2105      7400
 2106              	.LASF14:
ARM GAS  /var/folders/3j/4xdnk5197cv_b7cw3n33qk7r0000gn/T//cc4jYPLs.s 			page 42


 2107 056a 75696E74 		.ascii	"uint8_t\000"
 2107      385F7400 
 2108              	.LASF85:
 2109 0572 77746F62 		.ascii	"wtobjp\000"
 2109      6A7000
 2110              	.LASF33:
 2111 0579 705F6E61 		.ascii	"p_name\000"
 2111      6D6500
 2112              	.LASF58:
 2113 0580 76745F73 		.ascii	"vt_systime\000"
 2113      79737469 
 2113      6D6500
 2114              	.LASF92:
 2115 058b 63685F76 		.ascii	"ch_version\000"
 2115      65727369 
 2115      6F6E00
 2116              	.LASF59:
 2117 0596 56544C69 		.ascii	"VTList\000"
 2117      737400
 2118              	.LASF71:
 2119 059d 6D5F6F77 		.ascii	"m_owner\000"
 2119      6E657200 
 2120              	.LASF30:
 2121 05a5 705F6374 		.ascii	"p_ctx\000"
 2121      7800
 2122              	.LASF39:
 2123 05ab 705F7761 		.ascii	"p_waiting\000"
 2123      6974696E 
 2123      6700
 2124              	.LASF75:
 2125 05b5 6D656D6F 		.ascii	"memory_heap\000"
 2125      72795F68 
 2125      65617000 
 2126              		.ident	"GCC: (GNU Tools for Arm Embedded Processors 7-2018-q2-update) 7.3.1 20180622 (release) [AR
ARM GAS  /var/folders/3j/4xdnk5197cv_b7cw3n33qk7r0000gn/T//cc4jYPLs.s 			page 43


DEFINED SYMBOLS
                            *ABS*:0000000000000000 chdynamic.c
/var/folders/3j/4xdnk5197cv_b7cw3n33qk7r0000gn/T//cc4jYPLs.s:16     .text.chThdAddRef:0000000000000000 $a
/var/folders/3j/4xdnk5197cv_b7cw3n33qk7r0000gn/T//cc4jYPLs.s:22     .text.chThdAddRef:0000000000000000 chThdAddRef
/var/folders/3j/4xdnk5197cv_b7cw3n33qk7r0000gn/T//cc4jYPLs.s:55     .text.chThdRelease:0000000000000000 $a
/var/folders/3j/4xdnk5197cv_b7cw3n33qk7r0000gn/T//cc4jYPLs.s:61     .text.chThdRelease:0000000000000000 chThdRelease
/var/folders/3j/4xdnk5197cv_b7cw3n33qk7r0000gn/T//cc4jYPLs.s:116    .text.chThdCreateFromHeap:0000000000000000 $a
/var/folders/3j/4xdnk5197cv_b7cw3n33qk7r0000gn/T//cc4jYPLs.s:122    .text.chThdCreateFromHeap:0000000000000000 chThdCreateFromHeap

UNDEFINED SYMBOLS
chHeapFree
chHeapAlloc
chThdCreateI
chSchWakeupS
