ARM GAS  /var/folders/3j/4xdnk5197cv_b7cw3n33qk7r0000gn/T//cc4TZmnR.s 			page 1


   1              		.cpu arm1176jz-s
   2              		.eabi_attribute 20, 1
   3              		.eabi_attribute 21, 1
   4              		.eabi_attribute 23, 3
   5              		.eabi_attribute 24, 1
   6              		.eabi_attribute 25, 1
   7              		.eabi_attribute 26, 1
   8              		.eabi_attribute 30, 2
   9              		.eabi_attribute 34, 1
  10              		.eabi_attribute 18, 4
  11              		.file	"chlists.c"
  12              		.text
  13              	.Ltext0:
  14              		.cfi_sections	.debug_frame
  15              	.Letext0:
  16              		.file 1 "/usr/local/Cellar/gcc-arm-none-eabi/20180627/arm-none-eabi/include/machine/_default_types
  17              		.file 2 "/usr/local/Cellar/gcc-arm-none-eabi/20180627/arm-none-eabi/include/sys/_stdint.h"
  18              		.file 3 "..//os/ports/GCC/ARM/chtypes.h"
  19              		.file 4 "..//os/kernel/include/chlists.h"
  20              		.file 5 "..//os/kernel/include/chthreads.h"
  21              		.file 6 "..//os/ports/GCC/ARM/chcore.h"
  22              		.file 7 "..//os/kernel/include/chvt.h"
  23              		.file 8 "..//os/kernel/include/chschd.h"
  24              		.file 9 "..//os/kernel/include/chmtx.h"
  25              		.file 10 "..//os/kernel/include/chregistry.h"
  26              		.file 11 "..//os/kernel/include/ch.h"
  27              		.section	.debug_info,"",%progbits
  28              	.Ldebug_info0:
  29 0000 EE050000 		.4byte	0x5ee
  30 0004 0400     		.2byte	0x4
  31 0006 00000000 		.4byte	.Ldebug_abbrev0
  32 000a 04       		.byte	0x4
  33 000b 01       		.uleb128 0x1
  34 000c AC000000 		.4byte	.LASF98
  35 0010 0C       		.byte	0xc
  36 0011 75020000 		.4byte	.LASF99
  37 0015 1E030000 		.4byte	.LASF100
  38 0019 00000000 		.4byte	.Ldebug_line0
  39 001d 02       		.uleb128 0x2
  40 001e 04       		.byte	0x4
  41 001f 05       		.byte	0x5
  42 0020 696E7400 		.ascii	"int\000"
  43 0024 03       		.uleb128 0x3
  44 0025 04       		.byte	0x4
  45 0026 07       		.byte	0x7
  46 0027 B8010000 		.4byte	.LASF0
  47 002b 03       		.uleb128 0x3
  48 002c 01       		.byte	0x1
  49 002d 06       		.byte	0x6
  50 002e 7B000000 		.4byte	.LASF1
  51 0032 04       		.uleb128 0x4
  52 0033 1A000000 		.4byte	.LASF4
  53 0037 01       		.byte	0x1
  54 0038 2B       		.byte	0x2b
  55 0039 3D000000 		.4byte	0x3d
  56 003d 03       		.uleb128 0x3
  57 003e 01       		.byte	0x1
ARM GAS  /var/folders/3j/4xdnk5197cv_b7cw3n33qk7r0000gn/T//cc4TZmnR.s 			page 2


  58 003f 08       		.byte	0x8
  59 0040 10030000 		.4byte	.LASF2
  60 0044 03       		.uleb128 0x3
  61 0045 02       		.byte	0x2
  62 0046 05       		.byte	0x5
  63 0047 75030000 		.4byte	.LASF3
  64 004b 04       		.uleb128 0x4
  65 004c 21040000 		.4byte	.LASF5
  66 0050 01       		.byte	0x1
  67 0051 39       		.byte	0x39
  68 0052 56000000 		.4byte	0x56
  69 0056 03       		.uleb128 0x3
  70 0057 02       		.byte	0x2
  71 0058 07       		.byte	0x7
  72 0059 07020000 		.4byte	.LASF6
  73 005d 04       		.uleb128 0x4
  74 005e 48040000 		.4byte	.LASF7
  75 0062 01       		.byte	0x1
  76 0063 4D       		.byte	0x4d
  77 0064 68000000 		.4byte	0x68
  78 0068 03       		.uleb128 0x3
  79 0069 04       		.byte	0x4
  80 006a 05       		.byte	0x5
  81 006b 5F010000 		.4byte	.LASF8
  82 006f 04       		.uleb128 0x4
  83 0070 9C010000 		.4byte	.LASF9
  84 0074 01       		.byte	0x1
  85 0075 4F       		.byte	0x4f
  86 0076 7A000000 		.4byte	0x7a
  87 007a 03       		.uleb128 0x3
  88 007b 04       		.byte	0x4
  89 007c 07       		.byte	0x7
  90 007d CD010000 		.4byte	.LASF10
  91 0081 03       		.uleb128 0x3
  92 0082 08       		.byte	0x8
  93 0083 05       		.byte	0x5
  94 0084 6D000000 		.4byte	.LASF11
  95 0088 03       		.uleb128 0x3
  96 0089 08       		.byte	0x8
  97 008a 07       		.byte	0x7
  98 008b 2B000000 		.4byte	.LASF12
  99 008f 04       		.uleb128 0x4
 100 0090 94040000 		.4byte	.LASF13
 101 0094 02       		.byte	0x2
 102 0095 18       		.byte	0x18
 103 0096 32000000 		.4byte	0x32
 104 009a 04       		.uleb128 0x4
 105 009b 71010000 		.4byte	.LASF14
 106 009f 02       		.byte	0x2
 107 00a0 24       		.byte	0x24
 108 00a1 4B000000 		.4byte	0x4b
 109 00a5 04       		.uleb128 0x4
 110 00a6 08030000 		.4byte	.LASF15
 111 00aa 02       		.byte	0x2
 112 00ab 2C       		.byte	0x2c
 113 00ac 5D000000 		.4byte	0x5d
 114 00b0 04       		.uleb128 0x4
ARM GAS  /var/folders/3j/4xdnk5197cv_b7cw3n33qk7r0000gn/T//cc4TZmnR.s 			page 3


 115 00b1 E8030000 		.4byte	.LASF16
 116 00b5 02       		.byte	0x2
 117 00b6 30       		.byte	0x30
 118 00b7 6F000000 		.4byte	0x6f
 119 00bb 04       		.uleb128 0x4
 120 00bc 28020000 		.4byte	.LASF17
 121 00c0 03       		.byte	0x3
 122 00c1 2A       		.byte	0x2a
 123 00c2 8F000000 		.4byte	0x8f
 124 00c6 04       		.uleb128 0x4
 125 00c7 68010000 		.4byte	.LASF18
 126 00cb 03       		.byte	0x3
 127 00cc 2B       		.byte	0x2b
 128 00cd 8F000000 		.4byte	0x8f
 129 00d1 04       		.uleb128 0x4
 130 00d2 E6020000 		.4byte	.LASF19
 131 00d6 03       		.byte	0x3
 132 00d7 2C       		.byte	0x2c
 133 00d8 8F000000 		.4byte	0x8f
 134 00dc 04       		.uleb128 0x4
 135 00dd 12040000 		.4byte	.LASF20
 136 00e1 03       		.byte	0x3
 137 00e2 2D       		.byte	0x2d
 138 00e3 8F000000 		.4byte	0x8f
 139 00e7 04       		.uleb128 0x4
 140 00e8 00030000 		.4byte	.LASF21
 141 00ec 03       		.byte	0x3
 142 00ed 2E       		.byte	0x2e
 143 00ee B0000000 		.4byte	0xb0
 144 00f2 04       		.uleb128 0x4
 145 00f3 1A020000 		.4byte	.LASF22
 146 00f7 03       		.byte	0x3
 147 00f8 2F       		.byte	0x2f
 148 00f9 A5000000 		.4byte	0xa5
 149 00fd 04       		.uleb128 0x4
 150 00fe 3C020000 		.4byte	.LASF23
 151 0102 03       		.byte	0x3
 152 0103 31       		.byte	0x31
 153 0104 B0000000 		.4byte	0xb0
 154 0108 04       		.uleb128 0x4
 155 0109 33040000 		.4byte	.LASF24
 156 010d 03       		.byte	0x3
 157 010e 33       		.byte	0x33
 158 010f B0000000 		.4byte	0xb0
 159 0113 05       		.uleb128 0x5
 160 0114 08010000 		.4byte	0x108
 161 0118 04       		.uleb128 0x4
 162 0119 C9030000 		.4byte	.LASF25
 163 011d 04       		.byte	0x4
 164 011e 23       		.byte	0x23
 165 011f 23010000 		.4byte	0x123
 166 0123 06       		.uleb128 0x6
 167 0124 C9030000 		.4byte	.LASF25
 168 0128 44       		.byte	0x44
 169 0129 05       		.byte	0x5
 170 012a 57       		.byte	0x57
 171 012b 14020000 		.4byte	0x214
ARM GAS  /var/folders/3j/4xdnk5197cv_b7cw3n33qk7r0000gn/T//cc4TZmnR.s 			page 4


 172 012f 07       		.uleb128 0x7
 173 0130 AB030000 		.4byte	.LASF26
 174 0134 05       		.byte	0x5
 175 0135 58       		.byte	0x58
 176 0136 35020000 		.4byte	0x235
 177 013a 00       		.byte	0
 178 013b 07       		.uleb128 0x7
 179 013c F9020000 		.4byte	.LASF27
 180 0140 05       		.byte	0x5
 181 0141 5A       		.byte	0x5a
 182 0142 35020000 		.4byte	0x235
 183 0146 04       		.byte	0x4
 184 0147 07       		.uleb128 0x7
 185 0148 59000000 		.4byte	.LASF28
 186 014c 05       		.byte	0x5
 187 014d 5C       		.byte	0x5c
 188 014e E7000000 		.4byte	0xe7
 189 0152 08       		.byte	0x8
 190 0153 07       		.uleb128 0x7
 191 0154 CF040000 		.4byte	.LASF29
 192 0158 05       		.byte	0x5
 193 0159 5D       		.byte	0x5d
 194 015a F0020000 		.4byte	0x2f0
 195 015e 0C       		.byte	0xc
 196 015f 07       		.uleb128 0x7
 197 0160 84010000 		.4byte	.LASF30
 198 0164 05       		.byte	0x5
 199 0165 5F       		.byte	0x5f
 200 0166 35020000 		.4byte	0x235
 201 016a 10       		.byte	0x10
 202 016b 07       		.uleb128 0x7
 203 016c B1020000 		.4byte	.LASF31
 204 0170 05       		.byte	0x5
 205 0171 60       		.byte	0x60
 206 0172 35020000 		.4byte	0x235
 207 0176 14       		.byte	0x14
 208 0177 07       		.uleb128 0x7
 209 0178 A3040000 		.4byte	.LASF32
 210 017c 05       		.byte	0x5
 211 017d 67       		.byte	0x67
 212 017e B2040000 		.4byte	0x4b2
 213 0182 18       		.byte	0x18
 214 0183 07       		.uleb128 0x7
 215 0184 7F030000 		.4byte	.LASF33
 216 0188 05       		.byte	0x5
 217 0189 72       		.byte	0x72
 218 018a C6000000 		.4byte	0xc6
 219 018e 1C       		.byte	0x1c
 220 018f 07       		.uleb128 0x7
 221 0190 C1030000 		.4byte	.LASF34
 222 0194 05       		.byte	0x5
 223 0195 76       		.byte	0x76
 224 0196 BB000000 		.4byte	0xbb
 225 019a 1D       		.byte	0x1d
 226 019b 07       		.uleb128 0x7
 227 019c 7D040000 		.4byte	.LASF35
 228 01a0 05       		.byte	0x5
ARM GAS  /var/folders/3j/4xdnk5197cv_b7cw3n33qk7r0000gn/T//cc4TZmnR.s 			page 5


 229 01a1 7B       		.byte	0x7b
 230 01a2 D1000000 		.4byte	0xd1
 231 01a6 1E       		.byte	0x1e
 232 01a7 07       		.uleb128 0x7
 233 01a8 87030000 		.4byte	.LASF36
 234 01ac 05       		.byte	0x5
 235 01ad 81       		.byte	0x81
 236 01ae DC000000 		.4byte	0xdc
 237 01b2 1F       		.byte	0x1f
 238 01b3 07       		.uleb128 0x7
 239 01b4 52040000 		.4byte	.LASF37
 240 01b8 05       		.byte	0x5
 241 01b9 88       		.byte	0x88
 242 01ba 13010000 		.4byte	0x113
 243 01be 20       		.byte	0x20
 244 01bf 08       		.uleb128 0x8
 245 01c0 705F7500 		.ascii	"p_u\000"
 246 01c4 05       		.byte	0x5
 247 01c5 AD       		.byte	0xad
 248 01c6 7D040000 		.4byte	0x47d
 249 01ca 24       		.byte	0x24
 250 01cb 07       		.uleb128 0x7
 251 01cc D5040000 		.4byte	.LASF38
 252 01d0 05       		.byte	0x5
 253 01d1 B2       		.byte	0xb2
 254 01d2 5B020000 		.4byte	0x25b
 255 01d6 28       		.byte	0x28
 256 01d7 07       		.uleb128 0x7
 257 01d8 60040000 		.4byte	.LASF39
 258 01dc 05       		.byte	0x5
 259 01dd B8       		.byte	0xb8
 260 01de 3B020000 		.4byte	0x23b
 261 01e2 2C       		.byte	0x2c
 262 01e3 07       		.uleb128 0x7
 263 01e4 0D000000 		.4byte	.LASF40
 264 01e8 05       		.byte	0x5
 265 01e9 BC       		.byte	0xbc
 266 01ea F2000000 		.4byte	0xf2
 267 01ee 34       		.byte	0x34
 268 01ef 07       		.uleb128 0x7
 269 01f0 DD030000 		.4byte	.LASF41
 270 01f4 05       		.byte	0x5
 271 01f5 C2       		.byte	0xc2
 272 01f6 FD000000 		.4byte	0xfd
 273 01fa 38       		.byte	0x38
 274 01fb 07       		.uleb128 0x7
 275 01fc 6B030000 		.4byte	.LASF42
 276 0200 05       		.byte	0x5
 277 0201 C9       		.byte	0xc9
 278 0202 C4040000 		.4byte	0x4c4
 279 0206 3C       		.byte	0x3c
 280 0207 07       		.uleb128 0x7
 281 0208 3D040000 		.4byte	.LASF43
 282 020c 05       		.byte	0x5
 283 020d CD       		.byte	0xcd
 284 020e E7000000 		.4byte	0xe7
 285 0212 40       		.byte	0x40
ARM GAS  /var/folders/3j/4xdnk5197cv_b7cw3n33qk7r0000gn/T//cc4TZmnR.s 			page 6


 286 0213 00       		.byte	0
 287 0214 09       		.uleb128 0x9
 288 0215 08       		.byte	0x8
 289 0216 04       		.byte	0x4
 290 0217 5A       		.byte	0x5a
 291 0218 35020000 		.4byte	0x235
 292 021c 07       		.uleb128 0x7
 293 021d AB030000 		.4byte	.LASF26
 294 0221 04       		.byte	0x4
 295 0222 5B       		.byte	0x5b
 296 0223 35020000 		.4byte	0x235
 297 0227 00       		.byte	0
 298 0228 07       		.uleb128 0x7
 299 0229 F9020000 		.4byte	.LASF27
 300 022d 04       		.byte	0x4
 301 022e 5D       		.byte	0x5d
 302 022f 35020000 		.4byte	0x235
 303 0233 04       		.byte	0x4
 304 0234 00       		.byte	0
 305 0235 0A       		.uleb128 0xa
 306 0236 04       		.byte	0x4
 307 0237 18010000 		.4byte	0x118
 308 023b 04       		.uleb128 0x4
 309 023c BF020000 		.4byte	.LASF44
 310 0240 04       		.byte	0x4
 311 0241 5F       		.byte	0x5f
 312 0242 14020000 		.4byte	0x214
 313 0246 09       		.uleb128 0x9
 314 0247 04       		.byte	0x4
 315 0248 04       		.byte	0x4
 316 0249 64       		.byte	0x64
 317 024a 5B020000 		.4byte	0x25b
 318 024e 07       		.uleb128 0x7
 319 024f AB030000 		.4byte	.LASF26
 320 0253 04       		.byte	0x4
 321 0254 66       		.byte	0x66
 322 0255 35020000 		.4byte	0x235
 323 0259 00       		.byte	0
 324 025a 00       		.byte	0
 325 025b 04       		.uleb128 0x4
 326 025c 30020000 		.4byte	.LASF45
 327 0260 04       		.byte	0x4
 328 0261 69       		.byte	0x69
 329 0262 46020000 		.4byte	0x246
 330 0266 04       		.uleb128 0x4
 331 0267 4E020000 		.4byte	.LASF46
 332 026b 06       		.byte	0x6
 333 026c 9D       		.byte	0x9d
 334 026d B0000000 		.4byte	0xb0
 335 0271 04       		.uleb128 0x4
 336 0272 A7010000 		.4byte	.LASF47
 337 0276 06       		.byte	0x6
 338 0277 A2       		.byte	0xa2
 339 0278 7C020000 		.4byte	0x27c
 340 027c 0B       		.uleb128 0xb
 341 027d 04       		.byte	0x4
 342 027e 06       		.uleb128 0x6
ARM GAS  /var/folders/3j/4xdnk5197cv_b7cw3n33qk7r0000gn/T//cc4TZmnR.s 			page 7


 343 027f 59040000 		.4byte	.LASF48
 344 0283 24       		.byte	0x24
 345 0284 06       		.byte	0x6
 346 0285 B9       		.byte	0xb9
 347 0286 F0020000 		.4byte	0x2f0
 348 028a 08       		.uleb128 0x8
 349 028b 723400   		.ascii	"r4\000"
 350 028e 06       		.byte	0x6
 351 028f BA       		.byte	0xba
 352 0290 71020000 		.4byte	0x271
 353 0294 00       		.byte	0
 354 0295 08       		.uleb128 0x8
 355 0296 723500   		.ascii	"r5\000"
 356 0299 06       		.byte	0x6
 357 029a BB       		.byte	0xbb
 358 029b 71020000 		.4byte	0x271
 359 029f 04       		.byte	0x4
 360 02a0 08       		.uleb128 0x8
 361 02a1 723600   		.ascii	"r6\000"
 362 02a4 06       		.byte	0x6
 363 02a5 BC       		.byte	0xbc
 364 02a6 71020000 		.4byte	0x271
 365 02aa 08       		.byte	0x8
 366 02ab 08       		.uleb128 0x8
 367 02ac 723700   		.ascii	"r7\000"
 368 02af 06       		.byte	0x6
 369 02b0 BD       		.byte	0xbd
 370 02b1 71020000 		.4byte	0x271
 371 02b5 0C       		.byte	0xc
 372 02b6 08       		.uleb128 0x8
 373 02b7 723800   		.ascii	"r8\000"
 374 02ba 06       		.byte	0x6
 375 02bb BE       		.byte	0xbe
 376 02bc 71020000 		.4byte	0x271
 377 02c0 10       		.byte	0x10
 378 02c1 08       		.uleb128 0x8
 379 02c2 723900   		.ascii	"r9\000"
 380 02c5 06       		.byte	0x6
 381 02c6 BF       		.byte	0xbf
 382 02c7 71020000 		.4byte	0x271
 383 02cb 14       		.byte	0x14
 384 02cc 08       		.uleb128 0x8
 385 02cd 72313000 		.ascii	"r10\000"
 386 02d1 06       		.byte	0x6
 387 02d2 C0       		.byte	0xc0
 388 02d3 71020000 		.4byte	0x271
 389 02d7 18       		.byte	0x18
 390 02d8 08       		.uleb128 0x8
 391 02d9 72313100 		.ascii	"r11\000"
 392 02dd 06       		.byte	0x6
 393 02de C1       		.byte	0xc1
 394 02df 71020000 		.4byte	0x271
 395 02e3 1C       		.byte	0x1c
 396 02e4 08       		.uleb128 0x8
 397 02e5 6C7200   		.ascii	"lr\000"
 398 02e8 06       		.byte	0x6
 399 02e9 C2       		.byte	0xc2
ARM GAS  /var/folders/3j/4xdnk5197cv_b7cw3n33qk7r0000gn/T//cc4TZmnR.s 			page 8


 400 02ea 71020000 		.4byte	0x271
 401 02ee 20       		.byte	0x20
 402 02ef 00       		.byte	0
 403 02f0 06       		.uleb128 0x6
 404 02f1 FF010000 		.4byte	.LASF49
 405 02f5 04       		.byte	0x4
 406 02f6 06       		.byte	0x6
 407 02f7 CA       		.byte	0xca
 408 02f8 09030000 		.4byte	0x309
 409 02fc 08       		.uleb128 0x8
 410 02fd 72313300 		.ascii	"r13\000"
 411 0301 06       		.byte	0x6
 412 0302 CB       		.byte	0xcb
 413 0303 09030000 		.4byte	0x309
 414 0307 00       		.byte	0
 415 0308 00       		.byte	0
 416 0309 0A       		.uleb128 0xa
 417 030a 04       		.byte	0x4
 418 030b 7E020000 		.4byte	0x27e
 419 030f 04       		.uleb128 0x4
 420 0310 E8010000 		.4byte	.LASF50
 421 0314 07       		.byte	0x7
 422 0315 4E       		.byte	0x4e
 423 0316 1A030000 		.4byte	0x31a
 424 031a 0A       		.uleb128 0xa
 425 031b 04       		.byte	0x4
 426 031c 20030000 		.4byte	0x320
 427 0320 0C       		.uleb128 0xc
 428 0321 2B030000 		.4byte	0x32b
 429 0325 0D       		.uleb128 0xd
 430 0326 7C020000 		.4byte	0x27c
 431 032a 00       		.byte	0
 432 032b 04       		.uleb128 0x4
 433 032c 05040000 		.4byte	.LASF51
 434 0330 07       		.byte	0x7
 435 0331 53       		.byte	0x53
 436 0332 36030000 		.4byte	0x336
 437 0336 06       		.uleb128 0x6
 438 0337 05040000 		.4byte	.LASF51
 439 033b 14       		.byte	0x14
 440 033c 07       		.byte	0x7
 441 033d 5A       		.byte	0x5a
 442 033e 7F030000 		.4byte	0x37f
 443 0342 07       		.uleb128 0x7
 444 0343 C5010000 		.4byte	.LASF52
 445 0347 07       		.byte	0x7
 446 0348 5B       		.byte	0x5b
 447 0349 7F030000 		.4byte	0x37f
 448 034d 00       		.byte	0
 449 034e 07       		.uleb128 0x7
 450 034f B0010000 		.4byte	.LASF53
 451 0353 07       		.byte	0x7
 452 0354 5D       		.byte	0x5d
 453 0355 7F030000 		.4byte	0x37f
 454 0359 04       		.byte	0x4
 455 035a 07       		.uleb128 0x7
 456 035b 6D020000 		.4byte	.LASF54
ARM GAS  /var/folders/3j/4xdnk5197cv_b7cw3n33qk7r0000gn/T//cc4TZmnR.s 			page 9


 457 035f 07       		.byte	0x7
 458 0360 5F       		.byte	0x5f
 459 0361 08010000 		.4byte	0x108
 460 0365 08       		.byte	0x8
 461 0366 07       		.uleb128 0x7
 462 0367 91020000 		.4byte	.LASF55
 463 036b 07       		.byte	0x7
 464 036c 60       		.byte	0x60
 465 036d 0F030000 		.4byte	0x30f
 466 0371 0C       		.byte	0xc
 467 0372 07       		.uleb128 0x7
 468 0373 6B040000 		.4byte	.LASF56
 469 0377 07       		.byte	0x7
 470 0378 62       		.byte	0x62
 471 0379 7C020000 		.4byte	0x27c
 472 037d 10       		.byte	0x10
 473 037e 00       		.byte	0
 474 037f 0A       		.uleb128 0xa
 475 0380 04       		.byte	0x4
 476 0381 2B030000 		.4byte	0x32b
 477 0385 09       		.uleb128 0x9
 478 0386 10       		.byte	0x10
 479 0387 07       		.byte	0x7
 480 0388 6C       		.byte	0x6c
 481 0389 BE030000 		.4byte	0x3be
 482 038d 07       		.uleb128 0x7
 483 038e C5010000 		.4byte	.LASF52
 484 0392 07       		.byte	0x7
 485 0393 6D       		.byte	0x6d
 486 0394 7F030000 		.4byte	0x37f
 487 0398 00       		.byte	0
 488 0399 07       		.uleb128 0x7
 489 039a B0010000 		.4byte	.LASF53
 490 039e 07       		.byte	0x7
 491 039f 6F       		.byte	0x6f
 492 03a0 7F030000 		.4byte	0x37f
 493 03a4 04       		.byte	0x4
 494 03a5 07       		.uleb128 0x7
 495 03a6 6D020000 		.4byte	.LASF54
 496 03aa 07       		.byte	0x7
 497 03ab 71       		.byte	0x71
 498 03ac 08010000 		.4byte	0x108
 499 03b0 08       		.byte	0x8
 500 03b1 07       		.uleb128 0x7
 501 03b2 AA040000 		.4byte	.LASF57
 502 03b6 07       		.byte	0x7
 503 03b7 72       		.byte	0x72
 504 03b8 13010000 		.4byte	0x113
 505 03bc 0C       		.byte	0xc
 506 03bd 00       		.byte	0
 507 03be 04       		.uleb128 0x4
 508 03bf C0040000 		.4byte	.LASF58
 509 03c3 07       		.byte	0x7
 510 03c4 73       		.byte	0x73
 511 03c5 85030000 		.4byte	0x385
 512 03c9 0E       		.uleb128 0xe
 513 03ca 24000000 		.4byte	.LASF66
ARM GAS  /var/folders/3j/4xdnk5197cv_b7cw3n33qk7r0000gn/T//cc4TZmnR.s 			page 10


 514 03ce 07       		.byte	0x7
 515 03cf D1       		.byte	0xd1
 516 03d0 BE030000 		.4byte	0x3be
 517 03d4 09       		.uleb128 0x9
 518 03d5 1C       		.byte	0x1c
 519 03d6 08       		.byte	0x8
 520 03d7 57       		.byte	0x57
 521 03d8 25040000 		.4byte	0x425
 522 03dc 07       		.uleb128 0x7
 523 03dd FD030000 		.4byte	.LASF59
 524 03e1 08       		.byte	0x8
 525 03e2 58       		.byte	0x58
 526 03e3 3B020000 		.4byte	0x23b
 527 03e7 00       		.byte	0
 528 03e8 07       		.uleb128 0x7
 529 03e9 9D030000 		.4byte	.LASF60
 530 03ed 08       		.byte	0x8
 531 03ee 59       		.byte	0x59
 532 03ef E7000000 		.4byte	0xe7
 533 03f3 08       		.byte	0x8
 534 03f4 07       		.uleb128 0x7
 535 03f5 B9020000 		.4byte	.LASF61
 536 03f9 08       		.byte	0x8
 537 03fa 5B       		.byte	0x5b
 538 03fb F0020000 		.4byte	0x2f0
 539 03ff 0C       		.byte	0xc
 540 0400 07       		.uleb128 0x7
 541 0401 20020000 		.4byte	.LASF62
 542 0405 08       		.byte	0x8
 543 0406 5E       		.byte	0x5e
 544 0407 35020000 		.4byte	0x235
 545 040b 10       		.byte	0x10
 546 040c 07       		.uleb128 0x7
 547 040d DE020000 		.4byte	.LASF63
 548 0411 08       		.byte	0x8
 549 0412 5F       		.byte	0x5f
 550 0413 35020000 		.4byte	0x235
 551 0417 14       		.byte	0x14
 552 0418 07       		.uleb128 0x7
 553 0419 D4020000 		.4byte	.LASF64
 554 041d 08       		.byte	0x8
 555 041e 62       		.byte	0x62
 556 041f 35020000 		.4byte	0x235
 557 0423 18       		.byte	0x18
 558 0424 00       		.byte	0
 559 0425 04       		.uleb128 0x4
 560 0426 84040000 		.4byte	.LASF65
 561 042a 08       		.byte	0x8
 562 042b 64       		.byte	0x64
 563 042c D4030000 		.4byte	0x3d4
 564 0430 0E       		.uleb128 0xe
 565 0431 8E040000 		.4byte	.LASF67
 566 0435 08       		.byte	0x8
 567 0436 68       		.byte	0x68
 568 0437 25040000 		.4byte	0x425
 569 043b 06       		.uleb128 0x6
 570 043c 48020000 		.4byte	.LASF68
ARM GAS  /var/folders/3j/4xdnk5197cv_b7cw3n33qk7r0000gn/T//cc4TZmnR.s 			page 11


 571 0440 10       		.byte	0x10
 572 0441 09       		.byte	0x9
 573 0442 25       		.byte	0x25
 574 0443 6C040000 		.4byte	0x46c
 575 0447 07       		.uleb128 0x7
 576 0448 A4000000 		.4byte	.LASF69
 577 044c 09       		.byte	0x9
 578 044d 26       		.byte	0x26
 579 044e 3B020000 		.4byte	0x23b
 580 0452 00       		.byte	0
 581 0453 07       		.uleb128 0x7
 582 0454 C7040000 		.4byte	.LASF70
 583 0458 09       		.byte	0x9
 584 0459 28       		.byte	0x28
 585 045a 35020000 		.4byte	0x235
 586 045e 08       		.byte	0x8
 587 045f 07       		.uleb128 0x7
 588 0460 2C040000 		.4byte	.LASF71
 589 0464 09       		.byte	0x9
 590 0465 2A       		.byte	0x2a
 591 0466 6C040000 		.4byte	0x46c
 592 046a 0C       		.byte	0xc
 593 046b 00       		.byte	0
 594 046c 0A       		.uleb128 0xa
 595 046d 04       		.byte	0x4
 596 046e 3B040000 		.4byte	0x43b
 597 0472 04       		.uleb128 0x4
 598 0473 48020000 		.4byte	.LASF68
 599 0477 09       		.byte	0x9
 600 0478 2C       		.byte	0x2c
 601 0479 3B040000 		.4byte	0x43b
 602 047d 0F       		.uleb128 0xf
 603 047e 04       		.byte	0x4
 604 047f 05       		.byte	0x5
 605 0480 8F       		.byte	0x8f
 606 0481 B2040000 		.4byte	0x4b2
 607 0485 10       		.uleb128 0x10
 608 0486 13000000 		.4byte	.LASF72
 609 048a 05       		.byte	0x5
 610 048b 96       		.byte	0x96
 611 048c F2000000 		.4byte	0xf2
 612 0490 10       		.uleb128 0x10
 613 0491 50000000 		.4byte	.LASF73
 614 0495 05       		.byte	0x5
 615 0496 9D       		.byte	0x9d
 616 0497 F2000000 		.4byte	0xf2
 617 049b 10       		.uleb128 0x10
 618 049c 9C040000 		.4byte	.LASF74
 619 04a0 05       		.byte	0x5
 620 04a1 A4       		.byte	0xa4
 621 04a2 7C020000 		.4byte	0x27c
 622 04a6 10       		.uleb128 0x10
 623 04a7 A4030000 		.4byte	.LASF75
 624 04ab 05       		.byte	0x5
 625 04ac AB       		.byte	0xab
 626 04ad FD000000 		.4byte	0xfd
 627 04b1 00       		.byte	0
ARM GAS  /var/folders/3j/4xdnk5197cv_b7cw3n33qk7r0000gn/T//cc4TZmnR.s 			page 12


 628 04b2 0A       		.uleb128 0xa
 629 04b3 04       		.byte	0x4
 630 04b4 BF040000 		.4byte	0x4bf
 631 04b8 03       		.uleb128 0x3
 632 04b9 01       		.byte	0x1
 633 04ba 08       		.byte	0x8
 634 04bb 1C040000 		.4byte	.LASF76
 635 04bf 11       		.uleb128 0x11
 636 04c0 B8040000 		.4byte	0x4b8
 637 04c4 0A       		.uleb128 0xa
 638 04c5 04       		.byte	0x4
 639 04c6 72040000 		.4byte	0x472
 640 04ca 09       		.uleb128 0x9
 641 04cb 16       		.byte	0x16
 642 04cc 0A       		.byte	0xa
 643 04cd 25       		.byte	0x25
 644 04ce AB050000 		.4byte	0x5ab
 645 04d2 07       		.uleb128 0x7
 646 04d3 F1010000 		.4byte	.LASF77
 647 04d7 0A       		.byte	0xa
 648 04d8 26       		.byte	0x26
 649 04d9 AB050000 		.4byte	0x5ab
 650 04dd 00       		.byte	0
 651 04de 07       		.uleb128 0x7
 652 04df 59020000 		.4byte	.LASF78
 653 04e3 0A       		.byte	0xa
 654 04e4 27       		.byte	0x27
 655 04e5 8F000000 		.4byte	0x8f
 656 04e9 04       		.byte	0x4
 657 04ea 07       		.uleb128 0x7
 658 04eb CC020000 		.4byte	.LASF79
 659 04ef 0A       		.byte	0xa
 660 04f0 28       		.byte	0x28
 661 04f1 8F000000 		.4byte	0x8f
 662 04f5 05       		.byte	0x5
 663 04f6 07       		.uleb128 0x7
 664 04f7 B5040000 		.4byte	.LASF80
 665 04fb 0A       		.byte	0xa
 666 04fc 29       		.byte	0x29
 667 04fd 9A000000 		.4byte	0x9a
 668 0501 06       		.byte	0x6
 669 0502 07       		.uleb128 0x7
 670 0503 EE020000 		.4byte	.LASF81
 671 0507 0A       		.byte	0xa
 672 0508 2A       		.byte	0x2a
 673 0509 8F000000 		.4byte	0x8f
 674 050d 08       		.byte	0x8
 675 050e 07       		.uleb128 0x7
 676 050f 99020000 		.4byte	.LASF82
 677 0513 0A       		.byte	0xa
 678 0514 2B       		.byte	0x2b
 679 0515 8F000000 		.4byte	0x8f
 680 0519 09       		.byte	0x9
 681 051a 07       		.uleb128 0x7
 682 051b 42000000 		.4byte	.LASF83
 683 051f 0A       		.byte	0xa
 684 0520 2C       		.byte	0x2c
ARM GAS  /var/folders/3j/4xdnk5197cv_b7cw3n33qk7r0000gn/T//cc4TZmnR.s 			page 13


 685 0521 8F000000 		.4byte	0x8f
 686 0525 0A       		.byte	0xa
 687 0526 07       		.uleb128 0x7
 688 0527 F1030000 		.4byte	.LASF84
 689 052b 0A       		.byte	0xa
 690 052c 2D       		.byte	0x2d
 691 052d 8F000000 		.4byte	0x8f
 692 0531 0B       		.byte	0xb
 693 0532 07       		.uleb128 0x7
 694 0533 72040000 		.4byte	.LASF85
 695 0537 0A       		.byte	0xa
 696 0538 2E       		.byte	0x2e
 697 0539 8F000000 		.4byte	0x8f
 698 053d 0C       		.byte	0xc
 699 053e 07       		.uleb128 0x7
 700 053f D0030000 		.4byte	.LASF86
 701 0543 0A       		.byte	0xa
 702 0544 2F       		.byte	0x2f
 703 0545 8F000000 		.4byte	0x8f
 704 0549 0D       		.byte	0xd
 705 054a 07       		.uleb128 0x7
 706 054b 00000000 		.4byte	.LASF87
 707 054f 0A       		.byte	0xa
 708 0550 30       		.byte	0x30
 709 0551 8F000000 		.4byte	0x8f
 710 0555 0E       		.byte	0xe
 711 0556 07       		.uleb128 0x7
 712 0557 A5020000 		.4byte	.LASF88
 713 055b 0A       		.byte	0xa
 714 055c 31       		.byte	0x31
 715 055d 8F000000 		.4byte	0x8f
 716 0561 0F       		.byte	0xf
 717 0562 07       		.uleb128 0x7
 718 0563 87000000 		.4byte	.LASF89
 719 0567 0A       		.byte	0xa
 720 0568 32       		.byte	0x32
 721 0569 8F000000 		.4byte	0x8f
 722 056d 10       		.byte	0x10
 723 056e 07       		.uleb128 0x7
 724 056f 60000000 		.4byte	.LASF90
 725 0573 0A       		.byte	0xa
 726 0574 34       		.byte	0x34
 727 0575 8F000000 		.4byte	0x8f
 728 0579 11       		.byte	0x11
 729 057a 07       		.uleb128 0x7
 730 057b 97000000 		.4byte	.LASF91
 731 057f 0A       		.byte	0xa
 732 0580 35       		.byte	0x35
 733 0581 8F000000 		.4byte	0x8f
 734 0585 12       		.byte	0x12
 735 0586 07       		.uleb128 0x7
 736 0587 61020000 		.4byte	.LASF92
 737 058b 0A       		.byte	0xa
 738 058c 36       		.byte	0x36
 739 058d 8F000000 		.4byte	0x8f
 740 0591 13       		.byte	0x13
 741 0592 07       		.uleb128 0x7
ARM GAS  /var/folders/3j/4xdnk5197cv_b7cw3n33qk7r0000gn/T//cc4TZmnR.s 			page 14


 742 0593 B2030000 		.4byte	.LASF93
 743 0597 0A       		.byte	0xa
 744 0598 37       		.byte	0x37
 745 0599 8F000000 		.4byte	0x8f
 746 059d 14       		.byte	0x14
 747 059e 07       		.uleb128 0x7
 748 059f 91030000 		.4byte	.LASF94
 749 05a3 0A       		.byte	0xa
 750 05a4 39       		.byte	0x39
 751 05a5 8F000000 		.4byte	0x8f
 752 05a9 15       		.byte	0x15
 753 05aa 00       		.byte	0
 754 05ab 12       		.uleb128 0x12
 755 05ac B8040000 		.4byte	0x4b8
 756 05b0 BB050000 		.4byte	0x5bb
 757 05b4 13       		.uleb128 0x13
 758 05b5 24000000 		.4byte	0x24
 759 05b9 03       		.byte	0x3
 760 05ba 00       		.byte	0
 761 05bb 04       		.uleb128 0x4
 762 05bc 7A010000 		.4byte	.LASF95
 763 05c0 0A       		.byte	0xa
 764 05c1 3A       		.byte	0x3a
 765 05c2 CA040000 		.4byte	0x4ca
 766 05c6 11       		.uleb128 0x11
 767 05c7 BB050000 		.4byte	0x5bb
 768 05cb 0E       		.uleb128 0xe
 769 05cc DF010000 		.4byte	.LASF96
 770 05d0 0A       		.byte	0xa
 771 05d1 77       		.byte	0x77
 772 05d2 C6050000 		.4byte	0x5c6
 773 05d6 12       		.uleb128 0x12
 774 05d7 66020000 		.4byte	0x266
 775 05db E6050000 		.4byte	0x5e6
 776 05df 13       		.uleb128 0x13
 777 05e0 24000000 		.4byte	0x24
 778 05e4 26       		.byte	0x26
 779 05e5 00       		.byte	0
 780 05e6 0E       		.uleb128 0xe
 781 05e7 8C010000 		.4byte	.LASF97
 782 05eb 0B       		.byte	0xb
 783 05ec 82       		.byte	0x82
 784 05ed D6050000 		.4byte	0x5d6
 785 05f1 00       		.byte	0
 786              		.section	.debug_abbrev,"",%progbits
 787              	.Ldebug_abbrev0:
 788 0000 01       		.uleb128 0x1
 789 0001 11       		.uleb128 0x11
 790 0002 01       		.byte	0x1
 791 0003 25       		.uleb128 0x25
 792 0004 0E       		.uleb128 0xe
 793 0005 13       		.uleb128 0x13
 794 0006 0B       		.uleb128 0xb
 795 0007 03       		.uleb128 0x3
 796 0008 0E       		.uleb128 0xe
 797 0009 1B       		.uleb128 0x1b
 798 000a 0E       		.uleb128 0xe
ARM GAS  /var/folders/3j/4xdnk5197cv_b7cw3n33qk7r0000gn/T//cc4TZmnR.s 			page 15


 799 000b 10       		.uleb128 0x10
 800 000c 17       		.uleb128 0x17
 801 000d 00       		.byte	0
 802 000e 00       		.byte	0
 803 000f 02       		.uleb128 0x2
 804 0010 24       		.uleb128 0x24
 805 0011 00       		.byte	0
 806 0012 0B       		.uleb128 0xb
 807 0013 0B       		.uleb128 0xb
 808 0014 3E       		.uleb128 0x3e
 809 0015 0B       		.uleb128 0xb
 810 0016 03       		.uleb128 0x3
 811 0017 08       		.uleb128 0x8
 812 0018 00       		.byte	0
 813 0019 00       		.byte	0
 814 001a 03       		.uleb128 0x3
 815 001b 24       		.uleb128 0x24
 816 001c 00       		.byte	0
 817 001d 0B       		.uleb128 0xb
 818 001e 0B       		.uleb128 0xb
 819 001f 3E       		.uleb128 0x3e
 820 0020 0B       		.uleb128 0xb
 821 0021 03       		.uleb128 0x3
 822 0022 0E       		.uleb128 0xe
 823 0023 00       		.byte	0
 824 0024 00       		.byte	0
 825 0025 04       		.uleb128 0x4
 826 0026 16       		.uleb128 0x16
 827 0027 00       		.byte	0
 828 0028 03       		.uleb128 0x3
 829 0029 0E       		.uleb128 0xe
 830 002a 3A       		.uleb128 0x3a
 831 002b 0B       		.uleb128 0xb
 832 002c 3B       		.uleb128 0x3b
 833 002d 0B       		.uleb128 0xb
 834 002e 49       		.uleb128 0x49
 835 002f 13       		.uleb128 0x13
 836 0030 00       		.byte	0
 837 0031 00       		.byte	0
 838 0032 05       		.uleb128 0x5
 839 0033 35       		.uleb128 0x35
 840 0034 00       		.byte	0
 841 0035 49       		.uleb128 0x49
 842 0036 13       		.uleb128 0x13
 843 0037 00       		.byte	0
 844 0038 00       		.byte	0
 845 0039 06       		.uleb128 0x6
 846 003a 13       		.uleb128 0x13
 847 003b 01       		.byte	0x1
 848 003c 03       		.uleb128 0x3
 849 003d 0E       		.uleb128 0xe
 850 003e 0B       		.uleb128 0xb
 851 003f 0B       		.uleb128 0xb
 852 0040 3A       		.uleb128 0x3a
 853 0041 0B       		.uleb128 0xb
 854 0042 3B       		.uleb128 0x3b
 855 0043 0B       		.uleb128 0xb
ARM GAS  /var/folders/3j/4xdnk5197cv_b7cw3n33qk7r0000gn/T//cc4TZmnR.s 			page 16


 856 0044 01       		.uleb128 0x1
 857 0045 13       		.uleb128 0x13
 858 0046 00       		.byte	0
 859 0047 00       		.byte	0
 860 0048 07       		.uleb128 0x7
 861 0049 0D       		.uleb128 0xd
 862 004a 00       		.byte	0
 863 004b 03       		.uleb128 0x3
 864 004c 0E       		.uleb128 0xe
 865 004d 3A       		.uleb128 0x3a
 866 004e 0B       		.uleb128 0xb
 867 004f 3B       		.uleb128 0x3b
 868 0050 0B       		.uleb128 0xb
 869 0051 49       		.uleb128 0x49
 870 0052 13       		.uleb128 0x13
 871 0053 38       		.uleb128 0x38
 872 0054 0B       		.uleb128 0xb
 873 0055 00       		.byte	0
 874 0056 00       		.byte	0
 875 0057 08       		.uleb128 0x8
 876 0058 0D       		.uleb128 0xd
 877 0059 00       		.byte	0
 878 005a 03       		.uleb128 0x3
 879 005b 08       		.uleb128 0x8
 880 005c 3A       		.uleb128 0x3a
 881 005d 0B       		.uleb128 0xb
 882 005e 3B       		.uleb128 0x3b
 883 005f 0B       		.uleb128 0xb
 884 0060 49       		.uleb128 0x49
 885 0061 13       		.uleb128 0x13
 886 0062 38       		.uleb128 0x38
 887 0063 0B       		.uleb128 0xb
 888 0064 00       		.byte	0
 889 0065 00       		.byte	0
 890 0066 09       		.uleb128 0x9
 891 0067 13       		.uleb128 0x13
 892 0068 01       		.byte	0x1
 893 0069 0B       		.uleb128 0xb
 894 006a 0B       		.uleb128 0xb
 895 006b 3A       		.uleb128 0x3a
 896 006c 0B       		.uleb128 0xb
 897 006d 3B       		.uleb128 0x3b
 898 006e 0B       		.uleb128 0xb
 899 006f 01       		.uleb128 0x1
 900 0070 13       		.uleb128 0x13
 901 0071 00       		.byte	0
 902 0072 00       		.byte	0
 903 0073 0A       		.uleb128 0xa
 904 0074 0F       		.uleb128 0xf
 905 0075 00       		.byte	0
 906 0076 0B       		.uleb128 0xb
 907 0077 0B       		.uleb128 0xb
 908 0078 49       		.uleb128 0x49
 909 0079 13       		.uleb128 0x13
 910 007a 00       		.byte	0
 911 007b 00       		.byte	0
 912 007c 0B       		.uleb128 0xb
ARM GAS  /var/folders/3j/4xdnk5197cv_b7cw3n33qk7r0000gn/T//cc4TZmnR.s 			page 17


 913 007d 0F       		.uleb128 0xf
 914 007e 00       		.byte	0
 915 007f 0B       		.uleb128 0xb
 916 0080 0B       		.uleb128 0xb
 917 0081 00       		.byte	0
 918 0082 00       		.byte	0
 919 0083 0C       		.uleb128 0xc
 920 0084 15       		.uleb128 0x15
 921 0085 01       		.byte	0x1
 922 0086 27       		.uleb128 0x27
 923 0087 19       		.uleb128 0x19
 924 0088 01       		.uleb128 0x1
 925 0089 13       		.uleb128 0x13
 926 008a 00       		.byte	0
 927 008b 00       		.byte	0
 928 008c 0D       		.uleb128 0xd
 929 008d 05       		.uleb128 0x5
 930 008e 00       		.byte	0
 931 008f 49       		.uleb128 0x49
 932 0090 13       		.uleb128 0x13
 933 0091 00       		.byte	0
 934 0092 00       		.byte	0
 935 0093 0E       		.uleb128 0xe
 936 0094 34       		.uleb128 0x34
 937 0095 00       		.byte	0
 938 0096 03       		.uleb128 0x3
 939 0097 0E       		.uleb128 0xe
 940 0098 3A       		.uleb128 0x3a
 941 0099 0B       		.uleb128 0xb
 942 009a 3B       		.uleb128 0x3b
 943 009b 0B       		.uleb128 0xb
 944 009c 49       		.uleb128 0x49
 945 009d 13       		.uleb128 0x13
 946 009e 3F       		.uleb128 0x3f
 947 009f 19       		.uleb128 0x19
 948 00a0 3C       		.uleb128 0x3c
 949 00a1 19       		.uleb128 0x19
 950 00a2 00       		.byte	0
 951 00a3 00       		.byte	0
 952 00a4 0F       		.uleb128 0xf
 953 00a5 17       		.uleb128 0x17
 954 00a6 01       		.byte	0x1
 955 00a7 0B       		.uleb128 0xb
 956 00a8 0B       		.uleb128 0xb
 957 00a9 3A       		.uleb128 0x3a
 958 00aa 0B       		.uleb128 0xb
 959 00ab 3B       		.uleb128 0x3b
 960 00ac 0B       		.uleb128 0xb
 961 00ad 01       		.uleb128 0x1
 962 00ae 13       		.uleb128 0x13
 963 00af 00       		.byte	0
 964 00b0 00       		.byte	0
 965 00b1 10       		.uleb128 0x10
 966 00b2 0D       		.uleb128 0xd
 967 00b3 00       		.byte	0
 968 00b4 03       		.uleb128 0x3
 969 00b5 0E       		.uleb128 0xe
ARM GAS  /var/folders/3j/4xdnk5197cv_b7cw3n33qk7r0000gn/T//cc4TZmnR.s 			page 18


 970 00b6 3A       		.uleb128 0x3a
 971 00b7 0B       		.uleb128 0xb
 972 00b8 3B       		.uleb128 0x3b
 973 00b9 0B       		.uleb128 0xb
 974 00ba 49       		.uleb128 0x49
 975 00bb 13       		.uleb128 0x13
 976 00bc 00       		.byte	0
 977 00bd 00       		.byte	0
 978 00be 11       		.uleb128 0x11
 979 00bf 26       		.uleb128 0x26
 980 00c0 00       		.byte	0
 981 00c1 49       		.uleb128 0x49
 982 00c2 13       		.uleb128 0x13
 983 00c3 00       		.byte	0
 984 00c4 00       		.byte	0
 985 00c5 12       		.uleb128 0x12
 986 00c6 01       		.uleb128 0x1
 987 00c7 01       		.byte	0x1
 988 00c8 49       		.uleb128 0x49
 989 00c9 13       		.uleb128 0x13
 990 00ca 01       		.uleb128 0x1
 991 00cb 13       		.uleb128 0x13
 992 00cc 00       		.byte	0
 993 00cd 00       		.byte	0
 994 00ce 13       		.uleb128 0x13
 995 00cf 21       		.uleb128 0x21
 996 00d0 00       		.byte	0
 997 00d1 49       		.uleb128 0x49
 998 00d2 13       		.uleb128 0x13
 999 00d3 2F       		.uleb128 0x2f
 1000 00d4 0B       		.uleb128 0xb
 1001 00d5 00       		.byte	0
 1002 00d6 00       		.byte	0
 1003 00d7 00       		.byte	0
 1004              		.section	.debug_aranges,"",%progbits
 1005 0000 14000000 		.4byte	0x14
 1006 0004 0200     		.2byte	0x2
 1007 0006 00000000 		.4byte	.Ldebug_info0
 1008 000a 04       		.byte	0x4
 1009 000b 00       		.byte	0
 1010 000c 0000     		.2byte	0
 1011 000e 0000     		.2byte	0
 1012 0010 00000000 		.4byte	0
 1013 0014 00000000 		.4byte	0
 1014              		.section	.debug_line,"",%progbits
 1015              	.Ldebug_line0:
 1016 0000 65010000 		.section	.debug_str,"MS",%progbits,1
 1016      02005F01 
 1016      00000201 
 1016      FB0E0D00 
 1016      01010101 
 1017              	.LASF87:
 1018 0000 63665F6F 		.ascii	"cf_off_older\000"
 1018      66665F6F 
 1018      6C646572 
 1018      00
 1019              	.LASF40:
ARM GAS  /var/folders/3j/4xdnk5197cv_b7cw3n33qk7r0000gn/T//cc4TZmnR.s 			page 19


 1020 000d 705F6D73 		.ascii	"p_msg\000"
 1020      6700
 1021              	.LASF72:
 1022 0013 7264796D 		.ascii	"rdymsg\000"
 1022      736700
 1023              	.LASF4:
 1024 001a 5F5F7569 		.ascii	"__uint8_t\000"
 1024      6E74385F 
 1024      7400
 1025              	.LASF66:
 1026 0024 76746C69 		.ascii	"vtlist\000"
 1026      737400
 1027              	.LASF12:
 1028 002b 6C6F6E67 		.ascii	"long long unsigned int\000"
 1028      206C6F6E 
 1028      6720756E 
 1028      7369676E 
 1028      65642069 
 1029              	.LASF83:
 1030 0042 63685F74 		.ascii	"ch_threadsize\000"
 1030      68726561 
 1030      6473697A 
 1030      6500
 1031              	.LASF73:
 1032 0050 65786974 		.ascii	"exitcode\000"
 1032      636F6465 
 1032      00
 1033              	.LASF28:
 1034 0059 705F7072 		.ascii	"p_prio\000"
 1034      696F00
 1035              	.LASF90:
 1036 0060 63665F6F 		.ascii	"cf_off_state\000"
 1036      66665F73 
 1036      74617465 
 1036      00
 1037              	.LASF11:
 1038 006d 6C6F6E67 		.ascii	"long long int\000"
 1038      206C6F6E 
 1038      6720696E 
 1038      7400
 1039              	.LASF1:
 1040 007b 7369676E 		.ascii	"signed char\000"
 1040      65642063 
 1040      68617200 
 1041              	.LASF89:
 1042 0087 63665F6F 		.ascii	"cf_off_stklimit\000"
 1042      66665F73 
 1042      746B6C69 
 1042      6D697400 
 1043              	.LASF91:
 1044 0097 63665F6F 		.ascii	"cf_off_flags\000"
 1044      66665F66 
 1044      6C616773 
 1044      00
 1045              	.LASF69:
 1046 00a4 6D5F7175 		.ascii	"m_queue\000"
 1046      65756500 
ARM GAS  /var/folders/3j/4xdnk5197cv_b7cw3n33qk7r0000gn/T//cc4TZmnR.s 			page 20


 1047              	.LASF98:
 1048 00ac 474E5520 		.ascii	"GNU C11 7.3.1 20180622 (release) [ARM/embedded-7-br"
 1048      43313120 
 1048      372E332E 
 1048      31203230 
 1048      31383036 
 1049 00df 616E6368 		.ascii	"anch revision 261907] -mcpu=arm1176jz-s -mno-thumb-"
 1049      20726576 
 1049      6973696F 
 1049      6E203236 
 1049      31393037 
 1050 0112 696E7465 		.ascii	"interwork -ggdb -O2 -fomit-frame-pointer -ffunction"
 1050      72776F72 
 1050      6B202D67 
 1050      67646220 
 1050      2D4F3220 
 1051 0145 2D736563 		.ascii	"-sections -fdata-sections\000"
 1051      74696F6E 
 1051      73202D66 
 1051      64617461 
 1051      2D736563 
 1052              	.LASF8:
 1053 015f 6C6F6E67 		.ascii	"long int\000"
 1053      20696E74 
 1053      00
 1054              	.LASF18:
 1055 0168 74737461 		.ascii	"tstate_t\000"
 1055      74655F74 
 1055      00
 1056              	.LASF14:
 1057 0171 75696E74 		.ascii	"uint16_t\000"
 1057      31365F74 
 1057      00
 1058              	.LASF95:
 1059 017a 63686465 		.ascii	"chdebug_t\000"
 1059      6275675F 
 1059      7400
 1060              	.LASF30:
 1061 0184 705F6E65 		.ascii	"p_newer\000"
 1061      77657200 
 1062              	.LASF97:
 1063 018c 5F69646C 		.ascii	"_idle_thread_wa\000"
 1063      655F7468 
 1063      72656164 
 1063      5F776100 
 1064              	.LASF9:
 1065 019c 5F5F7569 		.ascii	"__uint32_t\000"
 1065      6E743332 
 1065      5F7400
 1066              	.LASF47:
 1067 01a7 72656761 		.ascii	"regarm_t\000"
 1067      726D5F74 
 1067      00
 1068              	.LASF53:
 1069 01b0 76745F70 		.ascii	"vt_prev\000"
 1069      72657600 
 1070              	.LASF0:
ARM GAS  /var/folders/3j/4xdnk5197cv_b7cw3n33qk7r0000gn/T//cc4TZmnR.s 			page 21


 1071 01b8 756E7369 		.ascii	"unsigned int\000"
 1071      676E6564 
 1071      20696E74 
 1071      00
 1072              	.LASF52:
 1073 01c5 76745F6E 		.ascii	"vt_next\000"
 1073      65787400 
 1074              	.LASF10:
 1075 01cd 6C6F6E67 		.ascii	"long unsigned int\000"
 1075      20756E73 
 1075      69676E65 
 1075      6420696E 
 1075      7400
 1076              	.LASF96:
 1077 01df 63685F64 		.ascii	"ch_debug\000"
 1077      65627567 
 1077      00
 1078              	.LASF50:
 1079 01e8 76746675 		.ascii	"vtfunc_t\000"
 1079      6E635F74 
 1079      00
 1080              	.LASF77:
 1081 01f1 63685F69 		.ascii	"ch_identifier\000"
 1081      64656E74 
 1081      69666965 
 1081      7200
 1082              	.LASF49:
 1083 01ff 636F6E74 		.ascii	"context\000"
 1083      65787400 
 1084              	.LASF6:
 1085 0207 73686F72 		.ascii	"short unsigned int\000"
 1085      7420756E 
 1085      7369676E 
 1085      65642069 
 1085      6E7400
 1086              	.LASF22:
 1087 021a 6D73675F 		.ascii	"msg_t\000"
 1087      7400
 1088              	.LASF62:
 1089 0220 725F6E65 		.ascii	"r_newer\000"
 1089      77657200 
 1090              	.LASF17:
 1091 0228 746D6F64 		.ascii	"tmode_t\000"
 1091      655F7400 
 1092              	.LASF45:
 1093 0230 54687265 		.ascii	"ThreadsList\000"
 1093      6164734C 
 1093      69737400 
 1094              	.LASF23:
 1095 023c 6576656E 		.ascii	"eventmask_t\000"
 1095      746D6173 
 1095      6B5F7400 
 1096              	.LASF68:
 1097 0248 4D757465 		.ascii	"Mutex\000"
 1097      7800
 1098              	.LASF46:
 1099 024e 73746B61 		.ascii	"stkalign_t\000"
ARM GAS  /var/folders/3j/4xdnk5197cv_b7cw3n33qk7r0000gn/T//cc4TZmnR.s 			page 22


 1099      6C69676E 
 1099      5F7400
 1100              	.LASF78:
 1101 0259 63685F7A 		.ascii	"ch_zero\000"
 1101      65726F00 
 1102              	.LASF92:
 1103 0261 63665F6F 		.ascii	"cf_off_refs\000"
 1103      66665F72 
 1103      65667300 
 1104              	.LASF54:
 1105 026d 76745F74 		.ascii	"vt_time\000"
 1105      696D6500 
 1106              	.LASF99:
 1107 0275 2E2E2F2F 		.ascii	"..//os/kernel/src/chlists.c\000"
 1107      6F732F6B 
 1107      65726E65 
 1107      6C2F7372 
 1107      632F6368 
 1108              	.LASF55:
 1109 0291 76745F66 		.ascii	"vt_func\000"
 1109      756E6300 
 1110              	.LASF82:
 1111 0299 63685F74 		.ascii	"ch_timesize\000"
 1111      696D6573 
 1111      697A6500 
 1112              	.LASF88:
 1113 02a5 63665F6F 		.ascii	"cf_off_name\000"
 1113      66665F6E 
 1113      616D6500 
 1114              	.LASF31:
 1115 02b1 705F6F6C 		.ascii	"p_older\000"
 1115      64657200 
 1116              	.LASF61:
 1117 02b9 725F6374 		.ascii	"r_ctx\000"
 1117      7800
 1118              	.LASF44:
 1119 02bf 54687265 		.ascii	"ThreadsQueue\000"
 1119      61647351 
 1119      75657565 
 1119      00
 1120              	.LASF79:
 1121 02cc 63685F73 		.ascii	"ch_size\000"
 1121      697A6500 
 1122              	.LASF64:
 1123 02d4 725F6375 		.ascii	"r_current\000"
 1123      7272656E 
 1123      7400
 1124              	.LASF63:
 1125 02de 725F6F6C 		.ascii	"r_older\000"
 1125      64657200 
 1126              	.LASF19:
 1127 02e6 74726566 		.ascii	"trefs_t\000"
 1127      735F7400 
 1128              	.LASF81:
 1129 02ee 63685F70 		.ascii	"ch_ptrsize\000"
 1129      74727369 
 1129      7A6500
ARM GAS  /var/folders/3j/4xdnk5197cv_b7cw3n33qk7r0000gn/T//cc4TZmnR.s 			page 23


 1130              	.LASF27:
 1131 02f9 705F7072 		.ascii	"p_prev\000"
 1131      657600
 1132              	.LASF21:
 1133 0300 74707269 		.ascii	"tprio_t\000"
 1133      6F5F7400 
 1134              	.LASF15:
 1135 0308 696E7433 		.ascii	"int32_t\000"
 1135      325F7400 
 1136              	.LASF2:
 1137 0310 756E7369 		.ascii	"unsigned char\000"
 1137      676E6564 
 1137      20636861 
 1137      7200
 1138              	.LASF100:
 1139 031e 2F557365 		.ascii	"/Users/kevinmalmsten/development_raspberry_pi/Chibi"
 1139      72732F6B 
 1139      6576696E 
 1139      6D616C6D 
 1139      7374656E 
 1140 0351 4F532D42 		.ascii	"OS-Backup/__Backup_System\000"
 1140      61636B75 
 1140      702F5F5F 
 1140      4261636B 
 1140      75705F53 
 1141              	.LASF42:
 1142 036b 705F6D74 		.ascii	"p_mtxlist\000"
 1142      786C6973 
 1142      7400
 1143              	.LASF3:
 1144 0375 73686F72 		.ascii	"short int\000"
 1144      7420696E 
 1144      7400
 1145              	.LASF33:
 1146 037f 705F7374 		.ascii	"p_state\000"
 1146      61746500 
 1147              	.LASF36:
 1148 0387 705F7072 		.ascii	"p_preempt\000"
 1148      65656D70 
 1148      7400
 1149              	.LASF94:
 1150 0391 63665F6F 		.ascii	"cf_off_time\000"
 1150      66665F74 
 1150      696D6500 
 1151              	.LASF60:
 1152 039d 725F7072 		.ascii	"r_prio\000"
 1152      696F00
 1153              	.LASF75:
 1154 03a4 65776D61 		.ascii	"ewmask\000"
 1154      736B00
 1155              	.LASF26:
 1156 03ab 705F6E65 		.ascii	"p_next\000"
 1156      787400
 1157              	.LASF93:
 1158 03b2 63665F6F 		.ascii	"cf_off_preempt\000"
 1158      66665F70 
 1158      7265656D 
ARM GAS  /var/folders/3j/4xdnk5197cv_b7cw3n33qk7r0000gn/T//cc4TZmnR.s 			page 24


 1158      707400
 1159              	.LASF34:
 1160 03c1 705F666C 		.ascii	"p_flags\000"
 1160      61677300 
 1161              	.LASF25:
 1162 03c9 54687265 		.ascii	"Thread\000"
 1162      616400
 1163              	.LASF86:
 1164 03d0 63665F6F 		.ascii	"cf_off_newer\000"
 1164      66665F6E 
 1164      65776572 
 1164      00
 1165              	.LASF41:
 1166 03dd 705F6570 		.ascii	"p_epending\000"
 1166      656E6469 
 1166      6E6700
 1167              	.LASF16:
 1168 03e8 75696E74 		.ascii	"uint32_t\000"
 1168      33325F74 
 1168      00
 1169              	.LASF84:
 1170 03f1 63665F6F 		.ascii	"cf_off_prio\000"
 1170      66665F70 
 1170      72696F00 
 1171              	.LASF59:
 1172 03fd 725F7175 		.ascii	"r_queue\000"
 1172      65756500 
 1173              	.LASF51:
 1174 0405 56697274 		.ascii	"VirtualTimer\000"
 1174      75616C54 
 1174      696D6572 
 1174      00
 1175              	.LASF20:
 1176 0412 74736C69 		.ascii	"tslices_t\000"
 1176      6365735F 
 1176      7400
 1177              	.LASF76:
 1178 041c 63686172 		.ascii	"char\000"
 1178      00
 1179              	.LASF5:
 1180 0421 5F5F7569 		.ascii	"__uint16_t\000"
 1180      6E743136 
 1180      5F7400
 1181              	.LASF71:
 1182 042c 6D5F6E65 		.ascii	"m_next\000"
 1182      787400
 1183              	.LASF24:
 1184 0433 73797374 		.ascii	"systime_t\000"
 1184      696D655F 
 1184      7400
 1185              	.LASF43:
 1186 043d 705F7265 		.ascii	"p_realprio\000"
 1186      616C7072 
 1186      696F00
 1187              	.LASF7:
 1188 0448 5F5F696E 		.ascii	"__int32_t\000"
 1188      7433325F 
ARM GAS  /var/folders/3j/4xdnk5197cv_b7cw3n33qk7r0000gn/T//cc4TZmnR.s 			page 25


 1188      7400
 1189              	.LASF37:
 1190 0452 705F7469 		.ascii	"p_time\000"
 1190      6D6500
 1191              	.LASF48:
 1192 0459 696E7463 		.ascii	"intctx\000"
 1192      747800
 1193              	.LASF39:
 1194 0460 705F6D73 		.ascii	"p_msgqueue\000"
 1194      67717565 
 1194      756500
 1195              	.LASF56:
 1196 046b 76745F70 		.ascii	"vt_par\000"
 1196      617200
 1197              	.LASF85:
 1198 0472 63665F6F 		.ascii	"cf_off_ctx\000"
 1198      66665F63 
 1198      747800
 1199              	.LASF35:
 1200 047d 705F7265 		.ascii	"p_refs\000"
 1200      667300
 1201              	.LASF65:
 1202 0484 52656164 		.ascii	"ReadyList\000"
 1202      794C6973 
 1202      7400
 1203              	.LASF67:
 1204 048e 726C6973 		.ascii	"rlist\000"
 1204      7400
 1205              	.LASF13:
 1206 0494 75696E74 		.ascii	"uint8_t\000"
 1206      385F7400 
 1207              	.LASF74:
 1208 049c 77746F62 		.ascii	"wtobjp\000"
 1208      6A7000
 1209              	.LASF32:
 1210 04a3 705F6E61 		.ascii	"p_name\000"
 1210      6D6500
 1211              	.LASF57:
 1212 04aa 76745F73 		.ascii	"vt_systime\000"
 1212      79737469 
 1212      6D6500
 1213              	.LASF80:
 1214 04b5 63685F76 		.ascii	"ch_version\000"
 1214      65727369 
 1214      6F6E00
 1215              	.LASF58:
 1216 04c0 56544C69 		.ascii	"VTList\000"
 1216      737400
 1217              	.LASF70:
 1218 04c7 6D5F6F77 		.ascii	"m_owner\000"
 1218      6E657200 
 1219              	.LASF29:
 1220 04cf 705F6374 		.ascii	"p_ctx\000"
 1220      7800
 1221              	.LASF38:
 1222 04d5 705F7761 		.ascii	"p_waiting\000"
 1222      6974696E 
ARM GAS  /var/folders/3j/4xdnk5197cv_b7cw3n33qk7r0000gn/T//cc4TZmnR.s 			page 26


 1222      6700
 1223              		.ident	"GCC: (GNU Tools for Arm Embedded Processors 7-2018-q2-update) 7.3.1 20180622 (release) [AR
ARM GAS  /var/folders/3j/4xdnk5197cv_b7cw3n33qk7r0000gn/T//cc4TZmnR.s 			page 27


DEFINED SYMBOLS
                            *ABS*:0000000000000000 chlists.c

NO UNDEFINED SYMBOLS
