ARM GAS  /var/folders/3j/4xdnk5197cv_b7cw3n33qk7r0000gn/T//ccOkH32v.s 			page 1


   1              		.cpu arm1176jz-s
   2              		.eabi_attribute 20, 1
   3              		.eabi_attribute 21, 1
   4              		.eabi_attribute 23, 3
   5              		.eabi_attribute 24, 1
   6              		.eabi_attribute 25, 1
   7              		.eabi_attribute 26, 1
   8              		.eabi_attribute 30, 2
   9              		.eabi_attribute 34, 1
  10              		.eabi_attribute 18, 4
  11              		.file	"chmemcore.c"
  12              		.text
  13              	.Ltext0:
  14              		.cfi_sections	.debug_frame
  15              		.section	.text._core_init,"ax",%progbits
  16              		.align	2
  17              		.global	_core_init
  18              		.syntax unified
  19              		.arm
  20              		.fpu softvfp
  21              		.type	_core_init, %function
  22              	_core_init:
  23              	.LFB7:
  24              		.file 1 "..//os/kernel/src/chmemcore.c"
  25              		.loc 1 59 0
  26              		.cfi_startproc
  27              		@ args = 0, pretend = 0, frame = 0
  28              		@ frame_needed = 0, uses_anonymous_args = 0
  29              		@ link register save eliminated.
  30              		.loc 1 63 0
  31 0000 1C209FE5 		ldr	r2, .L3
  32              		.loc 1 64 0
  33 0004 1C309FE5 		ldr	r3, .L3+4
  34              		.loc 1 63 0
  35 0008 1C009FE5 		ldr	r0, .L3+8
  36              		.loc 1 64 0
  37 000c 1C109FE5 		ldr	r1, .L3+12
  38              		.loc 1 63 0
  39 0010 0320C2E3 		bic	r2, r2, #3
  40              		.loc 1 64 0
  41 0014 0330C3E3 		bic	r3, r3, #3
  42              		.loc 1 63 0
  43 0018 002080E5 		str	r2, [r0]
  44              		.loc 1 64 0
  45 001c 003081E5 		str	r3, [r1]
  46              		.loc 1 70 0
  47 0020 1EFF2FE1 		bx	lr
  48              	.L4:
  49              		.align	2
  50              	.L3:
  51 0024 03000000 		.word	__heap_base__+3
  52 0028 00000000 		.word	__heap_end__
  53 002c 00000000 		.word	.LANCHOR0
  54 0030 00000000 		.word	.LANCHOR1
  55              		.cfi_endproc
  56              	.LFE7:
  57              		.size	_core_init, .-_core_init
ARM GAS  /var/folders/3j/4xdnk5197cv_b7cw3n33qk7r0000gn/T//ccOkH32v.s 			page 2


  58              		.section	.text.chCoreAlloc,"ax",%progbits
  59              		.align	2
  60              		.global	chCoreAlloc
  61              		.syntax unified
  62              		.arm
  63              		.fpu softvfp
  64              		.type	chCoreAlloc, %function
  65              	chCoreAlloc:
  66              	.LFB8:
  67              		.loc 1 84 0
  68              		.cfi_startproc
  69              		@ args = 0, pretend = 0, frame = 0
  70              		@ frame_needed = 0, uses_anonymous_args = 0
  71              		@ link register save eliminated.
  72              	.LVL0:
  73              		.loc 1 84 0
  74 0000 0030A0E1 		mov	r3, r0
  75              		.loc 1 87 0
  76              		.syntax divided
  77              	@ 87 "..//os/kernel/src/chmemcore.c" 1
  78 0004 9FF021E3 		msr     CPSR_c, #0x9F
  79              	@ 0 "" 2
  80              	.LVL1:
  81              		.arm
  82              		.syntax unified
  83              	.LBB4:
  84              	.LBB5:
  85              		.loc 1 111 0
  86 0008 2C109FE5 		ldr	r1, .L8
  87 000c 2C209FE5 		ldr	r2, .L8+4
  88 0010 000091E5 		ldr	r0, [r1]
  89              	.LVL2:
  90 0014 002092E5 		ldr	r2, [r2]
  91              		.loc 1 110 0
  92 0018 033083E2 		add	r3, r3, #3
  93              	.LVL3:
  94 001c 0330C3E3 		bic	r3, r3, #3
  95              	.LVL4:
  96              		.loc 1 111 0
  97 0020 002042E0 		sub	r2, r2, r0
  98 0024 020053E1 		cmp	r3, r2
  99              	.LVL5:
 100              		.loc 1 114 0
 101 0028 03308090 		addls	r3, r0, r3
 102              	.LVL6:
 103 002c 00308195 		strls	r3, [r1]
 104              		.loc 1 112 0
 105 0030 0000A083 		movhi	r0, #0
 106              	.LVL7:
 107              	.LBE5:
 108              	.LBE4:
 109              		.loc 1 89 0
 110              		.syntax divided
 111              	@ 89 "..//os/kernel/src/chmemcore.c" 1
 112 0034 1FF021E3 		msr     CPSR_c, #0x1F
 113              	@ 0 "" 2
 114              		.loc 1 91 0
ARM GAS  /var/folders/3j/4xdnk5197cv_b7cw3n33qk7r0000gn/T//ccOkH32v.s 			page 3


 115              		.arm
 116              		.syntax unified
 117 0038 1EFF2FE1 		bx	lr
 118              	.L9:
 119              		.align	2
 120              	.L8:
 121 003c 00000000 		.word	.LANCHOR0
 122 0040 00000000 		.word	.LANCHOR1
 123              		.cfi_endproc
 124              	.LFE8:
 125              		.size	chCoreAlloc, .-chCoreAlloc
 126              		.section	.text.chCoreAllocI,"ax",%progbits
 127              		.align	2
 128              		.global	chCoreAllocI
 129              		.syntax unified
 130              		.arm
 131              		.fpu softvfp
 132              		.type	chCoreAllocI, %function
 133              	chCoreAllocI:
 134              	.LFB9:
 135              		.loc 1 105 0
 136              		.cfi_startproc
 137              		@ args = 0, pretend = 0, frame = 0
 138              		@ frame_needed = 0, uses_anonymous_args = 0
 139              		@ link register save eliminated.
 140              	.LVL8:
 141              		.loc 1 111 0
 142 0000 2C109FE5 		ldr	r1, .L13
 143 0004 2C209FE5 		ldr	r2, .L13+4
 144 0008 003091E5 		ldr	r3, [r1]
 145 000c 002092E5 		ldr	r2, [r2]
 146              		.loc 1 110 0
 147 0010 030080E2 		add	r0, r0, #3
 148              	.LVL9:
 149 0014 0300C0E3 		bic	r0, r0, #3
 150              	.LVL10:
 151              		.loc 1 111 0
 152 0018 032042E0 		sub	r2, r2, r3
 153 001c 000052E1 		cmp	r2, r0
 154              	.LVL11:
 155              		.loc 1 112 0
 156 0020 0030A033 		movcc	r3, #0
 157              	.LVL12:
 158              		.loc 1 114 0
 159 0024 00008320 		addcs	r0, r3, r0
 160              	.LVL13:
 161 0028 00008125 		strcs	r0, [r1]
 162              	.LVL14:
 163              		.loc 1 116 0
 164 002c 0300A0E1 		mov	r0, r3
 165 0030 1EFF2FE1 		bx	lr
 166              	.L14:
 167              		.align	2
 168              	.L13:
 169 0034 00000000 		.word	.LANCHOR0
 170 0038 00000000 		.word	.LANCHOR1
 171              		.cfi_endproc
ARM GAS  /var/folders/3j/4xdnk5197cv_b7cw3n33qk7r0000gn/T//ccOkH32v.s 			page 4


 172              	.LFE9:
 173              		.size	chCoreAllocI, .-chCoreAllocI
 174              		.section	.text.chCoreStatus,"ax",%progbits
 175              		.align	2
 176              		.global	chCoreStatus
 177              		.syntax unified
 178              		.arm
 179              		.fpu softvfp
 180              		.type	chCoreStatus, %function
 181              	chCoreStatus:
 182              	.LFB10:
 183              		.loc 1 125 0
 184              		.cfi_startproc
 185              		@ args = 0, pretend = 0, frame = 0
 186              		@ frame_needed = 0, uses_anonymous_args = 0
 187              		@ link register save eliminated.
 188              		.loc 1 127 0
 189 0000 10209FE5 		ldr	r2, .L16
 190 0004 10309FE5 		ldr	r3, .L16+4
 191 0008 000092E5 		ldr	r0, [r2]
 192 000c 003093E5 		ldr	r3, [r3]
 193              		.loc 1 128 0
 194 0010 030040E0 		sub	r0, r0, r3
 195 0014 1EFF2FE1 		bx	lr
 196              	.L17:
 197              		.align	2
 198              	.L16:
 199 0018 00000000 		.word	.LANCHOR1
 200 001c 00000000 		.word	.LANCHOR0
 201              		.cfi_endproc
 202              	.LFE10:
 203              		.size	chCoreStatus, .-chCoreStatus
 204              		.section	.bss.endmem,"aw",%nobits
 205              		.align	2
 206              		.set	.LANCHOR1,. + 0
 207              		.type	endmem, %object
 208              		.size	endmem, 4
 209              	endmem:
 210 0000 00000000 		.space	4
 211              		.section	.bss.nextmem,"aw",%nobits
 212              		.align	2
 213              		.set	.LANCHOR0,. + 0
 214              		.type	nextmem, %object
 215              		.size	nextmem, 4
 216              	nextmem:
 217 0000 00000000 		.space	4
 218              		.text
 219              	.Letext0:
 220              		.file 2 "/usr/local/Cellar/gcc-arm-none-eabi/20180627/lib/gcc/arm-none-eabi/7.3.1/include/stddef.h
 221              		.file 3 "/usr/local/Cellar/gcc-arm-none-eabi/20180627/arm-none-eabi/include/machine/_default_types
 222              		.file 4 "/usr/local/Cellar/gcc-arm-none-eabi/20180627/arm-none-eabi/include/sys/_stdint.h"
 223              		.file 5 "..//os/ports/GCC/ARM/chtypes.h"
 224              		.file 6 "..//os/kernel/include/chlists.h"
 225              		.file 7 "..//os/kernel/include/chthreads.h"
 226              		.file 8 "..//os/ports/GCC/ARM/chcore.h"
 227              		.file 9 "..//os/kernel/include/chvt.h"
 228              		.file 10 "..//os/kernel/include/chschd.h"
ARM GAS  /var/folders/3j/4xdnk5197cv_b7cw3n33qk7r0000gn/T//ccOkH32v.s 			page 5


 229              		.file 11 "..//os/kernel/include/chmtx.h"
 230              		.file 12 "..//os/kernel/include/chregistry.h"
 231              		.file 13 "..//os/kernel/include/ch.h"
 232              		.section	.debug_info,"",%progbits
 233              	.Ldebug_info0:
 234 0000 1A070000 		.4byte	0x71a
 235 0004 0400     		.2byte	0x4
 236 0006 00000000 		.4byte	.Ldebug_abbrev0
 237 000a 04       		.byte	0x4
 238 000b 01       		.uleb128 0x1
 239 000c 3D010000 		.4byte	.LASF103
 240 0010 0C       		.byte	0xc
 241 0011 BF000000 		.4byte	.LASF104
 242 0015 00000000 		.4byte	.LASF105
 243 0019 00000000 		.4byte	.Ldebug_ranges0+0
 244 001d 00000000 		.4byte	0
 245 0021 00000000 		.4byte	.Ldebug_line0
 246 0025 02       		.uleb128 0x2
 247 0026 04       		.byte	0x4
 248 0027 05       		.byte	0x5
 249 0028 696E7400 		.ascii	"int\000"
 250 002c 03       		.uleb128 0x3
 251 002d 66000000 		.4byte	.LASF2
 252 0031 02       		.byte	0x2
 253 0032 D8       		.byte	0xd8
 254 0033 37000000 		.4byte	0x37
 255 0037 04       		.uleb128 0x4
 256 0038 04       		.byte	0x4
 257 0039 07       		.byte	0x7
 258 003a 56020000 		.4byte	.LASF0
 259 003e 04       		.uleb128 0x4
 260 003f 01       		.byte	0x1
 261 0040 06       		.byte	0x6
 262 0041 0C010000 		.4byte	.LASF1
 263 0045 03       		.uleb128 0x3
 264 0046 80000000 		.4byte	.LASF3
 265 004a 03       		.byte	0x3
 266 004b 2B       		.byte	0x2b
 267 004c 50000000 		.4byte	0x50
 268 0050 04       		.uleb128 0x4
 269 0051 01       		.byte	0x1
 270 0052 08       		.byte	0x8
 271 0053 9E030000 		.4byte	.LASF4
 272 0057 04       		.uleb128 0x4
 273 0058 02       		.byte	0x2
 274 0059 05       		.byte	0x5
 275 005a C1030000 		.4byte	.LASF5
 276 005e 03       		.uleb128 0x3
 277 005f 7A040000 		.4byte	.LASF6
 278 0063 03       		.byte	0x3
 279 0064 39       		.byte	0x39
 280 0065 69000000 		.4byte	0x69
 281 0069 04       		.uleb128 0x4
 282 006a 02       		.byte	0x2
 283 006b 07       		.byte	0x7
 284 006c AA020000 		.4byte	.LASF7
 285 0070 03       		.uleb128 0x3
ARM GAS  /var/folders/3j/4xdnk5197cv_b7cw3n33qk7r0000gn/T//ccOkH32v.s 			page 6


 286 0071 A9040000 		.4byte	.LASF8
 287 0075 03       		.byte	0x3
 288 0076 4D       		.byte	0x4d
 289 0077 7B000000 		.4byte	0x7b
 290 007b 04       		.uleb128 0x4
 291 007c 04       		.byte	0x4
 292 007d 05       		.byte	0x5
 293 007e F0010000 		.4byte	.LASF9
 294 0082 03       		.uleb128 0x3
 295 0083 3A020000 		.4byte	.LASF10
 296 0087 03       		.byte	0x3
 297 0088 4F       		.byte	0x4f
 298 0089 8D000000 		.4byte	0x8d
 299 008d 04       		.uleb128 0x4
 300 008e 04       		.byte	0x4
 301 008f 07       		.byte	0x7
 302 0090 6B020000 		.4byte	.LASF11
 303 0094 04       		.uleb128 0x4
 304 0095 08       		.byte	0x8
 305 0096 05       		.byte	0x5
 306 0097 FE000000 		.4byte	.LASF12
 307 009b 04       		.uleb128 0x4
 308 009c 08       		.byte	0x8
 309 009d 07       		.byte	0x7
 310 009e 91000000 		.4byte	.LASF13
 311 00a2 03       		.uleb128 0x3
 312 00a3 03050000 		.4byte	.LASF14
 313 00a7 04       		.byte	0x4
 314 00a8 18       		.byte	0x18
 315 00a9 45000000 		.4byte	0x45
 316 00ad 03       		.uleb128 0x3
 317 00ae 02020000 		.4byte	.LASF15
 318 00b2 04       		.byte	0x4
 319 00b3 24       		.byte	0x24
 320 00b4 5E000000 		.4byte	0x5e
 321 00b8 03       		.uleb128 0x3
 322 00b9 96030000 		.4byte	.LASF16
 323 00bd 04       		.byte	0x4
 324 00be 2C       		.byte	0x2c
 325 00bf 70000000 		.4byte	0x70
 326 00c3 03       		.uleb128 0x3
 327 00c4 34040000 		.4byte	.LASF17
 328 00c8 04       		.byte	0x4
 329 00c9 30       		.byte	0x30
 330 00ca 82000000 		.4byte	0x82
 331 00ce 03       		.uleb128 0x3
 332 00cf CB020000 		.4byte	.LASF18
 333 00d3 05       		.byte	0x5
 334 00d4 2A       		.byte	0x2a
 335 00d5 A2000000 		.4byte	0xa2
 336 00d9 03       		.uleb128 0x3
 337 00da F9010000 		.4byte	.LASF19
 338 00de 05       		.byte	0x5
 339 00df 2B       		.byte	0x2b
 340 00e0 A2000000 		.4byte	0xa2
 341 00e4 03       		.uleb128 0x3
 342 00e5 74030000 		.4byte	.LASF20
ARM GAS  /var/folders/3j/4xdnk5197cv_b7cw3n33qk7r0000gn/T//ccOkH32v.s 			page 7


 343 00e9 05       		.byte	0x5
 344 00ea 2C       		.byte	0x2c
 345 00eb A2000000 		.4byte	0xa2
 346 00ef 03       		.uleb128 0x3
 347 00f0 5E040000 		.4byte	.LASF21
 348 00f4 05       		.byte	0x5
 349 00f5 2D       		.byte	0x2d
 350 00f6 A2000000 		.4byte	0xa2
 351 00fa 03       		.uleb128 0x3
 352 00fb 8E030000 		.4byte	.LASF22
 353 00ff 05       		.byte	0x5
 354 0100 2E       		.byte	0x2e
 355 0101 C3000000 		.4byte	0xc3
 356 0105 03       		.uleb128 0x3
 357 0106 BD020000 		.4byte	.LASF23
 358 010a 05       		.byte	0x5
 359 010b 2F       		.byte	0x2f
 360 010c B8000000 		.4byte	0xb8
 361 0110 03       		.uleb128 0x3
 362 0111 DF020000 		.4byte	.LASF24
 363 0115 05       		.byte	0x5
 364 0116 31       		.byte	0x31
 365 0117 C3000000 		.4byte	0xc3
 366 011b 03       		.uleb128 0x3
 367 011c 94040000 		.4byte	.LASF25
 368 0120 05       		.byte	0x5
 369 0121 33       		.byte	0x33
 370 0122 C3000000 		.4byte	0xc3
 371 0126 05       		.uleb128 0x5
 372 0127 1B010000 		.4byte	0x11b
 373 012b 03       		.uleb128 0x3
 374 012c 15040000 		.4byte	.LASF26
 375 0130 06       		.byte	0x6
 376 0131 23       		.byte	0x23
 377 0132 36010000 		.4byte	0x136
 378 0136 06       		.uleb128 0x6
 379 0137 15040000 		.4byte	.LASF26
 380 013b 44       		.byte	0x44
 381 013c 07       		.byte	0x7
 382 013d 57       		.byte	0x57
 383 013e 27020000 		.4byte	0x227
 384 0142 07       		.uleb128 0x7
 385 0143 F7030000 		.4byte	.LASF27
 386 0147 07       		.byte	0x7
 387 0148 58       		.byte	0x58
 388 0149 48020000 		.4byte	0x248
 389 014d 00       		.byte	0
 390 014e 07       		.uleb128 0x7
 391 014f 87030000 		.4byte	.LASF28
 392 0153 07       		.byte	0x7
 393 0154 5A       		.byte	0x5a
 394 0155 48020000 		.4byte	0x248
 395 0159 04       		.byte	0x4
 396 015a 07       		.uleb128 0x7
 397 015b EA000000 		.4byte	.LASF29
 398 015f 07       		.byte	0x7
 399 0160 5C       		.byte	0x5c
ARM GAS  /var/folders/3j/4xdnk5197cv_b7cw3n33qk7r0000gn/T//ccOkH32v.s 			page 8


 400 0161 FA000000 		.4byte	0xfa
 401 0165 08       		.byte	0x8
 402 0166 07       		.uleb128 0x7
 403 0167 3E050000 		.4byte	.LASF30
 404 016b 07       		.byte	0x7
 405 016c 5D       		.byte	0x5d
 406 016d 03030000 		.4byte	0x303
 407 0171 0C       		.byte	0xc
 408 0172 07       		.uleb128 0x7
 409 0173 15020000 		.4byte	.LASF31
 410 0177 07       		.byte	0x7
 411 0178 5F       		.byte	0x5f
 412 0179 48020000 		.4byte	0x248
 413 017d 10       		.byte	0x10
 414 017e 07       		.uleb128 0x7
 415 017f 3F030000 		.4byte	.LASF32
 416 0183 07       		.byte	0x7
 417 0184 60       		.byte	0x60
 418 0185 48020000 		.4byte	0x248
 419 0189 14       		.byte	0x14
 420 018a 07       		.uleb128 0x7
 421 018b 12050000 		.4byte	.LASF33
 422 018f 07       		.byte	0x7
 423 0190 67       		.byte	0x67
 424 0191 C5040000 		.4byte	0x4c5
 425 0195 18       		.byte	0x18
 426 0196 07       		.uleb128 0x7
 427 0197 CB030000 		.4byte	.LASF34
 428 019b 07       		.byte	0x7
 429 019c 72       		.byte	0x72
 430 019d D9000000 		.4byte	0xd9
 431 01a1 1C       		.byte	0x1c
 432 01a2 07       		.uleb128 0x7
 433 01a3 0D040000 		.4byte	.LASF35
 434 01a7 07       		.byte	0x7
 435 01a8 76       		.byte	0x76
 436 01a9 CE000000 		.4byte	0xce
 437 01ad 1D       		.byte	0x1d
 438 01ae 07       		.uleb128 0x7
 439 01af EC040000 		.4byte	.LASF36
 440 01b3 07       		.byte	0x7
 441 01b4 7B       		.byte	0x7b
 442 01b5 E4000000 		.4byte	0xe4
 443 01b9 1E       		.byte	0x1e
 444 01ba 07       		.uleb128 0x7
 445 01bb D3030000 		.4byte	.LASF37
 446 01bf 07       		.byte	0x7
 447 01c0 81       		.byte	0x81
 448 01c1 EF000000 		.4byte	0xef
 449 01c5 1F       		.byte	0x1f
 450 01c6 07       		.uleb128 0x7
 451 01c7 B3040000 		.4byte	.LASF38
 452 01cb 07       		.byte	0x7
 453 01cc 88       		.byte	0x88
 454 01cd 26010000 		.4byte	0x126
 455 01d1 20       		.byte	0x20
 456 01d2 08       		.uleb128 0x8
ARM GAS  /var/folders/3j/4xdnk5197cv_b7cw3n33qk7r0000gn/T//ccOkH32v.s 			page 9


 457 01d3 705F7500 		.ascii	"p_u\000"
 458 01d7 07       		.byte	0x7
 459 01d8 AD       		.byte	0xad
 460 01d9 90040000 		.4byte	0x490
 461 01dd 24       		.byte	0x24
 462 01de 07       		.uleb128 0x7
 463 01df 44050000 		.4byte	.LASF39
 464 01e3 07       		.byte	0x7
 465 01e4 B2       		.byte	0xb2
 466 01e5 6E020000 		.4byte	0x26e
 467 01e9 28       		.byte	0x28
 468 01ea 07       		.uleb128 0x7
 469 01eb C1040000 		.4byte	.LASF40
 470 01ef 07       		.byte	0x7
 471 01f0 B8       		.byte	0xb8
 472 01f1 4E020000 		.4byte	0x24e
 473 01f5 2C       		.byte	0x2c
 474 01f6 07       		.uleb128 0x7
 475 01f7 60000000 		.4byte	.LASF41
 476 01fb 07       		.byte	0x7
 477 01fc BC       		.byte	0xbc
 478 01fd 05010000 		.4byte	0x105
 479 0201 34       		.byte	0x34
 480 0202 07       		.uleb128 0x7
 481 0203 29040000 		.4byte	.LASF42
 482 0207 07       		.byte	0x7
 483 0208 C2       		.byte	0xc2
 484 0209 10010000 		.4byte	0x110
 485 020d 38       		.byte	0x38
 486 020e 07       		.uleb128 0x7
 487 020f B7030000 		.4byte	.LASF43
 488 0213 07       		.byte	0x7
 489 0214 C9       		.byte	0xc9
 490 0215 D7040000 		.4byte	0x4d7
 491 0219 3C       		.byte	0x3c
 492 021a 07       		.uleb128 0x7
 493 021b 9E040000 		.4byte	.LASF44
 494 021f 07       		.byte	0x7
 495 0220 CD       		.byte	0xcd
 496 0221 FA000000 		.4byte	0xfa
 497 0225 40       		.byte	0x40
 498 0226 00       		.byte	0
 499 0227 09       		.uleb128 0x9
 500 0228 08       		.byte	0x8
 501 0229 06       		.byte	0x6
 502 022a 5A       		.byte	0x5a
 503 022b 48020000 		.4byte	0x248
 504 022f 07       		.uleb128 0x7
 505 0230 F7030000 		.4byte	.LASF27
 506 0234 06       		.byte	0x6
 507 0235 5B       		.byte	0x5b
 508 0236 48020000 		.4byte	0x248
 509 023a 00       		.byte	0
 510 023b 07       		.uleb128 0x7
 511 023c 87030000 		.4byte	.LASF28
 512 0240 06       		.byte	0x6
 513 0241 5D       		.byte	0x5d
ARM GAS  /var/folders/3j/4xdnk5197cv_b7cw3n33qk7r0000gn/T//ccOkH32v.s 			page 10


 514 0242 48020000 		.4byte	0x248
 515 0246 04       		.byte	0x4
 516 0247 00       		.byte	0
 517 0248 0A       		.uleb128 0xa
 518 0249 04       		.byte	0x4
 519 024a 2B010000 		.4byte	0x12b
 520 024e 03       		.uleb128 0x3
 521 024f 4D030000 		.4byte	.LASF45
 522 0253 06       		.byte	0x6
 523 0254 5F       		.byte	0x5f
 524 0255 27020000 		.4byte	0x227
 525 0259 09       		.uleb128 0x9
 526 025a 04       		.byte	0x4
 527 025b 06       		.byte	0x6
 528 025c 64       		.byte	0x64
 529 025d 6E020000 		.4byte	0x26e
 530 0261 07       		.uleb128 0x7
 531 0262 F7030000 		.4byte	.LASF27
 532 0266 06       		.byte	0x6
 533 0267 66       		.byte	0x66
 534 0268 48020000 		.4byte	0x248
 535 026c 00       		.byte	0
 536 026d 00       		.byte	0
 537 026e 03       		.uleb128 0x3
 538 026f D3020000 		.4byte	.LASF46
 539 0273 06       		.byte	0x6
 540 0274 69       		.byte	0x69
 541 0275 59020000 		.4byte	0x259
 542 0279 03       		.uleb128 0x3
 543 027a F8020000 		.4byte	.LASF47
 544 027e 08       		.byte	0x8
 545 027f 9D       		.byte	0x9d
 546 0280 C3000000 		.4byte	0xc3
 547 0284 03       		.uleb128 0x3
 548 0285 45020000 		.4byte	.LASF48
 549 0289 08       		.byte	0x8
 550 028a A2       		.byte	0xa2
 551 028b 8F020000 		.4byte	0x28f
 552 028f 0B       		.uleb128 0xb
 553 0290 04       		.byte	0x4
 554 0291 06       		.uleb128 0x6
 555 0292 BA040000 		.4byte	.LASF49
 556 0296 24       		.byte	0x24
 557 0297 08       		.byte	0x8
 558 0298 B9       		.byte	0xb9
 559 0299 03030000 		.4byte	0x303
 560 029d 08       		.uleb128 0x8
 561 029e 723400   		.ascii	"r4\000"
 562 02a1 08       		.byte	0x8
 563 02a2 BA       		.byte	0xba
 564 02a3 84020000 		.4byte	0x284
 565 02a7 00       		.byte	0
 566 02a8 08       		.uleb128 0x8
 567 02a9 723500   		.ascii	"r5\000"
 568 02ac 08       		.byte	0x8
 569 02ad BB       		.byte	0xbb
 570 02ae 84020000 		.4byte	0x284
ARM GAS  /var/folders/3j/4xdnk5197cv_b7cw3n33qk7r0000gn/T//ccOkH32v.s 			page 11


 571 02b2 04       		.byte	0x4
 572 02b3 08       		.uleb128 0x8
 573 02b4 723600   		.ascii	"r6\000"
 574 02b7 08       		.byte	0x8
 575 02b8 BC       		.byte	0xbc
 576 02b9 84020000 		.4byte	0x284
 577 02bd 08       		.byte	0x8
 578 02be 08       		.uleb128 0x8
 579 02bf 723700   		.ascii	"r7\000"
 580 02c2 08       		.byte	0x8
 581 02c3 BD       		.byte	0xbd
 582 02c4 84020000 		.4byte	0x284
 583 02c8 0C       		.byte	0xc
 584 02c9 08       		.uleb128 0x8
 585 02ca 723800   		.ascii	"r8\000"
 586 02cd 08       		.byte	0x8
 587 02ce BE       		.byte	0xbe
 588 02cf 84020000 		.4byte	0x284
 589 02d3 10       		.byte	0x10
 590 02d4 08       		.uleb128 0x8
 591 02d5 723900   		.ascii	"r9\000"
 592 02d8 08       		.byte	0x8
 593 02d9 BF       		.byte	0xbf
 594 02da 84020000 		.4byte	0x284
 595 02de 14       		.byte	0x14
 596 02df 08       		.uleb128 0x8
 597 02e0 72313000 		.ascii	"r10\000"
 598 02e4 08       		.byte	0x8
 599 02e5 C0       		.byte	0xc0
 600 02e6 84020000 		.4byte	0x284
 601 02ea 18       		.byte	0x18
 602 02eb 08       		.uleb128 0x8
 603 02ec 72313100 		.ascii	"r11\000"
 604 02f0 08       		.byte	0x8
 605 02f1 C1       		.byte	0xc1
 606 02f2 84020000 		.4byte	0x284
 607 02f6 1C       		.byte	0x1c
 608 02f7 08       		.uleb128 0x8
 609 02f8 6C7200   		.ascii	"lr\000"
 610 02fb 08       		.byte	0x8
 611 02fc C2       		.byte	0xc2
 612 02fd 84020000 		.4byte	0x284
 613 0301 20       		.byte	0x20
 614 0302 00       		.byte	0
 615 0303 06       		.uleb128 0x6
 616 0304 9D020000 		.4byte	.LASF50
 617 0308 04       		.byte	0x4
 618 0309 08       		.byte	0x8
 619 030a CA       		.byte	0xca
 620 030b 1C030000 		.4byte	0x31c
 621 030f 08       		.uleb128 0x8
 622 0310 72313300 		.ascii	"r13\000"
 623 0314 08       		.byte	0x8
 624 0315 CB       		.byte	0xcb
 625 0316 1C030000 		.4byte	0x31c
 626 031a 00       		.byte	0
 627 031b 00       		.byte	0
ARM GAS  /var/folders/3j/4xdnk5197cv_b7cw3n33qk7r0000gn/T//ccOkH32v.s 			page 12


 628 031c 0A       		.uleb128 0xa
 629 031d 04       		.byte	0x4
 630 031e 91020000 		.4byte	0x291
 631 0322 03       		.uleb128 0x3
 632 0323 86020000 		.4byte	.LASF51
 633 0327 09       		.byte	0x9
 634 0328 4E       		.byte	0x4e
 635 0329 2D030000 		.4byte	0x32d
 636 032d 0A       		.uleb128 0xa
 637 032e 04       		.byte	0x4
 638 032f 33030000 		.4byte	0x333
 639 0333 0C       		.uleb128 0xc
 640 0334 3E030000 		.4byte	0x33e
 641 0338 0D       		.uleb128 0xd
 642 0339 8F020000 		.4byte	0x28f
 643 033d 00       		.byte	0
 644 033e 03       		.uleb128 0x3
 645 033f 51040000 		.4byte	.LASF52
 646 0343 09       		.byte	0x9
 647 0344 53       		.byte	0x53
 648 0345 49030000 		.4byte	0x349
 649 0349 06       		.uleb128 0x6
 650 034a 51040000 		.4byte	.LASF52
 651 034e 14       		.byte	0x14
 652 034f 09       		.byte	0x9
 653 0350 5A       		.byte	0x5a
 654 0351 92030000 		.4byte	0x392
 655 0355 07       		.uleb128 0x7
 656 0356 63020000 		.4byte	.LASF53
 657 035a 09       		.byte	0x9
 658 035b 5B       		.byte	0x5b
 659 035c 92030000 		.4byte	0x392
 660 0360 00       		.byte	0
 661 0361 07       		.uleb128 0x7
 662 0362 4E020000 		.4byte	.LASF54
 663 0366 09       		.byte	0x9
 664 0367 5D       		.byte	0x5d
 665 0368 92030000 		.4byte	0x392
 666 036c 04       		.byte	0x4
 667 036d 07       		.uleb128 0x7
 668 036e 17030000 		.4byte	.LASF55
 669 0372 09       		.byte	0x9
 670 0373 5F       		.byte	0x5f
 671 0374 1B010000 		.4byte	0x11b
 672 0378 08       		.byte	0x8
 673 0379 07       		.uleb128 0x7
 674 037a 1F030000 		.4byte	.LASF56
 675 037e 09       		.byte	0x9
 676 037f 60       		.byte	0x60
 677 0380 22030000 		.4byte	0x322
 678 0384 0C       		.byte	0xc
 679 0385 07       		.uleb128 0x7
 680 0386 CC040000 		.4byte	.LASF57
 681 038a 09       		.byte	0x9
 682 038b 62       		.byte	0x62
 683 038c 8F020000 		.4byte	0x28f
 684 0390 10       		.byte	0x10
ARM GAS  /var/folders/3j/4xdnk5197cv_b7cw3n33qk7r0000gn/T//ccOkH32v.s 			page 13


 685 0391 00       		.byte	0
 686 0392 0A       		.uleb128 0xa
 687 0393 04       		.byte	0x4
 688 0394 3E030000 		.4byte	0x33e
 689 0398 09       		.uleb128 0x9
 690 0399 10       		.byte	0x10
 691 039a 09       		.byte	0x9
 692 039b 6C       		.byte	0x6c
 693 039c D1030000 		.4byte	0x3d1
 694 03a0 07       		.uleb128 0x7
 695 03a1 63020000 		.4byte	.LASF53
 696 03a5 09       		.byte	0x9
 697 03a6 6D       		.byte	0x6d
 698 03a7 92030000 		.4byte	0x392
 699 03ab 00       		.byte	0
 700 03ac 07       		.uleb128 0x7
 701 03ad 4E020000 		.4byte	.LASF54
 702 03b1 09       		.byte	0x9
 703 03b2 6F       		.byte	0x6f
 704 03b3 92030000 		.4byte	0x392
 705 03b7 04       		.byte	0x4
 706 03b8 07       		.uleb128 0x7
 707 03b9 17030000 		.4byte	.LASF55
 708 03bd 09       		.byte	0x9
 709 03be 71       		.byte	0x71
 710 03bf 1B010000 		.4byte	0x11b
 711 03c3 08       		.byte	0x8
 712 03c4 07       		.uleb128 0x7
 713 03c5 19050000 		.4byte	.LASF58
 714 03c9 09       		.byte	0x9
 715 03ca 72       		.byte	0x72
 716 03cb 26010000 		.4byte	0x126
 717 03cf 0C       		.byte	0xc
 718 03d0 00       		.byte	0
 719 03d1 03       		.uleb128 0x3
 720 03d2 2F050000 		.4byte	.LASF59
 721 03d6 09       		.byte	0x9
 722 03d7 73       		.byte	0x73
 723 03d8 98030000 		.4byte	0x398
 724 03dc 0E       		.uleb128 0xe
 725 03dd 8A000000 		.4byte	.LASF67
 726 03e1 09       		.byte	0x9
 727 03e2 D1       		.byte	0xd1
 728 03e3 D1030000 		.4byte	0x3d1
 729 03e7 09       		.uleb128 0x9
 730 03e8 1C       		.byte	0x1c
 731 03e9 0A       		.byte	0xa
 732 03ea 57       		.byte	0x57
 733 03eb 38040000 		.4byte	0x438
 734 03ef 07       		.uleb128 0x7
 735 03f0 49040000 		.4byte	.LASF60
 736 03f4 0A       		.byte	0xa
 737 03f5 58       		.byte	0x58
 738 03f6 4E020000 		.4byte	0x24e
 739 03fa 00       		.byte	0
 740 03fb 07       		.uleb128 0x7
 741 03fc E9030000 		.4byte	.LASF61
ARM GAS  /var/folders/3j/4xdnk5197cv_b7cw3n33qk7r0000gn/T//ccOkH32v.s 			page 14


 742 0400 0A       		.byte	0xa
 743 0401 59       		.byte	0x59
 744 0402 FA000000 		.4byte	0xfa
 745 0406 08       		.byte	0x8
 746 0407 07       		.uleb128 0x7
 747 0408 47030000 		.4byte	.LASF62
 748 040c 0A       		.byte	0xa
 749 040d 5B       		.byte	0x5b
 750 040e 03030000 		.4byte	0x303
 751 0412 0C       		.byte	0xc
 752 0413 07       		.uleb128 0x7
 753 0414 C3020000 		.4byte	.LASF63
 754 0418 0A       		.byte	0xa
 755 0419 5E       		.byte	0x5e
 756 041a 48020000 		.4byte	0x248
 757 041e 10       		.byte	0x10
 758 041f 07       		.uleb128 0x7
 759 0420 6C030000 		.4byte	.LASF64
 760 0424 0A       		.byte	0xa
 761 0425 5F       		.byte	0x5f
 762 0426 48020000 		.4byte	0x248
 763 042a 14       		.byte	0x14
 764 042b 07       		.uleb128 0x7
 765 042c 62030000 		.4byte	.LASF65
 766 0430 0A       		.byte	0xa
 767 0431 62       		.byte	0x62
 768 0432 48020000 		.4byte	0x248
 769 0436 18       		.byte	0x18
 770 0437 00       		.byte	0
 771 0438 03       		.uleb128 0x3
 772 0439 F3040000 		.4byte	.LASF66
 773 043d 0A       		.byte	0xa
 774 043e 64       		.byte	0x64
 775 043f E7030000 		.4byte	0x3e7
 776 0443 0E       		.uleb128 0xe
 777 0444 FD040000 		.4byte	.LASF68
 778 0448 0A       		.byte	0xa
 779 0449 68       		.byte	0x68
 780 044a 38040000 		.4byte	0x438
 781 044e 06       		.uleb128 0x6
 782 044f F2020000 		.4byte	.LASF69
 783 0453 10       		.byte	0x10
 784 0454 0B       		.byte	0xb
 785 0455 25       		.byte	0x25
 786 0456 7F040000 		.4byte	0x47f
 787 045a 07       		.uleb128 0x7
 788 045b 35010000 		.4byte	.LASF70
 789 045f 0B       		.byte	0xb
 790 0460 26       		.byte	0x26
 791 0461 4E020000 		.4byte	0x24e
 792 0465 00       		.byte	0
 793 0466 07       		.uleb128 0x7
 794 0467 36050000 		.4byte	.LASF71
 795 046b 0B       		.byte	0xb
 796 046c 28       		.byte	0x28
 797 046d 48020000 		.4byte	0x248
 798 0471 08       		.byte	0x8
ARM GAS  /var/folders/3j/4xdnk5197cv_b7cw3n33qk7r0000gn/T//ccOkH32v.s 			page 15


 799 0472 07       		.uleb128 0x7
 800 0473 8D040000 		.4byte	.LASF72
 801 0477 0B       		.byte	0xb
 802 0478 2A       		.byte	0x2a
 803 0479 7F040000 		.4byte	0x47f
 804 047d 0C       		.byte	0xc
 805 047e 00       		.byte	0
 806 047f 0A       		.uleb128 0xa
 807 0480 04       		.byte	0x4
 808 0481 4E040000 		.4byte	0x44e
 809 0485 03       		.uleb128 0x3
 810 0486 F2020000 		.4byte	.LASF69
 811 048a 0B       		.byte	0xb
 812 048b 2C       		.byte	0x2c
 813 048c 4E040000 		.4byte	0x44e
 814 0490 0F       		.uleb128 0xf
 815 0491 04       		.byte	0x4
 816 0492 07       		.byte	0x7
 817 0493 8F       		.byte	0x8f
 818 0494 C5040000 		.4byte	0x4c5
 819 0498 10       		.uleb128 0x10
 820 0499 6D000000 		.4byte	.LASF73
 821 049d 07       		.byte	0x7
 822 049e 96       		.byte	0x96
 823 049f 05010000 		.4byte	0x105
 824 04a3 10       		.uleb128 0x10
 825 04a4 B6000000 		.4byte	.LASF74
 826 04a8 07       		.byte	0x7
 827 04a9 9D       		.byte	0x9d
 828 04aa 05010000 		.4byte	0x105
 829 04ae 10       		.uleb128 0x10
 830 04af 0B050000 		.4byte	.LASF75
 831 04b3 07       		.byte	0x7
 832 04b4 A4       		.byte	0xa4
 833 04b5 8F020000 		.4byte	0x28f
 834 04b9 10       		.uleb128 0x10
 835 04ba F0030000 		.4byte	.LASF76
 836 04be 07       		.byte	0x7
 837 04bf AB       		.byte	0xab
 838 04c0 10010000 		.4byte	0x110
 839 04c4 00       		.byte	0
 840 04c5 0A       		.uleb128 0xa
 841 04c6 04       		.byte	0x4
 842 04c7 D2040000 		.4byte	0x4d2
 843 04cb 04       		.uleb128 0x4
 844 04cc 01       		.byte	0x1
 845 04cd 08       		.byte	0x8
 846 04ce 75040000 		.4byte	.LASF77
 847 04d2 11       		.uleb128 0x11
 848 04d3 CB040000 		.4byte	0x4cb
 849 04d7 0A       		.uleb128 0xa
 850 04d8 04       		.byte	0x4
 851 04d9 85040000 		.4byte	0x485
 852 04dd 09       		.uleb128 0x9
 853 04de 16       		.byte	0x16
 854 04df 0C       		.byte	0xc
 855 04e0 25       		.byte	0x25
ARM GAS  /var/folders/3j/4xdnk5197cv_b7cw3n33qk7r0000gn/T//ccOkH32v.s 			page 16


 856 04e1 BE050000 		.4byte	0x5be
 857 04e5 07       		.uleb128 0x7
 858 04e6 8F020000 		.4byte	.LASF78
 859 04ea 0C       		.byte	0xc
 860 04eb 26       		.byte	0x26
 861 04ec BE050000 		.4byte	0x5be
 862 04f0 00       		.byte	0
 863 04f1 07       		.uleb128 0x7
 864 04f2 03030000 		.4byte	.LASF79
 865 04f6 0C       		.byte	0xc
 866 04f7 27       		.byte	0x27
 867 04f8 A2000000 		.4byte	0xa2
 868 04fc 04       		.byte	0x4
 869 04fd 07       		.uleb128 0x7
 870 04fe 5A030000 		.4byte	.LASF80
 871 0502 0C       		.byte	0xc
 872 0503 28       		.byte	0x28
 873 0504 A2000000 		.4byte	0xa2
 874 0508 05       		.byte	0x5
 875 0509 07       		.uleb128 0x7
 876 050a 24050000 		.4byte	.LASF81
 877 050e 0C       		.byte	0xc
 878 050f 29       		.byte	0x29
 879 0510 AD000000 		.4byte	0xad
 880 0514 06       		.byte	0x6
 881 0515 07       		.uleb128 0x7
 882 0516 7C030000 		.4byte	.LASF82
 883 051a 0C       		.byte	0xc
 884 051b 2A       		.byte	0x2a
 885 051c A2000000 		.4byte	0xa2
 886 0520 08       		.byte	0x8
 887 0521 07       		.uleb128 0x7
 888 0522 27030000 		.4byte	.LASF83
 889 0526 0C       		.byte	0xc
 890 0527 2B       		.byte	0x2b
 891 0528 A2000000 		.4byte	0xa2
 892 052c 09       		.byte	0x9
 893 052d 07       		.uleb128 0x7
 894 052e A8000000 		.4byte	.LASF84
 895 0532 0C       		.byte	0xc
 896 0533 2C       		.byte	0x2c
 897 0534 A2000000 		.4byte	0xa2
 898 0538 0A       		.byte	0xa
 899 0539 07       		.uleb128 0x7
 900 053a 3D040000 		.4byte	.LASF85
 901 053e 0C       		.byte	0xc
 902 053f 2D       		.byte	0x2d
 903 0540 A2000000 		.4byte	0xa2
 904 0544 0B       		.byte	0xb
 905 0545 07       		.uleb128 0x7
 906 0546 E1040000 		.4byte	.LASF86
 907 054a 0C       		.byte	0xc
 908 054b 2E       		.byte	0x2e
 909 054c A2000000 		.4byte	0xa2
 910 0550 0C       		.byte	0xc
 911 0551 07       		.uleb128 0x7
 912 0552 1C040000 		.4byte	.LASF87
ARM GAS  /var/folders/3j/4xdnk5197cv_b7cw3n33qk7r0000gn/T//ccOkH32v.s 			page 17


 913 0556 0C       		.byte	0xc
 914 0557 2F       		.byte	0x2f
 915 0558 A2000000 		.4byte	0xa2
 916 055c 0D       		.byte	0xd
 917 055d 07       		.uleb128 0x7
 918 055e 53000000 		.4byte	.LASF88
 919 0562 0C       		.byte	0xc
 920 0563 30       		.byte	0x30
 921 0564 A2000000 		.4byte	0xa2
 922 0568 0E       		.byte	0xe
 923 0569 07       		.uleb128 0x7
 924 056a 33030000 		.4byte	.LASF89
 925 056e 0C       		.byte	0xc
 926 056f 31       		.byte	0x31
 927 0570 A2000000 		.4byte	0xa2
 928 0574 0F       		.byte	0xf
 929 0575 07       		.uleb128 0x7
 930 0576 18010000 		.4byte	.LASF90
 931 057a 0C       		.byte	0xc
 932 057b 32       		.byte	0x32
 933 057c A2000000 		.4byte	0xa2
 934 0580 10       		.byte	0x10
 935 0581 07       		.uleb128 0x7
 936 0582 F1000000 		.4byte	.LASF91
 937 0586 0C       		.byte	0xc
 938 0587 34       		.byte	0x34
 939 0588 A2000000 		.4byte	0xa2
 940 058c 11       		.byte	0x11
 941 058d 07       		.uleb128 0x7
 942 058e 28010000 		.4byte	.LASF92
 943 0592 0C       		.byte	0xc
 944 0593 35       		.byte	0x35
 945 0594 A2000000 		.4byte	0xa2
 946 0598 12       		.byte	0x12
 947 0599 07       		.uleb128 0x7
 948 059a 0B030000 		.4byte	.LASF93
 949 059e 0C       		.byte	0xc
 950 059f 36       		.byte	0x36
 951 05a0 A2000000 		.4byte	0xa2
 952 05a4 13       		.byte	0x13
 953 05a5 07       		.uleb128 0x7
 954 05a6 FE030000 		.4byte	.LASF94
 955 05aa 0C       		.byte	0xc
 956 05ab 37       		.byte	0x37
 957 05ac A2000000 		.4byte	0xa2
 958 05b0 14       		.byte	0x14
 959 05b1 07       		.uleb128 0x7
 960 05b2 DD030000 		.4byte	.LASF95
 961 05b6 0C       		.byte	0xc
 962 05b7 39       		.byte	0x39
 963 05b8 A2000000 		.4byte	0xa2
 964 05bc 15       		.byte	0x15
 965 05bd 00       		.byte	0
 966 05be 12       		.uleb128 0x12
 967 05bf CB040000 		.4byte	0x4cb
 968 05c3 CE050000 		.4byte	0x5ce
 969 05c7 13       		.uleb128 0x13
ARM GAS  /var/folders/3j/4xdnk5197cv_b7cw3n33qk7r0000gn/T//ccOkH32v.s 			page 18


 970 05c8 37000000 		.4byte	0x37
 971 05cc 03       		.byte	0x3
 972 05cd 00       		.byte	0
 973 05ce 03       		.uleb128 0x3
 974 05cf 0B020000 		.4byte	.LASF96
 975 05d3 0C       		.byte	0xc
 976 05d4 3A       		.byte	0x3a
 977 05d5 DD040000 		.4byte	0x4dd
 978 05d9 11       		.uleb128 0x11
 979 05da CE050000 		.4byte	0x5ce
 980 05de 0E       		.uleb128 0xe
 981 05df 7D020000 		.4byte	.LASF97
 982 05e3 0C       		.byte	0xc
 983 05e4 77       		.byte	0x77
 984 05e5 D9050000 		.4byte	0x5d9
 985 05e9 0A       		.uleb128 0xa
 986 05ea 04       		.byte	0x4
 987 05eb A2000000 		.4byte	0xa2
 988 05ef 12       		.uleb128 0x12
 989 05f0 79020000 		.4byte	0x279
 990 05f4 FF050000 		.4byte	0x5ff
 991 05f8 13       		.uleb128 0x13
 992 05f9 37000000 		.4byte	0x37
 993 05fd 26       		.byte	0x26
 994 05fe 00       		.byte	0
 995 05ff 0E       		.uleb128 0xe
 996 0600 1D020000 		.4byte	.LASF98
 997 0604 0D       		.byte	0xd
 998 0605 82       		.byte	0x82
 999 0606 EF050000 		.4byte	0x5ef
 1000 060a 14       		.uleb128 0x14
 1001 060b 85040000 		.4byte	.LASF99
 1002 060f 01       		.byte	0x1
 1003 0610 33       		.byte	0x33
 1004 0611 E9050000 		.4byte	0x5e9
 1005 0615 05       		.uleb128 0x5
 1006 0616 03       		.byte	0x3
 1007 0617 00000000 		.4byte	nextmem
 1008 061b 14       		.uleb128 0x14
 1009 061c EB020000 		.4byte	.LASF100
 1010 0620 01       		.byte	0x1
 1011 0621 34       		.byte	0x34
 1012 0622 E9050000 		.4byte	0x5e9
 1013 0626 05       		.uleb128 0x5
 1014 0627 03       		.byte	0x3
 1015 0628 00000000 		.4byte	endmem
 1016 062c 15       		.uleb128 0x15
 1017 062d 68040000 		.4byte	.LASF106
 1018 0631 01       		.byte	0x1
 1019 0632 7D       		.byte	0x7d
 1020 0633 2C000000 		.4byte	0x2c
 1021 0637 00000000 		.4byte	.LFB10
 1022 063b 20000000 		.4byte	.LFE10-.LFB10
 1023 063f 01       		.uleb128 0x1
 1024 0640 9C       		.byte	0x9c
 1025 0641 16       		.uleb128 0x16
 1026 0642 2D020000 		.4byte	.LASF107
ARM GAS  /var/folders/3j/4xdnk5197cv_b7cw3n33qk7r0000gn/T//ccOkH32v.s 			page 19


 1027 0646 01       		.byte	0x1
 1028 0647 69       		.byte	0x69
 1029 0648 8F020000 		.4byte	0x28f
 1030 064c 01       		.byte	0x1
 1031 064d 66060000 		.4byte	0x666
 1032 0651 17       		.uleb128 0x17
 1033 0652 A5020000 		.4byte	.LASF108
 1034 0656 01       		.byte	0x1
 1035 0657 69       		.byte	0x69
 1036 0658 2C000000 		.4byte	0x2c
 1037 065c 18       		.uleb128 0x18
 1038 065d 7000     		.ascii	"p\000"
 1039 065f 01       		.byte	0x1
 1040 0660 6A       		.byte	0x6a
 1041 0661 8F020000 		.4byte	0x28f
 1042 0665 00       		.byte	0
 1043 0666 19       		.uleb128 0x19
 1044 0667 74000000 		.4byte	.LASF109
 1045 066b 01       		.byte	0x1
 1046 066c 54       		.byte	0x54
 1047 066d 8F020000 		.4byte	0x28f
 1048 0671 00000000 		.4byte	.LFB8
 1049 0675 44000000 		.4byte	.LFE8-.LFB8
 1050 0679 01       		.uleb128 0x1
 1051 067a 9C       		.byte	0x9c
 1052 067b C4060000 		.4byte	0x6c4
 1053 067f 1A       		.uleb128 0x1a
 1054 0680 A5020000 		.4byte	.LASF108
 1055 0684 01       		.byte	0x1
 1056 0685 54       		.byte	0x54
 1057 0686 2C000000 		.4byte	0x2c
 1058 068a 00000000 		.4byte	.LLST0
 1059 068e 18       		.uleb128 0x18
 1060 068f 7000     		.ascii	"p\000"
 1061 0691 01       		.byte	0x1
 1062 0692 55       		.byte	0x55
 1063 0693 8F020000 		.4byte	0x28f
 1064 0697 1B       		.uleb128 0x1b
 1065 0698 41060000 		.4byte	0x641
 1066 069c 08000000 		.4byte	.LBB4
 1067 06a0 2C000000 		.4byte	.LBE4-.LBB4
 1068 06a4 01       		.byte	0x1
 1069 06a5 58       		.byte	0x58
 1070 06a6 1C       		.uleb128 0x1c
 1071 06a7 51060000 		.4byte	0x651
 1072 06ab 39000000 		.4byte	.LLST1
 1073 06af 1D       		.uleb128 0x1d
 1074 06b0 08000000 		.4byte	.LBB5
 1075 06b4 2C000000 		.4byte	.LBE5-.LBB5
 1076 06b8 1E       		.uleb128 0x1e
 1077 06b9 5C060000 		.4byte	0x65c
 1078 06bd 82000000 		.4byte	.LLST2
 1079 06c1 00       		.byte	0
 1080 06c2 00       		.byte	0
 1081 06c3 00       		.byte	0
 1082 06c4 1F       		.uleb128 0x1f
 1083 06c5 AC030000 		.4byte	.LASF110
ARM GAS  /var/folders/3j/4xdnk5197cv_b7cw3n33qk7r0000gn/T//ccOkH32v.s 			page 20


 1084 06c9 01       		.byte	0x1
 1085 06ca 3B       		.byte	0x3b
 1086 06cb 00000000 		.4byte	.LFB7
 1087 06cf 34000000 		.4byte	.LFE7-.LFB7
 1088 06d3 01       		.uleb128 0x1
 1089 06d4 9C       		.byte	0x9c
 1090 06d5 F0060000 		.4byte	0x6f0
 1091 06d9 0E       		.uleb128 0xe
 1092 06da D3040000 		.4byte	.LASF101
 1093 06de 01       		.byte	0x1
 1094 06df 3D       		.byte	0x3d
 1095 06e0 F0060000 		.4byte	0x6f0
 1096 06e4 0E       		.uleb128 0xe
 1097 06e5 DD000000 		.4byte	.LASF102
 1098 06e9 01       		.byte	0x1
 1099 06ea 3E       		.byte	0x3e
 1100 06eb F0060000 		.4byte	0x6f0
 1101 06ef 00       		.byte	0
 1102 06f0 12       		.uleb128 0x12
 1103 06f1 A2000000 		.4byte	0xa2
 1104 06f5 FB060000 		.4byte	0x6fb
 1105 06f9 20       		.uleb128 0x20
 1106 06fa 00       		.byte	0
 1107 06fb 21       		.uleb128 0x21
 1108 06fc 41060000 		.4byte	0x641
 1109 0700 00000000 		.4byte	.LFB9
 1110 0704 3C000000 		.4byte	.LFE9-.LFB9
 1111 0708 01       		.uleb128 0x1
 1112 0709 9C       		.byte	0x9c
 1113 070a 1C       		.uleb128 0x1c
 1114 070b 51060000 		.4byte	0x651
 1115 070f 95000000 		.4byte	.LLST3
 1116 0713 1E       		.uleb128 0x1e
 1117 0714 5C060000 		.4byte	0x65c
 1118 0718 D3000000 		.4byte	.LLST4
 1119 071c 00       		.byte	0
 1120 071d 00       		.byte	0
 1121              		.section	.debug_abbrev,"",%progbits
 1122              	.Ldebug_abbrev0:
 1123 0000 01       		.uleb128 0x1
 1124 0001 11       		.uleb128 0x11
 1125 0002 01       		.byte	0x1
 1126 0003 25       		.uleb128 0x25
 1127 0004 0E       		.uleb128 0xe
 1128 0005 13       		.uleb128 0x13
 1129 0006 0B       		.uleb128 0xb
 1130 0007 03       		.uleb128 0x3
 1131 0008 0E       		.uleb128 0xe
 1132 0009 1B       		.uleb128 0x1b
 1133 000a 0E       		.uleb128 0xe
 1134 000b 55       		.uleb128 0x55
 1135 000c 17       		.uleb128 0x17
 1136 000d 11       		.uleb128 0x11
 1137 000e 01       		.uleb128 0x1
 1138 000f 10       		.uleb128 0x10
 1139 0010 17       		.uleb128 0x17
 1140 0011 00       		.byte	0
ARM GAS  /var/folders/3j/4xdnk5197cv_b7cw3n33qk7r0000gn/T//ccOkH32v.s 			page 21


 1141 0012 00       		.byte	0
 1142 0013 02       		.uleb128 0x2
 1143 0014 24       		.uleb128 0x24
 1144 0015 00       		.byte	0
 1145 0016 0B       		.uleb128 0xb
 1146 0017 0B       		.uleb128 0xb
 1147 0018 3E       		.uleb128 0x3e
 1148 0019 0B       		.uleb128 0xb
 1149 001a 03       		.uleb128 0x3
 1150 001b 08       		.uleb128 0x8
 1151 001c 00       		.byte	0
 1152 001d 00       		.byte	0
 1153 001e 03       		.uleb128 0x3
 1154 001f 16       		.uleb128 0x16
 1155 0020 00       		.byte	0
 1156 0021 03       		.uleb128 0x3
 1157 0022 0E       		.uleb128 0xe
 1158 0023 3A       		.uleb128 0x3a
 1159 0024 0B       		.uleb128 0xb
 1160 0025 3B       		.uleb128 0x3b
 1161 0026 0B       		.uleb128 0xb
 1162 0027 49       		.uleb128 0x49
 1163 0028 13       		.uleb128 0x13
 1164 0029 00       		.byte	0
 1165 002a 00       		.byte	0
 1166 002b 04       		.uleb128 0x4
 1167 002c 24       		.uleb128 0x24
 1168 002d 00       		.byte	0
 1169 002e 0B       		.uleb128 0xb
 1170 002f 0B       		.uleb128 0xb
 1171 0030 3E       		.uleb128 0x3e
 1172 0031 0B       		.uleb128 0xb
 1173 0032 03       		.uleb128 0x3
 1174 0033 0E       		.uleb128 0xe
 1175 0034 00       		.byte	0
 1176 0035 00       		.byte	0
 1177 0036 05       		.uleb128 0x5
 1178 0037 35       		.uleb128 0x35
 1179 0038 00       		.byte	0
 1180 0039 49       		.uleb128 0x49
 1181 003a 13       		.uleb128 0x13
 1182 003b 00       		.byte	0
 1183 003c 00       		.byte	0
 1184 003d 06       		.uleb128 0x6
 1185 003e 13       		.uleb128 0x13
 1186 003f 01       		.byte	0x1
 1187 0040 03       		.uleb128 0x3
 1188 0041 0E       		.uleb128 0xe
 1189 0042 0B       		.uleb128 0xb
 1190 0043 0B       		.uleb128 0xb
 1191 0044 3A       		.uleb128 0x3a
 1192 0045 0B       		.uleb128 0xb
 1193 0046 3B       		.uleb128 0x3b
 1194 0047 0B       		.uleb128 0xb
 1195 0048 01       		.uleb128 0x1
 1196 0049 13       		.uleb128 0x13
 1197 004a 00       		.byte	0
ARM GAS  /var/folders/3j/4xdnk5197cv_b7cw3n33qk7r0000gn/T//ccOkH32v.s 			page 22


 1198 004b 00       		.byte	0
 1199 004c 07       		.uleb128 0x7
 1200 004d 0D       		.uleb128 0xd
 1201 004e 00       		.byte	0
 1202 004f 03       		.uleb128 0x3
 1203 0050 0E       		.uleb128 0xe
 1204 0051 3A       		.uleb128 0x3a
 1205 0052 0B       		.uleb128 0xb
 1206 0053 3B       		.uleb128 0x3b
 1207 0054 0B       		.uleb128 0xb
 1208 0055 49       		.uleb128 0x49
 1209 0056 13       		.uleb128 0x13
 1210 0057 38       		.uleb128 0x38
 1211 0058 0B       		.uleb128 0xb
 1212 0059 00       		.byte	0
 1213 005a 00       		.byte	0
 1214 005b 08       		.uleb128 0x8
 1215 005c 0D       		.uleb128 0xd
 1216 005d 00       		.byte	0
 1217 005e 03       		.uleb128 0x3
 1218 005f 08       		.uleb128 0x8
 1219 0060 3A       		.uleb128 0x3a
 1220 0061 0B       		.uleb128 0xb
 1221 0062 3B       		.uleb128 0x3b
 1222 0063 0B       		.uleb128 0xb
 1223 0064 49       		.uleb128 0x49
 1224 0065 13       		.uleb128 0x13
 1225 0066 38       		.uleb128 0x38
 1226 0067 0B       		.uleb128 0xb
 1227 0068 00       		.byte	0
 1228 0069 00       		.byte	0
 1229 006a 09       		.uleb128 0x9
 1230 006b 13       		.uleb128 0x13
 1231 006c 01       		.byte	0x1
 1232 006d 0B       		.uleb128 0xb
 1233 006e 0B       		.uleb128 0xb
 1234 006f 3A       		.uleb128 0x3a
 1235 0070 0B       		.uleb128 0xb
 1236 0071 3B       		.uleb128 0x3b
 1237 0072 0B       		.uleb128 0xb
 1238 0073 01       		.uleb128 0x1
 1239 0074 13       		.uleb128 0x13
 1240 0075 00       		.byte	0
 1241 0076 00       		.byte	0
 1242 0077 0A       		.uleb128 0xa
 1243 0078 0F       		.uleb128 0xf
 1244 0079 00       		.byte	0
 1245 007a 0B       		.uleb128 0xb
 1246 007b 0B       		.uleb128 0xb
 1247 007c 49       		.uleb128 0x49
 1248 007d 13       		.uleb128 0x13
 1249 007e 00       		.byte	0
 1250 007f 00       		.byte	0
 1251 0080 0B       		.uleb128 0xb
 1252 0081 0F       		.uleb128 0xf
 1253 0082 00       		.byte	0
 1254 0083 0B       		.uleb128 0xb
ARM GAS  /var/folders/3j/4xdnk5197cv_b7cw3n33qk7r0000gn/T//ccOkH32v.s 			page 23


 1255 0084 0B       		.uleb128 0xb
 1256 0085 00       		.byte	0
 1257 0086 00       		.byte	0
 1258 0087 0C       		.uleb128 0xc
 1259 0088 15       		.uleb128 0x15
 1260 0089 01       		.byte	0x1
 1261 008a 27       		.uleb128 0x27
 1262 008b 19       		.uleb128 0x19
 1263 008c 01       		.uleb128 0x1
 1264 008d 13       		.uleb128 0x13
 1265 008e 00       		.byte	0
 1266 008f 00       		.byte	0
 1267 0090 0D       		.uleb128 0xd
 1268 0091 05       		.uleb128 0x5
 1269 0092 00       		.byte	0
 1270 0093 49       		.uleb128 0x49
 1271 0094 13       		.uleb128 0x13
 1272 0095 00       		.byte	0
 1273 0096 00       		.byte	0
 1274 0097 0E       		.uleb128 0xe
 1275 0098 34       		.uleb128 0x34
 1276 0099 00       		.byte	0
 1277 009a 03       		.uleb128 0x3
 1278 009b 0E       		.uleb128 0xe
 1279 009c 3A       		.uleb128 0x3a
 1280 009d 0B       		.uleb128 0xb
 1281 009e 3B       		.uleb128 0x3b
 1282 009f 0B       		.uleb128 0xb
 1283 00a0 49       		.uleb128 0x49
 1284 00a1 13       		.uleb128 0x13
 1285 00a2 3F       		.uleb128 0x3f
 1286 00a3 19       		.uleb128 0x19
 1287 00a4 3C       		.uleb128 0x3c
 1288 00a5 19       		.uleb128 0x19
 1289 00a6 00       		.byte	0
 1290 00a7 00       		.byte	0
 1291 00a8 0F       		.uleb128 0xf
 1292 00a9 17       		.uleb128 0x17
 1293 00aa 01       		.byte	0x1
 1294 00ab 0B       		.uleb128 0xb
 1295 00ac 0B       		.uleb128 0xb
 1296 00ad 3A       		.uleb128 0x3a
 1297 00ae 0B       		.uleb128 0xb
 1298 00af 3B       		.uleb128 0x3b
 1299 00b0 0B       		.uleb128 0xb
 1300 00b1 01       		.uleb128 0x1
 1301 00b2 13       		.uleb128 0x13
 1302 00b3 00       		.byte	0
 1303 00b4 00       		.byte	0
 1304 00b5 10       		.uleb128 0x10
 1305 00b6 0D       		.uleb128 0xd
 1306 00b7 00       		.byte	0
 1307 00b8 03       		.uleb128 0x3
 1308 00b9 0E       		.uleb128 0xe
 1309 00ba 3A       		.uleb128 0x3a
 1310 00bb 0B       		.uleb128 0xb
 1311 00bc 3B       		.uleb128 0x3b
ARM GAS  /var/folders/3j/4xdnk5197cv_b7cw3n33qk7r0000gn/T//ccOkH32v.s 			page 24


 1312 00bd 0B       		.uleb128 0xb
 1313 00be 49       		.uleb128 0x49
 1314 00bf 13       		.uleb128 0x13
 1315 00c0 00       		.byte	0
 1316 00c1 00       		.byte	0
 1317 00c2 11       		.uleb128 0x11
 1318 00c3 26       		.uleb128 0x26
 1319 00c4 00       		.byte	0
 1320 00c5 49       		.uleb128 0x49
 1321 00c6 13       		.uleb128 0x13
 1322 00c7 00       		.byte	0
 1323 00c8 00       		.byte	0
 1324 00c9 12       		.uleb128 0x12
 1325 00ca 01       		.uleb128 0x1
 1326 00cb 01       		.byte	0x1
 1327 00cc 49       		.uleb128 0x49
 1328 00cd 13       		.uleb128 0x13
 1329 00ce 01       		.uleb128 0x1
 1330 00cf 13       		.uleb128 0x13
 1331 00d0 00       		.byte	0
 1332 00d1 00       		.byte	0
 1333 00d2 13       		.uleb128 0x13
 1334 00d3 21       		.uleb128 0x21
 1335 00d4 00       		.byte	0
 1336 00d5 49       		.uleb128 0x49
 1337 00d6 13       		.uleb128 0x13
 1338 00d7 2F       		.uleb128 0x2f
 1339 00d8 0B       		.uleb128 0xb
 1340 00d9 00       		.byte	0
 1341 00da 00       		.byte	0
 1342 00db 14       		.uleb128 0x14
 1343 00dc 34       		.uleb128 0x34
 1344 00dd 00       		.byte	0
 1345 00de 03       		.uleb128 0x3
 1346 00df 0E       		.uleb128 0xe
 1347 00e0 3A       		.uleb128 0x3a
 1348 00e1 0B       		.uleb128 0xb
 1349 00e2 3B       		.uleb128 0x3b
 1350 00e3 0B       		.uleb128 0xb
 1351 00e4 49       		.uleb128 0x49
 1352 00e5 13       		.uleb128 0x13
 1353 00e6 02       		.uleb128 0x2
 1354 00e7 18       		.uleb128 0x18
 1355 00e8 00       		.byte	0
 1356 00e9 00       		.byte	0
 1357 00ea 15       		.uleb128 0x15
 1358 00eb 2E       		.uleb128 0x2e
 1359 00ec 00       		.byte	0
 1360 00ed 3F       		.uleb128 0x3f
 1361 00ee 19       		.uleb128 0x19
 1362 00ef 03       		.uleb128 0x3
 1363 00f0 0E       		.uleb128 0xe
 1364 00f1 3A       		.uleb128 0x3a
 1365 00f2 0B       		.uleb128 0xb
 1366 00f3 3B       		.uleb128 0x3b
 1367 00f4 0B       		.uleb128 0xb
 1368 00f5 27       		.uleb128 0x27
ARM GAS  /var/folders/3j/4xdnk5197cv_b7cw3n33qk7r0000gn/T//ccOkH32v.s 			page 25


 1369 00f6 19       		.uleb128 0x19
 1370 00f7 49       		.uleb128 0x49
 1371 00f8 13       		.uleb128 0x13
 1372 00f9 11       		.uleb128 0x11
 1373 00fa 01       		.uleb128 0x1
 1374 00fb 12       		.uleb128 0x12
 1375 00fc 06       		.uleb128 0x6
 1376 00fd 40       		.uleb128 0x40
 1377 00fe 18       		.uleb128 0x18
 1378 00ff 9742     		.uleb128 0x2117
 1379 0101 19       		.uleb128 0x19
 1380 0102 00       		.byte	0
 1381 0103 00       		.byte	0
 1382 0104 16       		.uleb128 0x16
 1383 0105 2E       		.uleb128 0x2e
 1384 0106 01       		.byte	0x1
 1385 0107 3F       		.uleb128 0x3f
 1386 0108 19       		.uleb128 0x19
 1387 0109 03       		.uleb128 0x3
 1388 010a 0E       		.uleb128 0xe
 1389 010b 3A       		.uleb128 0x3a
 1390 010c 0B       		.uleb128 0xb
 1391 010d 3B       		.uleb128 0x3b
 1392 010e 0B       		.uleb128 0xb
 1393 010f 27       		.uleb128 0x27
 1394 0110 19       		.uleb128 0x19
 1395 0111 49       		.uleb128 0x49
 1396 0112 13       		.uleb128 0x13
 1397 0113 20       		.uleb128 0x20
 1398 0114 0B       		.uleb128 0xb
 1399 0115 01       		.uleb128 0x1
 1400 0116 13       		.uleb128 0x13
 1401 0117 00       		.byte	0
 1402 0118 00       		.byte	0
 1403 0119 17       		.uleb128 0x17
 1404 011a 05       		.uleb128 0x5
 1405 011b 00       		.byte	0
 1406 011c 03       		.uleb128 0x3
 1407 011d 0E       		.uleb128 0xe
 1408 011e 3A       		.uleb128 0x3a
 1409 011f 0B       		.uleb128 0xb
 1410 0120 3B       		.uleb128 0x3b
 1411 0121 0B       		.uleb128 0xb
 1412 0122 49       		.uleb128 0x49
 1413 0123 13       		.uleb128 0x13
 1414 0124 00       		.byte	0
 1415 0125 00       		.byte	0
 1416 0126 18       		.uleb128 0x18
 1417 0127 34       		.uleb128 0x34
 1418 0128 00       		.byte	0
 1419 0129 03       		.uleb128 0x3
 1420 012a 08       		.uleb128 0x8
 1421 012b 3A       		.uleb128 0x3a
 1422 012c 0B       		.uleb128 0xb
 1423 012d 3B       		.uleb128 0x3b
 1424 012e 0B       		.uleb128 0xb
 1425 012f 49       		.uleb128 0x49
ARM GAS  /var/folders/3j/4xdnk5197cv_b7cw3n33qk7r0000gn/T//ccOkH32v.s 			page 26


 1426 0130 13       		.uleb128 0x13
 1427 0131 00       		.byte	0
 1428 0132 00       		.byte	0
 1429 0133 19       		.uleb128 0x19
 1430 0134 2E       		.uleb128 0x2e
 1431 0135 01       		.byte	0x1
 1432 0136 3F       		.uleb128 0x3f
 1433 0137 19       		.uleb128 0x19
 1434 0138 03       		.uleb128 0x3
 1435 0139 0E       		.uleb128 0xe
 1436 013a 3A       		.uleb128 0x3a
 1437 013b 0B       		.uleb128 0xb
 1438 013c 3B       		.uleb128 0x3b
 1439 013d 0B       		.uleb128 0xb
 1440 013e 27       		.uleb128 0x27
 1441 013f 19       		.uleb128 0x19
 1442 0140 49       		.uleb128 0x49
 1443 0141 13       		.uleb128 0x13
 1444 0142 11       		.uleb128 0x11
 1445 0143 01       		.uleb128 0x1
 1446 0144 12       		.uleb128 0x12
 1447 0145 06       		.uleb128 0x6
 1448 0146 40       		.uleb128 0x40
 1449 0147 18       		.uleb128 0x18
 1450 0148 9742     		.uleb128 0x2117
 1451 014a 19       		.uleb128 0x19
 1452 014b 01       		.uleb128 0x1
 1453 014c 13       		.uleb128 0x13
 1454 014d 00       		.byte	0
 1455 014e 00       		.byte	0
 1456 014f 1A       		.uleb128 0x1a
 1457 0150 05       		.uleb128 0x5
 1458 0151 00       		.byte	0
 1459 0152 03       		.uleb128 0x3
 1460 0153 0E       		.uleb128 0xe
 1461 0154 3A       		.uleb128 0x3a
 1462 0155 0B       		.uleb128 0xb
 1463 0156 3B       		.uleb128 0x3b
 1464 0157 0B       		.uleb128 0xb
 1465 0158 49       		.uleb128 0x49
 1466 0159 13       		.uleb128 0x13
 1467 015a 02       		.uleb128 0x2
 1468 015b 17       		.uleb128 0x17
 1469 015c 00       		.byte	0
 1470 015d 00       		.byte	0
 1471 015e 1B       		.uleb128 0x1b
 1472 015f 1D       		.uleb128 0x1d
 1473 0160 01       		.byte	0x1
 1474 0161 31       		.uleb128 0x31
 1475 0162 13       		.uleb128 0x13
 1476 0163 11       		.uleb128 0x11
 1477 0164 01       		.uleb128 0x1
 1478 0165 12       		.uleb128 0x12
 1479 0166 06       		.uleb128 0x6
 1480 0167 58       		.uleb128 0x58
 1481 0168 0B       		.uleb128 0xb
 1482 0169 59       		.uleb128 0x59
ARM GAS  /var/folders/3j/4xdnk5197cv_b7cw3n33qk7r0000gn/T//ccOkH32v.s 			page 27


 1483 016a 0B       		.uleb128 0xb
 1484 016b 00       		.byte	0
 1485 016c 00       		.byte	0
 1486 016d 1C       		.uleb128 0x1c
 1487 016e 05       		.uleb128 0x5
 1488 016f 00       		.byte	0
 1489 0170 31       		.uleb128 0x31
 1490 0171 13       		.uleb128 0x13
 1491 0172 02       		.uleb128 0x2
 1492 0173 17       		.uleb128 0x17
 1493 0174 00       		.byte	0
 1494 0175 00       		.byte	0
 1495 0176 1D       		.uleb128 0x1d
 1496 0177 0B       		.uleb128 0xb
 1497 0178 01       		.byte	0x1
 1498 0179 11       		.uleb128 0x11
 1499 017a 01       		.uleb128 0x1
 1500 017b 12       		.uleb128 0x12
 1501 017c 06       		.uleb128 0x6
 1502 017d 00       		.byte	0
 1503 017e 00       		.byte	0
 1504 017f 1E       		.uleb128 0x1e
 1505 0180 34       		.uleb128 0x34
 1506 0181 00       		.byte	0
 1507 0182 31       		.uleb128 0x31
 1508 0183 13       		.uleb128 0x13
 1509 0184 02       		.uleb128 0x2
 1510 0185 17       		.uleb128 0x17
 1511 0186 00       		.byte	0
 1512 0187 00       		.byte	0
 1513 0188 1F       		.uleb128 0x1f
 1514 0189 2E       		.uleb128 0x2e
 1515 018a 01       		.byte	0x1
 1516 018b 3F       		.uleb128 0x3f
 1517 018c 19       		.uleb128 0x19
 1518 018d 03       		.uleb128 0x3
 1519 018e 0E       		.uleb128 0xe
 1520 018f 3A       		.uleb128 0x3a
 1521 0190 0B       		.uleb128 0xb
 1522 0191 3B       		.uleb128 0x3b
 1523 0192 0B       		.uleb128 0xb
 1524 0193 27       		.uleb128 0x27
 1525 0194 19       		.uleb128 0x19
 1526 0195 11       		.uleb128 0x11
 1527 0196 01       		.uleb128 0x1
 1528 0197 12       		.uleb128 0x12
 1529 0198 06       		.uleb128 0x6
 1530 0199 40       		.uleb128 0x40
 1531 019a 18       		.uleb128 0x18
 1532 019b 9742     		.uleb128 0x2117
 1533 019d 19       		.uleb128 0x19
 1534 019e 01       		.uleb128 0x1
 1535 019f 13       		.uleb128 0x13
 1536 01a0 00       		.byte	0
 1537 01a1 00       		.byte	0
 1538 01a2 20       		.uleb128 0x20
 1539 01a3 21       		.uleb128 0x21
ARM GAS  /var/folders/3j/4xdnk5197cv_b7cw3n33qk7r0000gn/T//ccOkH32v.s 			page 28


 1540 01a4 00       		.byte	0
 1541 01a5 00       		.byte	0
 1542 01a6 00       		.byte	0
 1543 01a7 21       		.uleb128 0x21
 1544 01a8 2E       		.uleb128 0x2e
 1545 01a9 01       		.byte	0x1
 1546 01aa 31       		.uleb128 0x31
 1547 01ab 13       		.uleb128 0x13
 1548 01ac 11       		.uleb128 0x11
 1549 01ad 01       		.uleb128 0x1
 1550 01ae 12       		.uleb128 0x12
 1551 01af 06       		.uleb128 0x6
 1552 01b0 40       		.uleb128 0x40
 1553 01b1 18       		.uleb128 0x18
 1554 01b2 9742     		.uleb128 0x2117
 1555 01b4 19       		.uleb128 0x19
 1556 01b5 00       		.byte	0
 1557 01b6 00       		.byte	0
 1558 01b7 00       		.byte	0
 1559              		.section	.debug_loc,"",%progbits
 1560              	.Ldebug_loc0:
 1561              	.LLST0:
 1562 0000 00000000 		.4byte	.LVL0
 1563 0004 14000000 		.4byte	.LVL2
 1564 0008 0100     		.2byte	0x1
 1565 000a 50       		.byte	0x50
 1566 000b 14000000 		.4byte	.LVL2
 1567 000f 1C000000 		.4byte	.LVL3
 1568 0013 0100     		.2byte	0x1
 1569 0015 53       		.byte	0x53
 1570 0016 1C000000 		.4byte	.LVL3
 1571 001a 20000000 		.4byte	.LVL4
 1572 001e 0300     		.2byte	0x3
 1573 0020 73       		.byte	0x73
 1574 0021 7D       		.sleb128 -3
 1575 0022 9F       		.byte	0x9f
 1576 0023 20000000 		.4byte	.LVL4
 1577 0027 44000000 		.4byte	.LFE8
 1578 002b 0400     		.2byte	0x4
 1579 002d F3       		.byte	0xf3
 1580 002e 01       		.uleb128 0x1
 1581 002f 50       		.byte	0x50
 1582 0030 9F       		.byte	0x9f
 1583 0031 00000000 		.4byte	0
 1584 0035 00000000 		.4byte	0
 1585              	.LLST1:
 1586 0039 08000000 		.4byte	.LVL1
 1587 003d 14000000 		.4byte	.LVL2
 1588 0041 0100     		.2byte	0x1
 1589 0043 50       		.byte	0x50
 1590 0044 14000000 		.4byte	.LVL2
 1591 0048 1C000000 		.4byte	.LVL3
 1592 004c 0100     		.2byte	0x1
 1593 004e 53       		.byte	0x53
 1594 004f 1C000000 		.4byte	.LVL3
 1595 0053 20000000 		.4byte	.LVL4
 1596 0057 0300     		.2byte	0x3
ARM GAS  /var/folders/3j/4xdnk5197cv_b7cw3n33qk7r0000gn/T//ccOkH32v.s 			page 29


 1597 0059 73       		.byte	0x73
 1598 005a 7D       		.sleb128 -3
 1599 005b 9F       		.byte	0x9f
 1600 005c 20000000 		.4byte	.LVL4
 1601 0060 2C000000 		.4byte	.LVL6
 1602 0064 0100     		.2byte	0x1
 1603 0066 53       		.byte	0x53
 1604 0067 2C000000 		.4byte	.LVL6
 1605 006b 34000000 		.4byte	.LVL7
 1606 006f 0900     		.2byte	0x9
 1607 0071 F3       		.byte	0xf3
 1608 0072 01       		.uleb128 0x1
 1609 0073 50       		.byte	0x50
 1610 0074 23       		.byte	0x23
 1611 0075 03       		.uleb128 0x3
 1612 0076 09       		.byte	0x9
 1613 0077 FC       		.byte	0xfc
 1614 0078 1A       		.byte	0x1a
 1615 0079 9F       		.byte	0x9f
 1616 007a 00000000 		.4byte	0
 1617 007e 00000000 		.4byte	0
 1618              	.LLST2:
 1619 0082 28000000 		.4byte	.LVL5
 1620 0086 34000000 		.4byte	.LVL7
 1621 008a 0100     		.2byte	0x1
 1622 008c 50       		.byte	0x50
 1623 008d 00000000 		.4byte	0
 1624 0091 00000000 		.4byte	0
 1625              	.LLST3:
 1626 0095 00000000 		.4byte	.LVL8
 1627 0099 14000000 		.4byte	.LVL9
 1628 009d 0100     		.2byte	0x1
 1629 009f 50       		.byte	0x50
 1630 00a0 14000000 		.4byte	.LVL9
 1631 00a4 18000000 		.4byte	.LVL10
 1632 00a8 0300     		.2byte	0x3
 1633 00aa 70       		.byte	0x70
 1634 00ab 7D       		.sleb128 -3
 1635 00ac 9F       		.byte	0x9f
 1636 00ad 18000000 		.4byte	.LVL10
 1637 00b1 28000000 		.4byte	.LVL13
 1638 00b5 0100     		.2byte	0x1
 1639 00b7 50       		.byte	0x50
 1640 00b8 28000000 		.4byte	.LVL13
 1641 00bc 3C000000 		.4byte	.LFE9
 1642 00c0 0900     		.2byte	0x9
 1643 00c2 F3       		.byte	0xf3
 1644 00c3 01       		.uleb128 0x1
 1645 00c4 50       		.byte	0x50
 1646 00c5 23       		.byte	0x23
 1647 00c6 03       		.uleb128 0x3
 1648 00c7 09       		.byte	0x9
 1649 00c8 FC       		.byte	0xfc
 1650 00c9 1A       		.byte	0x1a
 1651 00ca 9F       		.byte	0x9f
 1652 00cb 00000000 		.4byte	0
 1653 00cf 00000000 		.4byte	0
ARM GAS  /var/folders/3j/4xdnk5197cv_b7cw3n33qk7r0000gn/T//ccOkH32v.s 			page 30


 1654              	.LLST4:
 1655 00d3 20000000 		.4byte	.LVL11
 1656 00d7 24000000 		.4byte	.LVL12
 1657 00db 0100     		.2byte	0x1
 1658 00dd 53       		.byte	0x53
 1659 00de 24000000 		.4byte	.LVL12
 1660 00e2 2C000000 		.4byte	.LVL14
 1661 00e6 0500     		.2byte	0x5
 1662 00e8 03       		.byte	0x3
 1663 00e9 00000000 		.4byte	nextmem
 1664 00ed 00000000 		.4byte	0
 1665 00f1 00000000 		.4byte	0
 1666              		.section	.debug_aranges,"",%progbits
 1667 0000 34000000 		.4byte	0x34
 1668 0004 0200     		.2byte	0x2
 1669 0006 00000000 		.4byte	.Ldebug_info0
 1670 000a 04       		.byte	0x4
 1671 000b 00       		.byte	0
 1672 000c 0000     		.2byte	0
 1673 000e 0000     		.2byte	0
 1674 0010 00000000 		.4byte	.LFB7
 1675 0014 34000000 		.4byte	.LFE7-.LFB7
 1676 0018 00000000 		.4byte	.LFB8
 1677 001c 44000000 		.4byte	.LFE8-.LFB8
 1678 0020 00000000 		.4byte	.LFB9
 1679 0024 3C000000 		.4byte	.LFE9-.LFB9
 1680 0028 00000000 		.4byte	.LFB10
 1681 002c 20000000 		.4byte	.LFE10-.LFB10
 1682 0030 00000000 		.4byte	0
 1683 0034 00000000 		.4byte	0
 1684              		.section	.debug_ranges,"",%progbits
 1685              	.Ldebug_ranges0:
 1686 0000 00000000 		.4byte	.LFB7
 1687 0004 34000000 		.4byte	.LFE7
 1688 0008 00000000 		.4byte	.LFB8
 1689 000c 44000000 		.4byte	.LFE8
 1690 0010 00000000 		.4byte	.LFB9
 1691 0014 3C000000 		.4byte	.LFE9
 1692 0018 00000000 		.4byte	.LFB10
 1693 001c 20000000 		.4byte	.LFE10
 1694 0020 00000000 		.4byte	0
 1695 0024 00000000 		.4byte	0
 1696              		.section	.debug_line,"",%progbits
 1697              	.Ldebug_line0:
 1698 0000 40020000 		.section	.debug_str,"MS",%progbits,1
 1698      0200DD01 
 1698      00000201 
 1698      FB0E0D00 
 1698      01010101 
 1699              	.LASF105:
 1700 0000 2F557365 		.ascii	"/Users/kevinmalmsten/development_raspberry_pi/Backu"
 1700      72732F6B 
 1700      6576696E 
 1700      6D616C6D 
 1700      7374656E 
 1701 0033 7053656E 		.ascii	"pSensor_ChibiOS/__Backup_System\000"
 1701      736F725F 
ARM GAS  /var/folders/3j/4xdnk5197cv_b7cw3n33qk7r0000gn/T//ccOkH32v.s 			page 31


 1701      43686962 
 1701      694F532F 
 1701      5F5F4261 
 1702              	.LASF88:
 1703 0053 63665F6F 		.ascii	"cf_off_older\000"
 1703      66665F6F 
 1703      6C646572 
 1703      00
 1704              	.LASF41:
 1705 0060 705F6D73 		.ascii	"p_msg\000"
 1705      6700
 1706              	.LASF2:
 1707 0066 73697A65 		.ascii	"size_t\000"
 1707      5F7400
 1708              	.LASF73:
 1709 006d 7264796D 		.ascii	"rdymsg\000"
 1709      736700
 1710              	.LASF109:
 1711 0074 6368436F 		.ascii	"chCoreAlloc\000"
 1711      7265416C 
 1711      6C6F6300 
 1712              	.LASF3:
 1713 0080 5F5F7569 		.ascii	"__uint8_t\000"
 1713      6E74385F 
 1713      7400
 1714              	.LASF67:
 1715 008a 76746C69 		.ascii	"vtlist\000"
 1715      737400
 1716              	.LASF13:
 1717 0091 6C6F6E67 		.ascii	"long long unsigned int\000"
 1717      206C6F6E 
 1717      6720756E 
 1717      7369676E 
 1717      65642069 
 1718              	.LASF84:
 1719 00a8 63685F74 		.ascii	"ch_threadsize\000"
 1719      68726561 
 1719      6473697A 
 1719      6500
 1720              	.LASF74:
 1721 00b6 65786974 		.ascii	"exitcode\000"
 1721      636F6465 
 1721      00
 1722              	.LASF104:
 1723 00bf 2E2E2F2F 		.ascii	"..//os/kernel/src/chmemcore.c\000"
 1723      6F732F6B 
 1723      65726E65 
 1723      6C2F7372 
 1723      632F6368 
 1724              	.LASF102:
 1725 00dd 5F5F6865 		.ascii	"__heap_end__\000"
 1725      61705F65 
 1725      6E645F5F 
 1725      00
 1726              	.LASF29:
 1727 00ea 705F7072 		.ascii	"p_prio\000"
 1727      696F00
ARM GAS  /var/folders/3j/4xdnk5197cv_b7cw3n33qk7r0000gn/T//ccOkH32v.s 			page 32


 1728              	.LASF91:
 1729 00f1 63665F6F 		.ascii	"cf_off_state\000"
 1729      66665F73 
 1729      74617465 
 1729      00
 1730              	.LASF12:
 1731 00fe 6C6F6E67 		.ascii	"long long int\000"
 1731      206C6F6E 
 1731      6720696E 
 1731      7400
 1732              	.LASF1:
 1733 010c 7369676E 		.ascii	"signed char\000"
 1733      65642063 
 1733      68617200 
 1734              	.LASF90:
 1735 0118 63665F6F 		.ascii	"cf_off_stklimit\000"
 1735      66665F73 
 1735      746B6C69 
 1735      6D697400 
 1736              	.LASF92:
 1737 0128 63665F6F 		.ascii	"cf_off_flags\000"
 1737      66665F66 
 1737      6C616773 
 1737      00
 1738              	.LASF70:
 1739 0135 6D5F7175 		.ascii	"m_queue\000"
 1739      65756500 
 1740              	.LASF103:
 1741 013d 474E5520 		.ascii	"GNU C11 7.3.1 20180622 (release) [ARM/embedded-7-br"
 1741      43313120 
 1741      372E332E 
 1741      31203230 
 1741      31383036 
 1742 0170 616E6368 		.ascii	"anch revision 261907] -mcpu=arm1176jz-s -mno-thumb-"
 1742      20726576 
 1742      6973696F 
 1742      6E203236 
 1742      31393037 
 1743 01a3 696E7465 		.ascii	"interwork -ggdb -O2 -fomit-frame-pointer -ffunction"
 1743      72776F72 
 1743      6B202D67 
 1743      67646220 
 1743      2D4F3220 
 1744 01d6 2D736563 		.ascii	"-sections -fdata-sections\000"
 1744      74696F6E 
 1744      73202D66 
 1744      64617461 
 1744      2D736563 
 1745              	.LASF9:
 1746 01f0 6C6F6E67 		.ascii	"long int\000"
 1746      20696E74 
 1746      00
 1747              	.LASF19:
 1748 01f9 74737461 		.ascii	"tstate_t\000"
 1748      74655F74 
 1748      00
 1749              	.LASF15:
ARM GAS  /var/folders/3j/4xdnk5197cv_b7cw3n33qk7r0000gn/T//ccOkH32v.s 			page 33


 1750 0202 75696E74 		.ascii	"uint16_t\000"
 1750      31365F74 
 1750      00
 1751              	.LASF96:
 1752 020b 63686465 		.ascii	"chdebug_t\000"
 1752      6275675F 
 1752      7400
 1753              	.LASF31:
 1754 0215 705F6E65 		.ascii	"p_newer\000"
 1754      77657200 
 1755              	.LASF98:
 1756 021d 5F69646C 		.ascii	"_idle_thread_wa\000"
 1756      655F7468 
 1756      72656164 
 1756      5F776100 
 1757              	.LASF107:
 1758 022d 6368436F 		.ascii	"chCoreAllocI\000"
 1758      7265416C 
 1758      6C6F6349 
 1758      00
 1759              	.LASF10:
 1760 023a 5F5F7569 		.ascii	"__uint32_t\000"
 1760      6E743332 
 1760      5F7400
 1761              	.LASF48:
 1762 0245 72656761 		.ascii	"regarm_t\000"
 1762      726D5F74 
 1762      00
 1763              	.LASF54:
 1764 024e 76745F70 		.ascii	"vt_prev\000"
 1764      72657600 
 1765              	.LASF0:
 1766 0256 756E7369 		.ascii	"unsigned int\000"
 1766      676E6564 
 1766      20696E74 
 1766      00
 1767              	.LASF53:
 1768 0263 76745F6E 		.ascii	"vt_next\000"
 1768      65787400 
 1769              	.LASF11:
 1770 026b 6C6F6E67 		.ascii	"long unsigned int\000"
 1770      20756E73 
 1770      69676E65 
 1770      6420696E 
 1770      7400
 1771              	.LASF97:
 1772 027d 63685F64 		.ascii	"ch_debug\000"
 1772      65627567 
 1772      00
 1773              	.LASF51:
 1774 0286 76746675 		.ascii	"vtfunc_t\000"
 1774      6E635F74 
 1774      00
 1775              	.LASF78:
 1776 028f 63685F69 		.ascii	"ch_identifier\000"
 1776      64656E74 
 1776      69666965 
ARM GAS  /var/folders/3j/4xdnk5197cv_b7cw3n33qk7r0000gn/T//ccOkH32v.s 			page 34


 1776      7200
 1777              	.LASF50:
 1778 029d 636F6E74 		.ascii	"context\000"
 1778      65787400 
 1779              	.LASF108:
 1780 02a5 73697A65 		.ascii	"size\000"
 1780      00
 1781              	.LASF7:
 1782 02aa 73686F72 		.ascii	"short unsigned int\000"
 1782      7420756E 
 1782      7369676E 
 1782      65642069 
 1782      6E7400
 1783              	.LASF23:
 1784 02bd 6D73675F 		.ascii	"msg_t\000"
 1784      7400
 1785              	.LASF63:
 1786 02c3 725F6E65 		.ascii	"r_newer\000"
 1786      77657200 
 1787              	.LASF18:
 1788 02cb 746D6F64 		.ascii	"tmode_t\000"
 1788      655F7400 
 1789              	.LASF46:
 1790 02d3 54687265 		.ascii	"ThreadsList\000"
 1790      6164734C 
 1790      69737400 
 1791              	.LASF24:
 1792 02df 6576656E 		.ascii	"eventmask_t\000"
 1792      746D6173 
 1792      6B5F7400 
 1793              	.LASF100:
 1794 02eb 656E646D 		.ascii	"endmem\000"
 1794      656D00
 1795              	.LASF69:
 1796 02f2 4D757465 		.ascii	"Mutex\000"
 1796      7800
 1797              	.LASF47:
 1798 02f8 73746B61 		.ascii	"stkalign_t\000"
 1798      6C69676E 
 1798      5F7400
 1799              	.LASF79:
 1800 0303 63685F7A 		.ascii	"ch_zero\000"
 1800      65726F00 
 1801              	.LASF93:
 1802 030b 63665F6F 		.ascii	"cf_off_refs\000"
 1802      66665F72 
 1802      65667300 
 1803              	.LASF55:
 1804 0317 76745F74 		.ascii	"vt_time\000"
 1804      696D6500 
 1805              	.LASF56:
 1806 031f 76745F66 		.ascii	"vt_func\000"
 1806      756E6300 
 1807              	.LASF83:
 1808 0327 63685F74 		.ascii	"ch_timesize\000"
 1808      696D6573 
 1808      697A6500 
ARM GAS  /var/folders/3j/4xdnk5197cv_b7cw3n33qk7r0000gn/T//ccOkH32v.s 			page 35


 1809              	.LASF89:
 1810 0333 63665F6F 		.ascii	"cf_off_name\000"
 1810      66665F6E 
 1810      616D6500 
 1811              	.LASF32:
 1812 033f 705F6F6C 		.ascii	"p_older\000"
 1812      64657200 
 1813              	.LASF62:
 1814 0347 725F6374 		.ascii	"r_ctx\000"
 1814      7800
 1815              	.LASF45:
 1816 034d 54687265 		.ascii	"ThreadsQueue\000"
 1816      61647351 
 1816      75657565 
 1816      00
 1817              	.LASF80:
 1818 035a 63685F73 		.ascii	"ch_size\000"
 1818      697A6500 
 1819              	.LASF65:
 1820 0362 725F6375 		.ascii	"r_current\000"
 1820      7272656E 
 1820      7400
 1821              	.LASF64:
 1822 036c 725F6F6C 		.ascii	"r_older\000"
 1822      64657200 
 1823              	.LASF20:
 1824 0374 74726566 		.ascii	"trefs_t\000"
 1824      735F7400 
 1825              	.LASF82:
 1826 037c 63685F70 		.ascii	"ch_ptrsize\000"
 1826      74727369 
 1826      7A6500
 1827              	.LASF28:
 1828 0387 705F7072 		.ascii	"p_prev\000"
 1828      657600
 1829              	.LASF22:
 1830 038e 74707269 		.ascii	"tprio_t\000"
 1830      6F5F7400 
 1831              	.LASF16:
 1832 0396 696E7433 		.ascii	"int32_t\000"
 1832      325F7400 
 1833              	.LASF4:
 1834 039e 756E7369 		.ascii	"unsigned char\000"
 1834      676E6564 
 1834      20636861 
 1834      7200
 1835              	.LASF110:
 1836 03ac 5F636F72 		.ascii	"_core_init\000"
 1836      655F696E 
 1836      697400
 1837              	.LASF43:
 1838 03b7 705F6D74 		.ascii	"p_mtxlist\000"
 1838      786C6973 
 1838      7400
 1839              	.LASF5:
 1840 03c1 73686F72 		.ascii	"short int\000"
 1840      7420696E 
ARM GAS  /var/folders/3j/4xdnk5197cv_b7cw3n33qk7r0000gn/T//ccOkH32v.s 			page 36


 1840      7400
 1841              	.LASF34:
 1842 03cb 705F7374 		.ascii	"p_state\000"
 1842      61746500 
 1843              	.LASF37:
 1844 03d3 705F7072 		.ascii	"p_preempt\000"
 1844      65656D70 
 1844      7400
 1845              	.LASF95:
 1846 03dd 63665F6F 		.ascii	"cf_off_time\000"
 1846      66665F74 
 1846      696D6500 
 1847              	.LASF61:
 1848 03e9 725F7072 		.ascii	"r_prio\000"
 1848      696F00
 1849              	.LASF76:
 1850 03f0 65776D61 		.ascii	"ewmask\000"
 1850      736B00
 1851              	.LASF27:
 1852 03f7 705F6E65 		.ascii	"p_next\000"
 1852      787400
 1853              	.LASF94:
 1854 03fe 63665F6F 		.ascii	"cf_off_preempt\000"
 1854      66665F70 
 1854      7265656D 
 1854      707400
 1855              	.LASF35:
 1856 040d 705F666C 		.ascii	"p_flags\000"
 1856      61677300 
 1857              	.LASF26:
 1858 0415 54687265 		.ascii	"Thread\000"
 1858      616400
 1859              	.LASF87:
 1860 041c 63665F6F 		.ascii	"cf_off_newer\000"
 1860      66665F6E 
 1860      65776572 
 1860      00
 1861              	.LASF42:
 1862 0429 705F6570 		.ascii	"p_epending\000"
 1862      656E6469 
 1862      6E6700
 1863              	.LASF17:
 1864 0434 75696E74 		.ascii	"uint32_t\000"
 1864      33325F74 
 1864      00
 1865              	.LASF85:
 1866 043d 63665F6F 		.ascii	"cf_off_prio\000"
 1866      66665F70 
 1866      72696F00 
 1867              	.LASF60:
 1868 0449 725F7175 		.ascii	"r_queue\000"
 1868      65756500 
 1869              	.LASF52:
 1870 0451 56697274 		.ascii	"VirtualTimer\000"
 1870      75616C54 
 1870      696D6572 
 1870      00
ARM GAS  /var/folders/3j/4xdnk5197cv_b7cw3n33qk7r0000gn/T//ccOkH32v.s 			page 37


 1871              	.LASF21:
 1872 045e 74736C69 		.ascii	"tslices_t\000"
 1872      6365735F 
 1872      7400
 1873              	.LASF106:
 1874 0468 6368436F 		.ascii	"chCoreStatus\000"
 1874      72655374 
 1874      61747573 
 1874      00
 1875              	.LASF77:
 1876 0475 63686172 		.ascii	"char\000"
 1876      00
 1877              	.LASF6:
 1878 047a 5F5F7569 		.ascii	"__uint16_t\000"
 1878      6E743136 
 1878      5F7400
 1879              	.LASF99:
 1880 0485 6E657874 		.ascii	"nextmem\000"
 1880      6D656D00 
 1881              	.LASF72:
 1882 048d 6D5F6E65 		.ascii	"m_next\000"
 1882      787400
 1883              	.LASF25:
 1884 0494 73797374 		.ascii	"systime_t\000"
 1884      696D655F 
 1884      7400
 1885              	.LASF44:
 1886 049e 705F7265 		.ascii	"p_realprio\000"
 1886      616C7072 
 1886      696F00
 1887              	.LASF8:
 1888 04a9 5F5F696E 		.ascii	"__int32_t\000"
 1888      7433325F 
 1888      7400
 1889              	.LASF38:
 1890 04b3 705F7469 		.ascii	"p_time\000"
 1890      6D6500
 1891              	.LASF49:
 1892 04ba 696E7463 		.ascii	"intctx\000"
 1892      747800
 1893              	.LASF40:
 1894 04c1 705F6D73 		.ascii	"p_msgqueue\000"
 1894      67717565 
 1894      756500
 1895              	.LASF57:
 1896 04cc 76745F70 		.ascii	"vt_par\000"
 1896      617200
 1897              	.LASF101:
 1898 04d3 5F5F6865 		.ascii	"__heap_base__\000"
 1898      61705F62 
 1898      6173655F 
 1898      5F00
 1899              	.LASF86:
 1900 04e1 63665F6F 		.ascii	"cf_off_ctx\000"
 1900      66665F63 
 1900      747800
 1901              	.LASF36:
ARM GAS  /var/folders/3j/4xdnk5197cv_b7cw3n33qk7r0000gn/T//ccOkH32v.s 			page 38


 1902 04ec 705F7265 		.ascii	"p_refs\000"
 1902      667300
 1903              	.LASF66:
 1904 04f3 52656164 		.ascii	"ReadyList\000"
 1904      794C6973 
 1904      7400
 1905              	.LASF68:
 1906 04fd 726C6973 		.ascii	"rlist\000"
 1906      7400
 1907              	.LASF14:
 1908 0503 75696E74 		.ascii	"uint8_t\000"
 1908      385F7400 
 1909              	.LASF75:
 1910 050b 77746F62 		.ascii	"wtobjp\000"
 1910      6A7000
 1911              	.LASF33:
 1912 0512 705F6E61 		.ascii	"p_name\000"
 1912      6D6500
 1913              	.LASF58:
 1914 0519 76745F73 		.ascii	"vt_systime\000"
 1914      79737469 
 1914      6D6500
 1915              	.LASF81:
 1916 0524 63685F76 		.ascii	"ch_version\000"
 1916      65727369 
 1916      6F6E00
 1917              	.LASF59:
 1918 052f 56544C69 		.ascii	"VTList\000"
 1918      737400
 1919              	.LASF71:
 1920 0536 6D5F6F77 		.ascii	"m_owner\000"
 1920      6E657200 
 1921              	.LASF30:
 1922 053e 705F6374 		.ascii	"p_ctx\000"
 1922      7800
 1923              	.LASF39:
 1924 0544 705F7761 		.ascii	"p_waiting\000"
 1924      6974696E 
 1924      6700
 1925              		.ident	"GCC: (GNU Tools for Arm Embedded Processors 7-2018-q2-update) 7.3.1 20180622 (release) [AR
ARM GAS  /var/folders/3j/4xdnk5197cv_b7cw3n33qk7r0000gn/T//ccOkH32v.s 			page 39


DEFINED SYMBOLS
                            *ABS*:0000000000000000 chmemcore.c
/var/folders/3j/4xdnk5197cv_b7cw3n33qk7r0000gn/T//ccOkH32v.s:16     .text._core_init:0000000000000000 $a
/var/folders/3j/4xdnk5197cv_b7cw3n33qk7r0000gn/T//ccOkH32v.s:22     .text._core_init:0000000000000000 _core_init
/var/folders/3j/4xdnk5197cv_b7cw3n33qk7r0000gn/T//ccOkH32v.s:51     .text._core_init:0000000000000024 $d
/var/folders/3j/4xdnk5197cv_b7cw3n33qk7r0000gn/T//ccOkH32v.s:59     .text.chCoreAlloc:0000000000000000 $a
/var/folders/3j/4xdnk5197cv_b7cw3n33qk7r0000gn/T//ccOkH32v.s:65     .text.chCoreAlloc:0000000000000000 chCoreAlloc
/var/folders/3j/4xdnk5197cv_b7cw3n33qk7r0000gn/T//ccOkH32v.s:121    .text.chCoreAlloc:000000000000003c $d
/var/folders/3j/4xdnk5197cv_b7cw3n33qk7r0000gn/T//ccOkH32v.s:127    .text.chCoreAllocI:0000000000000000 $a
/var/folders/3j/4xdnk5197cv_b7cw3n33qk7r0000gn/T//ccOkH32v.s:133    .text.chCoreAllocI:0000000000000000 chCoreAllocI
/var/folders/3j/4xdnk5197cv_b7cw3n33qk7r0000gn/T//ccOkH32v.s:169    .text.chCoreAllocI:0000000000000034 $d
/var/folders/3j/4xdnk5197cv_b7cw3n33qk7r0000gn/T//ccOkH32v.s:175    .text.chCoreStatus:0000000000000000 $a
/var/folders/3j/4xdnk5197cv_b7cw3n33qk7r0000gn/T//ccOkH32v.s:181    .text.chCoreStatus:0000000000000000 chCoreStatus
/var/folders/3j/4xdnk5197cv_b7cw3n33qk7r0000gn/T//ccOkH32v.s:199    .text.chCoreStatus:0000000000000018 $d
/var/folders/3j/4xdnk5197cv_b7cw3n33qk7r0000gn/T//ccOkH32v.s:205    .bss.endmem:0000000000000000 $d
/var/folders/3j/4xdnk5197cv_b7cw3n33qk7r0000gn/T//ccOkH32v.s:209    .bss.endmem:0000000000000000 endmem
/var/folders/3j/4xdnk5197cv_b7cw3n33qk7r0000gn/T//ccOkH32v.s:212    .bss.nextmem:0000000000000000 $d
/var/folders/3j/4xdnk5197cv_b7cw3n33qk7r0000gn/T//ccOkH32v.s:216    .bss.nextmem:0000000000000000 nextmem

UNDEFINED SYMBOLS
__heap_base__
__heap_end__
