ARM GAS  /var/folders/3j/4xdnk5197cv_b7cw3n33qk7r0000gn/T//cc6rzvRz.s 			page 1


   1              		.cpu arm1176jz-s
   2              		.eabi_attribute 20, 1
   3              		.eabi_attribute 21, 1
   4              		.eabi_attribute 23, 3
   5              		.eabi_attribute 24, 1
   6              		.eabi_attribute 25, 1
   7              		.eabi_attribute 26, 1
   8              		.eabi_attribute 30, 2
   9              		.eabi_attribute 34, 1
  10              		.eabi_attribute 18, 4
  11              		.file	"chmsg.c"
  12              		.text
  13              	.Ltext0:
  14              		.cfi_sections	.debug_frame
  15              		.section	.text.chMsgSend,"ax",%progbits
  16              		.align	2
  17              		.global	chMsgSend
  18              		.syntax unified
  19              		.arm
  20              		.fpu softvfp
  21              		.type	chMsgSend, %function
  22              	chMsgSend:
  23              	.LFB7:
  24              		.file 1 "..//os/kernel/src/chmsg.c"
  25              		.loc 1 68 0
  26              		.cfi_startproc
  27              		@ args = 0, pretend = 0, frame = 0
  28              		@ frame_needed = 0, uses_anonymous_args = 0
  29              	.LVL0:
  30              		.loc 1 69 0
  31 0000 50309FE5 		ldr	r3, .L6
  32              		.loc 1 68 0
  33 0004 10402DE9 		push	{r4, lr}
  34              		.cfi_def_cfa_offset 8
  35              		.cfi_offset 4, -8
  36              		.cfi_offset 14, -4
  37              		.loc 1 69 0
  38 0008 184093E5 		ldr	r4, [r3, #24]
  39              	.LVL1:
  40              		.loc 1 73 0
  41              		.syntax divided
  42              	@ 73 "..//os/kernel/src/chmsg.c" 1
  43 000c 9FF021E3 		msr     CPSR_c, #0x9F
  44              	@ 0 "" 2
  45              		.arm
  46              		.syntax unified
  47              	.LBB6:
  48              	.LBB7:
  49              		.file 2 "..//os/kernel/include/chinline.h"
  50              		.loc 2 48 0
  51 0010 302090E5 		ldr	r2, [r0, #48]
  52              	.LBE7:
  53              	.LBE6:
  54              		.loc 1 75 0
  55 0014 2CC080E2 		add	ip, r0, #44
  56              		.loc 1 74 0
  57 0018 341084E5 		str	r1, [r4, #52]
ARM GAS  /var/folders/3j/4xdnk5197cv_b7cw3n33qk7r0000gn/T//cc6rzvRz.s 			page 2


  58              	.LBB10:
  59              	.LBB8:
  60              		.loc 2 48 0
  61 001c 042084E5 		str	r2, [r4, #4]
  62              	.LBE8:
  63              	.LBE10:
  64              		.loc 1 75 0
  65 0020 24C084E5 		str	ip, [r4, #36]
  66              	.LVL2:
  67              	.LBB11:
  68              	.LBB9:
  69              		.loc 2 47 0
  70 0024 00C084E5 		str	ip, [r4]
  71              		.loc 2 49 0
  72 0028 304080E5 		str	r4, [r0, #48]
  73 002c 004082E5 		str	r4, [r2]
  74              	.LVL3:
  75              	.LBE9:
  76              	.LBE11:
  77              		.loc 1 77 0
  78 0030 1C30D0E5 		ldrb	r3, [r0, #28]	@ zero_extendqisi2
  79 0034 0C0053E3 		cmp	r3, #12
  80 0038 0400000A 		beq	.L5
  81              	.LVL4:
  82              	.L2:
  83              		.loc 1 79 0
  84 003c 0A00A0E3 		mov	r0, #10
  85 0040 FEFFFFEB 		bl	chSchGoSleepS
  86              	.LVL5:
  87              		.loc 1 80 0
  88 0044 240094E5 		ldr	r0, [r4, #36]
  89              	.LVL6:
  90              		.loc 1 81 0
  91              		.syntax divided
  92              	@ 81 "..//os/kernel/src/chmsg.c" 1
  93 0048 1FF021E3 		msr     CPSR_c, #0x1F
  94              	@ 0 "" 2
  95              		.loc 1 83 0
  96              		.arm
  97              		.syntax unified
  98 004c 1080BDE8 		pop	{r4, pc}
  99              	.LVL7:
 100              	.L5:
 101              		.loc 1 78 0
 102 0050 FEFFFFEB 		bl	chSchReadyI
 103              	.LVL8:
 104 0054 F8FFFFEA 		b	.L2
 105              	.L7:
 106              		.align	2
 107              	.L6:
 108 0058 00000000 		.word	rlist
 109              		.cfi_endproc
 110              	.LFE7:
 111              		.size	chMsgSend, .-chMsgSend
 112              		.section	.text.chMsgWait,"ax",%progbits
 113              		.align	2
 114              		.global	chMsgWait
ARM GAS  /var/folders/3j/4xdnk5197cv_b7cw3n33qk7r0000gn/T//cc6rzvRz.s 			page 3


 115              		.syntax unified
 116              		.arm
 117              		.fpu softvfp
 118              		.type	chMsgWait, %function
 119              	chMsgWait:
 120              	.LFB8:
 121              		.loc 1 99 0
 122              		.cfi_startproc
 123              		@ args = 0, pretend = 0, frame = 0
 124              		@ frame_needed = 0, uses_anonymous_args = 0
 125 0000 10402DE9 		push	{r4, lr}
 126              		.cfi_def_cfa_offset 8
 127              		.cfi_offset 4, -8
 128              		.cfi_offset 14, -4
 129              		.loc 1 102 0
 130              		.syntax divided
 131              	@ 102 "..//os/kernel/src/chmsg.c" 1
 132 0004 9FF021E3 		msr     CPSR_c, #0x9F
 133              	@ 0 "" 2
 134              		.loc 1 103 0
 135              		.arm
 136              		.syntax unified
 137 0008 44409FE5 		ldr	r4, .L12
 138 000c 182094E5 		ldr	r2, [r4, #24]
 139 0010 0230A0E1 		mov	r3, r2
 140 0014 2C00B3E5 		ldr	r0, [r3, #44]!
 141 0018 030050E1 		cmp	r0, r3
 142 001c 0600000A 		beq	.L11
 143              	.L9:
 144              	.LVL9:
 145              		.loc 1 106 0
 146 0020 0BC0A0E3 		mov	ip, #11
 147              	.LBB12:
 148              	.LBB13:
 149              		.loc 2 55 0
 150 0024 001090E5 		ldr	r1, [r0]
 151 0028 2C1082E5 		str	r1, [r2, #44]
 152              	.LVL10:
 153 002c 043081E5 		str	r3, [r1, #4]
 154              	.LVL11:
 155              	.LBE13:
 156              	.LBE12:
 157              		.loc 1 106 0
 158 0030 1CC0C0E5 		strb	ip, [r0, #28]
 159              		.loc 1 107 0
 160              		.syntax divided
 161              	@ 107 "..//os/kernel/src/chmsg.c" 1
 162 0034 1FF021E3 		msr     CPSR_c, #0x1F
 163              	@ 0 "" 2
 164              		.loc 1 109 0
 165              		.arm
 166              		.syntax unified
 167 0038 1080BDE8 		pop	{r4, pc}
 168              	.L11:
 169              		.loc 1 104 0
 170 003c 0C00A0E3 		mov	r0, #12
 171 0040 FEFFFFEB 		bl	chSchGoSleepS
ARM GAS  /var/folders/3j/4xdnk5197cv_b7cw3n33qk7r0000gn/T//cc6rzvRz.s 			page 4


 172              	.LVL12:
 173 0044 182094E5 		ldr	r2, [r4, #24]
 174 0048 2C0092E5 		ldr	r0, [r2, #44]
 175 004c 2C3082E2 		add	r3, r2, #44
 176 0050 F2FFFFEA 		b	.L9
 177              	.L13:
 178              		.align	2
 179              	.L12:
 180 0054 00000000 		.word	rlist
 181              		.cfi_endproc
 182              	.LFE8:
 183              		.size	chMsgWait, .-chMsgWait
 184              		.section	.text.chMsgRelease,"ax",%progbits
 185              		.align	2
 186              		.global	chMsgRelease
 187              		.syntax unified
 188              		.arm
 189              		.fpu softvfp
 190              		.type	chMsgRelease, %function
 191              	chMsgRelease:
 192              	.LFB9:
 193              		.loc 1 121 0
 194              		.cfi_startproc
 195              		@ args = 0, pretend = 0, frame = 0
 196              		@ frame_needed = 0, uses_anonymous_args = 0
 197              	.LVL13:
 198 0000 10402DE9 		push	{r4, lr}
 199              		.cfi_def_cfa_offset 8
 200              		.cfi_offset 4, -8
 201              		.cfi_offset 14, -4
 202              		.loc 1 123 0
 203              		.syntax divided
 204              	@ 123 "..//os/kernel/src/chmsg.c" 1
 205 0004 9FF021E3 		msr     CPSR_c, #0x9F
 206              	@ 0 "" 2
 207              		.loc 1 126 0
 208              		.arm
 209              		.syntax unified
 210 0008 FEFFFFEB 		bl	chSchWakeupS
 211              	.LVL14:
 212              		.loc 1 127 0
 213              		.syntax divided
 214              	@ 127 "..//os/kernel/src/chmsg.c" 1
 215 000c 1FF021E3 		msr     CPSR_c, #0x1F
 216              	@ 0 "" 2
 217              		.loc 1 128 0
 218              		.arm
 219              		.syntax unified
 220 0010 1080BDE8 		pop	{r4, pc}
 221              		.cfi_endproc
 222              	.LFE9:
 223              		.size	chMsgRelease, .-chMsgRelease
 224              		.text
 225              	.Letext0:
 226              		.file 3 "/usr/local/Cellar/gcc-arm-none-eabi/20180627/arm-none-eabi/include/machine/_default_types
 227              		.file 4 "/usr/local/Cellar/gcc-arm-none-eabi/20180627/arm-none-eabi/include/sys/_stdint.h"
 228              		.file 5 "..//os/ports/GCC/ARM/chtypes.h"
ARM GAS  /var/folders/3j/4xdnk5197cv_b7cw3n33qk7r0000gn/T//cc6rzvRz.s 			page 5


 229              		.file 6 "..//os/kernel/include/chlists.h"
 230              		.file 7 "..//os/kernel/include/chthreads.h"
 231              		.file 8 "..//os/ports/GCC/ARM/chcore.h"
 232              		.file 9 "..//os/kernel/include/chvt.h"
 233              		.file 10 "..//os/kernel/include/chschd.h"
 234              		.file 11 "..//os/kernel/include/chmtx.h"
 235              		.file 12 "..//os/kernel/include/chregistry.h"
 236              		.file 13 "..//os/kernel/include/ch.h"
 237              		.section	.debug_info,"",%progbits
 238              	.Ldebug_info0:
 239 0000 91070000 		.4byte	0x791
 240 0004 0400     		.2byte	0x4
 241 0006 00000000 		.4byte	.Ldebug_abbrev0
 242 000a 04       		.byte	0x4
 243 000b 01       		.uleb128 0x1
 244 000c C6000000 		.4byte	.LASF103
 245 0010 0C       		.byte	0xc
 246 0011 00000000 		.4byte	.LASF104
 247 0015 40030000 		.4byte	.LASF105
 248 0019 20000000 		.4byte	.Ldebug_ranges0+0x20
 249 001d 00000000 		.4byte	0
 250 0021 00000000 		.4byte	.Ldebug_line0
 251 0025 02       		.uleb128 0x2
 252 0026 04       		.byte	0x4
 253 0027 05       		.byte	0x5
 254 0028 696E7400 		.ascii	"int\000"
 255 002c 03       		.uleb128 0x3
 256 002d 04       		.byte	0x4
 257 002e 07       		.byte	0x7
 258 002f DC010000 		.4byte	.LASF0
 259 0033 03       		.uleb128 0x3
 260 0034 01       		.byte	0x1
 261 0035 06       		.byte	0x6
 262 0036 95000000 		.4byte	.LASF1
 263 003a 04       		.uleb128 0x4
 264 003b 34000000 		.4byte	.LASF4
 265 003f 03       		.byte	0x3
 266 0040 2B       		.byte	0x2b
 267 0041 45000000 		.4byte	0x45
 268 0045 03       		.uleb128 0x3
 269 0046 01       		.byte	0x1
 270 0047 08       		.byte	0x8
 271 0048 32030000 		.4byte	.LASF2
 272 004c 03       		.uleb128 0x3
 273 004d 02       		.byte	0x2
 274 004e 05       		.byte	0x5
 275 004f 97030000 		.4byte	.LASF3
 276 0053 04       		.uleb128 0x4
 277 0054 5D040000 		.4byte	.LASF5
 278 0058 03       		.byte	0x3
 279 0059 39       		.byte	0x39
 280 005a 5E000000 		.4byte	0x5e
 281 005e 03       		.uleb128 0x3
 282 005f 02       		.byte	0x2
 283 0060 07       		.byte	0x7
 284 0061 38020000 		.4byte	.LASF6
 285 0065 04       		.uleb128 0x4
ARM GAS  /var/folders/3j/4xdnk5197cv_b7cw3n33qk7r0000gn/T//cc6rzvRz.s 			page 6


 286 0066 90040000 		.4byte	.LASF7
 287 006a 03       		.byte	0x3
 288 006b 4D       		.byte	0x4d
 289 006c 70000000 		.4byte	0x70
 290 0070 03       		.uleb128 0x3
 291 0071 04       		.byte	0x4
 292 0072 05       		.byte	0x5
 293 0073 79010000 		.4byte	.LASF8
 294 0077 04       		.uleb128 0x4
 295 0078 C0010000 		.4byte	.LASF9
 296 007c 03       		.byte	0x3
 297 007d 4F       		.byte	0x4f
 298 007e 82000000 		.4byte	0x82
 299 0082 03       		.uleb128 0x3
 300 0083 04       		.byte	0x4
 301 0084 07       		.byte	0x7
 302 0085 FE010000 		.4byte	.LASF10
 303 0089 03       		.uleb128 0x3
 304 008a 08       		.byte	0x8
 305 008b 05       		.byte	0x5
 306 008c 87000000 		.4byte	.LASF11
 307 0090 03       		.uleb128 0x3
 308 0091 08       		.byte	0x8
 309 0092 07       		.byte	0x7
 310 0093 45000000 		.4byte	.LASF12
 311 0097 04       		.uleb128 0x4
 312 0098 F3040000 		.4byte	.LASF13
 313 009c 04       		.byte	0x4
 314 009d 18       		.byte	0x18
 315 009e 3A000000 		.4byte	0x3a
 316 00a2 04       		.uleb128 0x4
 317 00a3 95010000 		.4byte	.LASF14
 318 00a7 04       		.byte	0x4
 319 00a8 24       		.byte	0x24
 320 00a9 53000000 		.4byte	0x53
 321 00ad 04       		.uleb128 0x4
 322 00ae 2A030000 		.4byte	.LASF15
 323 00b2 04       		.byte	0x4
 324 00b3 2C       		.byte	0x2c
 325 00b4 65000000 		.4byte	0x65
 326 00b8 04       		.uleb128 0x4
 327 00b9 18040000 		.4byte	.LASF16
 328 00bd 04       		.byte	0x4
 329 00be 30       		.byte	0x30
 330 00bf 77000000 		.4byte	0x77
 331 00c3 04       		.uleb128 0x4
 332 00c4 66020000 		.4byte	.LASF17
 333 00c8 05       		.byte	0x5
 334 00c9 2A       		.byte	0x2a
 335 00ca 97000000 		.4byte	0x97
 336 00ce 04       		.uleb128 0x4
 337 00cf 8C010000 		.4byte	.LASF18
 338 00d3 05       		.byte	0x5
 339 00d4 2B       		.byte	0x2b
 340 00d5 97000000 		.4byte	0x97
 341 00d9 04       		.uleb128 0x4
 342 00da 08030000 		.4byte	.LASF19
ARM GAS  /var/folders/3j/4xdnk5197cv_b7cw3n33qk7r0000gn/T//cc6rzvRz.s 			page 7


 343 00de 05       		.byte	0x5
 344 00df 2C       		.byte	0x2c
 345 00e0 97000000 		.4byte	0x97
 346 00e4 04       		.uleb128 0x4
 347 00e5 42040000 		.4byte	.LASF20
 348 00e9 05       		.byte	0x5
 349 00ea 2D       		.byte	0x2d
 350 00eb 97000000 		.4byte	0x97
 351 00ef 04       		.uleb128 0x4
 352 00f0 22030000 		.4byte	.LASF21
 353 00f4 05       		.byte	0x5
 354 00f5 2E       		.byte	0x2e
 355 00f6 B8000000 		.4byte	0xb8
 356 00fa 04       		.uleb128 0x4
 357 00fb 58020000 		.4byte	.LASF22
 358 00ff 05       		.byte	0x5
 359 0100 2F       		.byte	0x2f
 360 0101 AD000000 		.4byte	0xad
 361 0105 04       		.uleb128 0x4
 362 0106 7A020000 		.4byte	.LASF23
 363 010a 05       		.byte	0x5
 364 010b 31       		.byte	0x31
 365 010c B8000000 		.4byte	0xb8
 366 0110 04       		.uleb128 0x4
 367 0111 7B040000 		.4byte	.LASF24
 368 0115 05       		.byte	0x5
 369 0116 33       		.byte	0x33
 370 0117 B8000000 		.4byte	0xb8
 371 011b 05       		.uleb128 0x5
 372 011c 10010000 		.4byte	0x110
 373 0120 04       		.uleb128 0x4
 374 0121 EB030000 		.4byte	.LASF25
 375 0125 06       		.byte	0x6
 376 0126 23       		.byte	0x23
 377 0127 2B010000 		.4byte	0x12b
 378 012b 06       		.uleb128 0x6
 379 012c EB030000 		.4byte	.LASF25
 380 0130 44       		.byte	0x44
 381 0131 07       		.byte	0x7
 382 0132 57       		.byte	0x57
 383 0133 1C020000 		.4byte	0x21c
 384 0137 07       		.uleb128 0x7
 385 0138 CD030000 		.4byte	.LASF26
 386 013c 07       		.byte	0x7
 387 013d 58       		.byte	0x58
 388 013e 3D020000 		.4byte	0x23d
 389 0142 00       		.byte	0
 390 0143 07       		.uleb128 0x7
 391 0144 1B030000 		.4byte	.LASF27
 392 0148 07       		.byte	0x7
 393 0149 5A       		.byte	0x5a
 394 014a 3D020000 		.4byte	0x23d
 395 014e 04       		.byte	0x4
 396 014f 07       		.uleb128 0x7
 397 0150 73000000 		.4byte	.LASF28
 398 0154 07       		.byte	0x7
 399 0155 5C       		.byte	0x5c
ARM GAS  /var/folders/3j/4xdnk5197cv_b7cw3n33qk7r0000gn/T//cc6rzvRz.s 			page 8


 400 0156 EF000000 		.4byte	0xef
 401 015a 08       		.byte	0x8
 402 015b 07       		.uleb128 0x7
 403 015c 2E050000 		.4byte	.LASF29
 404 0160 07       		.byte	0x7
 405 0161 5D       		.byte	0x5d
 406 0162 F8020000 		.4byte	0x2f8
 407 0166 0C       		.byte	0xc
 408 0167 07       		.uleb128 0x7
 409 0168 A8010000 		.4byte	.LASF30
 410 016c 07       		.byte	0x7
 411 016d 5F       		.byte	0x5f
 412 016e 3D020000 		.4byte	0x23d
 413 0172 10       		.byte	0x10
 414 0173 07       		.uleb128 0x7
 415 0174 D3020000 		.4byte	.LASF31
 416 0178 07       		.byte	0x7
 417 0179 60       		.byte	0x60
 418 017a 3D020000 		.4byte	0x23d
 419 017e 14       		.byte	0x14
 420 017f 07       		.uleb128 0x7
 421 0180 02050000 		.4byte	.LASF32
 422 0184 07       		.byte	0x7
 423 0185 67       		.byte	0x67
 424 0186 BA040000 		.4byte	0x4ba
 425 018a 18       		.byte	0x18
 426 018b 07       		.uleb128 0x7
 427 018c A1030000 		.4byte	.LASF33
 428 0190 07       		.byte	0x7
 429 0191 72       		.byte	0x72
 430 0192 CE000000 		.4byte	0xce
 431 0196 1C       		.byte	0x1c
 432 0197 07       		.uleb128 0x7
 433 0198 E3030000 		.4byte	.LASF34
 434 019c 07       		.byte	0x7
 435 019d 76       		.byte	0x76
 436 019e C3000000 		.4byte	0xc3
 437 01a2 1D       		.byte	0x1d
 438 01a3 07       		.uleb128 0x7
 439 01a4 D2040000 		.4byte	.LASF35
 440 01a8 07       		.byte	0x7
 441 01a9 7B       		.byte	0x7b
 442 01aa D9000000 		.4byte	0xd9
 443 01ae 1E       		.byte	0x1e
 444 01af 07       		.uleb128 0x7
 445 01b0 A9030000 		.4byte	.LASF36
 446 01b4 07       		.byte	0x7
 447 01b5 81       		.byte	0x81
 448 01b6 E4000000 		.4byte	0xe4
 449 01ba 1F       		.byte	0x1f
 450 01bb 07       		.uleb128 0x7
 451 01bc 9A040000 		.4byte	.LASF37
 452 01c0 07       		.byte	0x7
 453 01c1 88       		.byte	0x88
 454 01c2 1B010000 		.4byte	0x11b
 455 01c6 20       		.byte	0x20
 456 01c7 08       		.uleb128 0x8
ARM GAS  /var/folders/3j/4xdnk5197cv_b7cw3n33qk7r0000gn/T//cc6rzvRz.s 			page 9


 457 01c8 705F7500 		.ascii	"p_u\000"
 458 01cc 07       		.byte	0x7
 459 01cd AD       		.byte	0xad
 460 01ce 85040000 		.4byte	0x485
 461 01d2 24       		.byte	0x24
 462 01d3 07       		.uleb128 0x7
 463 01d4 34050000 		.4byte	.LASF38
 464 01d8 07       		.byte	0x7
 465 01d9 B2       		.byte	0xb2
 466 01da 63020000 		.4byte	0x263
 467 01de 28       		.byte	0x28
 468 01df 07       		.uleb128 0x7
 469 01e0 A8040000 		.4byte	.LASF39
 470 01e4 07       		.byte	0x7
 471 01e5 B8       		.byte	0xb8
 472 01e6 43020000 		.4byte	0x243
 473 01ea 2C       		.byte	0x2c
 474 01eb 07       		.uleb128 0x7
 475 01ec 1A000000 		.4byte	.LASF40
 476 01f0 07       		.byte	0x7
 477 01f1 BC       		.byte	0xbc
 478 01f2 FA000000 		.4byte	0xfa
 479 01f6 34       		.byte	0x34
 480 01f7 07       		.uleb128 0x7
 481 01f8 0D040000 		.4byte	.LASF41
 482 01fc 07       		.byte	0x7
 483 01fd C2       		.byte	0xc2
 484 01fe 05010000 		.4byte	0x105
 485 0202 38       		.byte	0x38
 486 0203 07       		.uleb128 0x7
 487 0204 8D030000 		.4byte	.LASF42
 488 0208 07       		.byte	0x7
 489 0209 C9       		.byte	0xc9
 490 020a CC040000 		.4byte	0x4cc
 491 020e 3C       		.byte	0x3c
 492 020f 07       		.uleb128 0x7
 493 0210 85040000 		.4byte	.LASF43
 494 0214 07       		.byte	0x7
 495 0215 CD       		.byte	0xcd
 496 0216 EF000000 		.4byte	0xef
 497 021a 40       		.byte	0x40
 498 021b 00       		.byte	0
 499 021c 09       		.uleb128 0x9
 500 021d 08       		.byte	0x8
 501 021e 06       		.byte	0x6
 502 021f 5A       		.byte	0x5a
 503 0220 3D020000 		.4byte	0x23d
 504 0224 07       		.uleb128 0x7
 505 0225 CD030000 		.4byte	.LASF26
 506 0229 06       		.byte	0x6
 507 022a 5B       		.byte	0x5b
 508 022b 3D020000 		.4byte	0x23d
 509 022f 00       		.byte	0
 510 0230 07       		.uleb128 0x7
 511 0231 1B030000 		.4byte	.LASF27
 512 0235 06       		.byte	0x6
 513 0236 5D       		.byte	0x5d
ARM GAS  /var/folders/3j/4xdnk5197cv_b7cw3n33qk7r0000gn/T//cc6rzvRz.s 			page 10


 514 0237 3D020000 		.4byte	0x23d
 515 023b 04       		.byte	0x4
 516 023c 00       		.byte	0
 517 023d 0A       		.uleb128 0xa
 518 023e 04       		.byte	0x4
 519 023f 20010000 		.4byte	0x120
 520 0243 04       		.uleb128 0x4
 521 0244 E1020000 		.4byte	.LASF44
 522 0248 06       		.byte	0x6
 523 0249 5F       		.byte	0x5f
 524 024a 1C020000 		.4byte	0x21c
 525 024e 09       		.uleb128 0x9
 526 024f 04       		.byte	0x4
 527 0250 06       		.byte	0x6
 528 0251 64       		.byte	0x64
 529 0252 63020000 		.4byte	0x263
 530 0256 07       		.uleb128 0x7
 531 0257 CD030000 		.4byte	.LASF26
 532 025b 06       		.byte	0x6
 533 025c 66       		.byte	0x66
 534 025d 3D020000 		.4byte	0x23d
 535 0261 00       		.byte	0
 536 0262 00       		.byte	0
 537 0263 04       		.uleb128 0x4
 538 0264 6E020000 		.4byte	.LASF45
 539 0268 06       		.byte	0x6
 540 0269 69       		.byte	0x69
 541 026a 4E020000 		.4byte	0x24e
 542 026e 04       		.uleb128 0x4
 543 026f 8C020000 		.4byte	.LASF46
 544 0273 08       		.byte	0x8
 545 0274 9D       		.byte	0x9d
 546 0275 B8000000 		.4byte	0xb8
 547 0279 04       		.uleb128 0x4
 548 027a CB010000 		.4byte	.LASF47
 549 027e 08       		.byte	0x8
 550 027f A2       		.byte	0xa2
 551 0280 84020000 		.4byte	0x284
 552 0284 0B       		.uleb128 0xb
 553 0285 04       		.byte	0x4
 554 0286 06       		.uleb128 0x6
 555 0287 A1040000 		.4byte	.LASF48
 556 028b 24       		.byte	0x24
 557 028c 08       		.byte	0x8
 558 028d B9       		.byte	0xb9
 559 028e F8020000 		.4byte	0x2f8
 560 0292 08       		.uleb128 0x8
 561 0293 723400   		.ascii	"r4\000"
 562 0296 08       		.byte	0x8
 563 0297 BA       		.byte	0xba
 564 0298 79020000 		.4byte	0x279
 565 029c 00       		.byte	0
 566 029d 08       		.uleb128 0x8
 567 029e 723500   		.ascii	"r5\000"
 568 02a1 08       		.byte	0x8
 569 02a2 BB       		.byte	0xbb
 570 02a3 79020000 		.4byte	0x279
ARM GAS  /var/folders/3j/4xdnk5197cv_b7cw3n33qk7r0000gn/T//cc6rzvRz.s 			page 11


 571 02a7 04       		.byte	0x4
 572 02a8 08       		.uleb128 0x8
 573 02a9 723600   		.ascii	"r6\000"
 574 02ac 08       		.byte	0x8
 575 02ad BC       		.byte	0xbc
 576 02ae 79020000 		.4byte	0x279
 577 02b2 08       		.byte	0x8
 578 02b3 08       		.uleb128 0x8
 579 02b4 723700   		.ascii	"r7\000"
 580 02b7 08       		.byte	0x8
 581 02b8 BD       		.byte	0xbd
 582 02b9 79020000 		.4byte	0x279
 583 02bd 0C       		.byte	0xc
 584 02be 08       		.uleb128 0x8
 585 02bf 723800   		.ascii	"r8\000"
 586 02c2 08       		.byte	0x8
 587 02c3 BE       		.byte	0xbe
 588 02c4 79020000 		.4byte	0x279
 589 02c8 10       		.byte	0x10
 590 02c9 08       		.uleb128 0x8
 591 02ca 723900   		.ascii	"r9\000"
 592 02cd 08       		.byte	0x8
 593 02ce BF       		.byte	0xbf
 594 02cf 79020000 		.4byte	0x279
 595 02d3 14       		.byte	0x14
 596 02d4 08       		.uleb128 0x8
 597 02d5 72313000 		.ascii	"r10\000"
 598 02d9 08       		.byte	0x8
 599 02da C0       		.byte	0xc0
 600 02db 79020000 		.4byte	0x279
 601 02df 18       		.byte	0x18
 602 02e0 08       		.uleb128 0x8
 603 02e1 72313100 		.ascii	"r11\000"
 604 02e5 08       		.byte	0x8
 605 02e6 C1       		.byte	0xc1
 606 02e7 79020000 		.4byte	0x279
 607 02eb 1C       		.byte	0x1c
 608 02ec 08       		.uleb128 0x8
 609 02ed 6C7200   		.ascii	"lr\000"
 610 02f0 08       		.byte	0x8
 611 02f1 C2       		.byte	0xc2
 612 02f2 79020000 		.4byte	0x279
 613 02f6 20       		.byte	0x20
 614 02f7 00       		.byte	0
 615 02f8 06       		.uleb128 0x6
 616 02f9 30020000 		.4byte	.LASF49
 617 02fd 04       		.byte	0x4
 618 02fe 08       		.byte	0x8
 619 02ff CA       		.byte	0xca
 620 0300 11030000 		.4byte	0x311
 621 0304 08       		.uleb128 0x8
 622 0305 72313300 		.ascii	"r13\000"
 623 0309 08       		.byte	0x8
 624 030a CB       		.byte	0xcb
 625 030b 11030000 		.4byte	0x311
 626 030f 00       		.byte	0
 627 0310 00       		.byte	0
ARM GAS  /var/folders/3j/4xdnk5197cv_b7cw3n33qk7r0000gn/T//cc6rzvRz.s 			page 12


 628 0311 0A       		.uleb128 0xa
 629 0312 04       		.byte	0x4
 630 0313 86020000 		.4byte	0x286
 631 0317 04       		.uleb128 0x4
 632 0318 19020000 		.4byte	.LASF50
 633 031c 09       		.byte	0x9
 634 031d 4E       		.byte	0x4e
 635 031e 22030000 		.4byte	0x322
 636 0322 0A       		.uleb128 0xa
 637 0323 04       		.byte	0x4
 638 0324 28030000 		.4byte	0x328
 639 0328 0C       		.uleb128 0xc
 640 0329 33030000 		.4byte	0x333
 641 032d 0D       		.uleb128 0xd
 642 032e 84020000 		.4byte	0x284
 643 0332 00       		.byte	0
 644 0333 04       		.uleb128 0x4
 645 0334 35040000 		.4byte	.LASF51
 646 0338 09       		.byte	0x9
 647 0339 53       		.byte	0x53
 648 033a 3E030000 		.4byte	0x33e
 649 033e 06       		.uleb128 0x6
 650 033f 35040000 		.4byte	.LASF51
 651 0343 14       		.byte	0x14
 652 0344 09       		.byte	0x9
 653 0345 5A       		.byte	0x5a
 654 0346 87030000 		.4byte	0x387
 655 034a 07       		.uleb128 0x7
 656 034b E9010000 		.4byte	.LASF52
 657 034f 09       		.byte	0x9
 658 0350 5B       		.byte	0x5b
 659 0351 87030000 		.4byte	0x387
 660 0355 00       		.byte	0
 661 0356 07       		.uleb128 0x7
 662 0357 D4010000 		.4byte	.LASF53
 663 035b 09       		.byte	0x9
 664 035c 5D       		.byte	0x5d
 665 035d 87030000 		.4byte	0x387
 666 0361 04       		.byte	0x4
 667 0362 07       		.uleb128 0x7
 668 0363 AB020000 		.4byte	.LASF54
 669 0367 09       		.byte	0x9
 670 0368 5F       		.byte	0x5f
 671 0369 10010000 		.4byte	0x110
 672 036d 08       		.byte	0x8
 673 036e 07       		.uleb128 0x7
 674 036f B3020000 		.4byte	.LASF55
 675 0373 09       		.byte	0x9
 676 0374 60       		.byte	0x60
 677 0375 17030000 		.4byte	0x317
 678 0379 0C       		.byte	0xc
 679 037a 07       		.uleb128 0x7
 680 037b B3040000 		.4byte	.LASF56
 681 037f 09       		.byte	0x9
 682 0380 62       		.byte	0x62
 683 0381 84020000 		.4byte	0x284
 684 0385 10       		.byte	0x10
ARM GAS  /var/folders/3j/4xdnk5197cv_b7cw3n33qk7r0000gn/T//cc6rzvRz.s 			page 13


 685 0386 00       		.byte	0
 686 0387 0A       		.uleb128 0xa
 687 0388 04       		.byte	0x4
 688 0389 33030000 		.4byte	0x333
 689 038d 09       		.uleb128 0x9
 690 038e 10       		.byte	0x10
 691 038f 09       		.byte	0x9
 692 0390 6C       		.byte	0x6c
 693 0391 C6030000 		.4byte	0x3c6
 694 0395 07       		.uleb128 0x7
 695 0396 E9010000 		.4byte	.LASF52
 696 039a 09       		.byte	0x9
 697 039b 6D       		.byte	0x6d
 698 039c 87030000 		.4byte	0x387
 699 03a0 00       		.byte	0
 700 03a1 07       		.uleb128 0x7
 701 03a2 D4010000 		.4byte	.LASF53
 702 03a6 09       		.byte	0x9
 703 03a7 6F       		.byte	0x6f
 704 03a8 87030000 		.4byte	0x387
 705 03ac 04       		.byte	0x4
 706 03ad 07       		.uleb128 0x7
 707 03ae AB020000 		.4byte	.LASF54
 708 03b2 09       		.byte	0x9
 709 03b3 71       		.byte	0x71
 710 03b4 10010000 		.4byte	0x110
 711 03b8 08       		.byte	0x8
 712 03b9 07       		.uleb128 0x7
 713 03ba 09050000 		.4byte	.LASF57
 714 03be 09       		.byte	0x9
 715 03bf 72       		.byte	0x72
 716 03c0 1B010000 		.4byte	0x11b
 717 03c4 0C       		.byte	0xc
 718 03c5 00       		.byte	0
 719 03c6 04       		.uleb128 0x4
 720 03c7 1F050000 		.4byte	.LASF58
 721 03cb 09       		.byte	0x9
 722 03cc 73       		.byte	0x73
 723 03cd 8D030000 		.4byte	0x38d
 724 03d1 0E       		.uleb128 0xe
 725 03d2 3E000000 		.4byte	.LASF66
 726 03d6 09       		.byte	0x9
 727 03d7 D1       		.byte	0xd1
 728 03d8 C6030000 		.4byte	0x3c6
 729 03dc 09       		.uleb128 0x9
 730 03dd 1C       		.byte	0x1c
 731 03de 0A       		.byte	0xa
 732 03df 57       		.byte	0x57
 733 03e0 2D040000 		.4byte	0x42d
 734 03e4 07       		.uleb128 0x7
 735 03e5 2D040000 		.4byte	.LASF59
 736 03e9 0A       		.byte	0xa
 737 03ea 58       		.byte	0x58
 738 03eb 43020000 		.4byte	0x243
 739 03ef 00       		.byte	0
 740 03f0 07       		.uleb128 0x7
 741 03f1 BF030000 		.4byte	.LASF60
ARM GAS  /var/folders/3j/4xdnk5197cv_b7cw3n33qk7r0000gn/T//cc6rzvRz.s 			page 14


 742 03f5 0A       		.byte	0xa
 743 03f6 59       		.byte	0x59
 744 03f7 EF000000 		.4byte	0xef
 745 03fb 08       		.byte	0x8
 746 03fc 07       		.uleb128 0x7
 747 03fd DB020000 		.4byte	.LASF61
 748 0401 0A       		.byte	0xa
 749 0402 5B       		.byte	0x5b
 750 0403 F8020000 		.4byte	0x2f8
 751 0407 0C       		.byte	0xc
 752 0408 07       		.uleb128 0x7
 753 0409 5E020000 		.4byte	.LASF62
 754 040d 0A       		.byte	0xa
 755 040e 5E       		.byte	0x5e
 756 040f 3D020000 		.4byte	0x23d
 757 0413 10       		.byte	0x10
 758 0414 07       		.uleb128 0x7
 759 0415 00030000 		.4byte	.LASF63
 760 0419 0A       		.byte	0xa
 761 041a 5F       		.byte	0x5f
 762 041b 3D020000 		.4byte	0x23d
 763 041f 14       		.byte	0x14
 764 0420 07       		.uleb128 0x7
 765 0421 F6020000 		.4byte	.LASF64
 766 0425 0A       		.byte	0xa
 767 0426 62       		.byte	0x62
 768 0427 3D020000 		.4byte	0x23d
 769 042b 18       		.byte	0x18
 770 042c 00       		.byte	0
 771 042d 04       		.uleb128 0x4
 772 042e D9040000 		.4byte	.LASF65
 773 0432 0A       		.byte	0xa
 774 0433 64       		.byte	0x64
 775 0434 DC030000 		.4byte	0x3dc
 776 0438 0E       		.uleb128 0xe
 777 0439 ED040000 		.4byte	.LASF67
 778 043d 0A       		.byte	0xa
 779 043e 68       		.byte	0x68
 780 043f 2D040000 		.4byte	0x42d
 781 0443 06       		.uleb128 0x6
 782 0444 86020000 		.4byte	.LASF68
 783 0448 10       		.byte	0x10
 784 0449 0B       		.byte	0xb
 785 044a 25       		.byte	0x25
 786 044b 74040000 		.4byte	0x474
 787 044f 07       		.uleb128 0x7
 788 0450 BE000000 		.4byte	.LASF69
 789 0454 0B       		.byte	0xb
 790 0455 26       		.byte	0x26
 791 0456 43020000 		.4byte	0x243
 792 045a 00       		.byte	0
 793 045b 07       		.uleb128 0x7
 794 045c 26050000 		.4byte	.LASF70
 795 0460 0B       		.byte	0xb
 796 0461 28       		.byte	0x28
 797 0462 3D020000 		.4byte	0x23d
 798 0466 08       		.byte	0x8
ARM GAS  /var/folders/3j/4xdnk5197cv_b7cw3n33qk7r0000gn/T//cc6rzvRz.s 			page 15


 799 0467 07       		.uleb128 0x7
 800 0468 74040000 		.4byte	.LASF71
 801 046c 0B       		.byte	0xb
 802 046d 2A       		.byte	0x2a
 803 046e 74040000 		.4byte	0x474
 804 0472 0C       		.byte	0xc
 805 0473 00       		.byte	0
 806 0474 0A       		.uleb128 0xa
 807 0475 04       		.byte	0x4
 808 0476 43040000 		.4byte	0x443
 809 047a 04       		.uleb128 0x4
 810 047b 86020000 		.4byte	.LASF68
 811 047f 0B       		.byte	0xb
 812 0480 2C       		.byte	0x2c
 813 0481 43040000 		.4byte	0x443
 814 0485 0F       		.uleb128 0xf
 815 0486 04       		.byte	0x4
 816 0487 07       		.byte	0x7
 817 0488 8F       		.byte	0x8f
 818 0489 BA040000 		.4byte	0x4ba
 819 048d 10       		.uleb128 0x10
 820 048e 2D000000 		.4byte	.LASF72
 821 0492 07       		.byte	0x7
 822 0493 96       		.byte	0x96
 823 0494 FA000000 		.4byte	0xfa
 824 0498 10       		.uleb128 0x10
 825 0499 6A000000 		.4byte	.LASF73
 826 049d 07       		.byte	0x7
 827 049e 9D       		.byte	0x9d
 828 049f FA000000 		.4byte	0xfa
 829 04a3 10       		.uleb128 0x10
 830 04a4 FB040000 		.4byte	.LASF74
 831 04a8 07       		.byte	0x7
 832 04a9 A4       		.byte	0xa4
 833 04aa 84020000 		.4byte	0x284
 834 04ae 10       		.uleb128 0x10
 835 04af C6030000 		.4byte	.LASF75
 836 04b3 07       		.byte	0x7
 837 04b4 AB       		.byte	0xab
 838 04b5 05010000 		.4byte	0x105
 839 04b9 00       		.byte	0
 840 04ba 0A       		.uleb128 0xa
 841 04bb 04       		.byte	0x4
 842 04bc C7040000 		.4byte	0x4c7
 843 04c0 03       		.uleb128 0x3
 844 04c1 01       		.byte	0x1
 845 04c2 08       		.byte	0x8
 846 04c3 4C040000 		.4byte	.LASF76
 847 04c7 11       		.uleb128 0x11
 848 04c8 C0040000 		.4byte	0x4c0
 849 04cc 0A       		.uleb128 0xa
 850 04cd 04       		.byte	0x4
 851 04ce 7A040000 		.4byte	0x47a
 852 04d2 09       		.uleb128 0x9
 853 04d3 16       		.byte	0x16
 854 04d4 0C       		.byte	0xc
 855 04d5 25       		.byte	0x25
ARM GAS  /var/folders/3j/4xdnk5197cv_b7cw3n33qk7r0000gn/T//cc6rzvRz.s 			page 16


 856 04d6 B3050000 		.4byte	0x5b3
 857 04da 07       		.uleb128 0x7
 858 04db 22020000 		.4byte	.LASF77
 859 04df 0C       		.byte	0xc
 860 04e0 26       		.byte	0x26
 861 04e1 B3050000 		.4byte	0x5b3
 862 04e5 00       		.byte	0
 863 04e6 07       		.uleb128 0x7
 864 04e7 97020000 		.4byte	.LASF78
 865 04eb 0C       		.byte	0xc
 866 04ec 27       		.byte	0x27
 867 04ed 97000000 		.4byte	0x97
 868 04f1 04       		.byte	0x4
 869 04f2 07       		.uleb128 0x7
 870 04f3 EE020000 		.4byte	.LASF79
 871 04f7 0C       		.byte	0xc
 872 04f8 28       		.byte	0x28
 873 04f9 97000000 		.4byte	0x97
 874 04fd 05       		.byte	0x5
 875 04fe 07       		.uleb128 0x7
 876 04ff 14050000 		.4byte	.LASF80
 877 0503 0C       		.byte	0xc
 878 0504 29       		.byte	0x29
 879 0505 A2000000 		.4byte	0xa2
 880 0509 06       		.byte	0x6
 881 050a 07       		.uleb128 0x7
 882 050b 10030000 		.4byte	.LASF81
 883 050f 0C       		.byte	0xc
 884 0510 2A       		.byte	0x2a
 885 0511 97000000 		.4byte	0x97
 886 0515 08       		.byte	0x8
 887 0516 07       		.uleb128 0x7
 888 0517 BB020000 		.4byte	.LASF82
 889 051b 0C       		.byte	0xc
 890 051c 2B       		.byte	0x2b
 891 051d 97000000 		.4byte	0x97
 892 0521 09       		.byte	0x9
 893 0522 07       		.uleb128 0x7
 894 0523 5C000000 		.4byte	.LASF83
 895 0527 0C       		.byte	0xc
 896 0528 2C       		.byte	0x2c
 897 0529 97000000 		.4byte	0x97
 898 052d 0A       		.byte	0xa
 899 052e 07       		.uleb128 0x7
 900 052f 21040000 		.4byte	.LASF84
 901 0533 0C       		.byte	0xc
 902 0534 2D       		.byte	0x2d
 903 0535 97000000 		.4byte	0x97
 904 0539 0B       		.byte	0xb
 905 053a 07       		.uleb128 0x7
 906 053b C7040000 		.4byte	.LASF85
 907 053f 0C       		.byte	0xc
 908 0540 2E       		.byte	0x2e
 909 0541 97000000 		.4byte	0x97
 910 0545 0C       		.byte	0xc
 911 0546 07       		.uleb128 0x7
 912 0547 F2030000 		.4byte	.LASF86
ARM GAS  /var/folders/3j/4xdnk5197cv_b7cw3n33qk7r0000gn/T//cc6rzvRz.s 			page 17


 913 054b 0C       		.byte	0xc
 914 054c 2F       		.byte	0x2f
 915 054d 97000000 		.4byte	0x97
 916 0551 0D       		.byte	0xd
 917 0552 07       		.uleb128 0x7
 918 0553 F1010000 		.4byte	.LASF87
 919 0557 0C       		.byte	0xc
 920 0558 30       		.byte	0x30
 921 0559 97000000 		.4byte	0x97
 922 055d 0E       		.byte	0xe
 923 055e 07       		.uleb128 0x7
 924 055f C7020000 		.4byte	.LASF88
 925 0563 0C       		.byte	0xc
 926 0564 31       		.byte	0x31
 927 0565 97000000 		.4byte	0x97
 928 0569 0F       		.byte	0xf
 929 056a 07       		.uleb128 0x7
 930 056b A1000000 		.4byte	.LASF89
 931 056f 0C       		.byte	0xc
 932 0570 32       		.byte	0x32
 933 0571 97000000 		.4byte	0x97
 934 0575 10       		.byte	0x10
 935 0576 07       		.uleb128 0x7
 936 0577 7A000000 		.4byte	.LASF90
 937 057b 0C       		.byte	0xc
 938 057c 34       		.byte	0x34
 939 057d 97000000 		.4byte	0x97
 940 0581 11       		.byte	0x11
 941 0582 07       		.uleb128 0x7
 942 0583 B1000000 		.4byte	.LASF91
 943 0587 0C       		.byte	0xc
 944 0588 35       		.byte	0x35
 945 0589 97000000 		.4byte	0x97
 946 058d 12       		.byte	0x12
 947 058e 07       		.uleb128 0x7
 948 058f 9F020000 		.4byte	.LASF92
 949 0593 0C       		.byte	0xc
 950 0594 36       		.byte	0x36
 951 0595 97000000 		.4byte	0x97
 952 0599 13       		.byte	0x13
 953 059a 07       		.uleb128 0x7
 954 059b D4030000 		.4byte	.LASF93
 955 059f 0C       		.byte	0xc
 956 05a0 37       		.byte	0x37
 957 05a1 97000000 		.4byte	0x97
 958 05a5 14       		.byte	0x14
 959 05a6 07       		.uleb128 0x7
 960 05a7 B3030000 		.4byte	.LASF94
 961 05ab 0C       		.byte	0xc
 962 05ac 39       		.byte	0x39
 963 05ad 97000000 		.4byte	0x97
 964 05b1 15       		.byte	0x15
 965 05b2 00       		.byte	0
 966 05b3 12       		.uleb128 0x12
 967 05b4 C0040000 		.4byte	0x4c0
 968 05b8 C3050000 		.4byte	0x5c3
 969 05bc 13       		.uleb128 0x13
ARM GAS  /var/folders/3j/4xdnk5197cv_b7cw3n33qk7r0000gn/T//cc6rzvRz.s 			page 18


 970 05bd 2C000000 		.4byte	0x2c
 971 05c1 03       		.byte	0x3
 972 05c2 00       		.byte	0
 973 05c3 04       		.uleb128 0x4
 974 05c4 9E010000 		.4byte	.LASF95
 975 05c8 0C       		.byte	0xc
 976 05c9 3A       		.byte	0x3a
 977 05ca D2040000 		.4byte	0x4d2
 978 05ce 11       		.uleb128 0x11
 979 05cf C3050000 		.4byte	0x5c3
 980 05d3 0E       		.uleb128 0xe
 981 05d4 10020000 		.4byte	.LASF96
 982 05d8 0C       		.byte	0xc
 983 05d9 77       		.byte	0x77
 984 05da CE050000 		.4byte	0x5ce
 985 05de 12       		.uleb128 0x12
 986 05df 6E020000 		.4byte	0x26e
 987 05e3 EE050000 		.4byte	0x5ee
 988 05e7 13       		.uleb128 0x13
 989 05e8 2C000000 		.4byte	0x2c
 990 05ec 26       		.byte	0x26
 991 05ed 00       		.byte	0
 992 05ee 0E       		.uleb128 0xe
 993 05ef B0010000 		.4byte	.LASF97
 994 05f3 0D       		.byte	0xd
 995 05f4 82       		.byte	0x82
 996 05f5 DE050000 		.4byte	0x5de
 997 05f9 14       		.uleb128 0x14
 998 05fa BA040000 		.4byte	.LASF106
 999 05fe 01       		.byte	0x1
 1000 05ff 79       		.byte	0x79
 1001 0600 00000000 		.4byte	.LFB9
 1002 0604 14000000 		.4byte	.LFE9-.LFB9
 1003 0608 01       		.uleb128 0x1
 1004 0609 9C       		.byte	0x9c
 1005 060a 44060000 		.4byte	0x644
 1006 060e 15       		.uleb128 0x15
 1007 060f 747000   		.ascii	"tp\000"
 1008 0612 01       		.byte	0x1
 1009 0613 79       		.byte	0x79
 1010 0614 3D020000 		.4byte	0x23d
 1011 0618 00000000 		.4byte	.LLST4
 1012 061c 15       		.uleb128 0x15
 1013 061d 6D736700 		.ascii	"msg\000"
 1014 0621 01       		.byte	0x1
 1015 0622 79       		.byte	0x79
 1016 0623 FA000000 		.4byte	0xfa
 1017 0627 21000000 		.4byte	.LLST5
 1018 062b 16       		.uleb128 0x16
 1019 062c 0C000000 		.4byte	.LVL14
 1020 0630 73070000 		.4byte	0x773
 1021 0634 17       		.uleb128 0x17
 1022 0635 01       		.uleb128 0x1
 1023 0636 50       		.byte	0x50
 1024 0637 03       		.uleb128 0x3
 1025 0638 F3       		.byte	0xf3
 1026 0639 01       		.uleb128 0x1
ARM GAS  /var/folders/3j/4xdnk5197cv_b7cw3n33qk7r0000gn/T//cc6rzvRz.s 			page 19


 1027 063a 50       		.byte	0x50
 1028 063b 17       		.uleb128 0x17
 1029 063c 01       		.uleb128 0x1
 1030 063d 51       		.byte	0x51
 1031 063e 03       		.uleb128 0x3
 1032 063f F3       		.byte	0xf3
 1033 0640 01       		.uleb128 0x1
 1034 0641 51       		.byte	0x51
 1035 0642 00       		.byte	0
 1036 0643 00       		.byte	0
 1037 0644 18       		.uleb128 0x18
 1038 0645 E3040000 		.4byte	.LASF98
 1039 0649 01       		.byte	0x1
 1040 064a 63       		.byte	0x63
 1041 064b 3D020000 		.4byte	0x23d
 1042 064f 00000000 		.4byte	.LFB8
 1043 0653 58000000 		.4byte	.LFE8-.LFB8
 1044 0657 01       		.uleb128 0x1
 1045 0658 9C       		.byte	0x9c
 1046 0659 9F060000 		.4byte	0x69f
 1047 065d 19       		.uleb128 0x19
 1048 065e 747000   		.ascii	"tp\000"
 1049 0661 01       		.byte	0x1
 1050 0662 64       		.byte	0x64
 1051 0663 3D020000 		.4byte	0x23d
 1052 0667 1A       		.uleb128 0x1a
 1053 0668 25070000 		.4byte	0x725
 1054 066c 24000000 		.4byte	.LBB12
 1055 0670 0C000000 		.4byte	.LBE12-.LBB12
 1056 0674 01       		.byte	0x1
 1057 0675 69       		.byte	0x69
 1058 0676 8F060000 		.4byte	0x68f
 1059 067a 1B       		.uleb128 0x1b
 1060 067b 35070000 		.4byte	0x735
 1061 067f 1C       		.uleb128 0x1c
 1062 0680 24000000 		.4byte	.LBB13
 1063 0684 0C000000 		.4byte	.LBE13-.LBB13
 1064 0688 1D       		.uleb128 0x1d
 1065 0689 40070000 		.4byte	0x740
 1066 068d 00       		.byte	0
 1067 068e 00       		.byte	0
 1068 068f 16       		.uleb128 0x16
 1069 0690 44000000 		.4byte	.LVL12
 1070 0694 7E070000 		.4byte	0x77e
 1071 0698 17       		.uleb128 0x17
 1072 0699 01       		.uleb128 0x1
 1073 069a 50       		.byte	0x50
 1074 069b 01       		.uleb128 0x1
 1075 069c 3C       		.byte	0x3c
 1076 069d 00       		.byte	0
 1077 069e 00       		.byte	0
 1078 069f 18       		.uleb128 0x18
 1079 06a0 82010000 		.4byte	.LASF99
 1080 06a4 01       		.byte	0x1
 1081 06a5 44       		.byte	0x44
 1082 06a6 FA000000 		.4byte	0xfa
 1083 06aa 00000000 		.4byte	.LFB7
ARM GAS  /var/folders/3j/4xdnk5197cv_b7cw3n33qk7r0000gn/T//cc6rzvRz.s 			page 20


 1084 06ae 5C000000 		.4byte	.LFE7-.LFB7
 1085 06b2 01       		.uleb128 0x1
 1086 06b3 9C       		.byte	0x9c
 1087 06b4 25070000 		.4byte	0x725
 1088 06b8 15       		.uleb128 0x15
 1089 06b9 747000   		.ascii	"tp\000"
 1090 06bc 01       		.byte	0x1
 1091 06bd 44       		.byte	0x44
 1092 06be 3D020000 		.4byte	0x23d
 1093 06c2 42000000 		.4byte	.LLST0
 1094 06c6 15       		.uleb128 0x15
 1095 06c7 6D736700 		.ascii	"msg\000"
 1096 06cb 01       		.byte	0x1
 1097 06cc 44       		.byte	0x44
 1098 06cd FA000000 		.4byte	0xfa
 1099 06d1 7C000000 		.4byte	.LLST1
 1100 06d5 1E       		.uleb128 0x1e
 1101 06d6 63747000 		.ascii	"ctp\000"
 1102 06da 01       		.byte	0x1
 1103 06db 45       		.byte	0x45
 1104 06dc 3D020000 		.4byte	0x23d
 1105 06e0 01       		.uleb128 0x1
 1106 06e1 54       		.byte	0x54
 1107 06e2 1F       		.uleb128 0x1f
 1108 06e3 51070000 		.4byte	0x751
 1109 06e7 10000000 		.4byte	.LBB6
 1110 06eb 00000000 		.4byte	.Ldebug_ranges0+0
 1111 06ef 01       		.byte	0x1
 1112 06f0 4C       		.byte	0x4c
 1113 06f1 08070000 		.4byte	0x708
 1114 06f5 20       		.uleb128 0x20
 1115 06f6 67070000 		.4byte	0x767
 1116 06fa C1000000 		.4byte	.LLST2
 1117 06fe 20       		.uleb128 0x20
 1118 06ff 5D070000 		.4byte	0x75d
 1119 0703 D4000000 		.4byte	.LLST3
 1120 0707 00       		.byte	0
 1121 0708 21       		.uleb128 0x21
 1122 0709 44000000 		.4byte	.LVL5
 1123 070d 7E070000 		.4byte	0x77e
 1124 0711 1B070000 		.4byte	0x71b
 1125 0715 17       		.uleb128 0x17
 1126 0716 01       		.uleb128 0x1
 1127 0717 50       		.byte	0x50
 1128 0718 01       		.uleb128 0x1
 1129 0719 3A       		.byte	0x3a
 1130 071a 00       		.byte	0
 1131 071b 22       		.uleb128 0x22
 1132 071c 54000000 		.4byte	.LVL8
 1133 0720 89070000 		.4byte	0x789
 1134 0724 00       		.byte	0
 1135 0725 23       		.uleb128 0x23
 1136 0726 51040000 		.4byte	.LASF107
 1137 072a 02       		.byte	0x2
 1138 072b 34       		.byte	0x34
 1139 072c 3D020000 		.4byte	0x23d
 1140 0730 03       		.byte	0x3
ARM GAS  /var/folders/3j/4xdnk5197cv_b7cw3n33qk7r0000gn/T//cc6rzvRz.s 			page 21


 1141 0731 4B070000 		.4byte	0x74b
 1142 0735 24       		.uleb128 0x24
 1143 0736 74717000 		.ascii	"tqp\000"
 1144 073a 02       		.byte	0x2
 1145 073b 34       		.byte	0x34
 1146 073c 4B070000 		.4byte	0x74b
 1147 0740 19       		.uleb128 0x19
 1148 0741 747000   		.ascii	"tp\000"
 1149 0744 02       		.byte	0x2
 1150 0745 35       		.byte	0x35
 1151 0746 3D020000 		.4byte	0x23d
 1152 074a 00       		.byte	0
 1153 074b 0A       		.uleb128 0xa
 1154 074c 04       		.byte	0x4
 1155 074d 43020000 		.4byte	0x243
 1156 0751 25       		.uleb128 0x25
 1157 0752 20000000 		.4byte	.LASF108
 1158 0756 02       		.byte	0x2
 1159 0757 2D       		.byte	0x2d
 1160 0758 03       		.byte	0x3
 1161 0759 73070000 		.4byte	0x773
 1162 075d 24       		.uleb128 0x24
 1163 075e 747000   		.ascii	"tp\000"
 1164 0761 02       		.byte	0x2
 1165 0762 2D       		.byte	0x2d
 1166 0763 3D020000 		.4byte	0x23d
 1167 0767 24       		.uleb128 0x24
 1168 0768 74717000 		.ascii	"tqp\000"
 1169 076c 02       		.byte	0x2
 1170 076d 2D       		.byte	0x2d
 1171 076e 4B070000 		.4byte	0x74b
 1172 0772 00       		.byte	0
 1173 0773 26       		.uleb128 0x26
 1174 0774 4B020000 		.4byte	.LASF100
 1175 0778 4B020000 		.4byte	.LASF100
 1176 077c 0A       		.byte	0xa
 1177 077d 92       		.byte	0x92
 1178 077e 26       		.uleb128 0x26
 1179 077f FF030000 		.4byte	.LASF101
 1180 0783 FF030000 		.4byte	.LASF101
 1181 0787 0A       		.byte	0xa
 1182 0788 8C       		.byte	0x8c
 1183 0789 26       		.uleb128 0x26
 1184 078a 68040000 		.4byte	.LASF102
 1185 078e 68040000 		.4byte	.LASF102
 1186 0792 0A       		.byte	0xa
 1187 0793 89       		.byte	0x89
 1188 0794 00       		.byte	0
 1189              		.section	.debug_abbrev,"",%progbits
 1190              	.Ldebug_abbrev0:
 1191 0000 01       		.uleb128 0x1
 1192 0001 11       		.uleb128 0x11
 1193 0002 01       		.byte	0x1
 1194 0003 25       		.uleb128 0x25
 1195 0004 0E       		.uleb128 0xe
 1196 0005 13       		.uleb128 0x13
 1197 0006 0B       		.uleb128 0xb
ARM GAS  /var/folders/3j/4xdnk5197cv_b7cw3n33qk7r0000gn/T//cc6rzvRz.s 			page 22


 1198 0007 03       		.uleb128 0x3
 1199 0008 0E       		.uleb128 0xe
 1200 0009 1B       		.uleb128 0x1b
 1201 000a 0E       		.uleb128 0xe
 1202 000b 55       		.uleb128 0x55
 1203 000c 17       		.uleb128 0x17
 1204 000d 11       		.uleb128 0x11
 1205 000e 01       		.uleb128 0x1
 1206 000f 10       		.uleb128 0x10
 1207 0010 17       		.uleb128 0x17
 1208 0011 00       		.byte	0
 1209 0012 00       		.byte	0
 1210 0013 02       		.uleb128 0x2
 1211 0014 24       		.uleb128 0x24
 1212 0015 00       		.byte	0
 1213 0016 0B       		.uleb128 0xb
 1214 0017 0B       		.uleb128 0xb
 1215 0018 3E       		.uleb128 0x3e
 1216 0019 0B       		.uleb128 0xb
 1217 001a 03       		.uleb128 0x3
 1218 001b 08       		.uleb128 0x8
 1219 001c 00       		.byte	0
 1220 001d 00       		.byte	0
 1221 001e 03       		.uleb128 0x3
 1222 001f 24       		.uleb128 0x24
 1223 0020 00       		.byte	0
 1224 0021 0B       		.uleb128 0xb
 1225 0022 0B       		.uleb128 0xb
 1226 0023 3E       		.uleb128 0x3e
 1227 0024 0B       		.uleb128 0xb
 1228 0025 03       		.uleb128 0x3
 1229 0026 0E       		.uleb128 0xe
 1230 0027 00       		.byte	0
 1231 0028 00       		.byte	0
 1232 0029 04       		.uleb128 0x4
 1233 002a 16       		.uleb128 0x16
 1234 002b 00       		.byte	0
 1235 002c 03       		.uleb128 0x3
 1236 002d 0E       		.uleb128 0xe
 1237 002e 3A       		.uleb128 0x3a
 1238 002f 0B       		.uleb128 0xb
 1239 0030 3B       		.uleb128 0x3b
 1240 0031 0B       		.uleb128 0xb
 1241 0032 49       		.uleb128 0x49
 1242 0033 13       		.uleb128 0x13
 1243 0034 00       		.byte	0
 1244 0035 00       		.byte	0
 1245 0036 05       		.uleb128 0x5
 1246 0037 35       		.uleb128 0x35
 1247 0038 00       		.byte	0
 1248 0039 49       		.uleb128 0x49
 1249 003a 13       		.uleb128 0x13
 1250 003b 00       		.byte	0
 1251 003c 00       		.byte	0
 1252 003d 06       		.uleb128 0x6
 1253 003e 13       		.uleb128 0x13
 1254 003f 01       		.byte	0x1
ARM GAS  /var/folders/3j/4xdnk5197cv_b7cw3n33qk7r0000gn/T//cc6rzvRz.s 			page 23


 1255 0040 03       		.uleb128 0x3
 1256 0041 0E       		.uleb128 0xe
 1257 0042 0B       		.uleb128 0xb
 1258 0043 0B       		.uleb128 0xb
 1259 0044 3A       		.uleb128 0x3a
 1260 0045 0B       		.uleb128 0xb
 1261 0046 3B       		.uleb128 0x3b
 1262 0047 0B       		.uleb128 0xb
 1263 0048 01       		.uleb128 0x1
 1264 0049 13       		.uleb128 0x13
 1265 004a 00       		.byte	0
 1266 004b 00       		.byte	0
 1267 004c 07       		.uleb128 0x7
 1268 004d 0D       		.uleb128 0xd
 1269 004e 00       		.byte	0
 1270 004f 03       		.uleb128 0x3
 1271 0050 0E       		.uleb128 0xe
 1272 0051 3A       		.uleb128 0x3a
 1273 0052 0B       		.uleb128 0xb
 1274 0053 3B       		.uleb128 0x3b
 1275 0054 0B       		.uleb128 0xb
 1276 0055 49       		.uleb128 0x49
 1277 0056 13       		.uleb128 0x13
 1278 0057 38       		.uleb128 0x38
 1279 0058 0B       		.uleb128 0xb
 1280 0059 00       		.byte	0
 1281 005a 00       		.byte	0
 1282 005b 08       		.uleb128 0x8
 1283 005c 0D       		.uleb128 0xd
 1284 005d 00       		.byte	0
 1285 005e 03       		.uleb128 0x3
 1286 005f 08       		.uleb128 0x8
 1287 0060 3A       		.uleb128 0x3a
 1288 0061 0B       		.uleb128 0xb
 1289 0062 3B       		.uleb128 0x3b
 1290 0063 0B       		.uleb128 0xb
 1291 0064 49       		.uleb128 0x49
 1292 0065 13       		.uleb128 0x13
 1293 0066 38       		.uleb128 0x38
 1294 0067 0B       		.uleb128 0xb
 1295 0068 00       		.byte	0
 1296 0069 00       		.byte	0
 1297 006a 09       		.uleb128 0x9
 1298 006b 13       		.uleb128 0x13
 1299 006c 01       		.byte	0x1
 1300 006d 0B       		.uleb128 0xb
 1301 006e 0B       		.uleb128 0xb
 1302 006f 3A       		.uleb128 0x3a
 1303 0070 0B       		.uleb128 0xb
 1304 0071 3B       		.uleb128 0x3b
 1305 0072 0B       		.uleb128 0xb
 1306 0073 01       		.uleb128 0x1
 1307 0074 13       		.uleb128 0x13
 1308 0075 00       		.byte	0
 1309 0076 00       		.byte	0
 1310 0077 0A       		.uleb128 0xa
 1311 0078 0F       		.uleb128 0xf
ARM GAS  /var/folders/3j/4xdnk5197cv_b7cw3n33qk7r0000gn/T//cc6rzvRz.s 			page 24


 1312 0079 00       		.byte	0
 1313 007a 0B       		.uleb128 0xb
 1314 007b 0B       		.uleb128 0xb
 1315 007c 49       		.uleb128 0x49
 1316 007d 13       		.uleb128 0x13
 1317 007e 00       		.byte	0
 1318 007f 00       		.byte	0
 1319 0080 0B       		.uleb128 0xb
 1320 0081 0F       		.uleb128 0xf
 1321 0082 00       		.byte	0
 1322 0083 0B       		.uleb128 0xb
 1323 0084 0B       		.uleb128 0xb
 1324 0085 00       		.byte	0
 1325 0086 00       		.byte	0
 1326 0087 0C       		.uleb128 0xc
 1327 0088 15       		.uleb128 0x15
 1328 0089 01       		.byte	0x1
 1329 008a 27       		.uleb128 0x27
 1330 008b 19       		.uleb128 0x19
 1331 008c 01       		.uleb128 0x1
 1332 008d 13       		.uleb128 0x13
 1333 008e 00       		.byte	0
 1334 008f 00       		.byte	0
 1335 0090 0D       		.uleb128 0xd
 1336 0091 05       		.uleb128 0x5
 1337 0092 00       		.byte	0
 1338 0093 49       		.uleb128 0x49
 1339 0094 13       		.uleb128 0x13
 1340 0095 00       		.byte	0
 1341 0096 00       		.byte	0
 1342 0097 0E       		.uleb128 0xe
 1343 0098 34       		.uleb128 0x34
 1344 0099 00       		.byte	0
 1345 009a 03       		.uleb128 0x3
 1346 009b 0E       		.uleb128 0xe
 1347 009c 3A       		.uleb128 0x3a
 1348 009d 0B       		.uleb128 0xb
 1349 009e 3B       		.uleb128 0x3b
 1350 009f 0B       		.uleb128 0xb
 1351 00a0 49       		.uleb128 0x49
 1352 00a1 13       		.uleb128 0x13
 1353 00a2 3F       		.uleb128 0x3f
 1354 00a3 19       		.uleb128 0x19
 1355 00a4 3C       		.uleb128 0x3c
 1356 00a5 19       		.uleb128 0x19
 1357 00a6 00       		.byte	0
 1358 00a7 00       		.byte	0
 1359 00a8 0F       		.uleb128 0xf
 1360 00a9 17       		.uleb128 0x17
 1361 00aa 01       		.byte	0x1
 1362 00ab 0B       		.uleb128 0xb
 1363 00ac 0B       		.uleb128 0xb
 1364 00ad 3A       		.uleb128 0x3a
 1365 00ae 0B       		.uleb128 0xb
 1366 00af 3B       		.uleb128 0x3b
 1367 00b0 0B       		.uleb128 0xb
 1368 00b1 01       		.uleb128 0x1
ARM GAS  /var/folders/3j/4xdnk5197cv_b7cw3n33qk7r0000gn/T//cc6rzvRz.s 			page 25


 1369 00b2 13       		.uleb128 0x13
 1370 00b3 00       		.byte	0
 1371 00b4 00       		.byte	0
 1372 00b5 10       		.uleb128 0x10
 1373 00b6 0D       		.uleb128 0xd
 1374 00b7 00       		.byte	0
 1375 00b8 03       		.uleb128 0x3
 1376 00b9 0E       		.uleb128 0xe
 1377 00ba 3A       		.uleb128 0x3a
 1378 00bb 0B       		.uleb128 0xb
 1379 00bc 3B       		.uleb128 0x3b
 1380 00bd 0B       		.uleb128 0xb
 1381 00be 49       		.uleb128 0x49
 1382 00bf 13       		.uleb128 0x13
 1383 00c0 00       		.byte	0
 1384 00c1 00       		.byte	0
 1385 00c2 11       		.uleb128 0x11
 1386 00c3 26       		.uleb128 0x26
 1387 00c4 00       		.byte	0
 1388 00c5 49       		.uleb128 0x49
 1389 00c6 13       		.uleb128 0x13
 1390 00c7 00       		.byte	0
 1391 00c8 00       		.byte	0
 1392 00c9 12       		.uleb128 0x12
 1393 00ca 01       		.uleb128 0x1
 1394 00cb 01       		.byte	0x1
 1395 00cc 49       		.uleb128 0x49
 1396 00cd 13       		.uleb128 0x13
 1397 00ce 01       		.uleb128 0x1
 1398 00cf 13       		.uleb128 0x13
 1399 00d0 00       		.byte	0
 1400 00d1 00       		.byte	0
 1401 00d2 13       		.uleb128 0x13
 1402 00d3 21       		.uleb128 0x21
 1403 00d4 00       		.byte	0
 1404 00d5 49       		.uleb128 0x49
 1405 00d6 13       		.uleb128 0x13
 1406 00d7 2F       		.uleb128 0x2f
 1407 00d8 0B       		.uleb128 0xb
 1408 00d9 00       		.byte	0
 1409 00da 00       		.byte	0
 1410 00db 14       		.uleb128 0x14
 1411 00dc 2E       		.uleb128 0x2e
 1412 00dd 01       		.byte	0x1
 1413 00de 3F       		.uleb128 0x3f
 1414 00df 19       		.uleb128 0x19
 1415 00e0 03       		.uleb128 0x3
 1416 00e1 0E       		.uleb128 0xe
 1417 00e2 3A       		.uleb128 0x3a
 1418 00e3 0B       		.uleb128 0xb
 1419 00e4 3B       		.uleb128 0x3b
 1420 00e5 0B       		.uleb128 0xb
 1421 00e6 27       		.uleb128 0x27
 1422 00e7 19       		.uleb128 0x19
 1423 00e8 11       		.uleb128 0x11
 1424 00e9 01       		.uleb128 0x1
 1425 00ea 12       		.uleb128 0x12
ARM GAS  /var/folders/3j/4xdnk5197cv_b7cw3n33qk7r0000gn/T//cc6rzvRz.s 			page 26


 1426 00eb 06       		.uleb128 0x6
 1427 00ec 40       		.uleb128 0x40
 1428 00ed 18       		.uleb128 0x18
 1429 00ee 9742     		.uleb128 0x2117
 1430 00f0 19       		.uleb128 0x19
 1431 00f1 01       		.uleb128 0x1
 1432 00f2 13       		.uleb128 0x13
 1433 00f3 00       		.byte	0
 1434 00f4 00       		.byte	0
 1435 00f5 15       		.uleb128 0x15
 1436 00f6 05       		.uleb128 0x5
 1437 00f7 00       		.byte	0
 1438 00f8 03       		.uleb128 0x3
 1439 00f9 08       		.uleb128 0x8
 1440 00fa 3A       		.uleb128 0x3a
 1441 00fb 0B       		.uleb128 0xb
 1442 00fc 3B       		.uleb128 0x3b
 1443 00fd 0B       		.uleb128 0xb
 1444 00fe 49       		.uleb128 0x49
 1445 00ff 13       		.uleb128 0x13
 1446 0100 02       		.uleb128 0x2
 1447 0101 17       		.uleb128 0x17
 1448 0102 00       		.byte	0
 1449 0103 00       		.byte	0
 1450 0104 16       		.uleb128 0x16
 1451 0105 898201   		.uleb128 0x4109
 1452 0108 01       		.byte	0x1
 1453 0109 11       		.uleb128 0x11
 1454 010a 01       		.uleb128 0x1
 1455 010b 31       		.uleb128 0x31
 1456 010c 13       		.uleb128 0x13
 1457 010d 00       		.byte	0
 1458 010e 00       		.byte	0
 1459 010f 17       		.uleb128 0x17
 1460 0110 8A8201   		.uleb128 0x410a
 1461 0113 00       		.byte	0
 1462 0114 02       		.uleb128 0x2
 1463 0115 18       		.uleb128 0x18
 1464 0116 9142     		.uleb128 0x2111
 1465 0118 18       		.uleb128 0x18
 1466 0119 00       		.byte	0
 1467 011a 00       		.byte	0
 1468 011b 18       		.uleb128 0x18
 1469 011c 2E       		.uleb128 0x2e
 1470 011d 01       		.byte	0x1
 1471 011e 3F       		.uleb128 0x3f
 1472 011f 19       		.uleb128 0x19
 1473 0120 03       		.uleb128 0x3
 1474 0121 0E       		.uleb128 0xe
 1475 0122 3A       		.uleb128 0x3a
 1476 0123 0B       		.uleb128 0xb
 1477 0124 3B       		.uleb128 0x3b
 1478 0125 0B       		.uleb128 0xb
 1479 0126 27       		.uleb128 0x27
 1480 0127 19       		.uleb128 0x19
 1481 0128 49       		.uleb128 0x49
 1482 0129 13       		.uleb128 0x13
ARM GAS  /var/folders/3j/4xdnk5197cv_b7cw3n33qk7r0000gn/T//cc6rzvRz.s 			page 27


 1483 012a 11       		.uleb128 0x11
 1484 012b 01       		.uleb128 0x1
 1485 012c 12       		.uleb128 0x12
 1486 012d 06       		.uleb128 0x6
 1487 012e 40       		.uleb128 0x40
 1488 012f 18       		.uleb128 0x18
 1489 0130 9742     		.uleb128 0x2117
 1490 0132 19       		.uleb128 0x19
 1491 0133 01       		.uleb128 0x1
 1492 0134 13       		.uleb128 0x13
 1493 0135 00       		.byte	0
 1494 0136 00       		.byte	0
 1495 0137 19       		.uleb128 0x19
 1496 0138 34       		.uleb128 0x34
 1497 0139 00       		.byte	0
 1498 013a 03       		.uleb128 0x3
 1499 013b 08       		.uleb128 0x8
 1500 013c 3A       		.uleb128 0x3a
 1501 013d 0B       		.uleb128 0xb
 1502 013e 3B       		.uleb128 0x3b
 1503 013f 0B       		.uleb128 0xb
 1504 0140 49       		.uleb128 0x49
 1505 0141 13       		.uleb128 0x13
 1506 0142 00       		.byte	0
 1507 0143 00       		.byte	0
 1508 0144 1A       		.uleb128 0x1a
 1509 0145 1D       		.uleb128 0x1d
 1510 0146 01       		.byte	0x1
 1511 0147 31       		.uleb128 0x31
 1512 0148 13       		.uleb128 0x13
 1513 0149 11       		.uleb128 0x11
 1514 014a 01       		.uleb128 0x1
 1515 014b 12       		.uleb128 0x12
 1516 014c 06       		.uleb128 0x6
 1517 014d 58       		.uleb128 0x58
 1518 014e 0B       		.uleb128 0xb
 1519 014f 59       		.uleb128 0x59
 1520 0150 0B       		.uleb128 0xb
 1521 0151 01       		.uleb128 0x1
 1522 0152 13       		.uleb128 0x13
 1523 0153 00       		.byte	0
 1524 0154 00       		.byte	0
 1525 0155 1B       		.uleb128 0x1b
 1526 0156 05       		.uleb128 0x5
 1527 0157 00       		.byte	0
 1528 0158 31       		.uleb128 0x31
 1529 0159 13       		.uleb128 0x13
 1530 015a 00       		.byte	0
 1531 015b 00       		.byte	0
 1532 015c 1C       		.uleb128 0x1c
 1533 015d 0B       		.uleb128 0xb
 1534 015e 01       		.byte	0x1
 1535 015f 11       		.uleb128 0x11
 1536 0160 01       		.uleb128 0x1
 1537 0161 12       		.uleb128 0x12
 1538 0162 06       		.uleb128 0x6
 1539 0163 00       		.byte	0
ARM GAS  /var/folders/3j/4xdnk5197cv_b7cw3n33qk7r0000gn/T//cc6rzvRz.s 			page 28


 1540 0164 00       		.byte	0
 1541 0165 1D       		.uleb128 0x1d
 1542 0166 34       		.uleb128 0x34
 1543 0167 00       		.byte	0
 1544 0168 31       		.uleb128 0x31
 1545 0169 13       		.uleb128 0x13
 1546 016a 00       		.byte	0
 1547 016b 00       		.byte	0
 1548 016c 1E       		.uleb128 0x1e
 1549 016d 34       		.uleb128 0x34
 1550 016e 00       		.byte	0
 1551 016f 03       		.uleb128 0x3
 1552 0170 08       		.uleb128 0x8
 1553 0171 3A       		.uleb128 0x3a
 1554 0172 0B       		.uleb128 0xb
 1555 0173 3B       		.uleb128 0x3b
 1556 0174 0B       		.uleb128 0xb
 1557 0175 49       		.uleb128 0x49
 1558 0176 13       		.uleb128 0x13
 1559 0177 02       		.uleb128 0x2
 1560 0178 18       		.uleb128 0x18
 1561 0179 00       		.byte	0
 1562 017a 00       		.byte	0
 1563 017b 1F       		.uleb128 0x1f
 1564 017c 1D       		.uleb128 0x1d
 1565 017d 01       		.byte	0x1
 1566 017e 31       		.uleb128 0x31
 1567 017f 13       		.uleb128 0x13
 1568 0180 52       		.uleb128 0x52
 1569 0181 01       		.uleb128 0x1
 1570 0182 55       		.uleb128 0x55
 1571 0183 17       		.uleb128 0x17
 1572 0184 58       		.uleb128 0x58
 1573 0185 0B       		.uleb128 0xb
 1574 0186 59       		.uleb128 0x59
 1575 0187 0B       		.uleb128 0xb
 1576 0188 01       		.uleb128 0x1
 1577 0189 13       		.uleb128 0x13
 1578 018a 00       		.byte	0
 1579 018b 00       		.byte	0
 1580 018c 20       		.uleb128 0x20
 1581 018d 05       		.uleb128 0x5
 1582 018e 00       		.byte	0
 1583 018f 31       		.uleb128 0x31
 1584 0190 13       		.uleb128 0x13
 1585 0191 02       		.uleb128 0x2
 1586 0192 17       		.uleb128 0x17
 1587 0193 00       		.byte	0
 1588 0194 00       		.byte	0
 1589 0195 21       		.uleb128 0x21
 1590 0196 898201   		.uleb128 0x4109
 1591 0199 01       		.byte	0x1
 1592 019a 11       		.uleb128 0x11
 1593 019b 01       		.uleb128 0x1
 1594 019c 31       		.uleb128 0x31
 1595 019d 13       		.uleb128 0x13
 1596 019e 01       		.uleb128 0x1
ARM GAS  /var/folders/3j/4xdnk5197cv_b7cw3n33qk7r0000gn/T//cc6rzvRz.s 			page 29


 1597 019f 13       		.uleb128 0x13
 1598 01a0 00       		.byte	0
 1599 01a1 00       		.byte	0
 1600 01a2 22       		.uleb128 0x22
 1601 01a3 898201   		.uleb128 0x4109
 1602 01a6 00       		.byte	0
 1603 01a7 11       		.uleb128 0x11
 1604 01a8 01       		.uleb128 0x1
 1605 01a9 31       		.uleb128 0x31
 1606 01aa 13       		.uleb128 0x13
 1607 01ab 00       		.byte	0
 1608 01ac 00       		.byte	0
 1609 01ad 23       		.uleb128 0x23
 1610 01ae 2E       		.uleb128 0x2e
 1611 01af 01       		.byte	0x1
 1612 01b0 03       		.uleb128 0x3
 1613 01b1 0E       		.uleb128 0xe
 1614 01b2 3A       		.uleb128 0x3a
 1615 01b3 0B       		.uleb128 0xb
 1616 01b4 3B       		.uleb128 0x3b
 1617 01b5 0B       		.uleb128 0xb
 1618 01b6 27       		.uleb128 0x27
 1619 01b7 19       		.uleb128 0x19
 1620 01b8 49       		.uleb128 0x49
 1621 01b9 13       		.uleb128 0x13
 1622 01ba 20       		.uleb128 0x20
 1623 01bb 0B       		.uleb128 0xb
 1624 01bc 01       		.uleb128 0x1
 1625 01bd 13       		.uleb128 0x13
 1626 01be 00       		.byte	0
 1627 01bf 00       		.byte	0
 1628 01c0 24       		.uleb128 0x24
 1629 01c1 05       		.uleb128 0x5
 1630 01c2 00       		.byte	0
 1631 01c3 03       		.uleb128 0x3
 1632 01c4 08       		.uleb128 0x8
 1633 01c5 3A       		.uleb128 0x3a
 1634 01c6 0B       		.uleb128 0xb
 1635 01c7 3B       		.uleb128 0x3b
 1636 01c8 0B       		.uleb128 0xb
 1637 01c9 49       		.uleb128 0x49
 1638 01ca 13       		.uleb128 0x13
 1639 01cb 00       		.byte	0
 1640 01cc 00       		.byte	0
 1641 01cd 25       		.uleb128 0x25
 1642 01ce 2E       		.uleb128 0x2e
 1643 01cf 01       		.byte	0x1
 1644 01d0 03       		.uleb128 0x3
 1645 01d1 0E       		.uleb128 0xe
 1646 01d2 3A       		.uleb128 0x3a
 1647 01d3 0B       		.uleb128 0xb
 1648 01d4 3B       		.uleb128 0x3b
 1649 01d5 0B       		.uleb128 0xb
 1650 01d6 27       		.uleb128 0x27
 1651 01d7 19       		.uleb128 0x19
 1652 01d8 20       		.uleb128 0x20
 1653 01d9 0B       		.uleb128 0xb
ARM GAS  /var/folders/3j/4xdnk5197cv_b7cw3n33qk7r0000gn/T//cc6rzvRz.s 			page 30


 1654 01da 01       		.uleb128 0x1
 1655 01db 13       		.uleb128 0x13
 1656 01dc 00       		.byte	0
 1657 01dd 00       		.byte	0
 1658 01de 26       		.uleb128 0x26
 1659 01df 2E       		.uleb128 0x2e
 1660 01e0 00       		.byte	0
 1661 01e1 3F       		.uleb128 0x3f
 1662 01e2 19       		.uleb128 0x19
 1663 01e3 3C       		.uleb128 0x3c
 1664 01e4 19       		.uleb128 0x19
 1665 01e5 6E       		.uleb128 0x6e
 1666 01e6 0E       		.uleb128 0xe
 1667 01e7 03       		.uleb128 0x3
 1668 01e8 0E       		.uleb128 0xe
 1669 01e9 3A       		.uleb128 0x3a
 1670 01ea 0B       		.uleb128 0xb
 1671 01eb 3B       		.uleb128 0x3b
 1672 01ec 0B       		.uleb128 0xb
 1673 01ed 00       		.byte	0
 1674 01ee 00       		.byte	0
 1675 01ef 00       		.byte	0
 1676              		.section	.debug_loc,"",%progbits
 1677              	.Ldebug_loc0:
 1678              	.LLST4:
 1679 0000 00000000 		.4byte	.LVL13
 1680 0004 0B000000 		.4byte	.LVL14-1
 1681 0008 0100     		.2byte	0x1
 1682 000a 50       		.byte	0x50
 1683 000b 0B000000 		.4byte	.LVL14-1
 1684 000f 14000000 		.4byte	.LFE9
 1685 0013 0400     		.2byte	0x4
 1686 0015 F3       		.byte	0xf3
 1687 0016 01       		.uleb128 0x1
 1688 0017 50       		.byte	0x50
 1689 0018 9F       		.byte	0x9f
 1690 0019 00000000 		.4byte	0
 1691 001d 00000000 		.4byte	0
 1692              	.LLST5:
 1693 0021 00000000 		.4byte	.LVL13
 1694 0025 0B000000 		.4byte	.LVL14-1
 1695 0029 0100     		.2byte	0x1
 1696 002b 51       		.byte	0x51
 1697 002c 0B000000 		.4byte	.LVL14-1
 1698 0030 14000000 		.4byte	.LFE9
 1699 0034 0400     		.2byte	0x4
 1700 0036 F3       		.byte	0xf3
 1701 0037 01       		.uleb128 0x1
 1702 0038 51       		.byte	0x51
 1703 0039 9F       		.byte	0x9f
 1704 003a 00000000 		.4byte	0
 1705 003e 00000000 		.4byte	0
 1706              	.LLST0:
 1707 0042 00000000 		.4byte	.LVL0
 1708 0046 3C000000 		.4byte	.LVL4
 1709 004a 0100     		.2byte	0x1
 1710 004c 50       		.byte	0x50
ARM GAS  /var/folders/3j/4xdnk5197cv_b7cw3n33qk7r0000gn/T//cc6rzvRz.s 			page 31


 1711 004d 3C000000 		.4byte	.LVL4
 1712 0051 50000000 		.4byte	.LVL7
 1713 0055 0400     		.2byte	0x4
 1714 0057 F3       		.byte	0xf3
 1715 0058 01       		.uleb128 0x1
 1716 0059 50       		.byte	0x50
 1717 005a 9F       		.byte	0x9f
 1718 005b 50000000 		.4byte	.LVL7
 1719 005f 53000000 		.4byte	.LVL8-1
 1720 0063 0100     		.2byte	0x1
 1721 0065 50       		.byte	0x50
 1722 0066 53000000 		.4byte	.LVL8-1
 1723 006a 5C000000 		.4byte	.LFE7
 1724 006e 0400     		.2byte	0x4
 1725 0070 F3       		.byte	0xf3
 1726 0071 01       		.uleb128 0x1
 1727 0072 50       		.byte	0x50
 1728 0073 9F       		.byte	0x9f
 1729 0074 00000000 		.4byte	0
 1730 0078 00000000 		.4byte	0
 1731              	.LLST1:
 1732 007c 00000000 		.4byte	.LVL0
 1733 0080 3C000000 		.4byte	.LVL4
 1734 0084 0100     		.2byte	0x1
 1735 0086 51       		.byte	0x51
 1736 0087 3C000000 		.4byte	.LVL4
 1737 008b 48000000 		.4byte	.LVL6
 1738 008f 0400     		.2byte	0x4
 1739 0091 F3       		.byte	0xf3
 1740 0092 01       		.uleb128 0x1
 1741 0093 51       		.byte	0x51
 1742 0094 9F       		.byte	0x9f
 1743 0095 48000000 		.4byte	.LVL6
 1744 0099 50000000 		.4byte	.LVL7
 1745 009d 0100     		.2byte	0x1
 1746 009f 50       		.byte	0x50
 1747 00a0 50000000 		.4byte	.LVL7
 1748 00a4 53000000 		.4byte	.LVL8-1
 1749 00a8 0100     		.2byte	0x1
 1750 00aa 51       		.byte	0x51
 1751 00ab 53000000 		.4byte	.LVL8-1
 1752 00af 5C000000 		.4byte	.LFE7
 1753 00b3 0400     		.2byte	0x4
 1754 00b5 F3       		.byte	0xf3
 1755 00b6 01       		.uleb128 0x1
 1756 00b7 51       		.byte	0x51
 1757 00b8 9F       		.byte	0x9f
 1758 00b9 00000000 		.4byte	0
 1759 00bd 00000000 		.4byte	0
 1760              	.LLST2:
 1761 00c1 24000000 		.4byte	.LVL2
 1762 00c5 30000000 		.4byte	.LVL3
 1763 00c9 0100     		.2byte	0x1
 1764 00cb 5C       		.byte	0x5c
 1765 00cc 00000000 		.4byte	0
 1766 00d0 00000000 		.4byte	0
 1767              	.LLST3:
ARM GAS  /var/folders/3j/4xdnk5197cv_b7cw3n33qk7r0000gn/T//cc6rzvRz.s 			page 32


 1768 00d4 24000000 		.4byte	.LVL2
 1769 00d8 30000000 		.4byte	.LVL3
 1770 00dc 0100     		.2byte	0x1
 1771 00de 54       		.byte	0x54
 1772 00df 00000000 		.4byte	0
 1773 00e3 00000000 		.4byte	0
 1774              		.section	.debug_aranges,"",%progbits
 1775 0000 2C000000 		.4byte	0x2c
 1776 0004 0200     		.2byte	0x2
 1777 0006 00000000 		.4byte	.Ldebug_info0
 1778 000a 04       		.byte	0x4
 1779 000b 00       		.byte	0
 1780 000c 0000     		.2byte	0
 1781 000e 0000     		.2byte	0
 1782 0010 00000000 		.4byte	.LFB7
 1783 0014 5C000000 		.4byte	.LFE7-.LFB7
 1784 0018 00000000 		.4byte	.LFB8
 1785 001c 58000000 		.4byte	.LFE8-.LFB8
 1786 0020 00000000 		.4byte	.LFB9
 1787 0024 14000000 		.4byte	.LFE9-.LFB9
 1788 0028 00000000 		.4byte	0
 1789 002c 00000000 		.4byte	0
 1790              		.section	.debug_ranges,"",%progbits
 1791              	.Ldebug_ranges0:
 1792 0000 10000000 		.4byte	.LBB6
 1793 0004 14000000 		.4byte	.LBE6
 1794 0008 1C000000 		.4byte	.LBB10
 1795 000c 20000000 		.4byte	.LBE10
 1796 0010 24000000 		.4byte	.LBB11
 1797 0014 30000000 		.4byte	.LBE11
 1798 0018 00000000 		.4byte	0
 1799 001c 00000000 		.4byte	0
 1800 0020 00000000 		.4byte	.LFB7
 1801 0024 5C000000 		.4byte	.LFE7
 1802 0028 00000000 		.4byte	.LFB8
 1803 002c 58000000 		.4byte	.LFE8
 1804 0030 00000000 		.4byte	.LFB9
 1805 0034 14000000 		.4byte	.LFE9
 1806 0038 00000000 		.4byte	0
 1807 003c 00000000 		.4byte	0
 1808              		.section	.debug_line,"",%progbits
 1809              	.Ldebug_line0:
 1810 0000 FD010000 		.section	.debug_str,"MS",%progbits,1
 1810      02008A01 
 1810      00000201 
 1810      FB0E0D00 
 1810      01010101 
 1811              	.LASF104:
 1812 0000 2E2E2F2F 		.ascii	"..//os/kernel/src/chmsg.c\000"
 1812      6F732F6B 
 1812      65726E65 
 1812      6C2F7372 
 1812      632F6368 
 1813              	.LASF40:
 1814 001a 705F6D73 		.ascii	"p_msg\000"
 1814      6700
 1815              	.LASF108:
ARM GAS  /var/folders/3j/4xdnk5197cv_b7cw3n33qk7r0000gn/T//cc6rzvRz.s 			page 33


 1816 0020 71756575 		.ascii	"queue_insert\000"
 1816      655F696E 
 1816      73657274 
 1816      00
 1817              	.LASF72:
 1818 002d 7264796D 		.ascii	"rdymsg\000"
 1818      736700
 1819              	.LASF4:
 1820 0034 5F5F7569 		.ascii	"__uint8_t\000"
 1820      6E74385F 
 1820      7400
 1821              	.LASF66:
 1822 003e 76746C69 		.ascii	"vtlist\000"
 1822      737400
 1823              	.LASF12:
 1824 0045 6C6F6E67 		.ascii	"long long unsigned int\000"
 1824      206C6F6E 
 1824      6720756E 
 1824      7369676E 
 1824      65642069 
 1825              	.LASF83:
 1826 005c 63685F74 		.ascii	"ch_threadsize\000"
 1826      68726561 
 1826      6473697A 
 1826      6500
 1827              	.LASF73:
 1828 006a 65786974 		.ascii	"exitcode\000"
 1828      636F6465 
 1828      00
 1829              	.LASF28:
 1830 0073 705F7072 		.ascii	"p_prio\000"
 1830      696F00
 1831              	.LASF90:
 1832 007a 63665F6F 		.ascii	"cf_off_state\000"
 1832      66665F73 
 1832      74617465 
 1832      00
 1833              	.LASF11:
 1834 0087 6C6F6E67 		.ascii	"long long int\000"
 1834      206C6F6E 
 1834      6720696E 
 1834      7400
 1835              	.LASF1:
 1836 0095 7369676E 		.ascii	"signed char\000"
 1836      65642063 
 1836      68617200 
 1837              	.LASF89:
 1838 00a1 63665F6F 		.ascii	"cf_off_stklimit\000"
 1838      66665F73 
 1838      746B6C69 
 1838      6D697400 
 1839              	.LASF91:
 1840 00b1 63665F6F 		.ascii	"cf_off_flags\000"
 1840      66665F66 
 1840      6C616773 
 1840      00
 1841              	.LASF69:
ARM GAS  /var/folders/3j/4xdnk5197cv_b7cw3n33qk7r0000gn/T//cc6rzvRz.s 			page 34


 1842 00be 6D5F7175 		.ascii	"m_queue\000"
 1842      65756500 
 1843              	.LASF103:
 1844 00c6 474E5520 		.ascii	"GNU C11 7.3.1 20180622 (release) [ARM/embedded-7-br"
 1844      43313120 
 1844      372E332E 
 1844      31203230 
 1844      31383036 
 1845 00f9 616E6368 		.ascii	"anch revision 261907] -mcpu=arm1176jz-s -mno-thumb-"
 1845      20726576 
 1845      6973696F 
 1845      6E203236 
 1845      31393037 
 1846 012c 696E7465 		.ascii	"interwork -ggdb -O2 -fomit-frame-pointer -ffunction"
 1846      72776F72 
 1846      6B202D67 
 1846      67646220 
 1846      2D4F3220 
 1847 015f 2D736563 		.ascii	"-sections -fdata-sections\000"
 1847      74696F6E 
 1847      73202D66 
 1847      64617461 
 1847      2D736563 
 1848              	.LASF8:
 1849 0179 6C6F6E67 		.ascii	"long int\000"
 1849      20696E74 
 1849      00
 1850              	.LASF99:
 1851 0182 63684D73 		.ascii	"chMsgSend\000"
 1851      6753656E 
 1851      6400
 1852              	.LASF18:
 1853 018c 74737461 		.ascii	"tstate_t\000"
 1853      74655F74 
 1853      00
 1854              	.LASF14:
 1855 0195 75696E74 		.ascii	"uint16_t\000"
 1855      31365F74 
 1855      00
 1856              	.LASF95:
 1857 019e 63686465 		.ascii	"chdebug_t\000"
 1857      6275675F 
 1857      7400
 1858              	.LASF30:
 1859 01a8 705F6E65 		.ascii	"p_newer\000"
 1859      77657200 
 1860              	.LASF97:
 1861 01b0 5F69646C 		.ascii	"_idle_thread_wa\000"
 1861      655F7468 
 1861      72656164 
 1861      5F776100 
 1862              	.LASF9:
 1863 01c0 5F5F7569 		.ascii	"__uint32_t\000"
 1863      6E743332 
 1863      5F7400
 1864              	.LASF47:
 1865 01cb 72656761 		.ascii	"regarm_t\000"
ARM GAS  /var/folders/3j/4xdnk5197cv_b7cw3n33qk7r0000gn/T//cc6rzvRz.s 			page 35


 1865      726D5F74 
 1865      00
 1866              	.LASF53:
 1867 01d4 76745F70 		.ascii	"vt_prev\000"
 1867      72657600 
 1868              	.LASF0:
 1869 01dc 756E7369 		.ascii	"unsigned int\000"
 1869      676E6564 
 1869      20696E74 
 1869      00
 1870              	.LASF52:
 1871 01e9 76745F6E 		.ascii	"vt_next\000"
 1871      65787400 
 1872              	.LASF87:
 1873 01f1 63665F6F 		.ascii	"cf_off_older\000"
 1873      66665F6F 
 1873      6C646572 
 1873      00
 1874              	.LASF10:
 1875 01fe 6C6F6E67 		.ascii	"long unsigned int\000"
 1875      20756E73 
 1875      69676E65 
 1875      6420696E 
 1875      7400
 1876              	.LASF96:
 1877 0210 63685F64 		.ascii	"ch_debug\000"
 1877      65627567 
 1877      00
 1878              	.LASF50:
 1879 0219 76746675 		.ascii	"vtfunc_t\000"
 1879      6E635F74 
 1879      00
 1880              	.LASF77:
 1881 0222 63685F69 		.ascii	"ch_identifier\000"
 1881      64656E74 
 1881      69666965 
 1881      7200
 1882              	.LASF49:
 1883 0230 636F6E74 		.ascii	"context\000"
 1883      65787400 
 1884              	.LASF6:
 1885 0238 73686F72 		.ascii	"short unsigned int\000"
 1885      7420756E 
 1885      7369676E 
 1885      65642069 
 1885      6E7400
 1886              	.LASF100:
 1887 024b 63685363 		.ascii	"chSchWakeupS\000"
 1887      6857616B 
 1887      65757053 
 1887      00
 1888              	.LASF22:
 1889 0258 6D73675F 		.ascii	"msg_t\000"
 1889      7400
 1890              	.LASF62:
 1891 025e 725F6E65 		.ascii	"r_newer\000"
 1891      77657200 
ARM GAS  /var/folders/3j/4xdnk5197cv_b7cw3n33qk7r0000gn/T//cc6rzvRz.s 			page 36


 1892              	.LASF17:
 1893 0266 746D6F64 		.ascii	"tmode_t\000"
 1893      655F7400 
 1894              	.LASF45:
 1895 026e 54687265 		.ascii	"ThreadsList\000"
 1895      6164734C 
 1895      69737400 
 1896              	.LASF23:
 1897 027a 6576656E 		.ascii	"eventmask_t\000"
 1897      746D6173 
 1897      6B5F7400 
 1898              	.LASF68:
 1899 0286 4D757465 		.ascii	"Mutex\000"
 1899      7800
 1900              	.LASF46:
 1901 028c 73746B61 		.ascii	"stkalign_t\000"
 1901      6C69676E 
 1901      5F7400
 1902              	.LASF78:
 1903 0297 63685F7A 		.ascii	"ch_zero\000"
 1903      65726F00 
 1904              	.LASF92:
 1905 029f 63665F6F 		.ascii	"cf_off_refs\000"
 1905      66665F72 
 1905      65667300 
 1906              	.LASF54:
 1907 02ab 76745F74 		.ascii	"vt_time\000"
 1907      696D6500 
 1908              	.LASF55:
 1909 02b3 76745F66 		.ascii	"vt_func\000"
 1909      756E6300 
 1910              	.LASF82:
 1911 02bb 63685F74 		.ascii	"ch_timesize\000"
 1911      696D6573 
 1911      697A6500 
 1912              	.LASF88:
 1913 02c7 63665F6F 		.ascii	"cf_off_name\000"
 1913      66665F6E 
 1913      616D6500 
 1914              	.LASF31:
 1915 02d3 705F6F6C 		.ascii	"p_older\000"
 1915      64657200 
 1916              	.LASF61:
 1917 02db 725F6374 		.ascii	"r_ctx\000"
 1917      7800
 1918              	.LASF44:
 1919 02e1 54687265 		.ascii	"ThreadsQueue\000"
 1919      61647351 
 1919      75657565 
 1919      00
 1920              	.LASF79:
 1921 02ee 63685F73 		.ascii	"ch_size\000"
 1921      697A6500 
 1922              	.LASF64:
 1923 02f6 725F6375 		.ascii	"r_current\000"
 1923      7272656E 
 1923      7400
ARM GAS  /var/folders/3j/4xdnk5197cv_b7cw3n33qk7r0000gn/T//cc6rzvRz.s 			page 37


 1924              	.LASF63:
 1925 0300 725F6F6C 		.ascii	"r_older\000"
 1925      64657200 
 1926              	.LASF19:
 1927 0308 74726566 		.ascii	"trefs_t\000"
 1927      735F7400 
 1928              	.LASF81:
 1929 0310 63685F70 		.ascii	"ch_ptrsize\000"
 1929      74727369 
 1929      7A6500
 1930              	.LASF27:
 1931 031b 705F7072 		.ascii	"p_prev\000"
 1931      657600
 1932              	.LASF21:
 1933 0322 74707269 		.ascii	"tprio_t\000"
 1933      6F5F7400 
 1934              	.LASF15:
 1935 032a 696E7433 		.ascii	"int32_t\000"
 1935      325F7400 
 1936              	.LASF2:
 1937 0332 756E7369 		.ascii	"unsigned char\000"
 1937      676E6564 
 1937      20636861 
 1937      7200
 1938              	.LASF105:
 1939 0340 2F557365 		.ascii	"/Users/kevinmalmsten/development_raspberry_pi/Chibi"
 1939      72732F6B 
 1939      6576696E 
 1939      6D616C6D 
 1939      7374656E 
 1940 0373 4F532D42 		.ascii	"OS-Backup/__Backup_System\000"
 1940      61636B75 
 1940      702F5F5F 
 1940      4261636B 
 1940      75705F53 
 1941              	.LASF42:
 1942 038d 705F6D74 		.ascii	"p_mtxlist\000"
 1942      786C6973 
 1942      7400
 1943              	.LASF3:
 1944 0397 73686F72 		.ascii	"short int\000"
 1944      7420696E 
 1944      7400
 1945              	.LASF33:
 1946 03a1 705F7374 		.ascii	"p_state\000"
 1946      61746500 
 1947              	.LASF36:
 1948 03a9 705F7072 		.ascii	"p_preempt\000"
 1948      65656D70 
 1948      7400
 1949              	.LASF94:
 1950 03b3 63665F6F 		.ascii	"cf_off_time\000"
 1950      66665F74 
 1950      696D6500 
 1951              	.LASF60:
 1952 03bf 725F7072 		.ascii	"r_prio\000"
 1952      696F00
ARM GAS  /var/folders/3j/4xdnk5197cv_b7cw3n33qk7r0000gn/T//cc6rzvRz.s 			page 38


 1953              	.LASF75:
 1954 03c6 65776D61 		.ascii	"ewmask\000"
 1954      736B00
 1955              	.LASF26:
 1956 03cd 705F6E65 		.ascii	"p_next\000"
 1956      787400
 1957              	.LASF93:
 1958 03d4 63665F6F 		.ascii	"cf_off_preempt\000"
 1958      66665F70 
 1958      7265656D 
 1958      707400
 1959              	.LASF34:
 1960 03e3 705F666C 		.ascii	"p_flags\000"
 1960      61677300 
 1961              	.LASF25:
 1962 03eb 54687265 		.ascii	"Thread\000"
 1962      616400
 1963              	.LASF86:
 1964 03f2 63665F6F 		.ascii	"cf_off_newer\000"
 1964      66665F6E 
 1964      65776572 
 1964      00
 1965              	.LASF101:
 1966 03ff 63685363 		.ascii	"chSchGoSleepS\000"
 1966      68476F53 
 1966      6C656570 
 1966      5300
 1967              	.LASF41:
 1968 040d 705F6570 		.ascii	"p_epending\000"
 1968      656E6469 
 1968      6E6700
 1969              	.LASF16:
 1970 0418 75696E74 		.ascii	"uint32_t\000"
 1970      33325F74 
 1970      00
 1971              	.LASF84:
 1972 0421 63665F6F 		.ascii	"cf_off_prio\000"
 1972      66665F70 
 1972      72696F00 
 1973              	.LASF59:
 1974 042d 725F7175 		.ascii	"r_queue\000"
 1974      65756500 
 1975              	.LASF51:
 1976 0435 56697274 		.ascii	"VirtualTimer\000"
 1976      75616C54 
 1976      696D6572 
 1976      00
 1977              	.LASF20:
 1978 0442 74736C69 		.ascii	"tslices_t\000"
 1978      6365735F 
 1978      7400
 1979              	.LASF76:
 1980 044c 63686172 		.ascii	"char\000"
 1980      00
 1981              	.LASF107:
 1982 0451 6669666F 		.ascii	"fifo_remove\000"
 1982      5F72656D 
ARM GAS  /var/folders/3j/4xdnk5197cv_b7cw3n33qk7r0000gn/T//cc6rzvRz.s 			page 39


 1982      6F766500 
 1983              	.LASF5:
 1984 045d 5F5F7569 		.ascii	"__uint16_t\000"
 1984      6E743136 
 1984      5F7400
 1985              	.LASF102:
 1986 0468 63685363 		.ascii	"chSchReadyI\000"
 1986      68526561 
 1986      64794900 
 1987              	.LASF71:
 1988 0474 6D5F6E65 		.ascii	"m_next\000"
 1988      787400
 1989              	.LASF24:
 1990 047b 73797374 		.ascii	"systime_t\000"
 1990      696D655F 
 1990      7400
 1991              	.LASF43:
 1992 0485 705F7265 		.ascii	"p_realprio\000"
 1992      616C7072 
 1992      696F00
 1993              	.LASF7:
 1994 0490 5F5F696E 		.ascii	"__int32_t\000"
 1994      7433325F 
 1994      7400
 1995              	.LASF37:
 1996 049a 705F7469 		.ascii	"p_time\000"
 1996      6D6500
 1997              	.LASF48:
 1998 04a1 696E7463 		.ascii	"intctx\000"
 1998      747800
 1999              	.LASF39:
 2000 04a8 705F6D73 		.ascii	"p_msgqueue\000"
 2000      67717565 
 2000      756500
 2001              	.LASF56:
 2002 04b3 76745F70 		.ascii	"vt_par\000"
 2002      617200
 2003              	.LASF106:
 2004 04ba 63684D73 		.ascii	"chMsgRelease\000"
 2004      6752656C 
 2004      65617365 
 2004      00
 2005              	.LASF85:
 2006 04c7 63665F6F 		.ascii	"cf_off_ctx\000"
 2006      66665F63 
 2006      747800
 2007              	.LASF35:
 2008 04d2 705F7265 		.ascii	"p_refs\000"
 2008      667300
 2009              	.LASF65:
 2010 04d9 52656164 		.ascii	"ReadyList\000"
 2010      794C6973 
 2010      7400
 2011              	.LASF98:
 2012 04e3 63684D73 		.ascii	"chMsgWait\000"
 2012      67576169 
 2012      7400
ARM GAS  /var/folders/3j/4xdnk5197cv_b7cw3n33qk7r0000gn/T//cc6rzvRz.s 			page 40


 2013              	.LASF67:
 2014 04ed 726C6973 		.ascii	"rlist\000"
 2014      7400
 2015              	.LASF13:
 2016 04f3 75696E74 		.ascii	"uint8_t\000"
 2016      385F7400 
 2017              	.LASF74:
 2018 04fb 77746F62 		.ascii	"wtobjp\000"
 2018      6A7000
 2019              	.LASF32:
 2020 0502 705F6E61 		.ascii	"p_name\000"
 2020      6D6500
 2021              	.LASF57:
 2022 0509 76745F73 		.ascii	"vt_systime\000"
 2022      79737469 
 2022      6D6500
 2023              	.LASF80:
 2024 0514 63685F76 		.ascii	"ch_version\000"
 2024      65727369 
 2024      6F6E00
 2025              	.LASF58:
 2026 051f 56544C69 		.ascii	"VTList\000"
 2026      737400
 2027              	.LASF70:
 2028 0526 6D5F6F77 		.ascii	"m_owner\000"
 2028      6E657200 
 2029              	.LASF29:
 2030 052e 705F6374 		.ascii	"p_ctx\000"
 2030      7800
 2031              	.LASF38:
 2032 0534 705F7761 		.ascii	"p_waiting\000"
 2032      6974696E 
 2032      6700
 2033              		.ident	"GCC: (GNU Tools for Arm Embedded Processors 7-2018-q2-update) 7.3.1 20180622 (release) [AR
ARM GAS  /var/folders/3j/4xdnk5197cv_b7cw3n33qk7r0000gn/T//cc6rzvRz.s 			page 41


DEFINED SYMBOLS
                            *ABS*:0000000000000000 chmsg.c
/var/folders/3j/4xdnk5197cv_b7cw3n33qk7r0000gn/T//cc6rzvRz.s:16     .text.chMsgSend:0000000000000000 $a
/var/folders/3j/4xdnk5197cv_b7cw3n33qk7r0000gn/T//cc6rzvRz.s:22     .text.chMsgSend:0000000000000000 chMsgSend
/var/folders/3j/4xdnk5197cv_b7cw3n33qk7r0000gn/T//cc6rzvRz.s:108    .text.chMsgSend:0000000000000058 $d
/var/folders/3j/4xdnk5197cv_b7cw3n33qk7r0000gn/T//cc6rzvRz.s:113    .text.chMsgWait:0000000000000000 $a
/var/folders/3j/4xdnk5197cv_b7cw3n33qk7r0000gn/T//cc6rzvRz.s:119    .text.chMsgWait:0000000000000000 chMsgWait
/var/folders/3j/4xdnk5197cv_b7cw3n33qk7r0000gn/T//cc6rzvRz.s:180    .text.chMsgWait:0000000000000054 $d
/var/folders/3j/4xdnk5197cv_b7cw3n33qk7r0000gn/T//cc6rzvRz.s:185    .text.chMsgRelease:0000000000000000 $a
/var/folders/3j/4xdnk5197cv_b7cw3n33qk7r0000gn/T//cc6rzvRz.s:191    .text.chMsgRelease:0000000000000000 chMsgRelease

UNDEFINED SYMBOLS
chSchGoSleepS
chSchReadyI
rlist
chSchWakeupS
