ARM GAS  /var/folders/3j/4xdnk5197cv_b7cw3n33qk7r0000gn/T//ccrIIbnI.s 			page 1


   1              		.cpu arm1176jz-s
   2              		.eabi_attribute 20, 1
   3              		.eabi_attribute 21, 1
   4              		.eabi_attribute 23, 3
   5              		.eabi_attribute 24, 1
   6              		.eabi_attribute 25, 1
   7              		.eabi_attribute 26, 1
   8              		.eabi_attribute 30, 2
   9              		.eabi_attribute 34, 1
  10              		.eabi_attribute 18, 4
  11              		.file	"chsys.c"
  12              		.text
  13              	.Ltext0:
  14              		.cfi_sections	.debug_frame
  15              		.section	.text._idle_thread,"ax",%progbits
  16              		.align	2
  17              		.global	_idle_thread
  18              		.syntax unified
  19              		.arm
  20              		.fpu softvfp
  21              		.type	_idle_thread, %function
  22              	_idle_thread:
  23              	.LFB7:
  24              		.file 1 "..//os/kernel/src/chsys.c"
  25              		.loc 1 54 0
  26              		.cfi_startproc
  27              		@ Volatile: function does not return.
  28              		@ args = 0, pretend = 0, frame = 0
  29              		@ frame_needed = 0, uses_anonymous_args = 0
  30              		@ link register save eliminated.
  31              	.LVL0:
  32              		.loc 1 57 0
  33 0000 10309FE5 		ldr	r3, .L4
  34 0004 10209FE5 		ldr	r2, .L4+4
  35 0008 183093E5 		ldr	r3, [r3, #24]
  36 000c 182083E5 		str	r2, [r3, #24]
  37              	.L2:
  38              		.loc 1 59 0 discriminator 1
  39              		.syntax divided
  40              	@ 59 "..//os/kernel/src/chsys.c" 1
  41 0010 900F07EE 		MCR p15,0,r0,c7,c0,4
  42              	@ 0 "" 2
  43              		.arm
  44              		.syntax unified
  45 0014 FDFFFFEA 		b	.L2
  46              	.L5:
  47              		.align	2
  48              	.L4:
  49 0018 00000000 		.word	rlist
  50 001c 00000000 		.word	.LC0
  51              		.cfi_endproc
  52              	.LFE7:
  53              		.size	_idle_thread, .-_idle_thread
  54              		.section	.text.chSysInit,"ax",%progbits
  55              		.align	2
  56              		.global	chSysInit
  57              		.syntax unified
ARM GAS  /var/folders/3j/4xdnk5197cv_b7cw3n33qk7r0000gn/T//ccrIIbnI.s 			page 2


  58              		.arm
  59              		.fpu softvfp
  60              		.type	chSysInit, %function
  61              	chSysInit:
  62              	.LFB8:
  63              		.loc 1 77 0
  64              		.cfi_startproc
  65              		@ args = 0, pretend = 0, frame = 0
  66              		@ frame_needed = 0, uses_anonymous_args = 0
  67 0000 04E02DE5 		str	lr, [sp, #-4]!
  68              		.cfi_def_cfa_offset 4
  69              		.cfi_offset 14, -4
  70 0004 0CD04DE2 		sub	sp, sp, #12
  71              		.cfi_def_cfa_offset 16
  72              		.loc 1 84 0
  73 0008 FEFFFFEB 		bl	_scheduler_init
  74              	.LVL1:
  75              		.loc 1 85 0
  76 000c FEFFFFEB 		bl	_vt_init
  77              	.LVL2:
  78              		.loc 1 87 0
  79 0010 FEFFFFEB 		bl	_core_init
  80              	.LVL3:
  81              		.loc 1 90 0
  82 0014 FEFFFFEB 		bl	_heap_init
  83              	.LVL4:
  84              		.loc 1 97 0
  85 0018 4010A0E3 		mov	r1, #64
  86 001c 40009FE5 		ldr	r0, .L8
  87 0020 FEFFFFEB 		bl	_thread_init
  88              	.LVL5:
  89              		.loc 1 98 0
  90 0024 0120A0E3 		mov	r2, #1
  91              		.loc 1 97 0
  92 0028 38309FE5 		ldr	r3, .L8+4
  93              		.loc 1 98 0
  94 002c 1C20C0E5 		strb	r2, [r0, #28]
  95              		.loc 1 97 0
  96 0030 180083E5 		str	r0, [r3, #24]
  97              		.loc 1 104 0
  98              		.syntax divided
  99              	@ 104 "..//os/kernel/src/chsys.c" 1
 100 0034 1FF021E3 		msr     CPSR_c, #0x1F
 101              	@ 0 "" 2
 102              		.loc 1 114 0
 103              		.arm
 104              		.syntax unified
 105 0038 0010A0E3 		mov	r1, #0
 106              		.loc 1 108 0
 107 003c 183093E5 		ldr	r3, [r3, #24]
 108 0040 24009FE5 		ldr	r0, .L8+8
 109 0044 180083E5 		str	r0, [r3, #24]
 110              		.loc 1 114 0
 111 0048 00108DE5 		str	r1, [sp]
 112 004c 1C309FE5 		ldr	r3, .L8+12
 113 0050 9C10A0E3 		mov	r1, #156
 114 0054 18009FE5 		ldr	r0, .L8+16
ARM GAS  /var/folders/3j/4xdnk5197cv_b7cw3n33qk7r0000gn/T//ccrIIbnI.s 			page 3


 115 0058 FEFFFFEB 		bl	chThdCreateStatic
 116              	.LVL6:
 117              		.loc 1 117 0
 118 005c 0CD08DE2 		add	sp, sp, #12
 119              		.cfi_def_cfa_offset 4
 120              		@ sp needed
 121 0060 04F09DE4 		ldr	pc, [sp], #4
 122              	.L9:
 123              		.align	2
 124              	.L8:
 125 0064 00000000 		.word	.LANCHOR0
 126 0068 00000000 		.word	rlist
 127 006c 00000000 		.word	ch_debug
 128 0070 00000000 		.word	_idle_thread
 129 0074 00000000 		.word	_idle_thread_wa
 130              		.cfi_endproc
 131              	.LFE8:
 132              		.size	chSysInit, .-chSysInit
 133              		.section	.text.chSysTimerHandlerI,"ax",%progbits
 134              		.align	2
 135              		.global	chSysTimerHandlerI
 136              		.syntax unified
 137              		.arm
 138              		.fpu softvfp
 139              		.type	chSysTimerHandlerI, %function
 140              	chSysTimerHandlerI:
 141              	.LFB9:
 142              		.loc 1 130 0
 143              		.cfi_startproc
 144              		@ args = 0, pretend = 0, frame = 0
 145              		@ frame_needed = 0, uses_anonymous_args = 0
 146 0000 70402DE9 		push	{r4, r5, r6, lr}
 147              		.cfi_def_cfa_offset 16
 148              		.cfi_offset 4, -16
 149              		.cfi_offset 5, -12
 150              		.cfi_offset 6, -8
 151              		.cfi_offset 14, -4
 152              		.loc 1 136 0
 153 0004 7C309FE5 		ldr	r3, .L20
 154              		.loc 1 143 0
 155 0008 7C409FE5 		ldr	r4, .L20+4
 156              		.loc 1 136 0
 157 000c 183093E5 		ldr	r3, [r3, #24]
 158 0010 1F20D3E5 		ldrb	r2, [r3, #31]	@ zero_extendqisi2
 159 0014 000052E3 		cmp	r2, #0
 160              		.loc 1 138 0
 161 0018 01204212 		subne	r2, r2, #1
 162 001c 1F20C315 		strbne	r2, [r3, #31]
 163              		.loc 1 141 0
 164 0020 202093E5 		ldr	r2, [r3, #32]
 165 0024 012082E2 		add	r2, r2, #1
 166 0028 202083E5 		str	r2, [r3, #32]
 167              		.loc 1 143 0
 168 002c 0C2094E5 		ldr	r2, [r4, #12]
 169 0030 003094E5 		ldr	r3, [r4]
 170 0034 012082E2 		add	r2, r2, #1
 171 0038 040053E1 		cmp	r3, r4
ARM GAS  /var/folders/3j/4xdnk5197cv_b7cw3n33qk7r0000gn/T//ccrIIbnI.s 			page 4


 172 003c 0C2084E5 		str	r2, [r4, #12]
 173 0040 7080BD08 		popeq	{r4, r5, r6, pc}
 174              	.LBB2:
 175              		.loc 1 143 0 is_stmt 0 discriminator 1
 176 0044 085093E5 		ldr	r5, [r3, #8]
 177 0048 015045E2 		sub	r5, r5, #1
 178 004c 000055E3 		cmp	r5, #0
 179 0050 085083E5 		str	r5, [r3, #8]
 180              	.LVL7:
 181 0054 7080BD18 		popne	{r4, r5, r6, pc}
 182              	.L13:
 183              	.LBB3:
 184              		.loc 1 143 0 discriminator 4
 185 0058 002093E5 		ldr	r2, [r3]
 186 005c 0C1093E5 		ldr	r1, [r3, #12]
 187              	.LVL8:
 188 0060 100093E5 		ldr	r0, [r3, #16]
 189 0064 0C5083E5 		str	r5, [r3, #12]
 190 0068 002084E5 		str	r2, [r4]
 191 006c 044082E5 		str	r4, [r2, #4]
 192 0070 31FF2FE1 		blx	r1
 193              	.LVL9:
 194              	.LBE3:
 195 0074 003094E5 		ldr	r3, [r4]
 196              	.LVL10:
 197 0078 082093E5 		ldr	r2, [r3, #8]
 198 007c 000052E3 		cmp	r2, #0
 199 0080 F4FFFF0A 		beq	.L13
 200 0084 7080BDE8 		pop	{r4, r5, r6, pc}
 201              	.L21:
 202              		.align	2
 203              	.L20:
 204 0088 00000000 		.word	rlist
 205 008c 00000000 		.word	vtlist
 206              	.LBE2:
 207              		.cfi_endproc
 208              	.LFE9:
 209              		.size	chSysTimerHandlerI, .-chSysTimerHandlerI
 210              		.comm	_idle_thread_wa,156,4
 211              		.section	.bss.mainthread.4724,"aw",%nobits
 212              		.align	2
 213              		.set	.LANCHOR0,. + 0
 214              		.type	mainthread.4724, %object
 215              		.size	mainthread.4724, 68
 216              	mainthread.4724:
 217 0000 00000000 		.space	68
 217      00000000 
 217      00000000 
 217      00000000 
 217      00000000 
 218              		.section	.rodata._idle_thread.str1.4,"aMS",%progbits,1
 219              		.align	2
 220              	.LC0:
 221 0000 69646C65 		.ascii	"idle\000"
 221      00
 222              		.text
 223              	.Letext0:
ARM GAS  /var/folders/3j/4xdnk5197cv_b7cw3n33qk7r0000gn/T//ccrIIbnI.s 			page 5


 224              		.file 2 "/usr/local/Cellar/gcc-arm-none-eabi/20180627/arm-none-eabi/include/machine/_default_types
 225              		.file 3 "/usr/local/Cellar/gcc-arm-none-eabi/20180627/arm-none-eabi/include/sys/_stdint.h"
 226              		.file 4 "..//os/ports/GCC/ARM/chtypes.h"
 227              		.file 5 "..//os/kernel/include/chlists.h"
 228              		.file 6 "..//os/kernel/include/chthreads.h"
 229              		.file 7 "..//os/ports/GCC/ARM/chcore.h"
 230              		.file 8 "..//os/kernel/include/chvt.h"
 231              		.file 9 "..//os/kernel/include/chschd.h"
 232              		.file 10 "..//os/kernel/include/chmtx.h"
 233              		.file 11 "..//os/kernel/include/chregistry.h"
 234              		.file 12 "..//os/kernel/include/ch.h"
 235              		.file 13 "..//os/kernel/include/chmemcore.h"
 236              		.file 14 "..//os/kernel/include/chheap.h"
 237              		.section	.debug_info,"",%progbits
 238              	.Ldebug_info0:
 239 0000 64070000 		.4byte	0x764
 240 0004 0400     		.2byte	0x4
 241 0006 00000000 		.4byte	.Ldebug_abbrev0
 242 000a 04       		.byte	0x4
 243 000b 01       		.uleb128 0x1
 244 000c E2000000 		.4byte	.LASF109
 245 0010 0C       		.byte	0xc
 246 0011 24050000 		.4byte	.LASF110
 247 0015 84030000 		.4byte	.LASF111
 248 0019 00000000 		.4byte	.Ldebug_ranges0+0
 249 001d 00000000 		.4byte	0
 250 0021 00000000 		.4byte	.Ldebug_line0
 251 0025 02       		.uleb128 0x2
 252 0026 04       		.byte	0x4
 253 0027 05       		.byte	0x5
 254 0028 696E7400 		.ascii	"int\000"
 255 002c 03       		.uleb128 0x3
 256 002d 04       		.byte	0x4
 257 002e 07       		.byte	0x7
 258 002f 03020000 		.4byte	.LASF0
 259 0033 03       		.uleb128 0x3
 260 0034 01       		.byte	0x1
 261 0035 06       		.byte	0x6
 262 0036 B1000000 		.4byte	.LASF1
 263 003a 04       		.uleb128 0x4
 264 003b 22000000 		.4byte	.LASF4
 265 003f 02       		.byte	0x2
 266 0040 2B       		.byte	0x2b
 267 0041 45000000 		.4byte	0x45
 268 0045 03       		.uleb128 0x3
 269 0046 01       		.byte	0x1
 270 0047 08       		.byte	0x8
 271 0048 6B030000 		.4byte	.LASF2
 272 004c 03       		.uleb128 0x3
 273 004d 02       		.byte	0x2
 274 004e 05       		.byte	0x5
 275 004f DB030000 		.4byte	.LASF3
 276 0053 04       		.uleb128 0x4
 277 0054 87040000 		.4byte	.LASF5
 278 0058 02       		.byte	0x2
 279 0059 39       		.byte	0x39
 280 005a 5E000000 		.4byte	0x5e
ARM GAS  /var/folders/3j/4xdnk5197cv_b7cw3n33qk7r0000gn/T//ccrIIbnI.s 			page 6


 281 005e 03       		.uleb128 0x3
 282 005f 02       		.byte	0x2
 283 0060 07       		.byte	0x7
 284 0061 5F020000 		.4byte	.LASF6
 285 0065 04       		.uleb128 0x4
 286 0066 AE040000 		.4byte	.LASF7
 287 006a 02       		.byte	0x2
 288 006b 4D       		.byte	0x4d
 289 006c 70000000 		.4byte	0x70
 290 0070 03       		.uleb128 0x3
 291 0071 04       		.byte	0x4
 292 0072 05       		.byte	0x5
 293 0073 95010000 		.4byte	.LASF8
 294 0077 04       		.uleb128 0x4
 295 0078 D2010000 		.4byte	.LASF9
 296 007c 02       		.byte	0x2
 297 007d 4F       		.byte	0x4f
 298 007e 82000000 		.4byte	0x82
 299 0082 03       		.uleb128 0x3
 300 0083 04       		.byte	0x4
 301 0084 07       		.byte	0x7
 302 0085 25020000 		.4byte	.LASF10
 303 0089 03       		.uleb128 0x3
 304 008a 08       		.byte	0x8
 305 008b 05       		.byte	0x5
 306 008c A3000000 		.4byte	.LASF11
 307 0090 03       		.uleb128 0x3
 308 0091 08       		.byte	0x8
 309 0092 07       		.byte	0x7
 310 0093 46000000 		.4byte	.LASF12
 311 0097 04       		.uleb128 0x4
 312 0098 03050000 		.4byte	.LASF13
 313 009c 03       		.byte	0x3
 314 009d 18       		.byte	0x18
 315 009e 3A000000 		.4byte	0x3a
 316 00a2 04       		.uleb128 0x4
 317 00a3 A7010000 		.4byte	.LASF14
 318 00a7 03       		.byte	0x3
 319 00a8 24       		.byte	0x24
 320 00a9 53000000 		.4byte	0x53
 321 00ad 04       		.uleb128 0x4
 322 00ae 63030000 		.4byte	.LASF15
 323 00b2 03       		.byte	0x3
 324 00b3 2C       		.byte	0x2c
 325 00b4 65000000 		.4byte	0x65
 326 00b8 04       		.uleb128 0x4
 327 00b9 4E040000 		.4byte	.LASF16
 328 00bd 03       		.byte	0x3
 329 00be 30       		.byte	0x30
 330 00bf 77000000 		.4byte	0x77
 331 00c3 04       		.uleb128 0x4
 332 00c4 80020000 		.4byte	.LASF17
 333 00c8 04       		.byte	0x4
 334 00c9 2A       		.byte	0x2a
 335 00ca 97000000 		.4byte	0x97
 336 00ce 04       		.uleb128 0x4
 337 00cf 9E010000 		.4byte	.LASF18
ARM GAS  /var/folders/3j/4xdnk5197cv_b7cw3n33qk7r0000gn/T//ccrIIbnI.s 			page 7


 338 00d3 04       		.byte	0x4
 339 00d4 2B       		.byte	0x2b
 340 00d5 97000000 		.4byte	0x97
 341 00d9 04       		.uleb128 0x4
 342 00da 41030000 		.4byte	.LASF19
 343 00de 04       		.byte	0x4
 344 00df 2C       		.byte	0x2c
 345 00e0 97000000 		.4byte	0x97
 346 00e4 04       		.uleb128 0x4
 347 00e5 78040000 		.4byte	.LASF20
 348 00e9 04       		.byte	0x4
 349 00ea 2D       		.byte	0x2d
 350 00eb 97000000 		.4byte	0x97
 351 00ef 04       		.uleb128 0x4
 352 00f0 5B030000 		.4byte	.LASF21
 353 00f4 04       		.byte	0x4
 354 00f5 2E       		.byte	0x2e
 355 00f6 B8000000 		.4byte	0xb8
 356 00fa 04       		.uleb128 0x4
 357 00fb 72020000 		.4byte	.LASF22
 358 00ff 04       		.byte	0x4
 359 0100 2F       		.byte	0x2f
 360 0101 AD000000 		.4byte	0xad
 361 0105 04       		.uleb128 0x4
 362 0106 94020000 		.4byte	.LASF23
 363 010a 04       		.byte	0x4
 364 010b 31       		.byte	0x31
 365 010c B8000000 		.4byte	0xb8
 366 0110 04       		.uleb128 0x4
 367 0111 99040000 		.4byte	.LASF24
 368 0115 04       		.byte	0x4
 369 0116 33       		.byte	0x33
 370 0117 B8000000 		.4byte	0xb8
 371 011b 05       		.uleb128 0x5
 372 011c 10010000 		.4byte	0x110
 373 0120 04       		.uleb128 0x4
 374 0121 2F040000 		.4byte	.LASF25
 375 0125 05       		.byte	0x5
 376 0126 23       		.byte	0x23
 377 0127 2B010000 		.4byte	0x12b
 378 012b 06       		.uleb128 0x6
 379 012c 2F040000 		.4byte	.LASF25
 380 0130 44       		.byte	0x44
 381 0131 06       		.byte	0x6
 382 0132 57       		.byte	0x57
 383 0133 1C020000 		.4byte	0x21c
 384 0137 07       		.uleb128 0x7
 385 0138 11040000 		.4byte	.LASF26
 386 013c 06       		.byte	0x6
 387 013d 58       		.byte	0x58
 388 013e 3D020000 		.4byte	0x23d
 389 0142 00       		.byte	0
 390 0143 07       		.uleb128 0x7
 391 0144 54030000 		.4byte	.LASF27
 392 0148 06       		.byte	0x6
 393 0149 5A       		.byte	0x5a
 394 014a 3D020000 		.4byte	0x23d
ARM GAS  /var/folders/3j/4xdnk5197cv_b7cw3n33qk7r0000gn/T//ccrIIbnI.s 			page 8


 395 014e 04       		.byte	0x4
 396 014f 07       		.uleb128 0x7
 397 0150 7F000000 		.4byte	.LASF28
 398 0154 06       		.byte	0x6
 399 0155 5C       		.byte	0x5c
 400 0156 EF000000 		.4byte	0xef
 401 015a 08       		.byte	0x8
 402 015b 07       		.uleb128 0x7
 403 015c 58050000 		.4byte	.LASF29
 404 0160 06       		.byte	0x6
 405 0161 5D       		.byte	0x5d
 406 0162 F8020000 		.4byte	0x2f8
 407 0166 0C       		.byte	0xc
 408 0167 07       		.uleb128 0x7
 409 0168 BA010000 		.4byte	.LASF30
 410 016c 06       		.byte	0x6
 411 016d 5F       		.byte	0x5f
 412 016e 3D020000 		.4byte	0x23d
 413 0172 10       		.byte	0x10
 414 0173 07       		.uleb128 0x7
 415 0174 FF020000 		.4byte	.LASF31
 416 0178 06       		.byte	0x6
 417 0179 60       		.byte	0x60
 418 017a 3D020000 		.4byte	0x23d
 419 017e 14       		.byte	0x14
 420 017f 07       		.uleb128 0x7
 421 0180 12050000 		.4byte	.LASF32
 422 0184 06       		.byte	0x6
 423 0185 67       		.byte	0x67
 424 0186 BA040000 		.4byte	0x4ba
 425 018a 18       		.byte	0x18
 426 018b 07       		.uleb128 0x7
 427 018c E5030000 		.4byte	.LASF33
 428 0190 06       		.byte	0x6
 429 0191 72       		.byte	0x72
 430 0192 CE000000 		.4byte	0xce
 431 0196 1C       		.byte	0x1c
 432 0197 07       		.uleb128 0x7
 433 0198 27040000 		.4byte	.LASF34
 434 019c 06       		.byte	0x6
 435 019d 76       		.byte	0x76
 436 019e C3000000 		.4byte	0xc3
 437 01a2 1D       		.byte	0x1d
 438 01a3 07       		.uleb128 0x7
 439 01a4 EC040000 		.4byte	.LASF35
 440 01a8 06       		.byte	0x6
 441 01a9 7B       		.byte	0x7b
 442 01aa D9000000 		.4byte	0xd9
 443 01ae 1E       		.byte	0x1e
 444 01af 07       		.uleb128 0x7
 445 01b0 ED030000 		.4byte	.LASF36
 446 01b4 06       		.byte	0x6
 447 01b5 81       		.byte	0x81
 448 01b6 E4000000 		.4byte	0xe4
 449 01ba 1F       		.byte	0x1f
 450 01bb 07       		.uleb128 0x7
 451 01bc C1040000 		.4byte	.LASF37
ARM GAS  /var/folders/3j/4xdnk5197cv_b7cw3n33qk7r0000gn/T//ccrIIbnI.s 			page 9


 452 01c0 06       		.byte	0x6
 453 01c1 88       		.byte	0x88
 454 01c2 1B010000 		.4byte	0x11b
 455 01c6 20       		.byte	0x20
 456 01c7 08       		.uleb128 0x8
 457 01c8 705F7500 		.ascii	"p_u\000"
 458 01cc 06       		.byte	0x6
 459 01cd AD       		.byte	0xad
 460 01ce 85040000 		.4byte	0x485
 461 01d2 24       		.byte	0x24
 462 01d3 07       		.uleb128 0x7
 463 01d4 5E050000 		.4byte	.LASF38
 464 01d8 06       		.byte	0x6
 465 01d9 B2       		.byte	0xb2
 466 01da 63020000 		.4byte	0x263
 467 01de 28       		.byte	0x28
 468 01df 07       		.uleb128 0x7
 469 01e0 CF040000 		.4byte	.LASF39
 470 01e4 06       		.byte	0x6
 471 01e5 B8       		.byte	0xb8
 472 01e6 43020000 		.4byte	0x243
 473 01ea 2C       		.byte	0x2c
 474 01eb 07       		.uleb128 0x7
 475 01ec 15000000 		.4byte	.LASF40
 476 01f0 06       		.byte	0x6
 477 01f1 BC       		.byte	0xbc
 478 01f2 FA000000 		.4byte	0xfa
 479 01f6 34       		.byte	0x34
 480 01f7 07       		.uleb128 0x7
 481 01f8 43040000 		.4byte	.LASF41
 482 01fc 06       		.byte	0x6
 483 01fd C2       		.byte	0xc2
 484 01fe 05010000 		.4byte	0x105
 485 0202 38       		.byte	0x38
 486 0203 07       		.uleb128 0x7
 487 0204 D1030000 		.4byte	.LASF42
 488 0208 06       		.byte	0x6
 489 0209 C9       		.byte	0xc9
 490 020a CC040000 		.4byte	0x4cc
 491 020e 3C       		.byte	0x3c
 492 020f 07       		.uleb128 0x7
 493 0210 A3040000 		.4byte	.LASF43
 494 0214 06       		.byte	0x6
 495 0215 CD       		.byte	0xcd
 496 0216 EF000000 		.4byte	0xef
 497 021a 40       		.byte	0x40
 498 021b 00       		.byte	0
 499 021c 09       		.uleb128 0x9
 500 021d 08       		.byte	0x8
 501 021e 05       		.byte	0x5
 502 021f 5A       		.byte	0x5a
 503 0220 3D020000 		.4byte	0x23d
 504 0224 07       		.uleb128 0x7
 505 0225 11040000 		.4byte	.LASF26
 506 0229 05       		.byte	0x5
 507 022a 5B       		.byte	0x5b
 508 022b 3D020000 		.4byte	0x23d
ARM GAS  /var/folders/3j/4xdnk5197cv_b7cw3n33qk7r0000gn/T//ccrIIbnI.s 			page 10


 509 022f 00       		.byte	0
 510 0230 07       		.uleb128 0x7
 511 0231 54030000 		.4byte	.LASF27
 512 0235 05       		.byte	0x5
 513 0236 5D       		.byte	0x5d
 514 0237 3D020000 		.4byte	0x23d
 515 023b 04       		.byte	0x4
 516 023c 00       		.byte	0
 517 023d 0A       		.uleb128 0xa
 518 023e 04       		.byte	0x4
 519 023f 20010000 		.4byte	0x120
 520 0243 04       		.uleb128 0x4
 521 0244 0D030000 		.4byte	.LASF44
 522 0248 05       		.byte	0x5
 523 0249 5F       		.byte	0x5f
 524 024a 1C020000 		.4byte	0x21c
 525 024e 09       		.uleb128 0x9
 526 024f 04       		.byte	0x4
 527 0250 05       		.byte	0x5
 528 0251 64       		.byte	0x64
 529 0252 63020000 		.4byte	0x263
 530 0256 07       		.uleb128 0x7
 531 0257 11040000 		.4byte	.LASF26
 532 025b 05       		.byte	0x5
 533 025c 66       		.byte	0x66
 534 025d 3D020000 		.4byte	0x23d
 535 0261 00       		.byte	0
 536 0262 00       		.byte	0
 537 0263 04       		.uleb128 0x4
 538 0264 88020000 		.4byte	.LASF45
 539 0268 05       		.byte	0x5
 540 0269 69       		.byte	0x69
 541 026a 4E020000 		.4byte	0x24e
 542 026e 04       		.uleb128 0x4
 543 026f A6020000 		.4byte	.LASF46
 544 0273 07       		.byte	0x7
 545 0274 9D       		.byte	0x9d
 546 0275 B8000000 		.4byte	0xb8
 547 0279 04       		.uleb128 0x4
 548 027a DD010000 		.4byte	.LASF47
 549 027e 07       		.byte	0x7
 550 027f A2       		.byte	0xa2
 551 0280 84020000 		.4byte	0x284
 552 0284 0B       		.uleb128 0xb
 553 0285 04       		.byte	0x4
 554 0286 06       		.uleb128 0x6
 555 0287 C8040000 		.4byte	.LASF48
 556 028b 24       		.byte	0x24
 557 028c 07       		.byte	0x7
 558 028d B9       		.byte	0xb9
 559 028e F8020000 		.4byte	0x2f8
 560 0292 08       		.uleb128 0x8
 561 0293 723400   		.ascii	"r4\000"
 562 0296 07       		.byte	0x7
 563 0297 BA       		.byte	0xba
 564 0298 79020000 		.4byte	0x279
 565 029c 00       		.byte	0
ARM GAS  /var/folders/3j/4xdnk5197cv_b7cw3n33qk7r0000gn/T//ccrIIbnI.s 			page 11


 566 029d 08       		.uleb128 0x8
 567 029e 723500   		.ascii	"r5\000"
 568 02a1 07       		.byte	0x7
 569 02a2 BB       		.byte	0xbb
 570 02a3 79020000 		.4byte	0x279
 571 02a7 04       		.byte	0x4
 572 02a8 08       		.uleb128 0x8
 573 02a9 723600   		.ascii	"r6\000"
 574 02ac 07       		.byte	0x7
 575 02ad BC       		.byte	0xbc
 576 02ae 79020000 		.4byte	0x279
 577 02b2 08       		.byte	0x8
 578 02b3 08       		.uleb128 0x8
 579 02b4 723700   		.ascii	"r7\000"
 580 02b7 07       		.byte	0x7
 581 02b8 BD       		.byte	0xbd
 582 02b9 79020000 		.4byte	0x279
 583 02bd 0C       		.byte	0xc
 584 02be 08       		.uleb128 0x8
 585 02bf 723800   		.ascii	"r8\000"
 586 02c2 07       		.byte	0x7
 587 02c3 BE       		.byte	0xbe
 588 02c4 79020000 		.4byte	0x279
 589 02c8 10       		.byte	0x10
 590 02c9 08       		.uleb128 0x8
 591 02ca 723900   		.ascii	"r9\000"
 592 02cd 07       		.byte	0x7
 593 02ce BF       		.byte	0xbf
 594 02cf 79020000 		.4byte	0x279
 595 02d3 14       		.byte	0x14
 596 02d4 08       		.uleb128 0x8
 597 02d5 72313000 		.ascii	"r10\000"
 598 02d9 07       		.byte	0x7
 599 02da C0       		.byte	0xc0
 600 02db 79020000 		.4byte	0x279
 601 02df 18       		.byte	0x18
 602 02e0 08       		.uleb128 0x8
 603 02e1 72313100 		.ascii	"r11\000"
 604 02e5 07       		.byte	0x7
 605 02e6 C1       		.byte	0xc1
 606 02e7 79020000 		.4byte	0x279
 607 02eb 1C       		.byte	0x1c
 608 02ec 08       		.uleb128 0x8
 609 02ed 6C7200   		.ascii	"lr\000"
 610 02f0 07       		.byte	0x7
 611 02f1 C2       		.byte	0xc2
 612 02f2 79020000 		.4byte	0x279
 613 02f6 20       		.byte	0x20
 614 02f7 00       		.byte	0
 615 02f8 06       		.uleb128 0x6
 616 02f9 57020000 		.4byte	.LASF49
 617 02fd 04       		.byte	0x4
 618 02fe 07       		.byte	0x7
 619 02ff CA       		.byte	0xca
 620 0300 11030000 		.4byte	0x311
 621 0304 08       		.uleb128 0x8
 622 0305 72313300 		.ascii	"r13\000"
ARM GAS  /var/folders/3j/4xdnk5197cv_b7cw3n33qk7r0000gn/T//ccrIIbnI.s 			page 12


 623 0309 07       		.byte	0x7
 624 030a CB       		.byte	0xcb
 625 030b 11030000 		.4byte	0x311
 626 030f 00       		.byte	0
 627 0310 00       		.byte	0
 628 0311 0A       		.uleb128 0xa
 629 0312 04       		.byte	0x4
 630 0313 86020000 		.4byte	0x286
 631 0317 04       		.uleb128 0x4
 632 0318 40020000 		.4byte	.LASF50
 633 031c 08       		.byte	0x8
 634 031d 4E       		.byte	0x4e
 635 031e 22030000 		.4byte	0x322
 636 0322 0A       		.uleb128 0xa
 637 0323 04       		.byte	0x4
 638 0324 28030000 		.4byte	0x328
 639 0328 0C       		.uleb128 0xc
 640 0329 33030000 		.4byte	0x333
 641 032d 0D       		.uleb128 0xd
 642 032e 84020000 		.4byte	0x284
 643 0332 00       		.byte	0
 644 0333 04       		.uleb128 0x4
 645 0334 6B040000 		.4byte	.LASF51
 646 0338 08       		.byte	0x8
 647 0339 53       		.byte	0x53
 648 033a 3E030000 		.4byte	0x33e
 649 033e 06       		.uleb128 0x6
 650 033f 6B040000 		.4byte	.LASF51
 651 0343 14       		.byte	0x14
 652 0344 08       		.byte	0x8
 653 0345 5A       		.byte	0x5a
 654 0346 87030000 		.4byte	0x387
 655 034a 07       		.uleb128 0x7
 656 034b 1D020000 		.4byte	.LASF52
 657 034f 08       		.byte	0x8
 658 0350 5B       		.byte	0x5b
 659 0351 87030000 		.4byte	0x387
 660 0355 00       		.byte	0
 661 0356 07       		.uleb128 0x7
 662 0357 E6010000 		.4byte	.LASF53
 663 035b 08       		.byte	0x8
 664 035c 5D       		.byte	0x5d
 665 035d 87030000 		.4byte	0x387
 666 0361 04       		.byte	0x4
 667 0362 07       		.uleb128 0x7
 668 0363 D7020000 		.4byte	.LASF54
 669 0367 08       		.byte	0x8
 670 0368 5F       		.byte	0x5f
 671 0369 10010000 		.4byte	0x110
 672 036d 08       		.byte	0x8
 673 036e 07       		.uleb128 0x7
 674 036f DF020000 		.4byte	.LASF55
 675 0373 08       		.byte	0x8
 676 0374 60       		.byte	0x60
 677 0375 17030000 		.4byte	0x317
 678 0379 0C       		.byte	0xc
 679 037a 07       		.uleb128 0x7
ARM GAS  /var/folders/3j/4xdnk5197cv_b7cw3n33qk7r0000gn/T//ccrIIbnI.s 			page 13


 680 037b DA040000 		.4byte	.LASF56
 681 037f 08       		.byte	0x8
 682 0380 62       		.byte	0x62
 683 0381 84020000 		.4byte	0x284
 684 0385 10       		.byte	0x10
 685 0386 00       		.byte	0
 686 0387 0A       		.uleb128 0xa
 687 0388 04       		.byte	0x4
 688 0389 33030000 		.4byte	0x333
 689 038d 09       		.uleb128 0x9
 690 038e 10       		.byte	0x10
 691 038f 08       		.byte	0x8
 692 0390 6C       		.byte	0x6c
 693 0391 C6030000 		.4byte	0x3c6
 694 0395 07       		.uleb128 0x7
 695 0396 1D020000 		.4byte	.LASF52
 696 039a 08       		.byte	0x8
 697 039b 6D       		.byte	0x6d
 698 039c 87030000 		.4byte	0x387
 699 03a0 00       		.byte	0
 700 03a1 07       		.uleb128 0x7
 701 03a2 E6010000 		.4byte	.LASF53
 702 03a6 08       		.byte	0x8
 703 03a7 6F       		.byte	0x6f
 704 03a8 87030000 		.4byte	0x387
 705 03ac 04       		.byte	0x4
 706 03ad 07       		.uleb128 0x7
 707 03ae D7020000 		.4byte	.LASF54
 708 03b2 08       		.byte	0x8
 709 03b3 71       		.byte	0x71
 710 03b4 10010000 		.4byte	0x110
 711 03b8 08       		.byte	0x8
 712 03b9 07       		.uleb128 0x7
 713 03ba 19050000 		.4byte	.LASF57
 714 03be 08       		.byte	0x8
 715 03bf 72       		.byte	0x72
 716 03c0 1B010000 		.4byte	0x11b
 717 03c4 0C       		.byte	0xc
 718 03c5 00       		.byte	0
 719 03c6 04       		.uleb128 0x4
 720 03c7 49050000 		.4byte	.LASF58
 721 03cb 08       		.byte	0x8
 722 03cc 73       		.byte	0x73
 723 03cd 8D030000 		.4byte	0x38d
 724 03d1 0E       		.uleb128 0xe
 725 03d2 2C000000 		.4byte	.LASF66
 726 03d6 08       		.byte	0x8
 727 03d7 D1       		.byte	0xd1
 728 03d8 C6030000 		.4byte	0x3c6
 729 03dc 09       		.uleb128 0x9
 730 03dd 1C       		.byte	0x1c
 731 03de 09       		.byte	0x9
 732 03df 57       		.byte	0x57
 733 03e0 2D040000 		.4byte	0x42d
 734 03e4 07       		.uleb128 0x7
 735 03e5 63040000 		.4byte	.LASF59
 736 03e9 09       		.byte	0x9
ARM GAS  /var/folders/3j/4xdnk5197cv_b7cw3n33qk7r0000gn/T//ccrIIbnI.s 			page 14


 737 03ea 58       		.byte	0x58
 738 03eb 43020000 		.4byte	0x243
 739 03ef 00       		.byte	0
 740 03f0 07       		.uleb128 0x7
 741 03f1 03040000 		.4byte	.LASF60
 742 03f5 09       		.byte	0x9
 743 03f6 59       		.byte	0x59
 744 03f7 EF000000 		.4byte	0xef
 745 03fb 08       		.byte	0x8
 746 03fc 07       		.uleb128 0x7
 747 03fd 07030000 		.4byte	.LASF61
 748 0401 09       		.byte	0x9
 749 0402 5B       		.byte	0x5b
 750 0403 F8020000 		.4byte	0x2f8
 751 0407 0C       		.byte	0xc
 752 0408 07       		.uleb128 0x7
 753 0409 78020000 		.4byte	.LASF62
 754 040d 09       		.byte	0x9
 755 040e 5E       		.byte	0x5e
 756 040f 3D020000 		.4byte	0x23d
 757 0413 10       		.byte	0x10
 758 0414 07       		.uleb128 0x7
 759 0415 2C030000 		.4byte	.LASF63
 760 0419 09       		.byte	0x9
 761 041a 5F       		.byte	0x5f
 762 041b 3D020000 		.4byte	0x23d
 763 041f 14       		.byte	0x14
 764 0420 07       		.uleb128 0x7
 765 0421 22030000 		.4byte	.LASF64
 766 0425 09       		.byte	0x9
 767 0426 62       		.byte	0x62
 768 0427 3D020000 		.4byte	0x23d
 769 042b 18       		.byte	0x18
 770 042c 00       		.byte	0
 771 042d 04       		.uleb128 0x4
 772 042e F3040000 		.4byte	.LASF65
 773 0432 09       		.byte	0x9
 774 0433 64       		.byte	0x64
 775 0434 DC030000 		.4byte	0x3dc
 776 0438 0E       		.uleb128 0xe
 777 0439 FD040000 		.4byte	.LASF67
 778 043d 09       		.byte	0x9
 779 043e 68       		.byte	0x68
 780 043f 2D040000 		.4byte	0x42d
 781 0443 06       		.uleb128 0x6
 782 0444 A0020000 		.4byte	.LASF68
 783 0448 10       		.byte	0x10
 784 0449 0A       		.byte	0xa
 785 044a 25       		.byte	0x25
 786 044b 74040000 		.4byte	0x474
 787 044f 07       		.uleb128 0x7
 788 0450 DA000000 		.4byte	.LASF69
 789 0454 0A       		.byte	0xa
 790 0455 26       		.byte	0x26
 791 0456 43020000 		.4byte	0x243
 792 045a 00       		.byte	0
 793 045b 07       		.uleb128 0x7
ARM GAS  /var/folders/3j/4xdnk5197cv_b7cw3n33qk7r0000gn/T//ccrIIbnI.s 			page 15


 794 045c 50050000 		.4byte	.LASF70
 795 0460 0A       		.byte	0xa
 796 0461 28       		.byte	0x28
 797 0462 3D020000 		.4byte	0x23d
 798 0466 08       		.byte	0x8
 799 0467 07       		.uleb128 0x7
 800 0468 92040000 		.4byte	.LASF71
 801 046c 0A       		.byte	0xa
 802 046d 2A       		.byte	0x2a
 803 046e 74040000 		.4byte	0x474
 804 0472 0C       		.byte	0xc
 805 0473 00       		.byte	0
 806 0474 0A       		.uleb128 0xa
 807 0475 04       		.byte	0x4
 808 0476 43040000 		.4byte	0x443
 809 047a 04       		.uleb128 0x4
 810 047b A0020000 		.4byte	.LASF68
 811 047f 0A       		.byte	0xa
 812 0480 2C       		.byte	0x2c
 813 0481 43040000 		.4byte	0x443
 814 0485 0F       		.uleb128 0xf
 815 0486 04       		.byte	0x4
 816 0487 06       		.byte	0x6
 817 0488 8F       		.byte	0x8f
 818 0489 BA040000 		.4byte	0x4ba
 819 048d 10       		.uleb128 0x10
 820 048e 1B000000 		.4byte	.LASF72
 821 0492 06       		.byte	0x6
 822 0493 96       		.byte	0x96
 823 0494 FA000000 		.4byte	0xfa
 824 0498 10       		.uleb128 0x10
 825 0499 6B000000 		.4byte	.LASF73
 826 049d 06       		.byte	0x6
 827 049e 9D       		.byte	0x9d
 828 049f FA000000 		.4byte	0xfa
 829 04a3 10       		.uleb128 0x10
 830 04a4 0B050000 		.4byte	.LASF74
 831 04a8 06       		.byte	0x6
 832 04a9 A4       		.byte	0xa4
 833 04aa 84020000 		.4byte	0x284
 834 04ae 10       		.uleb128 0x10
 835 04af 0A040000 		.4byte	.LASF75
 836 04b3 06       		.byte	0x6
 837 04b4 AB       		.byte	0xab
 838 04b5 05010000 		.4byte	0x105
 839 04b9 00       		.byte	0
 840 04ba 0A       		.uleb128 0xa
 841 04bb 04       		.byte	0x4
 842 04bc C7040000 		.4byte	0x4c7
 843 04c0 03       		.uleb128 0x3
 844 04c1 01       		.byte	0x1
 845 04c2 08       		.byte	0x8
 846 04c3 82040000 		.4byte	.LASF76
 847 04c7 11       		.uleb128 0x11
 848 04c8 C0040000 		.4byte	0x4c0
 849 04cc 0A       		.uleb128 0xa
 850 04cd 04       		.byte	0x4
ARM GAS  /var/folders/3j/4xdnk5197cv_b7cw3n33qk7r0000gn/T//ccrIIbnI.s 			page 16


 851 04ce 7A040000 		.4byte	0x47a
 852 04d2 04       		.uleb128 0x4
 853 04d3 00000000 		.4byte	.LASF77
 854 04d7 06       		.byte	0x6
 855 04d8 DE       		.byte	0xde
 856 04d9 DD040000 		.4byte	0x4dd
 857 04dd 0A       		.uleb128 0xa
 858 04de 04       		.byte	0x4
 859 04df E3040000 		.4byte	0x4e3
 860 04e3 12       		.uleb128 0x12
 861 04e4 FA000000 		.4byte	0xfa
 862 04e8 F2040000 		.4byte	0x4f2
 863 04ec 0D       		.uleb128 0xd
 864 04ed 84020000 		.4byte	0x284
 865 04f1 00       		.byte	0
 866 04f2 09       		.uleb128 0x9
 867 04f3 16       		.byte	0x16
 868 04f4 0B       		.byte	0xb
 869 04f5 25       		.byte	0x25
 870 04f6 D3050000 		.4byte	0x5d3
 871 04fa 07       		.uleb128 0x7
 872 04fb 49020000 		.4byte	.LASF78
 873 04ff 0B       		.byte	0xb
 874 0500 26       		.byte	0x26
 875 0501 D3050000 		.4byte	0x5d3
 876 0505 00       		.byte	0
 877 0506 07       		.uleb128 0x7
 878 0507 C3020000 		.4byte	.LASF79
 879 050b 0B       		.byte	0xb
 880 050c 27       		.byte	0x27
 881 050d 97000000 		.4byte	0x97
 882 0511 04       		.byte	0x4
 883 0512 07       		.uleb128 0x7
 884 0513 1A030000 		.4byte	.LASF80
 885 0517 0B       		.byte	0xb
 886 0518 28       		.byte	0x28
 887 0519 97000000 		.4byte	0x97
 888 051d 05       		.byte	0x5
 889 051e 07       		.uleb128 0x7
 890 051f 3E050000 		.4byte	.LASF81
 891 0523 0B       		.byte	0xb
 892 0524 29       		.byte	0x29
 893 0525 A2000000 		.4byte	0xa2
 894 0529 06       		.byte	0x6
 895 052a 07       		.uleb128 0x7
 896 052b 49030000 		.4byte	.LASF82
 897 052f 0B       		.byte	0xb
 898 0530 2A       		.byte	0x2a
 899 0531 97000000 		.4byte	0x97
 900 0535 08       		.byte	0x8
 901 0536 07       		.uleb128 0x7
 902 0537 E7020000 		.4byte	.LASF83
 903 053b 0B       		.byte	0xb
 904 053c 2B       		.byte	0x2b
 905 053d 97000000 		.4byte	0x97
 906 0541 09       		.byte	0x9
 907 0542 07       		.uleb128 0x7
ARM GAS  /var/folders/3j/4xdnk5197cv_b7cw3n33qk7r0000gn/T//ccrIIbnI.s 			page 17


 908 0543 5D000000 		.4byte	.LASF84
 909 0547 0B       		.byte	0xb
 910 0548 2C       		.byte	0x2c
 911 0549 97000000 		.4byte	0x97
 912 054d 0A       		.byte	0xa
 913 054e 07       		.uleb128 0x7
 914 054f 57040000 		.4byte	.LASF85
 915 0553 0B       		.byte	0xb
 916 0554 2D       		.byte	0x2d
 917 0555 97000000 		.4byte	0x97
 918 0559 0B       		.byte	0xb
 919 055a 07       		.uleb128 0x7
 920 055b E1040000 		.4byte	.LASF86
 921 055f 0B       		.byte	0xb
 922 0560 2E       		.byte	0x2e
 923 0561 97000000 		.4byte	0x97
 924 0565 0C       		.byte	0xc
 925 0566 07       		.uleb128 0x7
 926 0567 36040000 		.4byte	.LASF87
 927 056b 0B       		.byte	0xb
 928 056c 2F       		.byte	0x2f
 929 056d 97000000 		.4byte	0x97
 930 0571 0D       		.byte	0xd
 931 0572 07       		.uleb128 0x7
 932 0573 08000000 		.4byte	.LASF88
 933 0577 0B       		.byte	0xb
 934 0578 30       		.byte	0x30
 935 0579 97000000 		.4byte	0x97
 936 057d 0E       		.byte	0xe
 937 057e 07       		.uleb128 0x7
 938 057f F3020000 		.4byte	.LASF89
 939 0583 0B       		.byte	0xb
 940 0584 31       		.byte	0x31
 941 0585 97000000 		.4byte	0x97
 942 0589 0F       		.byte	0xf
 943 058a 07       		.uleb128 0x7
 944 058b BD000000 		.4byte	.LASF90
 945 058f 0B       		.byte	0xb
 946 0590 32       		.byte	0x32
 947 0591 97000000 		.4byte	0x97
 948 0595 10       		.byte	0x10
 949 0596 07       		.uleb128 0x7
 950 0597 86000000 		.4byte	.LASF91
 951 059b 0B       		.byte	0xb
 952 059c 34       		.byte	0x34
 953 059d 97000000 		.4byte	0x97
 954 05a1 11       		.byte	0x11
 955 05a2 07       		.uleb128 0x7
 956 05a3 CD000000 		.4byte	.LASF92
 957 05a7 0B       		.byte	0xb
 958 05a8 35       		.byte	0x35
 959 05a9 97000000 		.4byte	0x97
 960 05ad 12       		.byte	0x12
 961 05ae 07       		.uleb128 0x7
 962 05af CB020000 		.4byte	.LASF93
 963 05b3 0B       		.byte	0xb
 964 05b4 36       		.byte	0x36
ARM GAS  /var/folders/3j/4xdnk5197cv_b7cw3n33qk7r0000gn/T//ccrIIbnI.s 			page 18


 965 05b5 97000000 		.4byte	0x97
 966 05b9 13       		.byte	0x13
 967 05ba 07       		.uleb128 0x7
 968 05bb 18040000 		.4byte	.LASF94
 969 05bf 0B       		.byte	0xb
 970 05c0 37       		.byte	0x37
 971 05c1 97000000 		.4byte	0x97
 972 05c5 14       		.byte	0x14
 973 05c6 07       		.uleb128 0x7
 974 05c7 F7030000 		.4byte	.LASF95
 975 05cb 0B       		.byte	0xb
 976 05cc 39       		.byte	0x39
 977 05cd 97000000 		.4byte	0x97
 978 05d1 15       		.byte	0x15
 979 05d2 00       		.byte	0
 980 05d3 13       		.uleb128 0x13
 981 05d4 C0040000 		.4byte	0x4c0
 982 05d8 E3050000 		.4byte	0x5e3
 983 05dc 14       		.uleb128 0x14
 984 05dd 2C000000 		.4byte	0x2c
 985 05e1 03       		.byte	0x3
 986 05e2 00       		.byte	0
 987 05e3 04       		.uleb128 0x4
 988 05e4 B0010000 		.4byte	.LASF96
 989 05e8 0B       		.byte	0xb
 990 05e9 3A       		.byte	0x3a
 991 05ea F2040000 		.4byte	0x4f2
 992 05ee 11       		.uleb128 0x11
 993 05ef E3050000 		.4byte	0x5e3
 994 05f3 0E       		.uleb128 0xe
 995 05f4 37020000 		.4byte	.LASF97
 996 05f8 0B       		.byte	0xb
 997 05f9 77       		.byte	0x77
 998 05fa EE050000 		.4byte	0x5ee
 999 05fe 13       		.uleb128 0x13
 1000 05ff 6E020000 		.4byte	0x26e
 1001 0603 0E060000 		.4byte	0x60e
 1002 0607 14       		.uleb128 0x14
 1003 0608 2C000000 		.4byte	0x2c
 1004 060c 26       		.byte	0x26
 1005 060d 00       		.byte	0
 1006 060e 0E       		.uleb128 0xe
 1007 060f C2010000 		.4byte	.LASF98
 1008 0613 0C       		.byte	0xc
 1009 0614 82       		.byte	0x82
 1010 0615 FE050000 		.4byte	0x5fe
 1011 0619 15       		.uleb128 0x15
 1012 061a 0E060000 		.4byte	0x60e
 1013 061e 01       		.byte	0x1
 1014 061f 2A       		.byte	0x2a
 1015 0620 05       		.uleb128 0x5
 1016 0621 03       		.byte	0x3
 1017 0622 00000000 		.4byte	_idle_thread_wa
 1018 0626 16       		.uleb128 0x16
 1019 0627 33000000 		.4byte	.LASF99
 1020 062b 01       		.byte	0x1
 1021 062c 82       		.byte	0x82
ARM GAS  /var/folders/3j/4xdnk5197cv_b7cw3n33qk7r0000gn/T//ccrIIbnI.s 			page 19


 1022 062d 00000000 		.4byte	.LFB9
 1023 0631 90000000 		.4byte	.LFE9-.LFB9
 1024 0635 01       		.uleb128 0x1
 1025 0636 9C       		.byte	0x9c
 1026 0637 6D060000 		.4byte	0x66d
 1027 063b 17       		.uleb128 0x17
 1028 063c 44000000 		.4byte	.LBB2
 1029 0640 4C000000 		.4byte	.LBE2-.LBB2
 1030 0644 18       		.uleb128 0x18
 1031 0645 76747000 		.ascii	"vtp\000"
 1032 0649 01       		.byte	0x1
 1033 064a 8F       		.byte	0x8f
 1034 064b 87030000 		.4byte	0x387
 1035 064f 00000000 		.4byte	.LLST0
 1036 0653 17       		.uleb128 0x17
 1037 0654 58000000 		.4byte	.LBB3
 1038 0658 1C000000 		.4byte	.LBE3-.LBB3
 1039 065c 18       		.uleb128 0x18
 1040 065d 666E00   		.ascii	"fn\000"
 1041 0660 01       		.byte	0x1
 1042 0661 8F       		.byte	0x8f
 1043 0662 17030000 		.4byte	0x317
 1044 0666 1E000000 		.4byte	.LLST1
 1045 066a 00       		.byte	0
 1046 066b 00       		.byte	0
 1047 066c 00       		.byte	0
 1048 066d 19       		.uleb128 0x19
 1049 066e EE010000 		.4byte	.LASF100
 1050 0672 01       		.byte	0x1
 1051 0673 4D       		.byte	0x4d
 1052 0674 00000000 		.4byte	.LFB8
 1053 0678 78000000 		.4byte	.LFE8-.LFB8
 1054 067c 01       		.uleb128 0x1
 1055 067d 9C       		.byte	0x9c
 1056 067e 02070000 		.4byte	0x702
 1057 0682 1A       		.uleb128 0x1a
 1058 0683 74000000 		.4byte	.LASF101
 1059 0687 01       		.byte	0x1
 1060 0688 4E       		.byte	0x4e
 1061 0689 20010000 		.4byte	0x120
 1062 068d 05       		.uleb128 0x5
 1063 068e 03       		.byte	0x3
 1064 068f 00000000 		.4byte	mainthread.4724
 1065 0693 1B       		.uleb128 0x1b
 1066 0694 0C000000 		.4byte	.LVL1
 1067 0698 23070000 		.4byte	0x723
 1068 069c 1B       		.uleb128 0x1b
 1069 069d 10000000 		.4byte	.LVL2
 1070 06a1 2E070000 		.4byte	0x72e
 1071 06a5 1B       		.uleb128 0x1b
 1072 06a6 14000000 		.4byte	.LVL3
 1073 06aa 39070000 		.4byte	0x739
 1074 06ae 1B       		.uleb128 0x1b
 1075 06af 18000000 		.4byte	.LVL4
 1076 06b3 44070000 		.4byte	0x744
 1077 06b7 1C       		.uleb128 0x1c
 1078 06b8 24000000 		.4byte	.LVL5
ARM GAS  /var/folders/3j/4xdnk5197cv_b7cw3n33qk7r0000gn/T//ccrIIbnI.s 			page 20


 1079 06bc 4F070000 		.4byte	0x74f
 1080 06c0 D4060000 		.4byte	0x6d4
 1081 06c4 1D       		.uleb128 0x1d
 1082 06c5 01       		.uleb128 0x1
 1083 06c6 50       		.byte	0x50
 1084 06c7 05       		.uleb128 0x5
 1085 06c8 03       		.byte	0x3
 1086 06c9 00000000 		.4byte	.LANCHOR0
 1087 06cd 1D       		.uleb128 0x1d
 1088 06ce 01       		.uleb128 0x1
 1089 06cf 51       		.byte	0x51
 1090 06d0 02       		.uleb128 0x2
 1091 06d1 08       		.byte	0x8
 1092 06d2 40       		.byte	0x40
 1093 06d3 00       		.byte	0
 1094 06d4 1E       		.uleb128 0x1e
 1095 06d5 5C000000 		.4byte	.LVL6
 1096 06d9 5B070000 		.4byte	0x75b
 1097 06dd 1D       		.uleb128 0x1d
 1098 06de 01       		.uleb128 0x1
 1099 06df 50       		.byte	0x50
 1100 06e0 05       		.uleb128 0x5
 1101 06e1 03       		.byte	0x3
 1102 06e2 00000000 		.4byte	_idle_thread_wa
 1103 06e6 1D       		.uleb128 0x1d
 1104 06e7 01       		.uleb128 0x1
 1105 06e8 51       		.byte	0x51
 1106 06e9 02       		.uleb128 0x2
 1107 06ea 08       		.byte	0x8
 1108 06eb 9C       		.byte	0x9c
 1109 06ec 1D       		.uleb128 0x1d
 1110 06ed 01       		.uleb128 0x1
 1111 06ee 52       		.byte	0x52
 1112 06ef 01       		.uleb128 0x1
 1113 06f0 31       		.byte	0x31
 1114 06f1 1D       		.uleb128 0x1d
 1115 06f2 01       		.uleb128 0x1
 1116 06f3 53       		.byte	0x53
 1117 06f4 05       		.uleb128 0x5
 1118 06f5 03       		.byte	0x3
 1119 06f6 00000000 		.4byte	_idle_thread
 1120 06fa 1D       		.uleb128 0x1d
 1121 06fb 02       		.uleb128 0x2
 1122 06fc 7D       		.byte	0x7d
 1123 06fd 00       		.sleb128 0
 1124 06fe 01       		.uleb128 0x1
 1125 06ff 30       		.byte	0x30
 1126 0700 00       		.byte	0
 1127 0701 00       		.byte	0
 1128 0702 19       		.uleb128 0x19
 1129 0703 34030000 		.4byte	.LASF102
 1130 0707 01       		.byte	0x1
 1131 0708 36       		.byte	0x36
 1132 0709 00000000 		.4byte	.LFB7
 1133 070d 20000000 		.4byte	.LFE7-.LFB7
 1134 0711 01       		.uleb128 0x1
 1135 0712 9C       		.byte	0x9c
ARM GAS  /var/folders/3j/4xdnk5197cv_b7cw3n33qk7r0000gn/T//ccrIIbnI.s 			page 21


 1136 0713 23070000 		.4byte	0x723
 1137 0717 1F       		.uleb128 0x1f
 1138 0718 7000     		.ascii	"p\000"
 1139 071a 01       		.byte	0x1
 1140 071b 36       		.byte	0x36
 1141 071c 84020000 		.4byte	0x284
 1142 0720 01       		.uleb128 0x1
 1143 0721 50       		.byte	0x50
 1144 0722 00       		.byte	0
 1145 0723 20       		.uleb128 0x20
 1146 0724 93000000 		.4byte	.LASF103
 1147 0728 93000000 		.4byte	.LASF103
 1148 072c 09       		.byte	0x9
 1149 072d 87       		.byte	0x87
 1150 072e 20       		.uleb128 0x20
 1151 072f B8040000 		.4byte	.LASF104
 1152 0733 B8040000 		.4byte	.LASF104
 1153 0737 08       		.byte	0x8
 1154 0738 D9       		.byte	0xd9
 1155 0739 20       		.uleb128 0x20
 1156 073a 79030000 		.4byte	.LASF105
 1157 073e 79030000 		.4byte	.LASF105
 1158 0742 0D       		.byte	0xd
 1159 0743 4A       		.byte	0x4a
 1160 0744 20       		.uleb128 0x20
 1161 0745 F8010000 		.4byte	.LASF106
 1162 0749 F8010000 		.4byte	.LASF106
 1163 074d 0E       		.byte	0xe
 1164 074e 4E       		.byte	0x4e
 1165 074f 21       		.uleb128 0x21
 1166 0750 10020000 		.4byte	.LASF107
 1167 0754 10020000 		.4byte	.LASF107
 1168 0758 06       		.byte	0x6
 1169 0759 5E01     		.2byte	0x15e
 1170 075b 21       		.uleb128 0x21
 1171 075c B1020000 		.4byte	.LASF108
 1172 0760 B1020000 		.4byte	.LASF108
 1173 0764 06       		.byte	0x6
 1174 0765 6401     		.2byte	0x164
 1175 0767 00       		.byte	0
 1176              		.section	.debug_abbrev,"",%progbits
 1177              	.Ldebug_abbrev0:
 1178 0000 01       		.uleb128 0x1
 1179 0001 11       		.uleb128 0x11
 1180 0002 01       		.byte	0x1
 1181 0003 25       		.uleb128 0x25
 1182 0004 0E       		.uleb128 0xe
 1183 0005 13       		.uleb128 0x13
 1184 0006 0B       		.uleb128 0xb
 1185 0007 03       		.uleb128 0x3
 1186 0008 0E       		.uleb128 0xe
 1187 0009 1B       		.uleb128 0x1b
 1188 000a 0E       		.uleb128 0xe
 1189 000b 55       		.uleb128 0x55
 1190 000c 17       		.uleb128 0x17
 1191 000d 11       		.uleb128 0x11
 1192 000e 01       		.uleb128 0x1
ARM GAS  /var/folders/3j/4xdnk5197cv_b7cw3n33qk7r0000gn/T//ccrIIbnI.s 			page 22


 1193 000f 10       		.uleb128 0x10
 1194 0010 17       		.uleb128 0x17
 1195 0011 00       		.byte	0
 1196 0012 00       		.byte	0
 1197 0013 02       		.uleb128 0x2
 1198 0014 24       		.uleb128 0x24
 1199 0015 00       		.byte	0
 1200 0016 0B       		.uleb128 0xb
 1201 0017 0B       		.uleb128 0xb
 1202 0018 3E       		.uleb128 0x3e
 1203 0019 0B       		.uleb128 0xb
 1204 001a 03       		.uleb128 0x3
 1205 001b 08       		.uleb128 0x8
 1206 001c 00       		.byte	0
 1207 001d 00       		.byte	0
 1208 001e 03       		.uleb128 0x3
 1209 001f 24       		.uleb128 0x24
 1210 0020 00       		.byte	0
 1211 0021 0B       		.uleb128 0xb
 1212 0022 0B       		.uleb128 0xb
 1213 0023 3E       		.uleb128 0x3e
 1214 0024 0B       		.uleb128 0xb
 1215 0025 03       		.uleb128 0x3
 1216 0026 0E       		.uleb128 0xe
 1217 0027 00       		.byte	0
 1218 0028 00       		.byte	0
 1219 0029 04       		.uleb128 0x4
 1220 002a 16       		.uleb128 0x16
 1221 002b 00       		.byte	0
 1222 002c 03       		.uleb128 0x3
 1223 002d 0E       		.uleb128 0xe
 1224 002e 3A       		.uleb128 0x3a
 1225 002f 0B       		.uleb128 0xb
 1226 0030 3B       		.uleb128 0x3b
 1227 0031 0B       		.uleb128 0xb
 1228 0032 49       		.uleb128 0x49
 1229 0033 13       		.uleb128 0x13
 1230 0034 00       		.byte	0
 1231 0035 00       		.byte	0
 1232 0036 05       		.uleb128 0x5
 1233 0037 35       		.uleb128 0x35
 1234 0038 00       		.byte	0
 1235 0039 49       		.uleb128 0x49
 1236 003a 13       		.uleb128 0x13
 1237 003b 00       		.byte	0
 1238 003c 00       		.byte	0
 1239 003d 06       		.uleb128 0x6
 1240 003e 13       		.uleb128 0x13
 1241 003f 01       		.byte	0x1
 1242 0040 03       		.uleb128 0x3
 1243 0041 0E       		.uleb128 0xe
 1244 0042 0B       		.uleb128 0xb
 1245 0043 0B       		.uleb128 0xb
 1246 0044 3A       		.uleb128 0x3a
 1247 0045 0B       		.uleb128 0xb
 1248 0046 3B       		.uleb128 0x3b
 1249 0047 0B       		.uleb128 0xb
ARM GAS  /var/folders/3j/4xdnk5197cv_b7cw3n33qk7r0000gn/T//ccrIIbnI.s 			page 23


 1250 0048 01       		.uleb128 0x1
 1251 0049 13       		.uleb128 0x13
 1252 004a 00       		.byte	0
 1253 004b 00       		.byte	0
 1254 004c 07       		.uleb128 0x7
 1255 004d 0D       		.uleb128 0xd
 1256 004e 00       		.byte	0
 1257 004f 03       		.uleb128 0x3
 1258 0050 0E       		.uleb128 0xe
 1259 0051 3A       		.uleb128 0x3a
 1260 0052 0B       		.uleb128 0xb
 1261 0053 3B       		.uleb128 0x3b
 1262 0054 0B       		.uleb128 0xb
 1263 0055 49       		.uleb128 0x49
 1264 0056 13       		.uleb128 0x13
 1265 0057 38       		.uleb128 0x38
 1266 0058 0B       		.uleb128 0xb
 1267 0059 00       		.byte	0
 1268 005a 00       		.byte	0
 1269 005b 08       		.uleb128 0x8
 1270 005c 0D       		.uleb128 0xd
 1271 005d 00       		.byte	0
 1272 005e 03       		.uleb128 0x3
 1273 005f 08       		.uleb128 0x8
 1274 0060 3A       		.uleb128 0x3a
 1275 0061 0B       		.uleb128 0xb
 1276 0062 3B       		.uleb128 0x3b
 1277 0063 0B       		.uleb128 0xb
 1278 0064 49       		.uleb128 0x49
 1279 0065 13       		.uleb128 0x13
 1280 0066 38       		.uleb128 0x38
 1281 0067 0B       		.uleb128 0xb
 1282 0068 00       		.byte	0
 1283 0069 00       		.byte	0
 1284 006a 09       		.uleb128 0x9
 1285 006b 13       		.uleb128 0x13
 1286 006c 01       		.byte	0x1
 1287 006d 0B       		.uleb128 0xb
 1288 006e 0B       		.uleb128 0xb
 1289 006f 3A       		.uleb128 0x3a
 1290 0070 0B       		.uleb128 0xb
 1291 0071 3B       		.uleb128 0x3b
 1292 0072 0B       		.uleb128 0xb
 1293 0073 01       		.uleb128 0x1
 1294 0074 13       		.uleb128 0x13
 1295 0075 00       		.byte	0
 1296 0076 00       		.byte	0
 1297 0077 0A       		.uleb128 0xa
 1298 0078 0F       		.uleb128 0xf
 1299 0079 00       		.byte	0
 1300 007a 0B       		.uleb128 0xb
 1301 007b 0B       		.uleb128 0xb
 1302 007c 49       		.uleb128 0x49
 1303 007d 13       		.uleb128 0x13
 1304 007e 00       		.byte	0
 1305 007f 00       		.byte	0
 1306 0080 0B       		.uleb128 0xb
ARM GAS  /var/folders/3j/4xdnk5197cv_b7cw3n33qk7r0000gn/T//ccrIIbnI.s 			page 24


 1307 0081 0F       		.uleb128 0xf
 1308 0082 00       		.byte	0
 1309 0083 0B       		.uleb128 0xb
 1310 0084 0B       		.uleb128 0xb
 1311 0085 00       		.byte	0
 1312 0086 00       		.byte	0
 1313 0087 0C       		.uleb128 0xc
 1314 0088 15       		.uleb128 0x15
 1315 0089 01       		.byte	0x1
 1316 008a 27       		.uleb128 0x27
 1317 008b 19       		.uleb128 0x19
 1318 008c 01       		.uleb128 0x1
 1319 008d 13       		.uleb128 0x13
 1320 008e 00       		.byte	0
 1321 008f 00       		.byte	0
 1322 0090 0D       		.uleb128 0xd
 1323 0091 05       		.uleb128 0x5
 1324 0092 00       		.byte	0
 1325 0093 49       		.uleb128 0x49
 1326 0094 13       		.uleb128 0x13
 1327 0095 00       		.byte	0
 1328 0096 00       		.byte	0
 1329 0097 0E       		.uleb128 0xe
 1330 0098 34       		.uleb128 0x34
 1331 0099 00       		.byte	0
 1332 009a 03       		.uleb128 0x3
 1333 009b 0E       		.uleb128 0xe
 1334 009c 3A       		.uleb128 0x3a
 1335 009d 0B       		.uleb128 0xb
 1336 009e 3B       		.uleb128 0x3b
 1337 009f 0B       		.uleb128 0xb
 1338 00a0 49       		.uleb128 0x49
 1339 00a1 13       		.uleb128 0x13
 1340 00a2 3F       		.uleb128 0x3f
 1341 00a3 19       		.uleb128 0x19
 1342 00a4 3C       		.uleb128 0x3c
 1343 00a5 19       		.uleb128 0x19
 1344 00a6 00       		.byte	0
 1345 00a7 00       		.byte	0
 1346 00a8 0F       		.uleb128 0xf
 1347 00a9 17       		.uleb128 0x17
 1348 00aa 01       		.byte	0x1
 1349 00ab 0B       		.uleb128 0xb
 1350 00ac 0B       		.uleb128 0xb
 1351 00ad 3A       		.uleb128 0x3a
 1352 00ae 0B       		.uleb128 0xb
 1353 00af 3B       		.uleb128 0x3b
 1354 00b0 0B       		.uleb128 0xb
 1355 00b1 01       		.uleb128 0x1
 1356 00b2 13       		.uleb128 0x13
 1357 00b3 00       		.byte	0
 1358 00b4 00       		.byte	0
 1359 00b5 10       		.uleb128 0x10
 1360 00b6 0D       		.uleb128 0xd
 1361 00b7 00       		.byte	0
 1362 00b8 03       		.uleb128 0x3
 1363 00b9 0E       		.uleb128 0xe
ARM GAS  /var/folders/3j/4xdnk5197cv_b7cw3n33qk7r0000gn/T//ccrIIbnI.s 			page 25


 1364 00ba 3A       		.uleb128 0x3a
 1365 00bb 0B       		.uleb128 0xb
 1366 00bc 3B       		.uleb128 0x3b
 1367 00bd 0B       		.uleb128 0xb
 1368 00be 49       		.uleb128 0x49
 1369 00bf 13       		.uleb128 0x13
 1370 00c0 00       		.byte	0
 1371 00c1 00       		.byte	0
 1372 00c2 11       		.uleb128 0x11
 1373 00c3 26       		.uleb128 0x26
 1374 00c4 00       		.byte	0
 1375 00c5 49       		.uleb128 0x49
 1376 00c6 13       		.uleb128 0x13
 1377 00c7 00       		.byte	0
 1378 00c8 00       		.byte	0
 1379 00c9 12       		.uleb128 0x12
 1380 00ca 15       		.uleb128 0x15
 1381 00cb 01       		.byte	0x1
 1382 00cc 27       		.uleb128 0x27
 1383 00cd 19       		.uleb128 0x19
 1384 00ce 49       		.uleb128 0x49
 1385 00cf 13       		.uleb128 0x13
 1386 00d0 01       		.uleb128 0x1
 1387 00d1 13       		.uleb128 0x13
 1388 00d2 00       		.byte	0
 1389 00d3 00       		.byte	0
 1390 00d4 13       		.uleb128 0x13
 1391 00d5 01       		.uleb128 0x1
 1392 00d6 01       		.byte	0x1
 1393 00d7 49       		.uleb128 0x49
 1394 00d8 13       		.uleb128 0x13
 1395 00d9 01       		.uleb128 0x1
 1396 00da 13       		.uleb128 0x13
 1397 00db 00       		.byte	0
 1398 00dc 00       		.byte	0
 1399 00dd 14       		.uleb128 0x14
 1400 00de 21       		.uleb128 0x21
 1401 00df 00       		.byte	0
 1402 00e0 49       		.uleb128 0x49
 1403 00e1 13       		.uleb128 0x13
 1404 00e2 2F       		.uleb128 0x2f
 1405 00e3 0B       		.uleb128 0xb
 1406 00e4 00       		.byte	0
 1407 00e5 00       		.byte	0
 1408 00e6 15       		.uleb128 0x15
 1409 00e7 34       		.uleb128 0x34
 1410 00e8 00       		.byte	0
 1411 00e9 47       		.uleb128 0x47
 1412 00ea 13       		.uleb128 0x13
 1413 00eb 3A       		.uleb128 0x3a
 1414 00ec 0B       		.uleb128 0xb
 1415 00ed 3B       		.uleb128 0x3b
 1416 00ee 0B       		.uleb128 0xb
 1417 00ef 02       		.uleb128 0x2
 1418 00f0 18       		.uleb128 0x18
 1419 00f1 00       		.byte	0
 1420 00f2 00       		.byte	0
ARM GAS  /var/folders/3j/4xdnk5197cv_b7cw3n33qk7r0000gn/T//ccrIIbnI.s 			page 26


 1421 00f3 16       		.uleb128 0x16
 1422 00f4 2E       		.uleb128 0x2e
 1423 00f5 01       		.byte	0x1
 1424 00f6 3F       		.uleb128 0x3f
 1425 00f7 19       		.uleb128 0x19
 1426 00f8 03       		.uleb128 0x3
 1427 00f9 0E       		.uleb128 0xe
 1428 00fa 3A       		.uleb128 0x3a
 1429 00fb 0B       		.uleb128 0xb
 1430 00fc 3B       		.uleb128 0x3b
 1431 00fd 0B       		.uleb128 0xb
 1432 00fe 27       		.uleb128 0x27
 1433 00ff 19       		.uleb128 0x19
 1434 0100 11       		.uleb128 0x11
 1435 0101 01       		.uleb128 0x1
 1436 0102 12       		.uleb128 0x12
 1437 0103 06       		.uleb128 0x6
 1438 0104 40       		.uleb128 0x40
 1439 0105 18       		.uleb128 0x18
 1440 0106 9642     		.uleb128 0x2116
 1441 0108 19       		.uleb128 0x19
 1442 0109 01       		.uleb128 0x1
 1443 010a 13       		.uleb128 0x13
 1444 010b 00       		.byte	0
 1445 010c 00       		.byte	0
 1446 010d 17       		.uleb128 0x17
 1447 010e 0B       		.uleb128 0xb
 1448 010f 01       		.byte	0x1
 1449 0110 11       		.uleb128 0x11
 1450 0111 01       		.uleb128 0x1
 1451 0112 12       		.uleb128 0x12
 1452 0113 06       		.uleb128 0x6
 1453 0114 00       		.byte	0
 1454 0115 00       		.byte	0
 1455 0116 18       		.uleb128 0x18
 1456 0117 34       		.uleb128 0x34
 1457 0118 00       		.byte	0
 1458 0119 03       		.uleb128 0x3
 1459 011a 08       		.uleb128 0x8
 1460 011b 3A       		.uleb128 0x3a
 1461 011c 0B       		.uleb128 0xb
 1462 011d 3B       		.uleb128 0x3b
 1463 011e 0B       		.uleb128 0xb
 1464 011f 49       		.uleb128 0x49
 1465 0120 13       		.uleb128 0x13
 1466 0121 02       		.uleb128 0x2
 1467 0122 17       		.uleb128 0x17
 1468 0123 00       		.byte	0
 1469 0124 00       		.byte	0
 1470 0125 19       		.uleb128 0x19
 1471 0126 2E       		.uleb128 0x2e
 1472 0127 01       		.byte	0x1
 1473 0128 3F       		.uleb128 0x3f
 1474 0129 19       		.uleb128 0x19
 1475 012a 03       		.uleb128 0x3
 1476 012b 0E       		.uleb128 0xe
 1477 012c 3A       		.uleb128 0x3a
ARM GAS  /var/folders/3j/4xdnk5197cv_b7cw3n33qk7r0000gn/T//ccrIIbnI.s 			page 27


 1478 012d 0B       		.uleb128 0xb
 1479 012e 3B       		.uleb128 0x3b
 1480 012f 0B       		.uleb128 0xb
 1481 0130 27       		.uleb128 0x27
 1482 0131 19       		.uleb128 0x19
 1483 0132 11       		.uleb128 0x11
 1484 0133 01       		.uleb128 0x1
 1485 0134 12       		.uleb128 0x12
 1486 0135 06       		.uleb128 0x6
 1487 0136 40       		.uleb128 0x40
 1488 0137 18       		.uleb128 0x18
 1489 0138 9742     		.uleb128 0x2117
 1490 013a 19       		.uleb128 0x19
 1491 013b 01       		.uleb128 0x1
 1492 013c 13       		.uleb128 0x13
 1493 013d 00       		.byte	0
 1494 013e 00       		.byte	0
 1495 013f 1A       		.uleb128 0x1a
 1496 0140 34       		.uleb128 0x34
 1497 0141 00       		.byte	0
 1498 0142 03       		.uleb128 0x3
 1499 0143 0E       		.uleb128 0xe
 1500 0144 3A       		.uleb128 0x3a
 1501 0145 0B       		.uleb128 0xb
 1502 0146 3B       		.uleb128 0x3b
 1503 0147 0B       		.uleb128 0xb
 1504 0148 49       		.uleb128 0x49
 1505 0149 13       		.uleb128 0x13
 1506 014a 02       		.uleb128 0x2
 1507 014b 18       		.uleb128 0x18
 1508 014c 00       		.byte	0
 1509 014d 00       		.byte	0
 1510 014e 1B       		.uleb128 0x1b
 1511 014f 898201   		.uleb128 0x4109
 1512 0152 00       		.byte	0
 1513 0153 11       		.uleb128 0x11
 1514 0154 01       		.uleb128 0x1
 1515 0155 31       		.uleb128 0x31
 1516 0156 13       		.uleb128 0x13
 1517 0157 00       		.byte	0
 1518 0158 00       		.byte	0
 1519 0159 1C       		.uleb128 0x1c
 1520 015a 898201   		.uleb128 0x4109
 1521 015d 01       		.byte	0x1
 1522 015e 11       		.uleb128 0x11
 1523 015f 01       		.uleb128 0x1
 1524 0160 31       		.uleb128 0x31
 1525 0161 13       		.uleb128 0x13
 1526 0162 01       		.uleb128 0x1
 1527 0163 13       		.uleb128 0x13
 1528 0164 00       		.byte	0
 1529 0165 00       		.byte	0
 1530 0166 1D       		.uleb128 0x1d
 1531 0167 8A8201   		.uleb128 0x410a
 1532 016a 00       		.byte	0
 1533 016b 02       		.uleb128 0x2
 1534 016c 18       		.uleb128 0x18
ARM GAS  /var/folders/3j/4xdnk5197cv_b7cw3n33qk7r0000gn/T//ccrIIbnI.s 			page 28


 1535 016d 9142     		.uleb128 0x2111
 1536 016f 18       		.uleb128 0x18
 1537 0170 00       		.byte	0
 1538 0171 00       		.byte	0
 1539 0172 1E       		.uleb128 0x1e
 1540 0173 898201   		.uleb128 0x4109
 1541 0176 01       		.byte	0x1
 1542 0177 11       		.uleb128 0x11
 1543 0178 01       		.uleb128 0x1
 1544 0179 31       		.uleb128 0x31
 1545 017a 13       		.uleb128 0x13
 1546 017b 00       		.byte	0
 1547 017c 00       		.byte	0
 1548 017d 1F       		.uleb128 0x1f
 1549 017e 05       		.uleb128 0x5
 1550 017f 00       		.byte	0
 1551 0180 03       		.uleb128 0x3
 1552 0181 08       		.uleb128 0x8
 1553 0182 3A       		.uleb128 0x3a
 1554 0183 0B       		.uleb128 0xb
 1555 0184 3B       		.uleb128 0x3b
 1556 0185 0B       		.uleb128 0xb
 1557 0186 49       		.uleb128 0x49
 1558 0187 13       		.uleb128 0x13
 1559 0188 02       		.uleb128 0x2
 1560 0189 18       		.uleb128 0x18
 1561 018a 00       		.byte	0
 1562 018b 00       		.byte	0
 1563 018c 20       		.uleb128 0x20
 1564 018d 2E       		.uleb128 0x2e
 1565 018e 00       		.byte	0
 1566 018f 3F       		.uleb128 0x3f
 1567 0190 19       		.uleb128 0x19
 1568 0191 3C       		.uleb128 0x3c
 1569 0192 19       		.uleb128 0x19
 1570 0193 6E       		.uleb128 0x6e
 1571 0194 0E       		.uleb128 0xe
 1572 0195 03       		.uleb128 0x3
 1573 0196 0E       		.uleb128 0xe
 1574 0197 3A       		.uleb128 0x3a
 1575 0198 0B       		.uleb128 0xb
 1576 0199 3B       		.uleb128 0x3b
 1577 019a 0B       		.uleb128 0xb
 1578 019b 00       		.byte	0
 1579 019c 00       		.byte	0
 1580 019d 21       		.uleb128 0x21
 1581 019e 2E       		.uleb128 0x2e
 1582 019f 00       		.byte	0
 1583 01a0 3F       		.uleb128 0x3f
 1584 01a1 19       		.uleb128 0x19
 1585 01a2 3C       		.uleb128 0x3c
 1586 01a3 19       		.uleb128 0x19
 1587 01a4 6E       		.uleb128 0x6e
 1588 01a5 0E       		.uleb128 0xe
 1589 01a6 03       		.uleb128 0x3
 1590 01a7 0E       		.uleb128 0xe
 1591 01a8 3A       		.uleb128 0x3a
ARM GAS  /var/folders/3j/4xdnk5197cv_b7cw3n33qk7r0000gn/T//ccrIIbnI.s 			page 29


 1592 01a9 0B       		.uleb128 0xb
 1593 01aa 3B       		.uleb128 0x3b
 1594 01ab 05       		.uleb128 0x5
 1595 01ac 00       		.byte	0
 1596 01ad 00       		.byte	0
 1597 01ae 00       		.byte	0
 1598              		.section	.debug_loc,"",%progbits
 1599              	.Ldebug_loc0:
 1600              	.LLST0:
 1601 0000 54000000 		.4byte	.LVL7
 1602 0004 73000000 		.4byte	.LVL9-1
 1603 0008 0100     		.2byte	0x1
 1604 000a 53       		.byte	0x53
 1605 000b 78000000 		.4byte	.LVL10
 1606 000f 90000000 		.4byte	.LFE9
 1607 0013 0100     		.2byte	0x1
 1608 0015 53       		.byte	0x53
 1609 0016 00000000 		.4byte	0
 1610 001a 00000000 		.4byte	0
 1611              	.LLST1:
 1612 001e 60000000 		.4byte	.LVL8
 1613 0022 73000000 		.4byte	.LVL9-1
 1614 0026 0100     		.2byte	0x1
 1615 0028 51       		.byte	0x51
 1616 0029 00000000 		.4byte	0
 1617 002d 00000000 		.4byte	0
 1618              		.section	.debug_aranges,"",%progbits
 1619 0000 2C000000 		.4byte	0x2c
 1620 0004 0200     		.2byte	0x2
 1621 0006 00000000 		.4byte	.Ldebug_info0
 1622 000a 04       		.byte	0x4
 1623 000b 00       		.byte	0
 1624 000c 0000     		.2byte	0
 1625 000e 0000     		.2byte	0
 1626 0010 00000000 		.4byte	.LFB7
 1627 0014 20000000 		.4byte	.LFE7-.LFB7
 1628 0018 00000000 		.4byte	.LFB8
 1629 001c 78000000 		.4byte	.LFE8-.LFB8
 1630 0020 00000000 		.4byte	.LFB9
 1631 0024 90000000 		.4byte	.LFE9-.LFB9
 1632 0028 00000000 		.4byte	0
 1633 002c 00000000 		.4byte	0
 1634              		.section	.debug_ranges,"",%progbits
 1635              	.Ldebug_ranges0:
 1636 0000 00000000 		.4byte	.LFB7
 1637 0004 20000000 		.4byte	.LFE7
 1638 0008 00000000 		.4byte	.LFB8
 1639 000c 78000000 		.4byte	.LFE8
 1640 0010 00000000 		.4byte	.LFB9
 1641 0014 90000000 		.4byte	.LFE9
 1642 0018 00000000 		.4byte	0
 1643 001c 00000000 		.4byte	0
 1644              		.section	.debug_line,"",%progbits
 1645              	.Ldebug_line0:
 1646 0000 F7010000 		.section	.debug_str,"MS",%progbits,1
 1646      02009701 
 1646      00000201 
ARM GAS  /var/folders/3j/4xdnk5197cv_b7cw3n33qk7r0000gn/T//ccrIIbnI.s 			page 30


 1646      FB0E0D00 
 1646      01010101 
 1647              	.LASF77:
 1648 0000 7466756E 		.ascii	"tfunc_t\000"
 1648      635F7400 
 1649              	.LASF88:
 1650 0008 63665F6F 		.ascii	"cf_off_older\000"
 1650      66665F6F 
 1650      6C646572 
 1650      00
 1651              	.LASF40:
 1652 0015 705F6D73 		.ascii	"p_msg\000"
 1652      6700
 1653              	.LASF72:
 1654 001b 7264796D 		.ascii	"rdymsg\000"
 1654      736700
 1655              	.LASF4:
 1656 0022 5F5F7569 		.ascii	"__uint8_t\000"
 1656      6E74385F 
 1656      7400
 1657              	.LASF66:
 1658 002c 76746C69 		.ascii	"vtlist\000"
 1658      737400
 1659              	.LASF99:
 1660 0033 63685379 		.ascii	"chSysTimerHandlerI\000"
 1660      7354696D 
 1660      65724861 
 1660      6E646C65 
 1660      724900
 1661              	.LASF12:
 1662 0046 6C6F6E67 		.ascii	"long long unsigned int\000"
 1662      206C6F6E 
 1662      6720756E 
 1662      7369676E 
 1662      65642069 
 1663              	.LASF84:
 1664 005d 63685F74 		.ascii	"ch_threadsize\000"
 1664      68726561 
 1664      6473697A 
 1664      6500
 1665              	.LASF73:
 1666 006b 65786974 		.ascii	"exitcode\000"
 1666      636F6465 
 1666      00
 1667              	.LASF101:
 1668 0074 6D61696E 		.ascii	"mainthread\000"
 1668      74687265 
 1668      616400
 1669              	.LASF28:
 1670 007f 705F7072 		.ascii	"p_prio\000"
 1670      696F00
 1671              	.LASF91:
 1672 0086 63665F6F 		.ascii	"cf_off_state\000"
 1672      66665F73 
 1672      74617465 
 1672      00
 1673              	.LASF103:
ARM GAS  /var/folders/3j/4xdnk5197cv_b7cw3n33qk7r0000gn/T//ccrIIbnI.s 			page 31


 1674 0093 5F736368 		.ascii	"_scheduler_init\000"
 1674      6564756C 
 1674      65725F69 
 1674      6E697400 
 1675              	.LASF11:
 1676 00a3 6C6F6E67 		.ascii	"long long int\000"
 1676      206C6F6E 
 1676      6720696E 
 1676      7400
 1677              	.LASF1:
 1678 00b1 7369676E 		.ascii	"signed char\000"
 1678      65642063 
 1678      68617200 
 1679              	.LASF90:
 1680 00bd 63665F6F 		.ascii	"cf_off_stklimit\000"
 1680      66665F73 
 1680      746B6C69 
 1680      6D697400 
 1681              	.LASF92:
 1682 00cd 63665F6F 		.ascii	"cf_off_flags\000"
 1682      66665F66 
 1682      6C616773 
 1682      00
 1683              	.LASF69:
 1684 00da 6D5F7175 		.ascii	"m_queue\000"
 1684      65756500 
 1685              	.LASF109:
 1686 00e2 474E5520 		.ascii	"GNU C11 7.3.1 20180622 (release) [ARM/embedded-7-br"
 1686      43313120 
 1686      372E332E 
 1686      31203230 
 1686      31383036 
 1687 0115 616E6368 		.ascii	"anch revision 261907] -mcpu=arm1176jz-s -mno-thumb-"
 1687      20726576 
 1687      6973696F 
 1687      6E203236 
 1687      31393037 
 1688 0148 696E7465 		.ascii	"interwork -ggdb -O2 -fomit-frame-pointer -ffunction"
 1688      72776F72 
 1688      6B202D67 
 1688      67646220 
 1688      2D4F3220 
 1689 017b 2D736563 		.ascii	"-sections -fdata-sections\000"
 1689      74696F6E 
 1689      73202D66 
 1689      64617461 
 1689      2D736563 
 1690              	.LASF8:
 1691 0195 6C6F6E67 		.ascii	"long int\000"
 1691      20696E74 
 1691      00
 1692              	.LASF18:
 1693 019e 74737461 		.ascii	"tstate_t\000"
 1693      74655F74 
 1693      00
 1694              	.LASF14:
 1695 01a7 75696E74 		.ascii	"uint16_t\000"
ARM GAS  /var/folders/3j/4xdnk5197cv_b7cw3n33qk7r0000gn/T//ccrIIbnI.s 			page 32


 1695      31365F74 
 1695      00
 1696              	.LASF96:
 1697 01b0 63686465 		.ascii	"chdebug_t\000"
 1697      6275675F 
 1697      7400
 1698              	.LASF30:
 1699 01ba 705F6E65 		.ascii	"p_newer\000"
 1699      77657200 
 1700              	.LASF98:
 1701 01c2 5F69646C 		.ascii	"_idle_thread_wa\000"
 1701      655F7468 
 1701      72656164 
 1701      5F776100 
 1702              	.LASF9:
 1703 01d2 5F5F7569 		.ascii	"__uint32_t\000"
 1703      6E743332 
 1703      5F7400
 1704              	.LASF47:
 1705 01dd 72656761 		.ascii	"regarm_t\000"
 1705      726D5F74 
 1705      00
 1706              	.LASF53:
 1707 01e6 76745F70 		.ascii	"vt_prev\000"
 1707      72657600 
 1708              	.LASF100:
 1709 01ee 63685379 		.ascii	"chSysInit\000"
 1709      73496E69 
 1709      7400
 1710              	.LASF106:
 1711 01f8 5F686561 		.ascii	"_heap_init\000"
 1711      705F696E 
 1711      697400
 1712              	.LASF0:
 1713 0203 756E7369 		.ascii	"unsigned int\000"
 1713      676E6564 
 1713      20696E74 
 1713      00
 1714              	.LASF107:
 1715 0210 5F746872 		.ascii	"_thread_init\000"
 1715      6561645F 
 1715      696E6974 
 1715      00
 1716              	.LASF52:
 1717 021d 76745F6E 		.ascii	"vt_next\000"
 1717      65787400 
 1718              	.LASF10:
 1719 0225 6C6F6E67 		.ascii	"long unsigned int\000"
 1719      20756E73 
 1719      69676E65 
 1719      6420696E 
 1719      7400
 1720              	.LASF97:
 1721 0237 63685F64 		.ascii	"ch_debug\000"
 1721      65627567 
 1721      00
 1722              	.LASF50:
ARM GAS  /var/folders/3j/4xdnk5197cv_b7cw3n33qk7r0000gn/T//ccrIIbnI.s 			page 33


 1723 0240 76746675 		.ascii	"vtfunc_t\000"
 1723      6E635F74 
 1723      00
 1724              	.LASF78:
 1725 0249 63685F69 		.ascii	"ch_identifier\000"
 1725      64656E74 
 1725      69666965 
 1725      7200
 1726              	.LASF49:
 1727 0257 636F6E74 		.ascii	"context\000"
 1727      65787400 
 1728              	.LASF6:
 1729 025f 73686F72 		.ascii	"short unsigned int\000"
 1729      7420756E 
 1729      7369676E 
 1729      65642069 
 1729      6E7400
 1730              	.LASF22:
 1731 0272 6D73675F 		.ascii	"msg_t\000"
 1731      7400
 1732              	.LASF62:
 1733 0278 725F6E65 		.ascii	"r_newer\000"
 1733      77657200 
 1734              	.LASF17:
 1735 0280 746D6F64 		.ascii	"tmode_t\000"
 1735      655F7400 
 1736              	.LASF45:
 1737 0288 54687265 		.ascii	"ThreadsList\000"
 1737      6164734C 
 1737      69737400 
 1738              	.LASF23:
 1739 0294 6576656E 		.ascii	"eventmask_t\000"
 1739      746D6173 
 1739      6B5F7400 
 1740              	.LASF68:
 1741 02a0 4D757465 		.ascii	"Mutex\000"
 1741      7800
 1742              	.LASF46:
 1743 02a6 73746B61 		.ascii	"stkalign_t\000"
 1743      6C69676E 
 1743      5F7400
 1744              	.LASF108:
 1745 02b1 63685468 		.ascii	"chThdCreateStatic\000"
 1745      64437265 
 1745      61746553 
 1745      74617469 
 1745      6300
 1746              	.LASF79:
 1747 02c3 63685F7A 		.ascii	"ch_zero\000"
 1747      65726F00 
 1748              	.LASF93:
 1749 02cb 63665F6F 		.ascii	"cf_off_refs\000"
 1749      66665F72 
 1749      65667300 
 1750              	.LASF54:
 1751 02d7 76745F74 		.ascii	"vt_time\000"
 1751      696D6500 
ARM GAS  /var/folders/3j/4xdnk5197cv_b7cw3n33qk7r0000gn/T//ccrIIbnI.s 			page 34


 1752              	.LASF55:
 1753 02df 76745F66 		.ascii	"vt_func\000"
 1753      756E6300 
 1754              	.LASF83:
 1755 02e7 63685F74 		.ascii	"ch_timesize\000"
 1755      696D6573 
 1755      697A6500 
 1756              	.LASF89:
 1757 02f3 63665F6F 		.ascii	"cf_off_name\000"
 1757      66665F6E 
 1757      616D6500 
 1758              	.LASF31:
 1759 02ff 705F6F6C 		.ascii	"p_older\000"
 1759      64657200 
 1760              	.LASF61:
 1761 0307 725F6374 		.ascii	"r_ctx\000"
 1761      7800
 1762              	.LASF44:
 1763 030d 54687265 		.ascii	"ThreadsQueue\000"
 1763      61647351 
 1763      75657565 
 1763      00
 1764              	.LASF80:
 1765 031a 63685F73 		.ascii	"ch_size\000"
 1765      697A6500 
 1766              	.LASF64:
 1767 0322 725F6375 		.ascii	"r_current\000"
 1767      7272656E 
 1767      7400
 1768              	.LASF63:
 1769 032c 725F6F6C 		.ascii	"r_older\000"
 1769      64657200 
 1770              	.LASF102:
 1771 0334 5F69646C 		.ascii	"_idle_thread\000"
 1771      655F7468 
 1771      72656164 
 1771      00
 1772              	.LASF19:
 1773 0341 74726566 		.ascii	"trefs_t\000"
 1773      735F7400 
 1774              	.LASF82:
 1775 0349 63685F70 		.ascii	"ch_ptrsize\000"
 1775      74727369 
 1775      7A6500
 1776              	.LASF27:
 1777 0354 705F7072 		.ascii	"p_prev\000"
 1777      657600
 1778              	.LASF21:
 1779 035b 74707269 		.ascii	"tprio_t\000"
 1779      6F5F7400 
 1780              	.LASF15:
 1781 0363 696E7433 		.ascii	"int32_t\000"
 1781      325F7400 
 1782              	.LASF2:
 1783 036b 756E7369 		.ascii	"unsigned char\000"
 1783      676E6564 
 1783      20636861 
ARM GAS  /var/folders/3j/4xdnk5197cv_b7cw3n33qk7r0000gn/T//ccrIIbnI.s 			page 35


 1783      7200
 1784              	.LASF105:
 1785 0379 5F636F72 		.ascii	"_core_init\000"
 1785      655F696E 
 1785      697400
 1786              	.LASF111:
 1787 0384 2F557365 		.ascii	"/Users/kevinmalmsten/development_raspberry_pi/Chibi"
 1787      72732F6B 
 1787      6576696E 
 1787      6D616C6D 
 1787      7374656E 
 1788 03b7 4F532D42 		.ascii	"OS-Backup/__Backup_System\000"
 1788      61636B75 
 1788      702F5F5F 
 1788      4261636B 
 1788      75705F53 
 1789              	.LASF42:
 1790 03d1 705F6D74 		.ascii	"p_mtxlist\000"
 1790      786C6973 
 1790      7400
 1791              	.LASF3:
 1792 03db 73686F72 		.ascii	"short int\000"
 1792      7420696E 
 1792      7400
 1793              	.LASF33:
 1794 03e5 705F7374 		.ascii	"p_state\000"
 1794      61746500 
 1795              	.LASF36:
 1796 03ed 705F7072 		.ascii	"p_preempt\000"
 1796      65656D70 
 1796      7400
 1797              	.LASF95:
 1798 03f7 63665F6F 		.ascii	"cf_off_time\000"
 1798      66665F74 
 1798      696D6500 
 1799              	.LASF60:
 1800 0403 725F7072 		.ascii	"r_prio\000"
 1800      696F00
 1801              	.LASF75:
 1802 040a 65776D61 		.ascii	"ewmask\000"
 1802      736B00
 1803              	.LASF26:
 1804 0411 705F6E65 		.ascii	"p_next\000"
 1804      787400
 1805              	.LASF94:
 1806 0418 63665F6F 		.ascii	"cf_off_preempt\000"
 1806      66665F70 
 1806      7265656D 
 1806      707400
 1807              	.LASF34:
 1808 0427 705F666C 		.ascii	"p_flags\000"
 1808      61677300 
 1809              	.LASF25:
 1810 042f 54687265 		.ascii	"Thread\000"
 1810      616400
 1811              	.LASF87:
 1812 0436 63665F6F 		.ascii	"cf_off_newer\000"
ARM GAS  /var/folders/3j/4xdnk5197cv_b7cw3n33qk7r0000gn/T//ccrIIbnI.s 			page 36


 1812      66665F6E 
 1812      65776572 
 1812      00
 1813              	.LASF41:
 1814 0443 705F6570 		.ascii	"p_epending\000"
 1814      656E6469 
 1814      6E6700
 1815              	.LASF16:
 1816 044e 75696E74 		.ascii	"uint32_t\000"
 1816      33325F74 
 1816      00
 1817              	.LASF85:
 1818 0457 63665F6F 		.ascii	"cf_off_prio\000"
 1818      66665F70 
 1818      72696F00 
 1819              	.LASF59:
 1820 0463 725F7175 		.ascii	"r_queue\000"
 1820      65756500 
 1821              	.LASF51:
 1822 046b 56697274 		.ascii	"VirtualTimer\000"
 1822      75616C54 
 1822      696D6572 
 1822      00
 1823              	.LASF20:
 1824 0478 74736C69 		.ascii	"tslices_t\000"
 1824      6365735F 
 1824      7400
 1825              	.LASF76:
 1826 0482 63686172 		.ascii	"char\000"
 1826      00
 1827              	.LASF5:
 1828 0487 5F5F7569 		.ascii	"__uint16_t\000"
 1828      6E743136 
 1828      5F7400
 1829              	.LASF71:
 1830 0492 6D5F6E65 		.ascii	"m_next\000"
 1830      787400
 1831              	.LASF24:
 1832 0499 73797374 		.ascii	"systime_t\000"
 1832      696D655F 
 1832      7400
 1833              	.LASF43:
 1834 04a3 705F7265 		.ascii	"p_realprio\000"
 1834      616C7072 
 1834      696F00
 1835              	.LASF7:
 1836 04ae 5F5F696E 		.ascii	"__int32_t\000"
 1836      7433325F 
 1836      7400
 1837              	.LASF104:
 1838 04b8 5F76745F 		.ascii	"_vt_init\000"
 1838      696E6974 
 1838      00
 1839              	.LASF37:
 1840 04c1 705F7469 		.ascii	"p_time\000"
 1840      6D6500
 1841              	.LASF48:
ARM GAS  /var/folders/3j/4xdnk5197cv_b7cw3n33qk7r0000gn/T//ccrIIbnI.s 			page 37


 1842 04c8 696E7463 		.ascii	"intctx\000"
 1842      747800
 1843              	.LASF39:
 1844 04cf 705F6D73 		.ascii	"p_msgqueue\000"
 1844      67717565 
 1844      756500
 1845              	.LASF56:
 1846 04da 76745F70 		.ascii	"vt_par\000"
 1846      617200
 1847              	.LASF86:
 1848 04e1 63665F6F 		.ascii	"cf_off_ctx\000"
 1848      66665F63 
 1848      747800
 1849              	.LASF35:
 1850 04ec 705F7265 		.ascii	"p_refs\000"
 1850      667300
 1851              	.LASF65:
 1852 04f3 52656164 		.ascii	"ReadyList\000"
 1852      794C6973 
 1852      7400
 1853              	.LASF67:
 1854 04fd 726C6973 		.ascii	"rlist\000"
 1854      7400
 1855              	.LASF13:
 1856 0503 75696E74 		.ascii	"uint8_t\000"
 1856      385F7400 
 1857              	.LASF74:
 1858 050b 77746F62 		.ascii	"wtobjp\000"
 1858      6A7000
 1859              	.LASF32:
 1860 0512 705F6E61 		.ascii	"p_name\000"
 1860      6D6500
 1861              	.LASF57:
 1862 0519 76745F73 		.ascii	"vt_systime\000"
 1862      79737469 
 1862      6D6500
 1863              	.LASF110:
 1864 0524 2E2E2F2F 		.ascii	"..//os/kernel/src/chsys.c\000"
 1864      6F732F6B 
 1864      65726E65 
 1864      6C2F7372 
 1864      632F6368 
 1865              	.LASF81:
 1866 053e 63685F76 		.ascii	"ch_version\000"
 1866      65727369 
 1866      6F6E00
 1867              	.LASF58:
 1868 0549 56544C69 		.ascii	"VTList\000"
 1868      737400
 1869              	.LASF70:
 1870 0550 6D5F6F77 		.ascii	"m_owner\000"
 1870      6E657200 
 1871              	.LASF29:
 1872 0558 705F6374 		.ascii	"p_ctx\000"
 1872      7800
 1873              	.LASF38:
 1874 055e 705F7761 		.ascii	"p_waiting\000"
ARM GAS  /var/folders/3j/4xdnk5197cv_b7cw3n33qk7r0000gn/T//ccrIIbnI.s 			page 38


 1874      6974696E 
 1874      6700
 1875              		.ident	"GCC: (GNU Tools for Arm Embedded Processors 7-2018-q2-update) 7.3.1 20180622 (release) [AR
ARM GAS  /var/folders/3j/4xdnk5197cv_b7cw3n33qk7r0000gn/T//ccrIIbnI.s 			page 39


DEFINED SYMBOLS
                            *ABS*:0000000000000000 chsys.c
/var/folders/3j/4xdnk5197cv_b7cw3n33qk7r0000gn/T//ccrIIbnI.s:16     .text._idle_thread:0000000000000000 $a
/var/folders/3j/4xdnk5197cv_b7cw3n33qk7r0000gn/T//ccrIIbnI.s:22     .text._idle_thread:0000000000000000 _idle_thread
/var/folders/3j/4xdnk5197cv_b7cw3n33qk7r0000gn/T//ccrIIbnI.s:49     .text._idle_thread:0000000000000018 $d
/var/folders/3j/4xdnk5197cv_b7cw3n33qk7r0000gn/T//ccrIIbnI.s:55     .text.chSysInit:0000000000000000 $a
/var/folders/3j/4xdnk5197cv_b7cw3n33qk7r0000gn/T//ccrIIbnI.s:61     .text.chSysInit:0000000000000000 chSysInit
/var/folders/3j/4xdnk5197cv_b7cw3n33qk7r0000gn/T//ccrIIbnI.s:125    .text.chSysInit:0000000000000064 $d
                            *COM*:000000000000009c _idle_thread_wa
/var/folders/3j/4xdnk5197cv_b7cw3n33qk7r0000gn/T//ccrIIbnI.s:134    .text.chSysTimerHandlerI:0000000000000000 $a
/var/folders/3j/4xdnk5197cv_b7cw3n33qk7r0000gn/T//ccrIIbnI.s:140    .text.chSysTimerHandlerI:0000000000000000 chSysTimerHandlerI
/var/folders/3j/4xdnk5197cv_b7cw3n33qk7r0000gn/T//ccrIIbnI.s:204    .text.chSysTimerHandlerI:0000000000000088 $d
/var/folders/3j/4xdnk5197cv_b7cw3n33qk7r0000gn/T//ccrIIbnI.s:212    .bss.mainthread.4724:0000000000000000 $d
/var/folders/3j/4xdnk5197cv_b7cw3n33qk7r0000gn/T//ccrIIbnI.s:216    .bss.mainthread.4724:0000000000000000 mainthread.4724
/var/folders/3j/4xdnk5197cv_b7cw3n33qk7r0000gn/T//ccrIIbnI.s:219    .rodata._idle_thread.str1.4:0000000000000000 $d

UNDEFINED SYMBOLS
rlist
_scheduler_init
_vt_init
_core_init
_heap_init
_thread_init
chThdCreateStatic
ch_debug
vtlist
