ARM GAS  /var/folders/3j/4xdnk5197cv_b7cw3n33qk7r0000gn/T//cc5Y0n5i.s 			page 1


   1              		.cpu arm1176jz-s
   2              		.eabi_attribute 20, 1
   3              		.eabi_attribute 21, 1
   4              		.eabi_attribute 23, 3
   5              		.eabi_attribute 24, 1
   6              		.eabi_attribute 25, 1
   7              		.eabi_attribute 26, 1
   8              		.eabi_attribute 30, 2
   9              		.eabi_attribute 34, 1
  10              		.eabi_attribute 18, 4
  11              		.file	"serial_usb.c"
  12              		.text
  13              	.Ltext0:
  14              		.cfi_sections	.debug_frame
  15              	.Letext0:
  16              		.file 1 "/usr/local/Cellar/gcc-arm-none-eabi/20180627/lib/gcc/arm-none-eabi/7.3.1/include/stddef.h
  17              		.file 2 "/usr/local/Cellar/gcc-arm-none-eabi/20180627/arm-none-eabi/include/machine/_default_types
  18              		.file 3 "/usr/local/Cellar/gcc-arm-none-eabi/20180627/arm-none-eabi/include/sys/_stdint.h"
  19              		.file 4 "..//os/ports/GCC/ARM/chtypes.h"
  20              		.file 5 "..//os/kernel/include/chlists.h"
  21              		.file 6 "..//os/kernel/include/chthreads.h"
  22              		.file 7 "..//os/ports/GCC/ARM/chcore.h"
  23              		.file 8 "..//os/kernel/include/chvt.h"
  24              		.file 9 "..//os/kernel/include/chschd.h"
  25              		.file 10 "..//os/kernel/include/chmtx.h"
  26              		.file 11 "..//os/kernel/include/chevents.h"
  27              		.file 12 "..//os/kernel/include/chregistry.h"
  28              		.file 13 "..//os/kernel/include/chqueues.h"
  29              		.file 14 "..//os/kernel/include/ch.h"
  30              		.file 15 "..//os/hal/platforms/BCM2835/bcm2835.h"
  31              		.file 16 "..//os/hal/platforms/BCM2835/pal_lld.h"
  32              		.file 17 "..//os/hal/include/i2c.h"
  33              		.file 18 "..//os/hal/platforms/BCM2835/i2c_lld.h"
  34              		.file 19 "..//os/hal/include/serial.h"
  35              		.file 20 "..//os/hal/include/spi.h"
  36              		.file 21 "..//os/hal/platforms/BCM2835/spi_lld.h"
  37              		.file 22 "..//os/hal/platforms/BCM2835/serial_lld.h"
  38              		.section	.debug_info,"",%progbits
  39              	.Ldebug_info0:
  40 0000 120D0000 		.4byte	0xd12
  41 0004 0400     		.2byte	0x4
  42 0006 00000000 		.4byte	.Ldebug_abbrev0
  43 000a 04       		.byte	0x4
  44 000b 01       		.uleb128 0x1
  45 000c 28010000 		.4byte	.LASF200
  46 0010 0C       		.byte	0xc
  47 0011 52060000 		.4byte	.LASF201
  48 0015 8D050000 		.4byte	.LASF202
  49 0019 00000000 		.4byte	.Ldebug_line0
  50 001d 02       		.uleb128 0x2
  51 001e 04       		.byte	0x4
  52 001f 05       		.byte	0x5
  53 0020 696E7400 		.ascii	"int\000"
  54 0024 03       		.uleb128 0x3
  55 0025 13000000 		.4byte	.LASF2
  56 0029 01       		.byte	0x1
  57 002a D8       		.byte	0xd8
ARM GAS  /var/folders/3j/4xdnk5197cv_b7cw3n33qk7r0000gn/T//cc5Y0n5i.s 			page 2


  58 002b 2F000000 		.4byte	0x2f
  59 002f 04       		.uleb128 0x4
  60 0030 04       		.byte	0x4
  61 0031 07       		.byte	0x7
  62 0032 FB020000 		.4byte	.LASF0
  63 0036 05       		.uleb128 0x5
  64 0037 2F000000 		.4byte	0x2f
  65 003b 04       		.uleb128 0x4
  66 003c 01       		.byte	0x1
  67 003d 06       		.byte	0x6
  68 003e E1000000 		.4byte	.LASF1
  69 0042 03       		.uleb128 0x3
  70 0043 33000000 		.4byte	.LASF3
  71 0047 02       		.byte	0x2
  72 0048 2B       		.byte	0x2b
  73 0049 4D000000 		.4byte	0x4d
  74 004d 04       		.uleb128 0x4
  75 004e 01       		.byte	0x1
  76 004f 08       		.byte	0x8
  77 0050 73050000 		.4byte	.LASF4
  78 0054 04       		.uleb128 0x4
  79 0055 02       		.byte	0x2
  80 0056 05       		.byte	0x5
  81 0057 ED050000 		.4byte	.LASF5
  82 005b 03       		.uleb128 0x3
  83 005c 0F070000 		.4byte	.LASF6
  84 0060 02       		.byte	0x2
  85 0061 39       		.byte	0x39
  86 0062 66000000 		.4byte	0x66
  87 0066 04       		.uleb128 0x4
  88 0067 02       		.byte	0x2
  89 0068 07       		.byte	0x7
  90 0069 8E030000 		.4byte	.LASF7
  91 006d 03       		.uleb128 0x3
  92 006e 41070000 		.4byte	.LASF8
  93 0072 02       		.byte	0x2
  94 0073 4D       		.byte	0x4d
  95 0074 78000000 		.4byte	0x78
  96 0078 04       		.uleb128 0x4
  97 0079 04       		.byte	0x4
  98 007a 05       		.byte	0x5
  99 007b F6010000 		.4byte	.LASF9
 100 007f 03       		.uleb128 0x3
 101 0080 B3020000 		.4byte	.LASF10
 102 0084 02       		.byte	0x2
 103 0085 4F       		.byte	0x4f
 104 0086 8A000000 		.4byte	0x8a
 105 008a 04       		.uleb128 0x4
 106 008b 04       		.byte	0x4
 107 008c 07       		.byte	0x7
 108 008d 34030000 		.4byte	.LASF11
 109 0091 04       		.uleb128 0x4
 110 0092 08       		.byte	0x8
 111 0093 05       		.byte	0x5
 112 0094 D3000000 		.4byte	.LASF12
 113 0098 04       		.uleb128 0x4
 114 0099 08       		.byte	0x8
ARM GAS  /var/folders/3j/4xdnk5197cv_b7cw3n33qk7r0000gn/T//cc5Y0n5i.s 			page 3


 115 009a 07       		.byte	0x7
 116 009b 67000000 		.4byte	.LASF13
 117 009f 03       		.uleb128 0x3
 118 00a0 04080000 		.4byte	.LASF14
 119 00a4 03       		.byte	0x3
 120 00a5 18       		.byte	0x18
 121 00a6 42000000 		.4byte	0x42
 122 00aa 06       		.uleb128 0x6
 123 00ab 9F000000 		.4byte	0x9f
 124 00af 03       		.uleb128 0x3
 125 00b0 28020000 		.4byte	.LASF15
 126 00b4 03       		.byte	0x3
 127 00b5 24       		.byte	0x24
 128 00b6 5B000000 		.4byte	0x5b
 129 00ba 03       		.uleb128 0x3
 130 00bb 6B050000 		.4byte	.LASF16
 131 00bf 03       		.byte	0x3
 132 00c0 2C       		.byte	0x2c
 133 00c1 6D000000 		.4byte	0x6d
 134 00c5 03       		.uleb128 0x3
 135 00c6 B0060000 		.4byte	.LASF17
 136 00ca 03       		.byte	0x3
 137 00cb 30       		.byte	0x30
 138 00cc 7F000000 		.4byte	0x7f
 139 00d0 05       		.uleb128 0x5
 140 00d1 C5000000 		.4byte	0xc5
 141 00d5 03       		.uleb128 0x3
 142 00d6 D7030000 		.4byte	.LASF18
 143 00da 04       		.byte	0x4
 144 00db 2A       		.byte	0x2a
 145 00dc 9F000000 		.4byte	0x9f
 146 00e0 03       		.uleb128 0x3
 147 00e1 FF010000 		.4byte	.LASF19
 148 00e5 04       		.byte	0x4
 149 00e6 2B       		.byte	0x2b
 150 00e7 9F000000 		.4byte	0x9f
 151 00eb 03       		.uleb128 0x3
 152 00ec 1B050000 		.4byte	.LASF20
 153 00f0 04       		.byte	0x4
 154 00f1 2C       		.byte	0x2c
 155 00f2 9F000000 		.4byte	0x9f
 156 00f6 03       		.uleb128 0x3
 157 00f7 E7060000 		.4byte	.LASF21
 158 00fb 04       		.byte	0x4
 159 00fc 2D       		.byte	0x2d
 160 00fd 9F000000 		.4byte	0x9f
 161 0101 03       		.uleb128 0x3
 162 0102 4A050000 		.4byte	.LASF22
 163 0106 04       		.byte	0x4
 164 0107 2E       		.byte	0x2e
 165 0108 C5000000 		.4byte	0xc5
 166 010c 03       		.uleb128 0x3
 167 010d B3030000 		.4byte	.LASF23
 168 0111 04       		.byte	0x4
 169 0112 2F       		.byte	0x2f
 170 0113 BA000000 		.4byte	0xba
 171 0117 03       		.uleb128 0x3
ARM GAS  /var/folders/3j/4xdnk5197cv_b7cw3n33qk7r0000gn/T//cc5Y0n5i.s 			page 4


 172 0118 EB030000 		.4byte	.LASF24
 173 011c 04       		.byte	0x4
 174 011d 31       		.byte	0x31
 175 011e C5000000 		.4byte	0xc5
 176 0122 03       		.uleb128 0x3
 177 0123 AC070000 		.4byte	.LASF25
 178 0127 04       		.byte	0x4
 179 0128 32       		.byte	0x32
 180 0129 C5000000 		.4byte	0xc5
 181 012d 03       		.uleb128 0x3
 182 012e 2C070000 		.4byte	.LASF26
 183 0132 04       		.byte	0x4
 184 0133 33       		.byte	0x33
 185 0134 C5000000 		.4byte	0xc5
 186 0138 05       		.uleb128 0x5
 187 0139 2D010000 		.4byte	0x12d
 188 013d 03       		.uleb128 0x3
 189 013e 6E060000 		.4byte	.LASF27
 190 0142 05       		.byte	0x5
 191 0143 23       		.byte	0x23
 192 0144 48010000 		.4byte	0x148
 193 0148 07       		.uleb128 0x7
 194 0149 6E060000 		.4byte	.LASF27
 195 014d 44       		.byte	0x44
 196 014e 06       		.byte	0x6
 197 014f 57       		.byte	0x57
 198 0150 39020000 		.4byte	0x239
 199 0154 08       		.uleb128 0x8
 200 0155 2C060000 		.4byte	.LASF28
 201 0159 06       		.byte	0x6
 202 015a 58       		.byte	0x58
 203 015b 5A020000 		.4byte	0x25a
 204 015f 00       		.byte	0
 205 0160 08       		.uleb128 0x8
 206 0161 43050000 		.4byte	.LASF29
 207 0165 06       		.byte	0x6
 208 0166 5A       		.byte	0x5a
 209 0167 5A020000 		.4byte	0x25a
 210 016b 04       		.byte	0x4
 211 016c 08       		.uleb128 0x8
 212 016d A8000000 		.4byte	.LASF30
 213 0171 06       		.byte	0x6
 214 0172 5C       		.byte	0x5c
 215 0173 01010000 		.4byte	0x101
 216 0177 08       		.byte	0x8
 217 0178 08       		.uleb128 0x8
 218 0179 94080000 		.4byte	.LASF31
 219 017d 06       		.byte	0x6
 220 017e 5D       		.byte	0x5d
 221 017f 15030000 		.4byte	0x315
 222 0183 0C       		.byte	0xc
 223 0184 08       		.uleb128 0x8
 224 0185 5A020000 		.4byte	.LASF32
 225 0189 06       		.byte	0x6
 226 018a 5F       		.byte	0x5f
 227 018b 5A020000 		.4byte	0x25a
 228 018f 10       		.byte	0x10
ARM GAS  /var/folders/3j/4xdnk5197cv_b7cw3n33qk7r0000gn/T//cc5Y0n5i.s 			page 5


 229 0190 08       		.uleb128 0x8
 230 0191 9E040000 		.4byte	.LASF33
 231 0195 06       		.byte	0x6
 232 0196 60       		.byte	0x60
 233 0197 5A020000 		.4byte	0x25a
 234 019b 14       		.byte	0x14
 235 019c 08       		.uleb128 0x8
 236 019d 27080000 		.4byte	.LASF34
 237 01a1 06       		.byte	0x6
 238 01a2 67       		.byte	0x67
 239 01a3 49050000 		.4byte	0x549
 240 01a7 18       		.byte	0x18
 241 01a8 08       		.uleb128 0x8
 242 01a9 F7050000 		.4byte	.LASF35
 243 01ad 06       		.byte	0x6
 244 01ae 72       		.byte	0x72
 245 01af E0000000 		.4byte	0xe0
 246 01b3 1C       		.byte	0x1c
 247 01b4 08       		.uleb128 0x8
 248 01b5 4A060000 		.4byte	.LASF36
 249 01b9 06       		.byte	0x6
 250 01ba 76       		.byte	0x76
 251 01bb D5000000 		.4byte	0xd5
 252 01bf 1D       		.byte	0x1d
 253 01c0 08       		.uleb128 0x8
 254 01c1 DD070000 		.4byte	.LASF37
 255 01c5 06       		.byte	0x6
 256 01c6 7B       		.byte	0x7b
 257 01c7 EB000000 		.4byte	0xeb
 258 01cb 1E       		.byte	0x1e
 259 01cc 08       		.uleb128 0x8
 260 01cd FF050000 		.4byte	.LASF38
 261 01d1 06       		.byte	0x6
 262 01d2 81       		.byte	0x81
 263 01d3 F6000000 		.4byte	0xf6
 264 01d7 1F       		.byte	0x1f
 265 01d8 08       		.uleb128 0x8
 266 01d9 5F070000 		.4byte	.LASF39
 267 01dd 06       		.byte	0x6
 268 01de 88       		.byte	0x88
 269 01df 38010000 		.4byte	0x138
 270 01e3 20       		.byte	0x20
 271 01e4 09       		.uleb128 0x9
 272 01e5 705F7500 		.ascii	"p_u\000"
 273 01e9 06       		.byte	0x6
 274 01ea AD       		.byte	0xad
 275 01eb 14050000 		.4byte	0x514
 276 01ef 24       		.byte	0x24
 277 01f0 08       		.uleb128 0x8
 278 01f1 9A080000 		.4byte	.LASF40
 279 01f5 06       		.byte	0x6
 280 01f6 B2       		.byte	0xb2
 281 01f7 80020000 		.4byte	0x280
 282 01fb 28       		.byte	0x28
 283 01fc 08       		.uleb128 0x8
 284 01fd 7C070000 		.4byte	.LASF41
 285 0201 06       		.byte	0x6
ARM GAS  /var/folders/3j/4xdnk5197cv_b7cw3n33qk7r0000gn/T//cc5Y0n5i.s 			page 6


 286 0202 B8       		.byte	0xb8
 287 0203 60020000 		.4byte	0x260
 288 0207 2C       		.byte	0x2c
 289 0208 08       		.uleb128 0x8
 290 0209 0D000000 		.4byte	.LASF42
 291 020d 06       		.byte	0x6
 292 020e BC       		.byte	0xbc
 293 020f 0C010000 		.4byte	0x10c
 294 0213 34       		.byte	0x34
 295 0214 08       		.uleb128 0x8
 296 0215 9B060000 		.4byte	.LASF43
 297 0219 06       		.byte	0x6
 298 021a C2       		.byte	0xc2
 299 021b 17010000 		.4byte	0x117
 300 021f 38       		.byte	0x38
 301 0220 08       		.uleb128 0x8
 302 0221 E3050000 		.4byte	.LASF44
 303 0225 06       		.byte	0x6
 304 0226 C9       		.byte	0xc9
 305 0227 5B050000 		.4byte	0x55b
 306 022b 3C       		.byte	0x3c
 307 022c 08       		.uleb128 0x8
 308 022d 36070000 		.4byte	.LASF45
 309 0231 06       		.byte	0x6
 310 0232 CD       		.byte	0xcd
 311 0233 01010000 		.4byte	0x101
 312 0237 40       		.byte	0x40
 313 0238 00       		.byte	0
 314 0239 0A       		.uleb128 0xa
 315 023a 08       		.byte	0x8
 316 023b 05       		.byte	0x5
 317 023c 5A       		.byte	0x5a
 318 023d 5A020000 		.4byte	0x25a
 319 0241 08       		.uleb128 0x8
 320 0242 2C060000 		.4byte	.LASF28
 321 0246 05       		.byte	0x5
 322 0247 5B       		.byte	0x5b
 323 0248 5A020000 		.4byte	0x25a
 324 024c 00       		.byte	0
 325 024d 08       		.uleb128 0x8
 326 024e 43050000 		.4byte	.LASF29
 327 0252 05       		.byte	0x5
 328 0253 5D       		.byte	0x5d
 329 0254 5A020000 		.4byte	0x25a
 330 0258 04       		.byte	0x4
 331 0259 00       		.byte	0
 332 025a 0B       		.uleb128 0xb
 333 025b 04       		.byte	0x4
 334 025c 3D010000 		.4byte	0x13d
 335 0260 03       		.uleb128 0x3
 336 0261 BC040000 		.4byte	.LASF46
 337 0265 05       		.byte	0x5
 338 0266 5F       		.byte	0x5f
 339 0267 39020000 		.4byte	0x239
 340 026b 0A       		.uleb128 0xa
 341 026c 04       		.byte	0x4
 342 026d 05       		.byte	0x5
ARM GAS  /var/folders/3j/4xdnk5197cv_b7cw3n33qk7r0000gn/T//cc5Y0n5i.s 			page 7


 343 026e 64       		.byte	0x64
 344 026f 80020000 		.4byte	0x280
 345 0273 08       		.uleb128 0x8
 346 0274 2C060000 		.4byte	.LASF28
 347 0278 05       		.byte	0x5
 348 0279 66       		.byte	0x66
 349 027a 5A020000 		.4byte	0x25a
 350 027e 00       		.byte	0
 351 027f 00       		.byte	0
 352 0280 03       		.uleb128 0x3
 353 0281 DF030000 		.4byte	.LASF47
 354 0285 05       		.byte	0x5
 355 0286 69       		.byte	0x69
 356 0287 6B020000 		.4byte	0x26b
 357 028b 03       		.uleb128 0x3
 358 028c 23040000 		.4byte	.LASF48
 359 0290 07       		.byte	0x7
 360 0291 9D       		.byte	0x9d
 361 0292 C5000000 		.4byte	0xc5
 362 0296 03       		.uleb128 0x3
 363 0297 BE020000 		.4byte	.LASF49
 364 029b 07       		.byte	0x7
 365 029c A2       		.byte	0xa2
 366 029d A1020000 		.4byte	0x2a1
 367 02a1 0C       		.uleb128 0xc
 368 02a2 04       		.byte	0x4
 369 02a3 07       		.uleb128 0x7
 370 02a4 75070000 		.4byte	.LASF50
 371 02a8 24       		.byte	0x24
 372 02a9 07       		.byte	0x7
 373 02aa B9       		.byte	0xb9
 374 02ab 15030000 		.4byte	0x315
 375 02af 09       		.uleb128 0x9
 376 02b0 723400   		.ascii	"r4\000"
 377 02b3 07       		.byte	0x7
 378 02b4 BA       		.byte	0xba
 379 02b5 96020000 		.4byte	0x296
 380 02b9 00       		.byte	0
 381 02ba 09       		.uleb128 0x9
 382 02bb 723500   		.ascii	"r5\000"
 383 02be 07       		.byte	0x7
 384 02bf BB       		.byte	0xbb
 385 02c0 96020000 		.4byte	0x296
 386 02c4 04       		.byte	0x4
 387 02c5 09       		.uleb128 0x9
 388 02c6 723600   		.ascii	"r6\000"
 389 02c9 07       		.byte	0x7
 390 02ca BC       		.byte	0xbc
 391 02cb 96020000 		.4byte	0x296
 392 02cf 08       		.byte	0x8
 393 02d0 09       		.uleb128 0x9
 394 02d1 723700   		.ascii	"r7\000"
 395 02d4 07       		.byte	0x7
 396 02d5 BD       		.byte	0xbd
 397 02d6 96020000 		.4byte	0x296
 398 02da 0C       		.byte	0xc
 399 02db 09       		.uleb128 0x9
ARM GAS  /var/folders/3j/4xdnk5197cv_b7cw3n33qk7r0000gn/T//cc5Y0n5i.s 			page 8


 400 02dc 723800   		.ascii	"r8\000"
 401 02df 07       		.byte	0x7
 402 02e0 BE       		.byte	0xbe
 403 02e1 96020000 		.4byte	0x296
 404 02e5 10       		.byte	0x10
 405 02e6 09       		.uleb128 0x9
 406 02e7 723900   		.ascii	"r9\000"
 407 02ea 07       		.byte	0x7
 408 02eb BF       		.byte	0xbf
 409 02ec 96020000 		.4byte	0x296
 410 02f0 14       		.byte	0x14
 411 02f1 09       		.uleb128 0x9
 412 02f2 72313000 		.ascii	"r10\000"
 413 02f6 07       		.byte	0x7
 414 02f7 C0       		.byte	0xc0
 415 02f8 96020000 		.4byte	0x296
 416 02fc 18       		.byte	0x18
 417 02fd 09       		.uleb128 0x9
 418 02fe 72313100 		.ascii	"r11\000"
 419 0302 07       		.byte	0x7
 420 0303 C1       		.byte	0xc1
 421 0304 96020000 		.4byte	0x296
 422 0308 1C       		.byte	0x1c
 423 0309 09       		.uleb128 0x9
 424 030a 6C7200   		.ascii	"lr\000"
 425 030d 07       		.byte	0x7
 426 030e C2       		.byte	0xc2
 427 030f 96020000 		.4byte	0x296
 428 0313 20       		.byte	0x20
 429 0314 00       		.byte	0
 430 0315 07       		.uleb128 0x7
 431 0316 86030000 		.4byte	.LASF51
 432 031a 04       		.byte	0x4
 433 031b 07       		.byte	0x7
 434 031c CA       		.byte	0xca
 435 031d 2E030000 		.4byte	0x32e
 436 0321 09       		.uleb128 0x9
 437 0322 72313300 		.ascii	"r13\000"
 438 0326 07       		.byte	0x7
 439 0327 CB       		.byte	0xcb
 440 0328 2E030000 		.4byte	0x32e
 441 032c 00       		.byte	0
 442 032d 00       		.byte	0
 443 032e 0B       		.uleb128 0xb
 444 032f 04       		.byte	0x4
 445 0330 A3020000 		.4byte	0x2a3
 446 0334 03       		.uleb128 0x3
 447 0335 54030000 		.4byte	.LASF52
 448 0339 08       		.byte	0x8
 449 033a 4E       		.byte	0x4e
 450 033b 3F030000 		.4byte	0x33f
 451 033f 0B       		.uleb128 0xb
 452 0340 04       		.byte	0x4
 453 0341 45030000 		.4byte	0x345
 454 0345 0D       		.uleb128 0xd
 455 0346 50030000 		.4byte	0x350
 456 034a 0E       		.uleb128 0xe
ARM GAS  /var/folders/3j/4xdnk5197cv_b7cw3n33qk7r0000gn/T//cc5Y0n5i.s 			page 9


 457 034b A1020000 		.4byte	0x2a1
 458 034f 00       		.byte	0
 459 0350 03       		.uleb128 0x3
 460 0351 CD060000 		.4byte	.LASF53
 461 0355 08       		.byte	0x8
 462 0356 53       		.byte	0x53
 463 0357 5B030000 		.4byte	0x35b
 464 035b 07       		.uleb128 0x7
 465 035c CD060000 		.4byte	.LASF53
 466 0360 14       		.byte	0x14
 467 0361 08       		.byte	0x8
 468 0362 5A       		.byte	0x5a
 469 0363 A4030000 		.4byte	0x3a4
 470 0367 08       		.uleb128 0x8
 471 0368 08030000 		.4byte	.LASF54
 472 036c 08       		.byte	0x8
 473 036d 5B       		.byte	0x5b
 474 036e A4030000 		.4byte	0x3a4
 475 0372 00       		.byte	0
 476 0373 08       		.uleb128 0x8
 477 0374 C7020000 		.4byte	.LASF55
 478 0378 08       		.byte	0x8
 479 0379 5D       		.byte	0x5d
 480 037a A4030000 		.4byte	0x3a4
 481 037e 04       		.byte	0x4
 482 037f 08       		.uleb128 0x8
 483 0380 4D040000 		.4byte	.LASF56
 484 0384 08       		.byte	0x8
 485 0385 5F       		.byte	0x5f
 486 0386 2D010000 		.4byte	0x12d
 487 038a 08       		.byte	0x8
 488 038b 08       		.uleb128 0x8
 489 038c 75040000 		.4byte	.LASF57
 490 0390 08       		.byte	0x8
 491 0391 60       		.byte	0x60
 492 0392 34030000 		.4byte	0x334
 493 0396 0C       		.byte	0xc
 494 0397 08       		.uleb128 0x8
 495 0398 A5070000 		.4byte	.LASF58
 496 039c 08       		.byte	0x8
 497 039d 62       		.byte	0x62
 498 039e A1020000 		.4byte	0x2a1
 499 03a2 10       		.byte	0x10
 500 03a3 00       		.byte	0
 501 03a4 0B       		.uleb128 0xb
 502 03a5 04       		.byte	0x4
 503 03a6 50030000 		.4byte	0x350
 504 03aa 0A       		.uleb128 0xa
 505 03ab 10       		.byte	0x10
 506 03ac 08       		.byte	0x8
 507 03ad 6C       		.byte	0x6c
 508 03ae E3030000 		.4byte	0x3e3
 509 03b2 08       		.uleb128 0x8
 510 03b3 08030000 		.4byte	.LASF54
 511 03b7 08       		.byte	0x8
 512 03b8 6D       		.byte	0x6d
 513 03b9 A4030000 		.4byte	0x3a4
ARM GAS  /var/folders/3j/4xdnk5197cv_b7cw3n33qk7r0000gn/T//cc5Y0n5i.s 			page 10


 514 03bd 00       		.byte	0
 515 03be 08       		.uleb128 0x8
 516 03bf C7020000 		.4byte	.LASF55
 517 03c3 08       		.byte	0x8
 518 03c4 6F       		.byte	0x6f
 519 03c5 A4030000 		.4byte	0x3a4
 520 03c9 04       		.byte	0x4
 521 03ca 08       		.uleb128 0x8
 522 03cb 4D040000 		.4byte	.LASF56
 523 03cf 08       		.byte	0x8
 524 03d0 71       		.byte	0x71
 525 03d1 2D010000 		.4byte	0x12d
 526 03d5 08       		.byte	0x8
 527 03d6 08       		.uleb128 0x8
 528 03d7 2E080000 		.4byte	.LASF59
 529 03db 08       		.byte	0x8
 530 03dc 72       		.byte	0x72
 531 03dd 38010000 		.4byte	0x138
 532 03e1 0C       		.byte	0xc
 533 03e2 00       		.byte	0
 534 03e3 03       		.uleb128 0x3
 535 03e4 61080000 		.4byte	.LASF60
 536 03e8 08       		.byte	0x8
 537 03e9 73       		.byte	0x73
 538 03ea AA030000 		.4byte	0x3aa
 539 03ee 0F       		.uleb128 0xf
 540 03ef 48000000 		.4byte	.LASF68
 541 03f3 08       		.byte	0x8
 542 03f4 D1       		.byte	0xd1
 543 03f5 E3030000 		.4byte	0x3e3
 544 03f9 0A       		.uleb128 0xa
 545 03fa 1C       		.byte	0x1c
 546 03fb 09       		.byte	0x9
 547 03fc 57       		.byte	0x57
 548 03fd 4A040000 		.4byte	0x44a
 549 0401 08       		.uleb128 0x8
 550 0402 C5060000 		.4byte	.LASF61
 551 0406 09       		.byte	0x9
 552 0407 58       		.byte	0x58
 553 0408 60020000 		.4byte	0x260
 554 040c 00       		.byte	0
 555 040d 08       		.uleb128 0x8
 556 040e 15060000 		.4byte	.LASF62
 557 0412 09       		.byte	0x9
 558 0413 59       		.byte	0x59
 559 0414 01010000 		.4byte	0x101
 560 0418 08       		.byte	0x8
 561 0419 08       		.uleb128 0x8
 562 041a B6040000 		.4byte	.LASF63
 563 041e 09       		.byte	0x9
 564 041f 5B       		.byte	0x5b
 565 0420 15030000 		.4byte	0x315
 566 0424 0C       		.byte	0xc
 567 0425 08       		.uleb128 0x8
 568 0426 C0030000 		.4byte	.LASF64
 569 042a 09       		.byte	0x9
 570 042b 5E       		.byte	0x5e
ARM GAS  /var/folders/3j/4xdnk5197cv_b7cw3n33qk7r0000gn/T//cc5Y0n5i.s 			page 11


 571 042c 5A020000 		.4byte	0x25a
 572 0430 10       		.byte	0x10
 573 0431 08       		.uleb128 0x8
 574 0432 E3040000 		.4byte	.LASF65
 575 0436 09       		.byte	0x9
 576 0437 5F       		.byte	0x5f
 577 0438 5A020000 		.4byte	0x25a
 578 043c 14       		.byte	0x14
 579 043d 08       		.uleb128 0x8
 580 043e D9040000 		.4byte	.LASF66
 581 0442 09       		.byte	0x9
 582 0443 62       		.byte	0x62
 583 0444 5A020000 		.4byte	0x25a
 584 0448 18       		.byte	0x18
 585 0449 00       		.byte	0
 586 044a 03       		.uleb128 0x3
 587 044b EB070000 		.4byte	.LASF67
 588 044f 09       		.byte	0x9
 589 0450 64       		.byte	0x64
 590 0451 F9030000 		.4byte	0x3f9
 591 0455 0F       		.uleb128 0xf
 592 0456 FE070000 		.4byte	.LASF69
 593 045a 09       		.byte	0x9
 594 045b 68       		.byte	0x68
 595 045c 4A040000 		.4byte	0x44a
 596 0460 07       		.uleb128 0x7
 597 0461 02040000 		.4byte	.LASF70
 598 0465 10       		.byte	0x10
 599 0466 0A       		.byte	0xa
 600 0467 25       		.byte	0x25
 601 0468 91040000 		.4byte	0x491
 602 046c 08       		.uleb128 0x8
 603 046d 1B010000 		.4byte	.LASF71
 604 0471 0A       		.byte	0xa
 605 0472 26       		.byte	0x26
 606 0473 60020000 		.4byte	0x260
 607 0477 00       		.byte	0
 608 0478 08       		.uleb128 0x8
 609 0479 79080000 		.4byte	.LASF72
 610 047d 0A       		.byte	0xa
 611 047e 28       		.byte	0x28
 612 047f 5A020000 		.4byte	0x25a
 613 0483 08       		.byte	0x8
 614 0484 08       		.uleb128 0x8
 615 0485 25070000 		.4byte	.LASF73
 616 0489 0A       		.byte	0xa
 617 048a 2A       		.byte	0x2a
 618 048b 91040000 		.4byte	0x491
 619 048f 0C       		.byte	0xc
 620 0490 00       		.byte	0
 621 0491 0B       		.uleb128 0xb
 622 0492 04       		.byte	0x4
 623 0493 60040000 		.4byte	0x460
 624 0497 03       		.uleb128 0x3
 625 0498 02040000 		.4byte	.LASF70
 626 049c 0A       		.byte	0xa
 627 049d 2C       		.byte	0x2c
ARM GAS  /var/folders/3j/4xdnk5197cv_b7cw3n33qk7r0000gn/T//cc5Y0n5i.s 			page 12


 628 049e 60040000 		.4byte	0x460
 629 04a2 03       		.uleb128 0x3
 630 04a3 12080000 		.4byte	.LASF74
 631 04a7 0B       		.byte	0xb
 632 04a8 25       		.byte	0x25
 633 04a9 AD040000 		.4byte	0x4ad
 634 04ad 07       		.uleb128 0x7
 635 04ae 12080000 		.4byte	.LASF74
 636 04b2 10       		.byte	0x10
 637 04b3 0B       		.byte	0xb
 638 04b4 2A       		.byte	0x2a
 639 04b5 EA040000 		.4byte	0x4ea
 640 04b9 08       		.uleb128 0x8
 641 04ba C8030000 		.4byte	.LASF75
 642 04be 0B       		.byte	0xb
 643 04bf 2B       		.byte	0x2b
 644 04c0 EA040000 		.4byte	0x4ea
 645 04c4 00       		.byte	0
 646 04c5 08       		.uleb128 0x8
 647 04c6 81050000 		.4byte	.LASF76
 648 04ca 0B       		.byte	0xb
 649 04cb 2E       		.byte	0x2e
 650 04cc 5A020000 		.4byte	0x25a
 651 04d0 04       		.byte	0x4
 652 04d1 08       		.uleb128 0x8
 653 04d2 EB040000 		.4byte	.LASF77
 654 04d6 0B       		.byte	0xb
 655 04d7 30       		.byte	0x30
 656 04d8 17010000 		.4byte	0x117
 657 04dc 08       		.byte	0x8
 658 04dd 08       		.uleb128 0x8
 659 04de DA050000 		.4byte	.LASF78
 660 04e2 0B       		.byte	0xb
 661 04e3 33       		.byte	0x33
 662 04e4 22010000 		.4byte	0x122
 663 04e8 0C       		.byte	0xc
 664 04e9 00       		.byte	0
 665 04ea 0B       		.uleb128 0xb
 666 04eb 04       		.byte	0x4
 667 04ec A2040000 		.4byte	0x4a2
 668 04f0 07       		.uleb128 0x7
 669 04f1 EF020000 		.4byte	.LASF79
 670 04f5 04       		.byte	0x4
 671 04f6 0B       		.byte	0xb
 672 04f7 3A       		.byte	0x3a
 673 04f8 09050000 		.4byte	0x509
 674 04fc 08       		.uleb128 0x8
 675 04fd 39080000 		.4byte	.LASF80
 676 0501 0B       		.byte	0xb
 677 0502 3B       		.byte	0x3b
 678 0503 EA040000 		.4byte	0x4ea
 679 0507 00       		.byte	0
 680 0508 00       		.byte	0
 681 0509 03       		.uleb128 0x3
 682 050a EF020000 		.4byte	.LASF79
 683 050e 0B       		.byte	0xb
 684 050f 3E       		.byte	0x3e
ARM GAS  /var/folders/3j/4xdnk5197cv_b7cw3n33qk7r0000gn/T//cc5Y0n5i.s 			page 13


 685 0510 F0040000 		.4byte	0x4f0
 686 0514 10       		.uleb128 0x10
 687 0515 04       		.byte	0x4
 688 0516 06       		.byte	0x6
 689 0517 8F       		.byte	0x8f
 690 0518 49050000 		.4byte	0x549
 691 051c 11       		.uleb128 0x11
 692 051d 1A000000 		.4byte	.LASF81
 693 0521 06       		.byte	0x6
 694 0522 96       		.byte	0x96
 695 0523 0C010000 		.4byte	0x10c
 696 0527 11       		.uleb128 0x11
 697 0528 8C000000 		.4byte	.LASF82
 698 052c 06       		.byte	0x6
 699 052d 9D       		.byte	0x9d
 700 052e 0C010000 		.4byte	0x10c
 701 0532 11       		.uleb128 0x11
 702 0533 20080000 		.4byte	.LASF83
 703 0537 06       		.byte	0x6
 704 0538 A4       		.byte	0xa4
 705 0539 A1020000 		.4byte	0x2a1
 706 053d 11       		.uleb128 0x11
 707 053e 25060000 		.4byte	.LASF84
 708 0542 06       		.byte	0x6
 709 0543 AB       		.byte	0xab
 710 0544 17010000 		.4byte	0x117
 711 0548 00       		.byte	0
 712 0549 0B       		.uleb128 0xb
 713 054a 04       		.byte	0x4
 714 054b 56050000 		.4byte	0x556
 715 054f 04       		.uleb128 0x4
 716 0550 01       		.byte	0x1
 717 0551 08       		.byte	0x8
 718 0552 F6060000 		.4byte	.LASF85
 719 0556 06       		.uleb128 0x6
 720 0557 4F050000 		.4byte	0x54f
 721 055b 0B       		.uleb128 0xb
 722 055c 04       		.byte	0x4
 723 055d 97040000 		.4byte	0x497
 724 0561 0B       		.uleb128 0xb
 725 0562 04       		.byte	0x4
 726 0563 67050000 		.4byte	0x567
 727 0567 12       		.uleb128 0x12
 728 0568 0C010000 		.4byte	0x10c
 729 056c 76050000 		.4byte	0x576
 730 0570 0E       		.uleb128 0xe
 731 0571 A1020000 		.4byte	0x2a1
 732 0575 00       		.byte	0
 733 0576 0A       		.uleb128 0xa
 734 0577 16       		.byte	0x16
 735 0578 0C       		.byte	0xc
 736 0579 25       		.byte	0x25
 737 057a 57060000 		.4byte	0x657
 738 057e 08       		.uleb128 0x8
 739 057f 5D030000 		.4byte	.LASF86
 740 0583 0C       		.byte	0xc
 741 0584 26       		.byte	0x26
ARM GAS  /var/folders/3j/4xdnk5197cv_b7cw3n33qk7r0000gn/T//cc5Y0n5i.s 			page 14


 742 0585 57060000 		.4byte	0x657
 743 0589 00       		.byte	0
 744 058a 08       		.uleb128 0x8
 745 058b 2E040000 		.4byte	.LASF87
 746 058f 0C       		.byte	0xc
 747 0590 27       		.byte	0x27
 748 0591 9F000000 		.4byte	0x9f
 749 0595 04       		.byte	0x4
 750 0596 08       		.uleb128 0x8
 751 0597 C9040000 		.4byte	.LASF88
 752 059b 0C       		.byte	0xc
 753 059c 28       		.byte	0x28
 754 059d 9F000000 		.4byte	0x9f
 755 05a1 05       		.byte	0x5
 756 05a2 08       		.uleb128 0x8
 757 05a3 4B080000 		.4byte	.LASF89
 758 05a7 0C       		.byte	0xc
 759 05a8 29       		.byte	0x29
 760 05a9 AF000000 		.4byte	0xaf
 761 05ad 06       		.byte	0x6
 762 05ae 08       		.uleb128 0x8
 763 05af 2E050000 		.4byte	.LASF90
 764 05b3 0C       		.byte	0xc
 765 05b4 2A       		.byte	0x2a
 766 05b5 9F000000 		.4byte	0x9f
 767 05b9 08       		.byte	0x8
 768 05ba 08       		.uleb128 0x8
 769 05bb 7D040000 		.4byte	.LASF91
 770 05bf 0C       		.byte	0xc
 771 05c0 2B       		.byte	0x2b
 772 05c1 9F000000 		.4byte	0x9f
 773 05c5 09       		.byte	0x9
 774 05c6 08       		.uleb128 0x8
 775 05c7 7E000000 		.4byte	.LASF92
 776 05cb 0C       		.byte	0xc
 777 05cc 2C       		.byte	0x2c
 778 05cd 9F000000 		.4byte	0x9f
 779 05d1 0A       		.byte	0xa
 780 05d2 08       		.uleb128 0x8
 781 05d3 B9060000 		.4byte	.LASF93
 782 05d7 0C       		.byte	0xc
 783 05d8 2D       		.byte	0x2d
 784 05d9 9F000000 		.4byte	0x9f
 785 05dd 0B       		.byte	0xb
 786 05de 08       		.uleb128 0x8
 787 05df D2070000 		.4byte	.LASF94
 788 05e3 0C       		.byte	0xc
 789 05e4 2E       		.byte	0x2e
 790 05e5 9F000000 		.4byte	0x9f
 791 05e9 0C       		.byte	0xc
 792 05ea 08       		.uleb128 0x8
 793 05eb 83060000 		.4byte	.LASF95
 794 05ef 0C       		.byte	0xc
 795 05f0 2F       		.byte	0x2f
 796 05f1 9F000000 		.4byte	0x9f
 797 05f5 0D       		.byte	0xd
 798 05f6 08       		.uleb128 0x8
ARM GAS  /var/folders/3j/4xdnk5197cv_b7cw3n33qk7r0000gn/T//cc5Y0n5i.s 			page 15


 799 05f7 00000000 		.4byte	.LASF96
 800 05fb 0C       		.byte	0xc
 801 05fc 30       		.byte	0x30
 802 05fd 9F000000 		.4byte	0x9f
 803 0601 0E       		.byte	0xe
 804 0602 08       		.uleb128 0x8
 805 0603 92040000 		.4byte	.LASF97
 806 0607 0C       		.byte	0xc
 807 0608 31       		.byte	0x31
 808 0609 9F000000 		.4byte	0x9f
 809 060d 0F       		.byte	0xf
 810 060e 08       		.uleb128 0x8
 811 060f ED000000 		.4byte	.LASF98
 812 0613 0C       		.byte	0xc
 813 0614 32       		.byte	0x32
 814 0615 9F000000 		.4byte	0x9f
 815 0619 10       		.byte	0x10
 816 061a 08       		.uleb128 0x8
 817 061b AF000000 		.4byte	.LASF99
 818 061f 0C       		.byte	0xc
 819 0620 34       		.byte	0x34
 820 0621 9F000000 		.4byte	0x9f
 821 0625 11       		.byte	0x11
 822 0626 08       		.uleb128 0x8
 823 0627 06010000 		.4byte	.LASF100
 824 062b 0C       		.byte	0xc
 825 062c 35       		.byte	0x35
 826 062d 9F000000 		.4byte	0x9f
 827 0631 12       		.byte	0x12
 828 0632 08       		.uleb128 0x8
 829 0633 36040000 		.4byte	.LASF101
 830 0637 0C       		.byte	0xc
 831 0638 36       		.byte	0x36
 832 0639 9F000000 		.4byte	0x9f
 833 063d 13       		.byte	0x13
 834 063e 08       		.uleb128 0x8
 835 063f 3B060000 		.4byte	.LASF102
 836 0643 0C       		.byte	0xc
 837 0644 37       		.byte	0x37
 838 0645 9F000000 		.4byte	0x9f
 839 0649 14       		.byte	0x14
 840 064a 08       		.uleb128 0x8
 841 064b 09060000 		.4byte	.LASF103
 842 064f 0C       		.byte	0xc
 843 0650 39       		.byte	0x39
 844 0651 9F000000 		.4byte	0x9f
 845 0655 15       		.byte	0x15
 846 0656 00       		.byte	0
 847 0657 13       		.uleb128 0x13
 848 0658 4F050000 		.4byte	0x54f
 849 065c 67060000 		.4byte	0x667
 850 0660 14       		.uleb128 0x14
 851 0661 2F000000 		.4byte	0x2f
 852 0665 03       		.byte	0x3
 853 0666 00       		.byte	0
 854 0667 03       		.uleb128 0x3
 855 0668 36020000 		.4byte	.LASF104
ARM GAS  /var/folders/3j/4xdnk5197cv_b7cw3n33qk7r0000gn/T//cc5Y0n5i.s 			page 16


 856 066c 0C       		.byte	0xc
 857 066d 3A       		.byte	0x3a
 858 066e 76050000 		.4byte	0x576
 859 0672 06       		.uleb128 0x6
 860 0673 67060000 		.4byte	0x667
 861 0677 0F       		.uleb128 0xf
 862 0678 46030000 		.4byte	.LASF105
 863 067c 0C       		.byte	0xc
 864 067d 77       		.byte	0x77
 865 067e 72060000 		.4byte	0x672
 866 0682 03       		.uleb128 0x3
 867 0683 16040000 		.4byte	.LASF106
 868 0687 0D       		.byte	0xd
 869 0688 30       		.byte	0x30
 870 0689 8D060000 		.4byte	0x68d
 871 068d 07       		.uleb128 0x7
 872 068e 16040000 		.4byte	.LASF106
 873 0692 24       		.byte	0x24
 874 0693 0D       		.byte	0xd
 875 0694 3E       		.byte	0x3e
 876 0695 FA060000 		.4byte	0x6fa
 877 0699 08       		.uleb128 0x8
 878 069a C9000000 		.4byte	.LASF107
 879 069e 0D       		.byte	0xd
 880 069f 3F       		.byte	0x3f
 881 06a0 60020000 		.4byte	0x260
 882 06a4 00       		.byte	0
 883 06a5 08       		.uleb128 0x8
 884 06a6 6B040000 		.4byte	.LASF108
 885 06aa 0D       		.byte	0xd
 886 06ab 40       		.byte	0x40
 887 06ac 24000000 		.4byte	0x24
 888 06b0 08       		.byte	0x8
 889 06b1 08       		.uleb128 0x8
 890 06b2 1F020000 		.4byte	.LASF109
 891 06b6 0D       		.byte	0xd
 892 06b7 41       		.byte	0x41
 893 06b8 1C070000 		.4byte	0x71c
 894 06bc 0C       		.byte	0xc
 895 06bd 08       		.uleb128 0x8
 896 06be 61000000 		.4byte	.LASF110
 897 06c2 0D       		.byte	0xd
 898 06c3 42       		.byte	0x42
 899 06c4 1C070000 		.4byte	0x71c
 900 06c8 10       		.byte	0x10
 901 06c9 08       		.uleb128 0x8
 902 06ca AE040000 		.4byte	.LASF111
 903 06ce 0D       		.byte	0xd
 904 06cf 44       		.byte	0x44
 905 06d0 1C070000 		.4byte	0x71c
 906 06d4 14       		.byte	0x14
 907 06d5 08       		.uleb128 0x8
 908 06d6 52050000 		.4byte	.LASF112
 909 06da 0D       		.byte	0xd
 910 06db 45       		.byte	0x45
 911 06dc 1C070000 		.4byte	0x71c
 912 06e0 18       		.byte	0x18
ARM GAS  /var/folders/3j/4xdnk5197cv_b7cw3n33qk7r0000gn/T//cc5Y0n5i.s 			page 17


 913 06e1 08       		.uleb128 0x8
 914 06e2 F5070000 		.4byte	.LASF113
 915 06e6 0D       		.byte	0xd
 916 06e7 46       		.byte	0x46
 917 06e8 FA060000 		.4byte	0x6fa
 918 06ec 1C       		.byte	0x1c
 919 06ed 08       		.uleb128 0x8
 920 06ee 68080000 		.4byte	.LASF114
 921 06f2 0D       		.byte	0xd
 922 06f3 47       		.byte	0x47
 923 06f4 A1020000 		.4byte	0x2a1
 924 06f8 20       		.byte	0x20
 925 06f9 00       		.byte	0
 926 06fa 03       		.uleb128 0x3
 927 06fb 39050000 		.4byte	.LASF115
 928 06ff 0D       		.byte	0xd
 929 0700 33       		.byte	0x33
 930 0701 05070000 		.4byte	0x705
 931 0705 0B       		.uleb128 0xb
 932 0706 04       		.byte	0x4
 933 0707 0B070000 		.4byte	0x70b
 934 070b 0D       		.uleb128 0xd
 935 070c 16070000 		.4byte	0x716
 936 0710 0E       		.uleb128 0xe
 937 0711 16070000 		.4byte	0x716
 938 0715 00       		.byte	0
 939 0716 0B       		.uleb128 0xb
 940 0717 04       		.byte	0x4
 941 0718 82060000 		.4byte	0x682
 942 071c 0B       		.uleb128 0xb
 943 071d 04       		.byte	0x4
 944 071e 9F000000 		.4byte	0x9f
 945 0722 03       		.uleb128 0x3
 946 0723 F7030000 		.4byte	.LASF116
 947 0727 0D       		.byte	0xd
 948 0728 7B       		.byte	0x7b
 949 0729 82060000 		.4byte	0x682
 950 072d 03       		.uleb128 0x3
 951 072e 27000000 		.4byte	.LASF117
 952 0732 0D       		.byte	0xd
 953 0733 EE       		.byte	0xee
 954 0734 82060000 		.4byte	0x682
 955 0738 12       		.uleb128 0x12
 956 0739 24000000 		.4byte	0x24
 957 073d 51070000 		.4byte	0x751
 958 0741 0E       		.uleb128 0xe
 959 0742 A1020000 		.4byte	0x2a1
 960 0746 0E       		.uleb128 0xe
 961 0747 51070000 		.4byte	0x751
 962 074b 0E       		.uleb128 0xe
 963 074c 24000000 		.4byte	0x24
 964 0750 00       		.byte	0
 965 0751 0B       		.uleb128 0xb
 966 0752 04       		.byte	0x4
 967 0753 AA000000 		.4byte	0xaa
 968 0757 0B       		.uleb128 0xb
 969 0758 04       		.byte	0x4
ARM GAS  /var/folders/3j/4xdnk5197cv_b7cw3n33qk7r0000gn/T//cc5Y0n5i.s 			page 18


 970 0759 38070000 		.4byte	0x738
 971 075d 12       		.uleb128 0x12
 972 075e 24000000 		.4byte	0x24
 973 0762 76070000 		.4byte	0x776
 974 0766 0E       		.uleb128 0xe
 975 0767 A1020000 		.4byte	0x2a1
 976 076b 0E       		.uleb128 0xe
 977 076c 1C070000 		.4byte	0x71c
 978 0770 0E       		.uleb128 0xe
 979 0771 24000000 		.4byte	0x24
 980 0775 00       		.byte	0
 981 0776 0B       		.uleb128 0xb
 982 0777 04       		.byte	0x4
 983 0778 5D070000 		.4byte	0x75d
 984 077c 12       		.uleb128 0x12
 985 077d 0C010000 		.4byte	0x10c
 986 0781 90070000 		.4byte	0x790
 987 0785 0E       		.uleb128 0xe
 988 0786 A1020000 		.4byte	0x2a1
 989 078a 0E       		.uleb128 0xe
 990 078b 9F000000 		.4byte	0x9f
 991 078f 00       		.byte	0
 992 0790 0B       		.uleb128 0xb
 993 0791 04       		.byte	0x4
 994 0792 7C070000 		.4byte	0x77c
 995 0796 13       		.uleb128 0x13
 996 0797 8B020000 		.4byte	0x28b
 997 079b A6070000 		.4byte	0x7a6
 998 079f 14       		.uleb128 0x14
 999 07a0 2F000000 		.4byte	0x2f
 1000 07a4 26       		.byte	0x26
 1001 07a5 00       		.byte	0
 1002 07a6 0F       		.uleb128 0xf
 1003 07a7 62020000 		.4byte	.LASF118
 1004 07ab 0E       		.byte	0xe
 1005 07ac 82       		.byte	0x82
 1006 07ad 96070000 		.4byte	0x796
 1007 07b1 07       		.uleb128 0x7
 1008 07b2 4F000000 		.4byte	.LASF119
 1009 07b6 20       		.byte	0x20
 1010 07b7 0F       		.byte	0xf
 1011 07b8 FD       		.byte	0xfd
 1012 07b9 24080000 		.4byte	0x824
 1013 07bd 08       		.uleb128 0x8
 1014 07be AB020000 		.4byte	.LASF120
 1015 07c2 0F       		.byte	0xf
 1016 07c3 FE       		.byte	0xfe
 1017 07c4 36000000 		.4byte	0x36
 1018 07c8 00       		.byte	0
 1019 07c9 08       		.uleb128 0x8
 1020 07ca E4070000 		.4byte	.LASF121
 1021 07ce 0F       		.byte	0xf
 1022 07cf FF       		.byte	0xff
 1023 07d0 36000000 		.4byte	0x36
 1024 07d4 04       		.byte	0x4
 1025 07d5 15       		.uleb128 0x15
 1026 07d6 56080000 		.4byte	.LASF122
ARM GAS  /var/folders/3j/4xdnk5197cv_b7cw3n33qk7r0000gn/T//cc5Y0n5i.s 			page 19


 1027 07da 0F       		.byte	0xf
 1028 07db 0001     		.2byte	0x100
 1029 07dd 36000000 		.4byte	0x36
 1030 07e1 08       		.byte	0x8
 1031 07e2 15       		.uleb128 0x15
 1032 07e3 CF020000 		.4byte	.LASF123
 1033 07e7 0F       		.byte	0xf
 1034 07e8 0101     		.2byte	0x101
 1035 07ea 36000000 		.4byte	0x36
 1036 07ee 0C       		.byte	0xc
 1037 07ef 15       		.uleb128 0x15
 1038 07f0 9F000000 		.4byte	.LASF124
 1039 07f4 0F       		.byte	0xf
 1040 07f5 0201     		.2byte	0x102
 1041 07f7 36000000 		.4byte	0x36
 1042 07fb 10       		.byte	0x10
 1043 07fc 15       		.uleb128 0x15
 1044 07fd 5E040000 		.4byte	.LASF125
 1045 0801 0F       		.byte	0xf
 1046 0802 0301     		.2byte	0x103
 1047 0804 36000000 		.4byte	0x36
 1048 0808 14       		.byte	0x14
 1049 0809 15       		.uleb128 0x15
 1050 080a 0F020000 		.4byte	.LASF126
 1051 080e 0F       		.byte	0xf
 1052 080f 0401     		.2byte	0x104
 1053 0811 36000000 		.4byte	0x36
 1054 0815 18       		.byte	0x18
 1055 0816 15       		.uleb128 0x15
 1056 0817 AC080000 		.4byte	.LASF127
 1057 081b 0F       		.byte	0xf
 1058 081c 0501     		.2byte	0x105
 1059 081e 36000000 		.4byte	0x36
 1060 0822 1C       		.byte	0x1c
 1061 0823 00       		.byte	0
 1062 0824 16       		.uleb128 0x16
 1063 0825 4F000000 		.4byte	.LASF119
 1064 0829 0F       		.byte	0xf
 1065 082a 0801     		.2byte	0x108
 1066 082c B1070000 		.4byte	0x7b1
 1067 0830 12       		.uleb128 0x12
 1068 0831 0C010000 		.4byte	0x10c
 1069 0835 49080000 		.4byte	0x849
 1070 0839 0E       		.uleb128 0xe
 1071 083a A1020000 		.4byte	0x2a1
 1072 083e 0E       		.uleb128 0xe
 1073 083f 9F000000 		.4byte	0x9f
 1074 0843 0E       		.uleb128 0xe
 1075 0844 2D010000 		.4byte	0x12d
 1076 0848 00       		.byte	0
 1077 0849 0B       		.uleb128 0xb
 1078 084a 04       		.byte	0x4
 1079 084b 30080000 		.4byte	0x830
 1080 084f 12       		.uleb128 0x12
 1081 0850 0C010000 		.4byte	0x10c
 1082 0854 63080000 		.4byte	0x863
 1083 0858 0E       		.uleb128 0xe
ARM GAS  /var/folders/3j/4xdnk5197cv_b7cw3n33qk7r0000gn/T//cc5Y0n5i.s 			page 20


 1084 0859 A1020000 		.4byte	0x2a1
 1085 085d 0E       		.uleb128 0xe
 1086 085e 2D010000 		.4byte	0x12d
 1087 0862 00       		.byte	0
 1088 0863 0B       		.uleb128 0xb
 1089 0864 04       		.byte	0x4
 1090 0865 4F080000 		.4byte	0x84f
 1091 0869 12       		.uleb128 0x12
 1092 086a 24000000 		.4byte	0x24
 1093 086e 87080000 		.4byte	0x887
 1094 0872 0E       		.uleb128 0xe
 1095 0873 A1020000 		.4byte	0x2a1
 1096 0877 0E       		.uleb128 0xe
 1097 0878 51070000 		.4byte	0x751
 1098 087c 0E       		.uleb128 0xe
 1099 087d 24000000 		.4byte	0x24
 1100 0881 0E       		.uleb128 0xe
 1101 0882 2D010000 		.4byte	0x12d
 1102 0886 00       		.byte	0
 1103 0887 0B       		.uleb128 0xb
 1104 0888 04       		.byte	0x4
 1105 0889 69080000 		.4byte	0x869
 1106 088d 12       		.uleb128 0x12
 1107 088e 24000000 		.4byte	0x24
 1108 0892 AB080000 		.4byte	0x8ab
 1109 0896 0E       		.uleb128 0xe
 1110 0897 A1020000 		.4byte	0x2a1
 1111 089b 0E       		.uleb128 0xe
 1112 089c 1C070000 		.4byte	0x71c
 1113 08a0 0E       		.uleb128 0xe
 1114 08a1 24000000 		.4byte	0x24
 1115 08a5 0E       		.uleb128 0xe
 1116 08a6 2D010000 		.4byte	0x12d
 1117 08aa 00       		.byte	0
 1118 08ab 0B       		.uleb128 0xb
 1119 08ac 04       		.byte	0x4
 1120 08ad 8D080000 		.4byte	0x88d
 1121 08b1 0A       		.uleb128 0xa
 1122 08b2 18       		.byte	0x18
 1123 08b3 10       		.byte	0x10
 1124 08b4 2A       		.byte	0x2a
 1125 08b5 02090000 		.4byte	0x902
 1126 08b9 08       		.uleb128 0x8
 1127 08ba 0C080000 		.4byte	.LASF128
 1128 08be 10       		.byte	0x10
 1129 08bf 2F       		.byte	0x2f
 1130 08c0 C5000000 		.4byte	0xc5
 1131 08c4 00       		.byte	0
 1132 08c5 08       		.uleb128 0x8
 1133 08c6 F3040000 		.4byte	.LASF129
 1134 08ca 10       		.byte	0x10
 1135 08cb 31       		.byte	0x31
 1136 08cc 02090000 		.4byte	0x902
 1137 08d0 04       		.byte	0x4
 1138 08d1 08       		.uleb128 0x8
 1139 08d2 AD030000 		.4byte	.LASF130
 1140 08d6 10       		.byte	0x10
ARM GAS  /var/folders/3j/4xdnk5197cv_b7cw3n33qk7r0000gn/T//cc5Y0n5i.s 			page 21


 1141 08d7 32       		.byte	0x32
 1142 08d8 02090000 		.4byte	0x902
 1143 08dc 08       		.byte	0x8
 1144 08dd 08       		.uleb128 0x8
 1145 08de 42040000 		.4byte	.LASF131
 1146 08e2 10       		.byte	0x10
 1147 08e3 33       		.byte	0x33
 1148 08e4 02090000 		.4byte	0x902
 1149 08e8 0C       		.byte	0xc
 1150 08e9 08       		.uleb128 0x8
 1151 08ea F9040000 		.4byte	.LASF132
 1152 08ee 10       		.byte	0x10
 1153 08ef 34       		.byte	0x34
 1154 08f0 02090000 		.4byte	0x902
 1155 08f4 10       		.byte	0x10
 1156 08f5 08       		.uleb128 0x8
 1157 08f6 1C060000 		.4byte	.LASF133
 1158 08fa 10       		.byte	0x10
 1159 08fb 35       		.byte	0x35
 1160 08fc 2F000000 		.4byte	0x2f
 1161 0900 14       		.byte	0x14
 1162 0901 00       		.byte	0
 1163 0902 0B       		.uleb128 0xb
 1164 0903 04       		.byte	0x4
 1165 0904 D0000000 		.4byte	0xd0
 1166 0908 03       		.uleb128 0x3
 1167 0909 A1030000 		.4byte	.LASF134
 1168 090d 10       		.byte	0x10
 1169 090e 37       		.byte	0x37
 1170 090f B1080000 		.4byte	0x8b1
 1171 0913 17       		.uleb128 0x17
 1172 0914 00       		.byte	0
 1173 0915 10       		.byte	0x10
 1174 0916 43       		.byte	0x43
 1175 0917 03       		.uleb128 0x3
 1176 0918 6F080000 		.4byte	.LASF135
 1177 091c 10       		.byte	0x10
 1178 091d 45       		.byte	0x45
 1179 091e 13090000 		.4byte	0x913
 1180 0922 06       		.uleb128 0x6
 1181 0923 17090000 		.4byte	0x917
 1182 0927 0F       		.uleb128 0xf
 1183 0928 D1040000 		.4byte	.LASF136
 1184 092c 10       		.byte	0x10
 1185 092d 6D       		.byte	0x6d
 1186 092e 08090000 		.4byte	0x908
 1187 0932 0F       		.uleb128 0xf
 1188 0933 33060000 		.4byte	.LASF137
 1189 0937 10       		.byte	0x10
 1190 0938 6E       		.byte	0x6e
 1191 0939 08090000 		.4byte	0x908
 1192 093d 0F       		.uleb128 0xf
 1193 093e 81080000 		.4byte	.LASF138
 1194 0942 10       		.byte	0x10
 1195 0943 75       		.byte	0x75
 1196 0944 22090000 		.4byte	0x922
 1197 0948 18       		.uleb128 0x18
ARM GAS  /var/folders/3j/4xdnk5197cv_b7cw3n33qk7r0000gn/T//cc5Y0n5i.s 			page 22


 1198 0949 07       		.byte	0x7
 1199 094a 01       		.byte	0x1
 1200 094b 4D000000 		.4byte	0x4d
 1201 094f 11       		.byte	0x11
 1202 0950 54       		.byte	0x54
 1203 0951 7A090000 		.4byte	0x97a
 1204 0955 19       		.uleb128 0x19
 1205 0956 DB010000 		.4byte	.LASF139
 1206 095a 00       		.byte	0
 1207 095b 19       		.uleb128 0x19
 1208 095c 55040000 		.4byte	.LASF140
 1209 0960 01       		.byte	0x1
 1210 0961 19       		.uleb128 0x19
 1211 0962 4B070000 		.4byte	.LASF141
 1212 0966 02       		.byte	0x2
 1213 0967 19       		.uleb128 0x19
 1214 0968 40020000 		.4byte	.LASF142
 1215 096c 03       		.byte	0x3
 1216 096d 19       		.uleb128 0x19
 1217 096e 08040000 		.4byte	.LASF143
 1218 0972 04       		.byte	0x4
 1219 0973 19       		.uleb128 0x19
 1220 0974 90060000 		.4byte	.LASF144
 1221 0978 05       		.byte	0x5
 1222 0979 00       		.byte	0
 1223 097a 03       		.uleb128 0x3
 1224 097b 23050000 		.4byte	.LASF145
 1225 097f 11       		.byte	0x11
 1226 0980 5B       		.byte	0x5b
 1227 0981 48090000 		.4byte	0x948
 1228 0985 03       		.uleb128 0x3
 1229 0986 55070000 		.4byte	.LASF146
 1230 098a 12       		.byte	0x12
 1231 098b 38       		.byte	0x38
 1232 098c 90090000 		.4byte	0x990
 1233 0990 07       		.uleb128 0x7
 1234 0991 55070000 		.4byte	.LASF146
 1235 0995 40       		.byte	0x40
 1236 0996 12       		.byte	0x12
 1237 0997 62       		.byte	0x62
 1238 0998 390A0000 		.4byte	0xa39
 1239 099c 08       		.uleb128 0x8
 1240 099d F0010000 		.4byte	.LASF147
 1241 09a1 12       		.byte	0x12
 1242 09a2 64       		.byte	0x64
 1243 09a3 7A090000 		.4byte	0x97a
 1244 09a7 00       		.byte	0
 1245 09a8 08       		.uleb128 0x8
 1246 09a9 08070000 		.4byte	.LASF148
 1247 09ad 12       		.byte	0x12
 1248 09ae 66       		.byte	0x66
 1249 09af 740A0000 		.4byte	0xa74
 1250 09b3 04       		.byte	0x4
 1251 09b4 08       		.uleb128 0x8
 1252 09b5 26030000 		.4byte	.LASF149
 1253 09b9 12       		.byte	0x12
 1254 09ba 68       		.byte	0x68
ARM GAS  /var/folders/3j/4xdnk5197cv_b7cw3n33qk7r0000gn/T//cc5Y0n5i.s 			page 23


 1255 09bb 390A0000 		.4byte	0xa39
 1256 09bf 08       		.byte	0x8
 1257 09c0 08       		.uleb128 0x8
 1258 09c1 C2000000 		.4byte	.LASF150
 1259 09c5 12       		.byte	0x12
 1260 09c6 6A       		.byte	0x6a
 1261 09c7 7A0A0000 		.4byte	0xa7a
 1262 09cb 0C       		.byte	0xc
 1263 09cc 08       		.uleb128 0x8
 1264 09cd 65050000 		.4byte	.LASF151
 1265 09d1 12       		.byte	0x12
 1266 09d2 6D       		.byte	0x6d
 1267 09d3 97040000 		.4byte	0x497
 1268 09d7 10       		.byte	0x10
 1269 09d8 08       		.uleb128 0x8
 1270 09d9 08020000 		.4byte	.LASF152
 1271 09dd 12       		.byte	0x12
 1272 09de 77       		.byte	0x77
 1273 09df 5A020000 		.4byte	0x25a
 1274 09e3 20       		.byte	0x20
 1275 09e4 08       		.uleb128 0x8
 1276 09e5 23010000 		.4byte	.LASF153
 1277 09e9 12       		.byte	0x12
 1278 09ea 7B       		.byte	0x7b
 1279 09eb 440A0000 		.4byte	0xa44
 1280 09ef 24       		.byte	0x24
 1281 09f0 08       		.uleb128 0x8
 1282 09f1 10030000 		.4byte	.LASF154
 1283 09f5 12       		.byte	0x12
 1284 09f6 7F       		.byte	0x7f
 1285 09f7 51070000 		.4byte	0x751
 1286 09fb 28       		.byte	0x28
 1287 09fc 08       		.uleb128 0x8
 1288 09fd A4080000 		.4byte	.LASF155
 1289 0a01 12       		.byte	0x12
 1290 0a02 83       		.byte	0x83
 1291 0a03 24000000 		.4byte	0x24
 1292 0a07 2C       		.byte	0x2c
 1293 0a08 08       		.uleb128 0x8
 1294 0a09 CC070000 		.4byte	.LASF156
 1295 0a0d 12       		.byte	0x12
 1296 0a0e 87       		.byte	0x87
 1297 0a0f 24000000 		.4byte	0x24
 1298 0a13 30       		.byte	0x30
 1299 0a14 08       		.uleb128 0x8
 1300 0a15 5B000000 		.4byte	.LASF157
 1301 0a19 12       		.byte	0x12
 1302 0a1a 8B       		.byte	0x8b
 1303 0a1b 1C070000 		.4byte	0x71c
 1304 0a1f 34       		.byte	0x34
 1305 0a20 08       		.uleb128 0x8
 1306 0a21 A6040000 		.4byte	.LASF158
 1307 0a25 12       		.byte	0x12
 1308 0a26 8F       		.byte	0x8f
 1309 0a27 24000000 		.4byte	0x24
 1310 0a2b 38       		.byte	0x38
 1311 0a2c 08       		.uleb128 0x8
ARM GAS  /var/folders/3j/4xdnk5197cv_b7cw3n33qk7r0000gn/T//cc5Y0n5i.s 			page 24


 1312 0a2d 19020000 		.4byte	.LASF159
 1313 0a31 12       		.byte	0x12
 1314 0a32 93       		.byte	0x93
 1315 0a33 24000000 		.4byte	0x24
 1316 0a37 3C       		.byte	0x3c
 1317 0a38 00       		.byte	0
 1318 0a39 03       		.uleb128 0x3
 1319 0a3a 5A050000 		.4byte	.LASF160
 1320 0a3e 12       		.byte	0x12
 1321 0a3f 42       		.byte	0x42
 1322 0a40 C5000000 		.4byte	0xc5
 1323 0a44 03       		.uleb128 0x3
 1324 0a45 E6010000 		.4byte	.LASF161
 1325 0a49 12       		.byte	0x12
 1326 0a4a 48       		.byte	0x48
 1327 0a4b AF000000 		.4byte	0xaf
 1328 0a4f 0A       		.uleb128 0xa
 1329 0a50 04       		.byte	0x4
 1330 0a51 12       		.byte	0x12
 1331 0a52 57       		.byte	0x57
 1332 0a53 640A0000 		.4byte	0xa64
 1333 0a57 08       		.uleb128 0x8
 1334 0a58 89040000 		.4byte	.LASF162
 1335 0a5c 12       		.byte	0x12
 1336 0a5d 59       		.byte	0x59
 1337 0a5e C5000000 		.4byte	0xc5
 1338 0a62 00       		.byte	0
 1339 0a63 00       		.byte	0
 1340 0a64 03       		.uleb128 0x3
 1341 0a65 B8070000 		.4byte	.LASF163
 1342 0a69 12       		.byte	0x12
 1343 0a6a 5B       		.byte	0x5b
 1344 0a6b 4F0A0000 		.4byte	0xa4f
 1345 0a6f 06       		.uleb128 0x6
 1346 0a70 640A0000 		.4byte	0xa64
 1347 0a74 0B       		.uleb128 0xb
 1348 0a75 04       		.byte	0x4
 1349 0a76 6F0A0000 		.4byte	0xa6f
 1350 0a7a 0B       		.uleb128 0xb
 1351 0a7b 04       		.byte	0x4
 1352 0a7c 24080000 		.4byte	0x824
 1353 0a80 0F       		.uleb128 0xf
 1354 0a81 EA020000 		.4byte	.LASF164
 1355 0a85 12       		.byte	0x12
 1356 0a86 A6       		.byte	0xa6
 1357 0a87 85090000 		.4byte	0x985
 1358 0a8b 18       		.uleb128 0x18
 1359 0a8c 07       		.byte	0x7
 1360 0a8d 01       		.byte	0x1
 1361 0a8e 4D000000 		.4byte	0x4d
 1362 0a92 13       		.byte	0x13
 1363 0a93 5D       		.byte	0x5d
 1364 0a94 AB0A0000 		.4byte	0xaab
 1365 0a98 19       		.uleb128 0x19
 1366 0a99 A6060000 		.4byte	.LASF165
 1367 0a9d 00       		.byte	0
 1368 0a9e 19       		.uleb128 0x19
ARM GAS  /var/folders/3j/4xdnk5197cv_b7cw3n33qk7r0000gn/T//cc5Y0n5i.s 			page 25


 1369 0a9f 13010000 		.4byte	.LASF166
 1370 0aa3 01       		.byte	0x1
 1371 0aa4 19       		.uleb128 0x19
 1372 0aa5 87070000 		.4byte	.LASF167
 1373 0aa9 02       		.byte	0x2
 1374 0aaa 00       		.byte	0
 1375 0aab 03       		.uleb128 0x3
 1376 0aac C2070000 		.4byte	.LASF168
 1377 0ab0 13       		.byte	0x13
 1378 0ab1 61       		.byte	0x61
 1379 0ab2 8B0A0000 		.4byte	0xa8b
 1380 0ab6 03       		.uleb128 0x3
 1381 0ab7 DA060000 		.4byte	.LASF169
 1382 0abb 13       		.byte	0x13
 1383 0abc 66       		.byte	0x66
 1384 0abd C10A0000 		.4byte	0xac1
 1385 0ac1 07       		.uleb128 0x7
 1386 0ac2 DA060000 		.4byte	.LASF169
 1387 0ac6 74       		.byte	0x74
 1388 0ac7 13       		.byte	0x13
 1389 0ac8 80       		.byte	0x80
 1390 0ac9 200B0000 		.4byte	0xb20
 1391 0acd 09       		.uleb128 0x9
 1392 0ace 766D7400 		.ascii	"vmt\000"
 1393 0ad2 13       		.byte	0x13
 1394 0ad3 82       		.byte	0x82
 1395 0ad4 9D0B0000 		.4byte	0xb9d
 1396 0ad8 00       		.byte	0
 1397 0ad9 08       		.uleb128 0x8
 1398 0ada 80030000 		.4byte	.LASF170
 1399 0ade 13       		.byte	0x13
 1400 0adf 83       		.byte	0x83
 1401 0ae0 09050000 		.4byte	0x509
 1402 0ae4 04       		.byte	0x4
 1403 0ae5 08       		.uleb128 0x8
 1404 0ae6 F0010000 		.4byte	.LASF147
 1405 0aea 13       		.byte	0x13
 1406 0aeb 83       		.byte	0x83
 1407 0aec AB0A0000 		.4byte	0xaab
 1408 0af0 08       		.byte	0x8
 1409 0af1 08       		.uleb128 0x8
 1410 0af2 2D030000 		.4byte	.LASF171
 1411 0af6 13       		.byte	0x13
 1412 0af7 83       		.byte	0x83
 1413 0af8 22070000 		.4byte	0x722
 1414 0afc 0C       		.byte	0xc
 1415 0afd 08       		.uleb128 0x8
 1416 0afe B9030000 		.4byte	.LASF172
 1417 0b02 13       		.byte	0x13
 1418 0b03 83       		.byte	0x83
 1419 0b04 2D070000 		.4byte	0x72d
 1420 0b08 30       		.byte	0x30
 1421 0b09 09       		.uleb128 0x9
 1422 0b0a 696200   		.ascii	"ib\000"
 1423 0b0d 13       		.byte	0x13
 1424 0b0e 83       		.byte	0x83
 1425 0b0f A30B0000 		.4byte	0xba3
ARM GAS  /var/folders/3j/4xdnk5197cv_b7cw3n33qk7r0000gn/T//cc5Y0n5i.s 			page 26


 1426 0b13 54       		.byte	0x54
 1427 0b14 09       		.uleb128 0x9
 1428 0b15 6F6200   		.ascii	"ob\000"
 1429 0b18 13       		.byte	0x13
 1430 0b19 83       		.byte	0x83
 1431 0b1a A30B0000 		.4byte	0xba3
 1432 0b1e 64       		.byte	0x64
 1433 0b1f 00       		.byte	0
 1434 0b20 1A       		.uleb128 0x1a
 1435 0b21 53443100 		.ascii	"SD1\000"
 1436 0b25 16       		.byte	0x16
 1437 0b26 62       		.byte	0x62
 1438 0b27 B60A0000 		.4byte	0xab6
 1439 0b2b 07       		.uleb128 0x7
 1440 0b2c 16030000 		.4byte	.LASF173
 1441 0b30 20       		.byte	0x20
 1442 0b31 13       		.byte	0x13
 1443 0b32 75       		.byte	0x75
 1444 0b33 980B0000 		.4byte	0xb98
 1445 0b37 08       		.uleb128 0x8
 1446 0b38 21000000 		.4byte	.LASF174
 1447 0b3c 13       		.byte	0x13
 1448 0b3d 76       		.byte	0x76
 1449 0b3e 57070000 		.4byte	0x757
 1450 0b42 00       		.byte	0
 1451 0b43 08       		.uleb128 0x8
 1452 0b44 F1060000 		.4byte	.LASF175
 1453 0b48 13       		.byte	0x13
 1454 0b49 76       		.byte	0x76
 1455 0b4a 76070000 		.4byte	0x776
 1456 0b4e 04       		.byte	0x4
 1457 0b4f 09       		.uleb128 0x9
 1458 0b50 70757400 		.ascii	"put\000"
 1459 0b54 13       		.byte	0x13
 1460 0b55 76       		.byte	0x76
 1461 0b56 90070000 		.4byte	0x790
 1462 0b5a 08       		.byte	0x8
 1463 0b5b 09       		.uleb128 0x9
 1464 0b5c 67657400 		.ascii	"get\000"
 1465 0b60 13       		.byte	0x13
 1466 0b61 76       		.byte	0x76
 1467 0b62 61050000 		.4byte	0x561
 1468 0b66 0C       		.byte	0xc
 1469 0b67 08       		.uleb128 0x8
 1470 0b68 48040000 		.4byte	.LASF176
 1471 0b6c 13       		.byte	0x13
 1472 0b6d 76       		.byte	0x76
 1473 0b6e 49080000 		.4byte	0x849
 1474 0b72 10       		.byte	0x10
 1475 0b73 08       		.uleb128 0x8
 1476 0b74 4F030000 		.4byte	.LASF177
 1477 0b78 13       		.byte	0x13
 1478 0b79 76       		.byte	0x76
 1479 0b7a 63080000 		.4byte	0x863
 1480 0b7e 14       		.byte	0x14
 1481 0b7f 08       		.uleb128 0x8
 1482 0b80 D0030000 		.4byte	.LASF178
ARM GAS  /var/folders/3j/4xdnk5197cv_b7cw3n33qk7r0000gn/T//cc5Y0n5i.s 			page 27


 1483 0b84 13       		.byte	0x13
 1484 0b85 76       		.byte	0x76
 1485 0b86 87080000 		.4byte	0x887
 1486 0b8a 18       		.byte	0x18
 1487 0b8b 08       		.uleb128 0x8
 1488 0b8c BC000000 		.4byte	.LASF179
 1489 0b90 13       		.byte	0x13
 1490 0b91 76       		.byte	0x76
 1491 0b92 AB080000 		.4byte	0x8ab
 1492 0b96 1C       		.byte	0x1c
 1493 0b97 00       		.byte	0
 1494 0b98 06       		.uleb128 0x6
 1495 0b99 2B0B0000 		.4byte	0xb2b
 1496 0b9d 0B       		.uleb128 0xb
 1497 0b9e 04       		.byte	0x4
 1498 0b9f 980B0000 		.4byte	0xb98
 1499 0ba3 13       		.uleb128 0x13
 1500 0ba4 9F000000 		.4byte	0x9f
 1501 0ba8 B30B0000 		.4byte	0xbb3
 1502 0bac 14       		.uleb128 0x14
 1503 0bad 2F000000 		.4byte	0x2f
 1504 0bb1 0F       		.byte	0xf
 1505 0bb2 00       		.byte	0
 1506 0bb3 18       		.uleb128 0x18
 1507 0bb4 07       		.byte	0x7
 1508 0bb5 01       		.byte	0x1
 1509 0bb6 4D000000 		.4byte	0x4d
 1510 0bba 14       		.byte	0x14
 1511 0bbb 4E       		.byte	0x4e
 1512 0bbc DF0B0000 		.4byte	0xbdf
 1513 0bc0 19       		.uleb128 0x19
 1514 0bc1 9A070000 		.4byte	.LASF180
 1515 0bc5 00       		.byte	0
 1516 0bc6 19       		.uleb128 0x19
 1517 0bc7 FD000000 		.4byte	.LASF181
 1518 0bcb 01       		.byte	0x1
 1519 0bcc 19       		.uleb128 0x19
 1520 0bcd 90070000 		.4byte	.LASF182
 1521 0bd1 02       		.byte	0x2
 1522 0bd2 19       		.uleb128 0x19
 1523 0bd3 3D000000 		.4byte	.LASF183
 1524 0bd7 03       		.byte	0x3
 1525 0bd8 19       		.uleb128 0x19
 1526 0bd9 FB060000 		.4byte	.LASF184
 1527 0bdd 04       		.byte	0x4
 1528 0bde 00       		.byte	0
 1529 0bdf 03       		.uleb128 0x3
 1530 0be0 1A070000 		.4byte	.LASF185
 1531 0be4 14       		.byte	0x14
 1532 0be5 54       		.byte	0x54
 1533 0be6 B30B0000 		.4byte	0xbb3
 1534 0bea 03       		.uleb128 0x3
 1535 0beb 95000000 		.4byte	.LASF186
 1536 0bef 15       		.byte	0x15
 1537 0bf0 35       		.byte	0x35
 1538 0bf1 F50B0000 		.4byte	0xbf5
 1539 0bf5 07       		.uleb128 0x7
ARM GAS  /var/folders/3j/4xdnk5197cv_b7cw3n33qk7r0000gn/T//cc5Y0n5i.s 			page 28


 1540 0bf6 95000000 		.4byte	.LASF186
 1541 0bfa 28       		.byte	0x28
 1542 0bfb 15       		.byte	0x15
 1543 0bfc 7C       		.byte	0x7c
 1544 0bfd 560C0000 		.4byte	0xc56
 1545 0c01 08       		.uleb128 0x8
 1546 0c02 F0010000 		.4byte	.LASF147
 1547 0c06 15       		.byte	0x15
 1548 0c07 80       		.byte	0x80
 1549 0c08 DF0B0000 		.4byte	0xbdf
 1550 0c0c 00       		.byte	0
 1551 0c0d 08       		.uleb128 0x8
 1552 0c0e 08070000 		.4byte	.LASF148
 1553 0c12 15       		.byte	0x15
 1554 0c13 84       		.byte	0x84
 1555 0c14 FD0C0000 		.4byte	0xcfd
 1556 0c18 04       		.byte	0x4
 1557 0c19 08       		.uleb128 0x8
 1558 0c1a 08020000 		.4byte	.LASF152
 1559 0c1e 15       		.byte	0x15
 1560 0c1f 89       		.byte	0x89
 1561 0c20 5A020000 		.4byte	0x25a
 1562 0c24 08       		.byte	0x8
 1563 0c25 08       		.uleb128 0x8
 1564 0c26 65050000 		.4byte	.LASF151
 1565 0c2a 15       		.byte	0x15
 1566 0c2b 90       		.byte	0x90
 1567 0c2c 97040000 		.4byte	0x497
 1568 0c30 0C       		.byte	0xc
 1569 0c31 08       		.uleb128 0x8
 1570 0c32 5B000000 		.4byte	.LASF157
 1571 0c36 15       		.byte	0x15
 1572 0c37 98       		.byte	0x98
 1573 0c38 A1020000 		.4byte	0x2a1
 1574 0c3c 1C       		.byte	0x1c
 1575 0c3d 08       		.uleb128 0x8
 1576 0c3e 10030000 		.4byte	.LASF154
 1577 0c42 15       		.byte	0x15
 1578 0c43 9D       		.byte	0x9d
 1579 0c44 030D0000 		.4byte	0xd03
 1580 0c48 20       		.byte	0x20
 1581 0c49 08       		.uleb128 0x8
 1582 0c4a 79020000 		.4byte	.LASF187
 1583 0c4e 15       		.byte	0x15
 1584 0c4f A2       		.byte	0xa2
 1585 0c50 24000000 		.4byte	0x24
 1586 0c54 24       		.byte	0x24
 1587 0c55 00       		.byte	0
 1588 0c56 03       		.uleb128 0x3
 1589 0c57 DC020000 		.4byte	.LASF188
 1590 0c5b 15       		.byte	0x15
 1591 0c5c 3D       		.byte	0x3d
 1592 0c5d 610C0000 		.4byte	0xc61
 1593 0c61 0B       		.uleb128 0xb
 1594 0c62 04       		.byte	0x4
 1595 0c63 670C0000 		.4byte	0xc67
 1596 0c67 0D       		.uleb128 0xd
ARM GAS  /var/folders/3j/4xdnk5197cv_b7cw3n33qk7r0000gn/T//cc5Y0n5i.s 			page 29


 1597 0c68 720C0000 		.4byte	0xc72
 1598 0c6c 0E       		.uleb128 0xe
 1599 0c6d 720C0000 		.4byte	0xc72
 1600 0c71 00       		.byte	0
 1601 0c72 0B       		.uleb128 0xb
 1602 0c73 04       		.byte	0x4
 1603 0c74 EA0B0000 		.4byte	0xbea
 1604 0c78 0A       		.uleb128 0xa
 1605 0c79 10       		.byte	0x10
 1606 0c7a 15       		.byte	0x15
 1607 0c7b 44       		.byte	0x44
 1608 0c7c ED0C0000 		.4byte	0xced
 1609 0c80 08       		.uleb128 0x8
 1610 0c81 72020000 		.4byte	.LASF189
 1611 0c85 15       		.byte	0x15
 1612 0c86 48       		.byte	0x48
 1613 0c87 560C0000 		.4byte	0xc56
 1614 0c8b 00       		.byte	0
 1615 0c8c 08       		.uleb128 0x8
 1616 0c8d 02050000 		.4byte	.LASF190
 1617 0c91 15       		.byte	0x15
 1618 0c92 4F       		.byte	0x4f
 1619 0c93 9F000000 		.4byte	0x9f
 1620 0c97 04       		.byte	0x4
 1621 0c98 08       		.uleb128 0x8
 1622 0c99 0F050000 		.4byte	.LASF191
 1623 0c9d 15       		.byte	0x15
 1624 0c9e 52       		.byte	0x52
 1625 0c9f 9F000000 		.4byte	0x9f
 1626 0ca3 05       		.byte	0x5
 1627 0ca4 08       		.uleb128 0x8
 1628 0ca5 6B030000 		.4byte	.LASF192
 1629 0ca9 15       		.byte	0x15
 1630 0caa 58       		.byte	0x58
 1631 0cab 9F000000 		.4byte	0x9f
 1632 0caf 06       		.byte	0x6
 1633 0cb0 08       		.uleb128 0x8
 1634 0cb1 7F020000 		.4byte	.LASF193
 1635 0cb5 15       		.byte	0x15
 1636 0cb6 5E       		.byte	0x5e
 1637 0cb7 9F000000 		.4byte	0x9f
 1638 0cbb 07       		.byte	0x7
 1639 0cbc 08       		.uleb128 0x8
 1640 0cbd 95020000 		.4byte	.LASF194
 1641 0cc1 15       		.byte	0x15
 1642 0cc2 64       		.byte	0x64
 1643 0cc3 9F000000 		.4byte	0x9f
 1644 0cc7 08       		.byte	0x8
 1645 0cc8 08       		.uleb128 0x8
 1646 0cc9 66070000 		.4byte	.LASF195
 1647 0ccd 15       		.byte	0x15
 1648 0cce 6A       		.byte	0x6a
 1649 0ccf 9F000000 		.4byte	0x9f
 1650 0cd3 09       		.byte	0x9
 1651 0cd4 08       		.uleb128 0x8
 1652 0cd5 4E020000 		.4byte	.LASF196
 1653 0cd9 15       		.byte	0x15
ARM GAS  /var/folders/3j/4xdnk5197cv_b7cw3n33qk7r0000gn/T//cc5Y0n5i.s 			page 30


 1654 0cda 70       		.byte	0x70
 1655 0cdb 9F000000 		.4byte	0x9f
 1656 0cdf 0A       		.byte	0xa
 1657 0ce0 08       		.uleb128 0x8
 1658 0ce1 75060000 		.4byte	.LASF197
 1659 0ce5 15       		.byte	0x15
 1660 0ce6 73       		.byte	0x73
 1661 0ce7 C5000000 		.4byte	0xc5
 1662 0ceb 0C       		.byte	0xc
 1663 0cec 00       		.byte	0
 1664 0ced 03       		.uleb128 0x3
 1665 0cee 41080000 		.4byte	.LASF198
 1666 0cf2 15       		.byte	0x15
 1667 0cf3 75       		.byte	0x75
 1668 0cf4 780C0000 		.4byte	0xc78
 1669 0cf8 06       		.uleb128 0x6
 1670 0cf9 ED0C0000 		.4byte	0xced
 1671 0cfd 0B       		.uleb128 0xb
 1672 0cfe 04       		.byte	0x4
 1673 0cff F80C0000 		.4byte	0xcf8
 1674 0d03 0B       		.uleb128 0xb
 1675 0d04 04       		.byte	0x4
 1676 0d05 090D0000 		.4byte	0xd09
 1677 0d09 1B       		.uleb128 0x1b
 1678 0d0a 0F       		.uleb128 0xf
 1679 0d0b 31020000 		.4byte	.LASF199
 1680 0d0f 15       		.byte	0x15
 1681 0d10 B6       		.byte	0xb6
 1682 0d11 EA0B0000 		.4byte	0xbea
 1683 0d15 00       		.byte	0
 1684              		.section	.debug_abbrev,"",%progbits
 1685              	.Ldebug_abbrev0:
 1686 0000 01       		.uleb128 0x1
 1687 0001 11       		.uleb128 0x11
 1688 0002 01       		.byte	0x1
 1689 0003 25       		.uleb128 0x25
 1690 0004 0E       		.uleb128 0xe
 1691 0005 13       		.uleb128 0x13
 1692 0006 0B       		.uleb128 0xb
 1693 0007 03       		.uleb128 0x3
 1694 0008 0E       		.uleb128 0xe
 1695 0009 1B       		.uleb128 0x1b
 1696 000a 0E       		.uleb128 0xe
 1697 000b 10       		.uleb128 0x10
 1698 000c 17       		.uleb128 0x17
 1699 000d 00       		.byte	0
 1700 000e 00       		.byte	0
 1701 000f 02       		.uleb128 0x2
 1702 0010 24       		.uleb128 0x24
 1703 0011 00       		.byte	0
 1704 0012 0B       		.uleb128 0xb
 1705 0013 0B       		.uleb128 0xb
 1706 0014 3E       		.uleb128 0x3e
 1707 0015 0B       		.uleb128 0xb
 1708 0016 03       		.uleb128 0x3
 1709 0017 08       		.uleb128 0x8
 1710 0018 00       		.byte	0
ARM GAS  /var/folders/3j/4xdnk5197cv_b7cw3n33qk7r0000gn/T//cc5Y0n5i.s 			page 31


 1711 0019 00       		.byte	0
 1712 001a 03       		.uleb128 0x3
 1713 001b 16       		.uleb128 0x16
 1714 001c 00       		.byte	0
 1715 001d 03       		.uleb128 0x3
 1716 001e 0E       		.uleb128 0xe
 1717 001f 3A       		.uleb128 0x3a
 1718 0020 0B       		.uleb128 0xb
 1719 0021 3B       		.uleb128 0x3b
 1720 0022 0B       		.uleb128 0xb
 1721 0023 49       		.uleb128 0x49
 1722 0024 13       		.uleb128 0x13
 1723 0025 00       		.byte	0
 1724 0026 00       		.byte	0
 1725 0027 04       		.uleb128 0x4
 1726 0028 24       		.uleb128 0x24
 1727 0029 00       		.byte	0
 1728 002a 0B       		.uleb128 0xb
 1729 002b 0B       		.uleb128 0xb
 1730 002c 3E       		.uleb128 0x3e
 1731 002d 0B       		.uleb128 0xb
 1732 002e 03       		.uleb128 0x3
 1733 002f 0E       		.uleb128 0xe
 1734 0030 00       		.byte	0
 1735 0031 00       		.byte	0
 1736 0032 05       		.uleb128 0x5
 1737 0033 35       		.uleb128 0x35
 1738 0034 00       		.byte	0
 1739 0035 49       		.uleb128 0x49
 1740 0036 13       		.uleb128 0x13
 1741 0037 00       		.byte	0
 1742 0038 00       		.byte	0
 1743 0039 06       		.uleb128 0x6
 1744 003a 26       		.uleb128 0x26
 1745 003b 00       		.byte	0
 1746 003c 49       		.uleb128 0x49
 1747 003d 13       		.uleb128 0x13
 1748 003e 00       		.byte	0
 1749 003f 00       		.byte	0
 1750 0040 07       		.uleb128 0x7
 1751 0041 13       		.uleb128 0x13
 1752 0042 01       		.byte	0x1
 1753 0043 03       		.uleb128 0x3
 1754 0044 0E       		.uleb128 0xe
 1755 0045 0B       		.uleb128 0xb
 1756 0046 0B       		.uleb128 0xb
 1757 0047 3A       		.uleb128 0x3a
 1758 0048 0B       		.uleb128 0xb
 1759 0049 3B       		.uleb128 0x3b
 1760 004a 0B       		.uleb128 0xb
 1761 004b 01       		.uleb128 0x1
 1762 004c 13       		.uleb128 0x13
 1763 004d 00       		.byte	0
 1764 004e 00       		.byte	0
 1765 004f 08       		.uleb128 0x8
 1766 0050 0D       		.uleb128 0xd
 1767 0051 00       		.byte	0
ARM GAS  /var/folders/3j/4xdnk5197cv_b7cw3n33qk7r0000gn/T//cc5Y0n5i.s 			page 32


 1768 0052 03       		.uleb128 0x3
 1769 0053 0E       		.uleb128 0xe
 1770 0054 3A       		.uleb128 0x3a
 1771 0055 0B       		.uleb128 0xb
 1772 0056 3B       		.uleb128 0x3b
 1773 0057 0B       		.uleb128 0xb
 1774 0058 49       		.uleb128 0x49
 1775 0059 13       		.uleb128 0x13
 1776 005a 38       		.uleb128 0x38
 1777 005b 0B       		.uleb128 0xb
 1778 005c 00       		.byte	0
 1779 005d 00       		.byte	0
 1780 005e 09       		.uleb128 0x9
 1781 005f 0D       		.uleb128 0xd
 1782 0060 00       		.byte	0
 1783 0061 03       		.uleb128 0x3
 1784 0062 08       		.uleb128 0x8
 1785 0063 3A       		.uleb128 0x3a
 1786 0064 0B       		.uleb128 0xb
 1787 0065 3B       		.uleb128 0x3b
 1788 0066 0B       		.uleb128 0xb
 1789 0067 49       		.uleb128 0x49
 1790 0068 13       		.uleb128 0x13
 1791 0069 38       		.uleb128 0x38
 1792 006a 0B       		.uleb128 0xb
 1793 006b 00       		.byte	0
 1794 006c 00       		.byte	0
 1795 006d 0A       		.uleb128 0xa
 1796 006e 13       		.uleb128 0x13
 1797 006f 01       		.byte	0x1
 1798 0070 0B       		.uleb128 0xb
 1799 0071 0B       		.uleb128 0xb
 1800 0072 3A       		.uleb128 0x3a
 1801 0073 0B       		.uleb128 0xb
 1802 0074 3B       		.uleb128 0x3b
 1803 0075 0B       		.uleb128 0xb
 1804 0076 01       		.uleb128 0x1
 1805 0077 13       		.uleb128 0x13
 1806 0078 00       		.byte	0
 1807 0079 00       		.byte	0
 1808 007a 0B       		.uleb128 0xb
 1809 007b 0F       		.uleb128 0xf
 1810 007c 00       		.byte	0
 1811 007d 0B       		.uleb128 0xb
 1812 007e 0B       		.uleb128 0xb
 1813 007f 49       		.uleb128 0x49
 1814 0080 13       		.uleb128 0x13
 1815 0081 00       		.byte	0
 1816 0082 00       		.byte	0
 1817 0083 0C       		.uleb128 0xc
 1818 0084 0F       		.uleb128 0xf
 1819 0085 00       		.byte	0
 1820 0086 0B       		.uleb128 0xb
 1821 0087 0B       		.uleb128 0xb
 1822 0088 00       		.byte	0
 1823 0089 00       		.byte	0
 1824 008a 0D       		.uleb128 0xd
ARM GAS  /var/folders/3j/4xdnk5197cv_b7cw3n33qk7r0000gn/T//cc5Y0n5i.s 			page 33


 1825 008b 15       		.uleb128 0x15
 1826 008c 01       		.byte	0x1
 1827 008d 27       		.uleb128 0x27
 1828 008e 19       		.uleb128 0x19
 1829 008f 01       		.uleb128 0x1
 1830 0090 13       		.uleb128 0x13
 1831 0091 00       		.byte	0
 1832 0092 00       		.byte	0
 1833 0093 0E       		.uleb128 0xe
 1834 0094 05       		.uleb128 0x5
 1835 0095 00       		.byte	0
 1836 0096 49       		.uleb128 0x49
 1837 0097 13       		.uleb128 0x13
 1838 0098 00       		.byte	0
 1839 0099 00       		.byte	0
 1840 009a 0F       		.uleb128 0xf
 1841 009b 34       		.uleb128 0x34
 1842 009c 00       		.byte	0
 1843 009d 03       		.uleb128 0x3
 1844 009e 0E       		.uleb128 0xe
 1845 009f 3A       		.uleb128 0x3a
 1846 00a0 0B       		.uleb128 0xb
 1847 00a1 3B       		.uleb128 0x3b
 1848 00a2 0B       		.uleb128 0xb
 1849 00a3 49       		.uleb128 0x49
 1850 00a4 13       		.uleb128 0x13
 1851 00a5 3F       		.uleb128 0x3f
 1852 00a6 19       		.uleb128 0x19
 1853 00a7 3C       		.uleb128 0x3c
 1854 00a8 19       		.uleb128 0x19
 1855 00a9 00       		.byte	0
 1856 00aa 00       		.byte	0
 1857 00ab 10       		.uleb128 0x10
 1858 00ac 17       		.uleb128 0x17
 1859 00ad 01       		.byte	0x1
 1860 00ae 0B       		.uleb128 0xb
 1861 00af 0B       		.uleb128 0xb
 1862 00b0 3A       		.uleb128 0x3a
 1863 00b1 0B       		.uleb128 0xb
 1864 00b2 3B       		.uleb128 0x3b
 1865 00b3 0B       		.uleb128 0xb
 1866 00b4 01       		.uleb128 0x1
 1867 00b5 13       		.uleb128 0x13
 1868 00b6 00       		.byte	0
 1869 00b7 00       		.byte	0
 1870 00b8 11       		.uleb128 0x11
 1871 00b9 0D       		.uleb128 0xd
 1872 00ba 00       		.byte	0
 1873 00bb 03       		.uleb128 0x3
 1874 00bc 0E       		.uleb128 0xe
 1875 00bd 3A       		.uleb128 0x3a
 1876 00be 0B       		.uleb128 0xb
 1877 00bf 3B       		.uleb128 0x3b
 1878 00c0 0B       		.uleb128 0xb
 1879 00c1 49       		.uleb128 0x49
 1880 00c2 13       		.uleb128 0x13
 1881 00c3 00       		.byte	0
ARM GAS  /var/folders/3j/4xdnk5197cv_b7cw3n33qk7r0000gn/T//cc5Y0n5i.s 			page 34


 1882 00c4 00       		.byte	0
 1883 00c5 12       		.uleb128 0x12
 1884 00c6 15       		.uleb128 0x15
 1885 00c7 01       		.byte	0x1
 1886 00c8 27       		.uleb128 0x27
 1887 00c9 19       		.uleb128 0x19
 1888 00ca 49       		.uleb128 0x49
 1889 00cb 13       		.uleb128 0x13
 1890 00cc 01       		.uleb128 0x1
 1891 00cd 13       		.uleb128 0x13
 1892 00ce 00       		.byte	0
 1893 00cf 00       		.byte	0
 1894 00d0 13       		.uleb128 0x13
 1895 00d1 01       		.uleb128 0x1
 1896 00d2 01       		.byte	0x1
 1897 00d3 49       		.uleb128 0x49
 1898 00d4 13       		.uleb128 0x13
 1899 00d5 01       		.uleb128 0x1
 1900 00d6 13       		.uleb128 0x13
 1901 00d7 00       		.byte	0
 1902 00d8 00       		.byte	0
 1903 00d9 14       		.uleb128 0x14
 1904 00da 21       		.uleb128 0x21
 1905 00db 00       		.byte	0
 1906 00dc 49       		.uleb128 0x49
 1907 00dd 13       		.uleb128 0x13
 1908 00de 2F       		.uleb128 0x2f
 1909 00df 0B       		.uleb128 0xb
 1910 00e0 00       		.byte	0
 1911 00e1 00       		.byte	0
 1912 00e2 15       		.uleb128 0x15
 1913 00e3 0D       		.uleb128 0xd
 1914 00e4 00       		.byte	0
 1915 00e5 03       		.uleb128 0x3
 1916 00e6 0E       		.uleb128 0xe
 1917 00e7 3A       		.uleb128 0x3a
 1918 00e8 0B       		.uleb128 0xb
 1919 00e9 3B       		.uleb128 0x3b
 1920 00ea 05       		.uleb128 0x5
 1921 00eb 49       		.uleb128 0x49
 1922 00ec 13       		.uleb128 0x13
 1923 00ed 38       		.uleb128 0x38
 1924 00ee 0B       		.uleb128 0xb
 1925 00ef 00       		.byte	0
 1926 00f0 00       		.byte	0
 1927 00f1 16       		.uleb128 0x16
 1928 00f2 16       		.uleb128 0x16
 1929 00f3 00       		.byte	0
 1930 00f4 03       		.uleb128 0x3
 1931 00f5 0E       		.uleb128 0xe
 1932 00f6 3A       		.uleb128 0x3a
 1933 00f7 0B       		.uleb128 0xb
 1934 00f8 3B       		.uleb128 0x3b
 1935 00f9 05       		.uleb128 0x5
 1936 00fa 49       		.uleb128 0x49
 1937 00fb 13       		.uleb128 0x13
 1938 00fc 00       		.byte	0
ARM GAS  /var/folders/3j/4xdnk5197cv_b7cw3n33qk7r0000gn/T//cc5Y0n5i.s 			page 35


 1939 00fd 00       		.byte	0
 1940 00fe 17       		.uleb128 0x17
 1941 00ff 13       		.uleb128 0x13
 1942 0100 00       		.byte	0
 1943 0101 0B       		.uleb128 0xb
 1944 0102 0B       		.uleb128 0xb
 1945 0103 3A       		.uleb128 0x3a
 1946 0104 0B       		.uleb128 0xb
 1947 0105 3B       		.uleb128 0x3b
 1948 0106 0B       		.uleb128 0xb
 1949 0107 00       		.byte	0
 1950 0108 00       		.byte	0
 1951 0109 18       		.uleb128 0x18
 1952 010a 04       		.uleb128 0x4
 1953 010b 01       		.byte	0x1
 1954 010c 3E       		.uleb128 0x3e
 1955 010d 0B       		.uleb128 0xb
 1956 010e 0B       		.uleb128 0xb
 1957 010f 0B       		.uleb128 0xb
 1958 0110 49       		.uleb128 0x49
 1959 0111 13       		.uleb128 0x13
 1960 0112 3A       		.uleb128 0x3a
 1961 0113 0B       		.uleb128 0xb
 1962 0114 3B       		.uleb128 0x3b
 1963 0115 0B       		.uleb128 0xb
 1964 0116 01       		.uleb128 0x1
 1965 0117 13       		.uleb128 0x13
 1966 0118 00       		.byte	0
 1967 0119 00       		.byte	0
 1968 011a 19       		.uleb128 0x19
 1969 011b 28       		.uleb128 0x28
 1970 011c 00       		.byte	0
 1971 011d 03       		.uleb128 0x3
 1972 011e 0E       		.uleb128 0xe
 1973 011f 1C       		.uleb128 0x1c
 1974 0120 0B       		.uleb128 0xb
 1975 0121 00       		.byte	0
 1976 0122 00       		.byte	0
 1977 0123 1A       		.uleb128 0x1a
 1978 0124 34       		.uleb128 0x34
 1979 0125 00       		.byte	0
 1980 0126 03       		.uleb128 0x3
 1981 0127 08       		.uleb128 0x8
 1982 0128 3A       		.uleb128 0x3a
 1983 0129 0B       		.uleb128 0xb
 1984 012a 3B       		.uleb128 0x3b
 1985 012b 0B       		.uleb128 0xb
 1986 012c 49       		.uleb128 0x49
 1987 012d 13       		.uleb128 0x13
 1988 012e 3F       		.uleb128 0x3f
 1989 012f 19       		.uleb128 0x19
 1990 0130 3C       		.uleb128 0x3c
 1991 0131 19       		.uleb128 0x19
 1992 0132 00       		.byte	0
 1993 0133 00       		.byte	0
 1994 0134 1B       		.uleb128 0x1b
 1995 0135 26       		.uleb128 0x26
ARM GAS  /var/folders/3j/4xdnk5197cv_b7cw3n33qk7r0000gn/T//cc5Y0n5i.s 			page 36


 1996 0136 00       		.byte	0
 1997 0137 00       		.byte	0
 1998 0138 00       		.byte	0
 1999 0139 00       		.byte	0
 2000              		.section	.debug_aranges,"",%progbits
 2001 0000 14000000 		.4byte	0x14
 2002 0004 0200     		.2byte	0x2
 2003 0006 00000000 		.4byte	.Ldebug_info0
 2004 000a 04       		.byte	0x4
 2005 000b 00       		.byte	0
 2006 000c 0000     		.2byte	0
 2007 000e 0000     		.2byte	0
 2008 0010 00000000 		.4byte	0
 2009 0014 00000000 		.4byte	0
 2010              		.section	.debug_line,"",%progbits
 2011              	.Ldebug_line0:
 2012 0000 70020000 		.section	.debug_str,"MS",%progbits,1
 2012      02006A02 
 2012      00000201 
 2012      FB0E0D00 
 2012      01010101 
 2013              	.LASF96:
 2014 0000 63665F6F 		.ascii	"cf_off_older\000"
 2014      66665F6F 
 2014      6C646572 
 2014      00
 2015              	.LASF42:
 2016 000d 705F6D73 		.ascii	"p_msg\000"
 2016      6700
 2017              	.LASF2:
 2018 0013 73697A65 		.ascii	"size_t\000"
 2018      5F7400
 2019              	.LASF81:
 2020 001a 7264796D 		.ascii	"rdymsg\000"
 2020      736700
 2021              	.LASF174:
 2022 0021 77726974 		.ascii	"write\000"
 2022      6500
 2023              	.LASF117:
 2024 0027 4F757470 		.ascii	"OutputQueue\000"
 2024      75745175 
 2024      65756500 
 2025              	.LASF3:
 2026 0033 5F5F7569 		.ascii	"__uint8_t\000"
 2026      6E74385F 
 2026      7400
 2027              	.LASF183:
 2028 003d 5350495F 		.ascii	"SPI_ACTIVE\000"
 2028      41435449 
 2028      564500
 2029              	.LASF68:
 2030 0048 76746C69 		.ascii	"vtlist\000"
 2030      737400
 2031              	.LASF119:
 2032 004f 62736364 		.ascii	"bscdevice_t\000"
 2032      65766963 
 2032      655F7400 
ARM GAS  /var/folders/3j/4xdnk5197cv_b7cw3n33qk7r0000gn/T//cc5Y0n5i.s 			page 37


 2033              	.LASF157:
 2034 005b 72786275 		.ascii	"rxbuf\000"
 2034      6600
 2035              	.LASF110:
 2036 0061 715F746F 		.ascii	"q_top\000"
 2036      7000
 2037              	.LASF13:
 2038 0067 6C6F6E67 		.ascii	"long long unsigned int\000"
 2038      206C6F6E 
 2038      6720756E 
 2038      7369676E 
 2038      65642069 
 2039              	.LASF92:
 2040 007e 63685F74 		.ascii	"ch_threadsize\000"
 2040      68726561 
 2040      6473697A 
 2040      6500
 2041              	.LASF82:
 2042 008c 65786974 		.ascii	"exitcode\000"
 2042      636F6465 
 2042      00
 2043              	.LASF186:
 2044 0095 53504944 		.ascii	"SPIDriver\000"
 2044      72697665 
 2044      7200
 2045              	.LASF124:
 2046 009f 64617461 		.ascii	"dataFifo\000"
 2046      4669666F 
 2046      00
 2047              	.LASF30:
 2048 00a8 705F7072 		.ascii	"p_prio\000"
 2048      696F00
 2049              	.LASF99:
 2050 00af 63665F6F 		.ascii	"cf_off_state\000"
 2050      66665F73 
 2050      74617465 
 2050      00
 2051              	.LASF179:
 2052 00bc 72656164 		.ascii	"readt\000"
 2052      7400
 2053              	.LASF150:
 2054 00c2 64657669 		.ascii	"device\000"
 2054      636500
 2055              	.LASF107:
 2056 00c9 715F7761 		.ascii	"q_waiting\000"
 2056      6974696E 
 2056      6700
 2057              	.LASF12:
 2058 00d3 6C6F6E67 		.ascii	"long long int\000"
 2058      206C6F6E 
 2058      6720696E 
 2058      7400
 2059              	.LASF1:
 2060 00e1 7369676E 		.ascii	"signed char\000"
 2060      65642063 
 2060      68617200 
 2061              	.LASF98:
ARM GAS  /var/folders/3j/4xdnk5197cv_b7cw3n33qk7r0000gn/T//cc5Y0n5i.s 			page 38


 2062 00ed 63665F6F 		.ascii	"cf_off_stklimit\000"
 2062      66665F73 
 2062      746B6C69 
 2062      6D697400 
 2063              	.LASF181:
 2064 00fd 5350495F 		.ascii	"SPI_STOP\000"
 2064      53544F50 
 2064      00
 2065              	.LASF100:
 2066 0106 63665F6F 		.ascii	"cf_off_flags\000"
 2066      66665F66 
 2066      6C616773 
 2066      00
 2067              	.LASF166:
 2068 0113 53445F53 		.ascii	"SD_STOP\000"
 2068      544F5000 
 2069              	.LASF71:
 2070 011b 6D5F7175 		.ascii	"m_queue\000"
 2070      65756500 
 2071              	.LASF153:
 2072 0123 61646472 		.ascii	"addr\000"
 2072      00
 2073              	.LASF200:
 2074 0128 474E5520 		.ascii	"GNU C11 7.3.1 20180622 (release) [ARM/embedded-7-br"
 2074      43313120 
 2074      372E332E 
 2074      31203230 
 2074      31383036 
 2075 015b 616E6368 		.ascii	"anch revision 261907] -mcpu=arm1176jz-s -mno-thumb-"
 2075      20726576 
 2075      6973696F 
 2075      6E203236 
 2075      31393037 
 2076 018e 696E7465 		.ascii	"interwork -ggdb -O2 -fomit-frame-pointer -ffunction"
 2076      72776F72 
 2076      6B202D67 
 2076      67646220 
 2076      2D4F3220 
 2077 01c1 2D736563 		.ascii	"-sections -fdata-sections\000"
 2077      74696F6E 
 2077      73202D66 
 2077      64617461 
 2077      2D736563 
 2078              	.LASF139:
 2079 01db 4932435F 		.ascii	"I2C_UNINIT\000"
 2079      554E494E 
 2079      495400
 2080              	.LASF161:
 2081 01e6 69326361 		.ascii	"i2caddr_t\000"
 2081      6464725F 
 2081      7400
 2082              	.LASF147:
 2083 01f0 73746174 		.ascii	"state\000"
 2083      6500
 2084              	.LASF9:
 2085 01f6 6C6F6E67 		.ascii	"long int\000"
 2085      20696E74 
ARM GAS  /var/folders/3j/4xdnk5197cv_b7cw3n33qk7r0000gn/T//cc5Y0n5i.s 			page 39


 2085      00
 2086              	.LASF19:
 2087 01ff 74737461 		.ascii	"tstate_t\000"
 2087      74655F74 
 2087      00
 2088              	.LASF152:
 2089 0208 74687265 		.ascii	"thread\000"
 2089      616400
 2090              	.LASF126:
 2091 020f 64617461 		.ascii	"dataDelay\000"
 2091      44656C61 
 2091      7900
 2092              	.LASF159:
 2093 0219 72786964 		.ascii	"rxidx\000"
 2093      7800
 2094              	.LASF109:
 2095 021f 715F6275 		.ascii	"q_buffer\000"
 2095      66666572 
 2095      00
 2096              	.LASF15:
 2097 0228 75696E74 		.ascii	"uint16_t\000"
 2097      31365F74 
 2097      00
 2098              	.LASF199:
 2099 0231 53504930 		.ascii	"SPI0\000"
 2099      00
 2100              	.LASF104:
 2101 0236 63686465 		.ascii	"chdebug_t\000"
 2101      6275675F 
 2101      7400
 2102              	.LASF142:
 2103 0240 4932435F 		.ascii	"I2C_ACTIVE_TX\000"
 2103      41435449 
 2103      56455F54 
 2103      5800
 2104              	.LASF196:
 2105 024e 636C6F63 		.ascii	"clock_phase\000"
 2105      6B5F7068 
 2105      61736500 
 2106              	.LASF32:
 2107 025a 705F6E65 		.ascii	"p_newer\000"
 2107      77657200 
 2108              	.LASF118:
 2109 0262 5F69646C 		.ascii	"_idle_thread_wa\000"
 2109      655F7468 
 2109      72656164 
 2109      5F776100 
 2110              	.LASF189:
 2111 0272 656E645F 		.ascii	"end_cb\000"
 2111      636200
 2112              	.LASF187:
 2113 0279 7478636E 		.ascii	"txcnt\000"
 2113      7400
 2114              	.LASF193:
 2115 027f 63686970 		.ascii	"chip_select_polarity0\000"
 2115      5F73656C 
 2115      6563745F 
ARM GAS  /var/folders/3j/4xdnk5197cv_b7cw3n33qk7r0000gn/T//cc5Y0n5i.s 			page 40


 2115      706F6C61 
 2115      72697479 
 2116              	.LASF194:
 2117 0295 63686970 		.ascii	"chip_select_polarity1\000"
 2117      5F73656C 
 2117      6563745F 
 2117      706F6C61 
 2117      72697479 
 2118              	.LASF120:
 2119 02ab 636F6E74 		.ascii	"control\000"
 2119      726F6C00 
 2120              	.LASF10:
 2121 02b3 5F5F7569 		.ascii	"__uint32_t\000"
 2121      6E743332 
 2121      5F7400
 2122              	.LASF49:
 2123 02be 72656761 		.ascii	"regarm_t\000"
 2123      726D5F74 
 2123      00
 2124              	.LASF55:
 2125 02c7 76745F70 		.ascii	"vt_prev\000"
 2125      72657600 
 2126              	.LASF123:
 2127 02cf 736C6176 		.ascii	"slaveAddress\000"
 2127      65416464 
 2127      72657373 
 2127      00
 2128              	.LASF188:
 2129 02dc 73706963 		.ascii	"spicallback_t\000"
 2129      616C6C62 
 2129      61636B5F 
 2129      7400
 2130              	.LASF164:
 2131 02ea 49324330 		.ascii	"I2C0\000"
 2131      00
 2132              	.LASF79:
 2133 02ef 4576656E 		.ascii	"EventSource\000"
 2133      74536F75 
 2133      72636500 
 2134              	.LASF0:
 2135 02fb 756E7369 		.ascii	"unsigned int\000"
 2135      676E6564 
 2135      20696E74 
 2135      00
 2136              	.LASF54:
 2137 0308 76745F6E 		.ascii	"vt_next\000"
 2137      65787400 
 2138              	.LASF154:
 2139 0310 74786275 		.ascii	"txbuf\000"
 2139      6600
 2140              	.LASF173:
 2141 0316 53657269 		.ascii	"SerialDriverVMT\000"
 2141      616C4472 
 2141      69766572 
 2141      564D5400 
 2142              	.LASF149:
 2143 0326 6572726F 		.ascii	"errors\000"
ARM GAS  /var/folders/3j/4xdnk5197cv_b7cw3n33qk7r0000gn/T//cc5Y0n5i.s 			page 41


 2143      727300
 2144              	.LASF171:
 2145 032d 69717565 		.ascii	"iqueue\000"
 2145      756500
 2146              	.LASF11:
 2147 0334 6C6F6E67 		.ascii	"long unsigned int\000"
 2147      20756E73 
 2147      69676E65 
 2147      6420696E 
 2147      7400
 2148              	.LASF105:
 2149 0346 63685F64 		.ascii	"ch_debug\000"
 2149      65627567 
 2149      00
 2150              	.LASF177:
 2151 034f 67657474 		.ascii	"gett\000"
 2151      00
 2152              	.LASF52:
 2153 0354 76746675 		.ascii	"vtfunc_t\000"
 2153      6E635F74 
 2153      00
 2154              	.LASF86:
 2155 035d 63685F69 		.ascii	"ch_identifier\000"
 2155      64656E74 
 2155      69666965 
 2155      7200
 2156              	.LASF192:
 2157 036b 63686970 		.ascii	"chip_select_polarity\000"
 2157      5F73656C 
 2157      6563745F 
 2157      706F6C61 
 2157      72697479 
 2158              	.LASF170:
 2159 0380 6576656E 		.ascii	"event\000"
 2159      7400
 2160              	.LASF51:
 2161 0386 636F6E74 		.ascii	"context\000"
 2161      65787400 
 2162              	.LASF7:
 2163 038e 73686F72 		.ascii	"short unsigned int\000"
 2163      7420756E 
 2163      7369676E 
 2163      65642069 
 2163      6E7400
 2164              	.LASF134:
 2165 03a1 6770696F 		.ascii	"gpio_port_t\000"
 2165      5F706F72 
 2165      745F7400 
 2166              	.LASF130:
 2167 03ad 6770636C 		.ascii	"gpclr\000"
 2167      7200
 2168              	.LASF23:
 2169 03b3 6D73675F 		.ascii	"msg_t\000"
 2169      7400
 2170              	.LASF172:
 2171 03b9 6F717565 		.ascii	"oqueue\000"
 2171      756500
ARM GAS  /var/folders/3j/4xdnk5197cv_b7cw3n33qk7r0000gn/T//cc5Y0n5i.s 			page 42


 2172              	.LASF64:
 2173 03c0 725F6E65 		.ascii	"r_newer\000"
 2173      77657200 
 2174              	.LASF75:
 2175 03c8 656C5F6E 		.ascii	"el_next\000"
 2175      65787400 
 2176              	.LASF178:
 2177 03d0 77726974 		.ascii	"writet\000"
 2177      657400
 2178              	.LASF18:
 2179 03d7 746D6F64 		.ascii	"tmode_t\000"
 2179      655F7400 
 2180              	.LASF47:
 2181 03df 54687265 		.ascii	"ThreadsList\000"
 2181      6164734C 
 2181      69737400 
 2182              	.LASF24:
 2183 03eb 6576656E 		.ascii	"eventmask_t\000"
 2183      746D6173 
 2183      6B5F7400 
 2184              	.LASF116:
 2185 03f7 496E7075 		.ascii	"InputQueue\000"
 2185      74517565 
 2185      756500
 2186              	.LASF70:
 2187 0402 4D757465 		.ascii	"Mutex\000"
 2187      7800
 2188              	.LASF143:
 2189 0408 4932435F 		.ascii	"I2C_ACTIVE_RX\000"
 2189      41435449 
 2189      56455F52 
 2189      5800
 2190              	.LASF106:
 2191 0416 47656E65 		.ascii	"GenericQueue\000"
 2191      72696351 
 2191      75657565 
 2191      00
 2192              	.LASF48:
 2193 0423 73746B61 		.ascii	"stkalign_t\000"
 2193      6C69676E 
 2193      5F7400
 2194              	.LASF87:
 2195 042e 63685F7A 		.ascii	"ch_zero\000"
 2195      65726F00 
 2196              	.LASF101:
 2197 0436 63665F6F 		.ascii	"cf_off_refs\000"
 2197      66665F72 
 2197      65667300 
 2198              	.LASF131:
 2199 0442 67706C65 		.ascii	"gplev\000"
 2199      7600
 2200              	.LASF176:
 2201 0448 70757474 		.ascii	"putt\000"
 2201      00
 2202              	.LASF56:
 2203 044d 76745F74 		.ascii	"vt_time\000"
 2203      696D6500 
ARM GAS  /var/folders/3j/4xdnk5197cv_b7cw3n33qk7r0000gn/T//cc5Y0n5i.s 			page 43


 2204              	.LASF140:
 2205 0455 4932435F 		.ascii	"I2C_STOP\000"
 2205      53544F50 
 2205      00
 2206              	.LASF125:
 2207 045e 636C6F63 		.ascii	"clockDivider\000"
 2207      6B446976 
 2207      69646572 
 2207      00
 2208              	.LASF108:
 2209 046b 715F636F 		.ascii	"q_counter\000"
 2209      756E7465 
 2209      7200
 2210              	.LASF57:
 2211 0475 76745F66 		.ascii	"vt_func\000"
 2211      756E6300 
 2212              	.LASF91:
 2213 047d 63685F74 		.ascii	"ch_timesize\000"
 2213      696D6573 
 2213      697A6500 
 2214              	.LASF162:
 2215 0489 69635F73 		.ascii	"ic_speed\000"
 2215      70656564 
 2215      00
 2216              	.LASF97:
 2217 0492 63665F6F 		.ascii	"cf_off_name\000"
 2217      66665F6E 
 2217      616D6500 
 2218              	.LASF33:
 2219 049e 705F6F6C 		.ascii	"p_older\000"
 2219      64657200 
 2220              	.LASF158:
 2221 04a6 72786279 		.ascii	"rxbytes\000"
 2221      74657300 
 2222              	.LASF111:
 2223 04ae 715F7772 		.ascii	"q_wrptr\000"
 2223      70747200 
 2224              	.LASF63:
 2225 04b6 725F6374 		.ascii	"r_ctx\000"
 2225      7800
 2226              	.LASF46:
 2227 04bc 54687265 		.ascii	"ThreadsQueue\000"
 2227      61647351 
 2227      75657565 
 2227      00
 2228              	.LASF88:
 2229 04c9 63685F73 		.ascii	"ch_size\000"
 2229      697A6500 
 2230              	.LASF136:
 2231 04d1 494F504F 		.ascii	"IOPORT0\000"
 2231      52543000 
 2232              	.LASF66:
 2233 04d9 725F6375 		.ascii	"r_current\000"
 2233      7272656E 
 2233      7400
 2234              	.LASF65:
 2235 04e3 725F6F6C 		.ascii	"r_older\000"
ARM GAS  /var/folders/3j/4xdnk5197cv_b7cw3n33qk7r0000gn/T//cc5Y0n5i.s 			page 44


 2235      64657200 
 2236              	.LASF77:
 2237 04eb 656C5F6D 		.ascii	"el_mask\000"
 2237      61736B00 
 2238              	.LASF129:
 2239 04f3 67707365 		.ascii	"gpset\000"
 2239      7400
 2240              	.LASF132:
 2241 04f9 67707075 		.ascii	"gppudclk\000"
 2241      64636C6B 
 2241      00
 2242              	.LASF190:
 2243 0502 6C6F7373 		.ascii	"lossiEnabled\000"
 2243      69456E61 
 2243      626C6564 
 2243      00
 2244              	.LASF191:
 2245 050f 63686970 		.ascii	"chip_select\000"
 2245      5F73656C 
 2245      65637400 
 2246              	.LASF20:
 2247 051b 74726566 		.ascii	"trefs_t\000"
 2247      735F7400 
 2248              	.LASF145:
 2249 0523 69326373 		.ascii	"i2cstate_t\000"
 2249      74617465 
 2249      5F7400
 2250              	.LASF90:
 2251 052e 63685F70 		.ascii	"ch_ptrsize\000"
 2251      74727369 
 2251      7A6500
 2252              	.LASF115:
 2253 0539 716E6F74 		.ascii	"qnotify_t\000"
 2253      6966795F 
 2253      7400
 2254              	.LASF29:
 2255 0543 705F7072 		.ascii	"p_prev\000"
 2255      657600
 2256              	.LASF22:
 2257 054a 74707269 		.ascii	"tprio_t\000"
 2257      6F5F7400 
 2258              	.LASF112:
 2259 0552 715F7264 		.ascii	"q_rdptr\000"
 2259      70747200 
 2260              	.LASF160:
 2261 055a 69326366 		.ascii	"i2cflags_t\000"
 2261      6C616773 
 2261      5F7400
 2262              	.LASF151:
 2263 0565 6D757465 		.ascii	"mutex\000"
 2263      7800
 2264              	.LASF16:
 2265 056b 696E7433 		.ascii	"int32_t\000"
 2265      325F7400 
 2266              	.LASF4:
 2267 0573 756E7369 		.ascii	"unsigned char\000"
 2267      676E6564 
ARM GAS  /var/folders/3j/4xdnk5197cv_b7cw3n33qk7r0000gn/T//cc5Y0n5i.s 			page 45


 2267      20636861 
 2267      7200
 2268              	.LASF76:
 2269 0581 656C5F6C 		.ascii	"el_listener\000"
 2269      69737465 
 2269      6E657200 
 2270              	.LASF202:
 2271 058d 2F557365 		.ascii	"/Users/kevinmalmsten/development_raspberry_pi/Chibi"
 2271      72732F6B 
 2271      6576696E 
 2271      6D616C6D 
 2271      7374656E 
 2272 05c0 4F532D42 		.ascii	"OS-Backup/__Backup_System\000"
 2272      61636B75 
 2272      702F5F5F 
 2272      4261636B 
 2272      75705F53 
 2273              	.LASF78:
 2274 05da 656C5F66 		.ascii	"el_flags\000"
 2274      6C616773 
 2274      00
 2275              	.LASF44:
 2276 05e3 705F6D74 		.ascii	"p_mtxlist\000"
 2276      786C6973 
 2276      7400
 2277              	.LASF5:
 2278 05ed 73686F72 		.ascii	"short int\000"
 2278      7420696E 
 2278      7400
 2279              	.LASF35:
 2280 05f7 705F7374 		.ascii	"p_state\000"
 2280      61746500 
 2281              	.LASF38:
 2282 05ff 705F7072 		.ascii	"p_preempt\000"
 2282      65656D70 
 2282      7400
 2283              	.LASF103:
 2284 0609 63665F6F 		.ascii	"cf_off_time\000"
 2284      66665F74 
 2284      696D6500 
 2285              	.LASF62:
 2286 0615 725F7072 		.ascii	"r_prio\000"
 2286      696F00
 2287              	.LASF133:
 2288 061c 70696E5F 		.ascii	"pin_base\000"
 2288      62617365 
 2288      00
 2289              	.LASF84:
 2290 0625 65776D61 		.ascii	"ewmask\000"
 2290      736B00
 2291              	.LASF28:
 2292 062c 705F6E65 		.ascii	"p_next\000"
 2292      787400
 2293              	.LASF137:
 2294 0633 494F504F 		.ascii	"IOPORT1\000"
 2294      52543100 
 2295              	.LASF102:
ARM GAS  /var/folders/3j/4xdnk5197cv_b7cw3n33qk7r0000gn/T//cc5Y0n5i.s 			page 46


 2296 063b 63665F6F 		.ascii	"cf_off_preempt\000"
 2296      66665F70 
 2296      7265656D 
 2296      707400
 2297              	.LASF36:
 2298 064a 705F666C 		.ascii	"p_flags\000"
 2298      61677300 
 2299              	.LASF201:
 2300 0652 2E2E2F2F 		.ascii	"..//os/hal/src/serial_usb.c\000"
 2300      6F732F68 
 2300      616C2F73 
 2300      72632F73 
 2300      65726961 
 2301              	.LASF27:
 2302 066e 54687265 		.ascii	"Thread\000"
 2302      616400
 2303              	.LASF197:
 2304 0675 636C6F63 		.ascii	"clock_divider\000"
 2304      6B5F6469 
 2304      76696465 
 2304      7200
 2305              	.LASF95:
 2306 0683 63665F6F 		.ascii	"cf_off_newer\000"
 2306      66665F6E 
 2306      65776572 
 2306      00
 2307              	.LASF144:
 2308 0690 4932435F 		.ascii	"I2C_LOCKED\000"
 2308      4C4F434B 
 2308      454400
 2309              	.LASF43:
 2310 069b 705F6570 		.ascii	"p_epending\000"
 2310      656E6469 
 2310      6E6700
 2311              	.LASF165:
 2312 06a6 53445F55 		.ascii	"SD_UNINIT\000"
 2312      4E494E49 
 2312      5400
 2313              	.LASF17:
 2314 06b0 75696E74 		.ascii	"uint32_t\000"
 2314      33325F74 
 2314      00
 2315              	.LASF93:
 2316 06b9 63665F6F 		.ascii	"cf_off_prio\000"
 2316      66665F70 
 2316      72696F00 
 2317              	.LASF61:
 2318 06c5 725F7175 		.ascii	"r_queue\000"
 2318      65756500 
 2319              	.LASF53:
 2320 06cd 56697274 		.ascii	"VirtualTimer\000"
 2320      75616C54 
 2320      696D6572 
 2320      00
 2321              	.LASF169:
 2322 06da 53657269 		.ascii	"SerialDriver\000"
 2322      616C4472 
ARM GAS  /var/folders/3j/4xdnk5197cv_b7cw3n33qk7r0000gn/T//cc5Y0n5i.s 			page 47


 2322      69766572 
 2322      00
 2323              	.LASF21:
 2324 06e7 74736C69 		.ascii	"tslices_t\000"
 2324      6365735F 
 2324      7400
 2325              	.LASF175:
 2326 06f1 72656164 		.ascii	"read\000"
 2326      00
 2327              	.LASF85:
 2328 06f6 63686172 		.ascii	"char\000"
 2328      00
 2329              	.LASF184:
 2330 06fb 5350495F 		.ascii	"SPI_COMPLETE\000"
 2330      434F4D50 
 2330      4C455445 
 2330      00
 2331              	.LASF148:
 2332 0708 636F6E66 		.ascii	"config\000"
 2332      696700
 2333              	.LASF6:
 2334 070f 5F5F7569 		.ascii	"__uint16_t\000"
 2334      6E743136 
 2334      5F7400
 2335              	.LASF185:
 2336 071a 73706973 		.ascii	"spistate_t\000"
 2336      74617465 
 2336      5F7400
 2337              	.LASF73:
 2338 0725 6D5F6E65 		.ascii	"m_next\000"
 2338      787400
 2339              	.LASF26:
 2340 072c 73797374 		.ascii	"systime_t\000"
 2340      696D655F 
 2340      7400
 2341              	.LASF45:
 2342 0736 705F7265 		.ascii	"p_realprio\000"
 2342      616C7072 
 2342      696F00
 2343              	.LASF8:
 2344 0741 5F5F696E 		.ascii	"__int32_t\000"
 2344      7433325F 
 2344      7400
 2345              	.LASF141:
 2346 074b 4932435F 		.ascii	"I2C_READY\000"
 2346      52454144 
 2346      5900
 2347              	.LASF146:
 2348 0755 49324344 		.ascii	"I2CDriver\000"
 2348      72697665 
 2348      7200
 2349              	.LASF39:
 2350 075f 705F7469 		.ascii	"p_time\000"
 2350      6D6500
 2351              	.LASF195:
 2352 0766 636C6F63 		.ascii	"clock_polarity\000"
 2352      6B5F706F 
ARM GAS  /var/folders/3j/4xdnk5197cv_b7cw3n33qk7r0000gn/T//cc5Y0n5i.s 			page 48


 2352      6C617269 
 2352      747900
 2353              	.LASF50:
 2354 0775 696E7463 		.ascii	"intctx\000"
 2354      747800
 2355              	.LASF41:
 2356 077c 705F6D73 		.ascii	"p_msgqueue\000"
 2356      67717565 
 2356      756500
 2357              	.LASF167:
 2358 0787 53445F52 		.ascii	"SD_READY\000"
 2358      45414459 
 2358      00
 2359              	.LASF182:
 2360 0790 5350495F 		.ascii	"SPI_READY\000"
 2360      52454144 
 2360      5900
 2361              	.LASF180:
 2362 079a 5350495F 		.ascii	"SPI_UNINIT\000"
 2362      554E494E 
 2362      495400
 2363              	.LASF58:
 2364 07a5 76745F70 		.ascii	"vt_par\000"
 2364      617200
 2365              	.LASF25:
 2366 07ac 666C6167 		.ascii	"flagsmask_t\000"
 2366      736D6173 
 2366      6B5F7400 
 2367              	.LASF163:
 2368 07b8 49324343 		.ascii	"I2CConfig\000"
 2368      6F6E6669 
 2368      6700
 2369              	.LASF168:
 2370 07c2 73647374 		.ascii	"sdstate_t\000"
 2370      6174655F 
 2370      7400
 2371              	.LASF156:
 2372 07cc 74786964 		.ascii	"txidx\000"
 2372      7800
 2373              	.LASF94:
 2374 07d2 63665F6F 		.ascii	"cf_off_ctx\000"
 2374      66665F63 
 2374      747800
 2375              	.LASF37:
 2376 07dd 705F7265 		.ascii	"p_refs\000"
 2376      667300
 2377              	.LASF121:
 2378 07e4 73746174 		.ascii	"status\000"
 2378      757300
 2379              	.LASF67:
 2380 07eb 52656164 		.ascii	"ReadyList\000"
 2380      794C6973 
 2380      7400
 2381              	.LASF113:
 2382 07f5 715F6E6F 		.ascii	"q_notify\000"
 2382      74696679 
 2382      00
ARM GAS  /var/folders/3j/4xdnk5197cv_b7cw3n33qk7r0000gn/T//cc5Y0n5i.s 			page 49


 2383              	.LASF69:
 2384 07fe 726C6973 		.ascii	"rlist\000"
 2384      7400
 2385              	.LASF14:
 2386 0804 75696E74 		.ascii	"uint8_t\000"
 2386      385F7400 
 2387              	.LASF128:
 2388 080c 6C617463 		.ascii	"latch\000"
 2388      6800
 2389              	.LASF74:
 2390 0812 4576656E 		.ascii	"EventListener\000"
 2390      744C6973 
 2390      74656E65 
 2390      7200
 2391              	.LASF83:
 2392 0820 77746F62 		.ascii	"wtobjp\000"
 2392      6A7000
 2393              	.LASF34:
 2394 0827 705F6E61 		.ascii	"p_name\000"
 2394      6D6500
 2395              	.LASF59:
 2396 082e 76745F73 		.ascii	"vt_systime\000"
 2396      79737469 
 2396      6D6500
 2397              	.LASF80:
 2398 0839 65735F6E 		.ascii	"es_next\000"
 2398      65787400 
 2399              	.LASF198:
 2400 0841 53504943 		.ascii	"SPIConfig\000"
 2400      6F6E6669 
 2400      6700
 2401              	.LASF89:
 2402 084b 63685F76 		.ascii	"ch_version\000"
 2402      65727369 
 2402      6F6E00
 2403              	.LASF122:
 2404 0856 64617461 		.ascii	"dataLength\000"
 2404      4C656E67 
 2404      746800
 2405              	.LASF60:
 2406 0861 56544C69 		.ascii	"VTList\000"
 2406      737400
 2407              	.LASF114:
 2408 0868 715F6C69 		.ascii	"q_link\000"
 2408      6E6B00
 2409              	.LASF135:
 2410 086f 50414C43 		.ascii	"PALConfig\000"
 2410      6F6E6669 
 2410      6700
 2411              	.LASF72:
 2412 0879 6D5F6F77 		.ascii	"m_owner\000"
 2412      6E657200 
 2413              	.LASF138:
 2414 0881 70616C5F 		.ascii	"pal_default_config\000"
 2414      64656661 
 2414      756C745F 
 2414      636F6E66 
ARM GAS  /var/folders/3j/4xdnk5197cv_b7cw3n33qk7r0000gn/T//cc5Y0n5i.s 			page 50


 2414      696700
 2415              	.LASF31:
 2416 0894 705F6374 		.ascii	"p_ctx\000"
 2416      7800
 2417              	.LASF40:
 2418 089a 705F7761 		.ascii	"p_waiting\000"
 2418      6974696E 
 2418      6700
 2419              	.LASF155:
 2420 08a4 74786279 		.ascii	"txbytes\000"
 2420      74657300 
 2421              	.LASF127:
 2422 08ac 636C6F63 		.ascii	"clockStretchTimeout\000"
 2422      6B537472 
 2422      65746368 
 2422      54696D65 
 2422      6F757400 
 2423              		.ident	"GCC: (GNU Tools for Arm Embedded Processors 7-2018-q2-update) 7.3.1 20180622 (release) [AR
ARM GAS  /var/folders/3j/4xdnk5197cv_b7cw3n33qk7r0000gn/T//cc5Y0n5i.s 			page 51


DEFINED SYMBOLS
                            *ABS*:0000000000000000 serial_usb.c

NO UNDEFINED SYMBOLS
