ARM GAS  /var/folders/3j/4xdnk5197cv_b7cw3n33qk7r0000gn/T//ccSfb32Q.s 			page 1


   1              		.cpu arm1176jz-s
   2              		.eabi_attribute 20, 1
   3              		.eabi_attribute 21, 1
   4              		.eabi_attribute 23, 3
   5              		.eabi_attribute 24, 1
   6              		.eabi_attribute 25, 1
   7              		.eabi_attribute 26, 1
   8              		.eabi_attribute 30, 2
   9              		.eabi_attribute 34, 1
  10              		.eabi_attribute 18, 4
  11              		.file	"vl53l0x_api_ranging.c"
  12              		.text
  13              	.Ltext0:
  14              		.cfi_sections	.debug_frame
  15              	.Letext0:
  16              		.file 1 "/usr/local/Cellar/gcc-arm-none-eabi/20180627/arm-none-eabi/include/sys/lock.h"
  17              		.file 2 "/usr/local/Cellar/gcc-arm-none-eabi/20180627/arm-none-eabi/include/sys/_types.h"
  18              		.file 3 "/usr/local/Cellar/gcc-arm-none-eabi/20180627/lib/gcc/arm-none-eabi/7.3.1/include/stddef.h
  19              		.file 4 "/usr/local/Cellar/gcc-arm-none-eabi/20180627/arm-none-eabi/include/sys/reent.h"
  20              		.file 5 "/usr/local/Cellar/gcc-arm-none-eabi/20180627/arm-none-eabi/include/stdlib.h"
  21              		.section	.debug_info,"",%progbits
  22              	.Ldebug_info0:
  23 0000 94080000 		.4byte	0x894
  24 0004 0400     		.2byte	0x4
  25 0006 00000000 		.4byte	.Ldebug_abbrev0
  26 000a 04       		.byte	0x4
  27 000b 01       		.uleb128 0x1
  28 000c 00000000 		.4byte	.LASF122
  29 0010 0C       		.byte	0xc
  30 0011 DD040000 		.4byte	.LASF123
  31 0015 50030000 		.4byte	.LASF124
  32 0019 00000000 		.4byte	.Ldebug_line0
  33 001d 02       		.uleb128 0x2
  34 001e 01       		.byte	0x1
  35 001f 06       		.byte	0x6
  36 0020 CA040000 		.4byte	.LASF0
  37 0024 02       		.uleb128 0x2
  38 0025 01       		.byte	0x1
  39 0026 08       		.byte	0x8
  40 0027 6A040000 		.4byte	.LASF1
  41 002b 02       		.uleb128 0x2
  42 002c 02       		.byte	0x2
  43 002d 05       		.byte	0x5
  44 002e 9D030000 		.4byte	.LASF2
  45 0032 02       		.uleb128 0x2
  46 0033 02       		.byte	0x2
  47 0034 07       		.byte	0x7
  48 0035 0C050000 		.4byte	.LASF3
  49 0039 02       		.uleb128 0x2
  50 003a 04       		.byte	0x4
  51 003b 05       		.byte	0x5
  52 003c A7030000 		.4byte	.LASF4
  53 0040 02       		.uleb128 0x2
  54 0041 04       		.byte	0x4
  55 0042 07       		.byte	0x7
  56 0043 2F040000 		.4byte	.LASF5
  57 0047 02       		.uleb128 0x2
ARM GAS  /var/folders/3j/4xdnk5197cv_b7cw3n33qk7r0000gn/T//ccSfb32Q.s 			page 2


  58 0048 08       		.byte	0x8
  59 0049 05       		.byte	0x5
  60 004a BA020000 		.4byte	.LASF6
  61 004e 02       		.uleb128 0x2
  62 004f 08       		.byte	0x8
  63 0050 07       		.byte	0x7
  64 0051 98010000 		.4byte	.LASF7
  65 0055 03       		.uleb128 0x3
  66 0056 04       		.byte	0x4
  67 0057 05       		.byte	0x5
  68 0058 696E7400 		.ascii	"int\000"
  69 005c 02       		.uleb128 0x2
  70 005d 04       		.byte	0x4
  71 005e 07       		.byte	0x7
  72 005f E0000000 		.4byte	.LASF8
  73 0063 02       		.uleb128 0x2
  74 0064 08       		.byte	0x8
  75 0065 04       		.byte	0x4
  76 0066 2D030000 		.4byte	.LASF9
  77 006a 02       		.uleb128 0x2
  78 006b 01       		.byte	0x1
  79 006c 08       		.byte	0x8
  80 006d 4C020000 		.4byte	.LASF10
  81 0071 04       		.uleb128 0x4
  82 0072 6A000000 		.4byte	0x6a
  83 0076 05       		.uleb128 0x5
  84 0077 04       		.byte	0x4
  85 0078 06       		.uleb128 0x6
  86 0079 39030000 		.4byte	.LASF11
  87 007d 01       		.byte	0x1
  88 007e 22       		.byte	0x22
  89 007f 83000000 		.4byte	0x83
  90 0083 07       		.uleb128 0x7
  91 0084 04       		.byte	0x4
  92 0085 89000000 		.4byte	0x89
  93 0089 08       		.uleb128 0x8
  94 008a 5B040000 		.4byte	.LASF117
  95 008e 06       		.uleb128 0x6
  96 008f 2E050000 		.4byte	.LASF12
  97 0093 02       		.byte	0x2
  98 0094 2C       		.byte	0x2c
  99 0095 39000000 		.4byte	0x39
 100 0099 06       		.uleb128 0x6
 101 009a 29010000 		.4byte	.LASF13
 102 009e 02       		.byte	0x2
 103 009f 72       		.byte	0x72
 104 00a0 39000000 		.4byte	0x39
 105 00a4 09       		.uleb128 0x9
 106 00a5 48040000 		.4byte	.LASF14
 107 00a9 03       		.byte	0x3
 108 00aa 6501     		.2byte	0x165
 109 00ac 5C000000 		.4byte	0x5c
 110 00b0 0A       		.uleb128 0xa
 111 00b1 04       		.byte	0x4
 112 00b2 02       		.byte	0x2
 113 00b3 A6       		.byte	0xa6
 114 00b4 CF000000 		.4byte	0xcf
ARM GAS  /var/folders/3j/4xdnk5197cv_b7cw3n33qk7r0000gn/T//ccSfb32Q.s 			page 3


 115 00b8 0B       		.uleb128 0xb
 116 00b9 86020000 		.4byte	.LASF15
 117 00bd 02       		.byte	0x2
 118 00be A8       		.byte	0xa8
 119 00bf A4000000 		.4byte	0xa4
 120 00c3 0B       		.uleb128 0xb
 121 00c4 C1030000 		.4byte	.LASF16
 122 00c8 02       		.byte	0x2
 123 00c9 A9       		.byte	0xa9
 124 00ca CF000000 		.4byte	0xcf
 125 00ce 00       		.byte	0
 126 00cf 0C       		.uleb128 0xc
 127 00d0 24000000 		.4byte	0x24
 128 00d4 DF000000 		.4byte	0xdf
 129 00d8 0D       		.uleb128 0xd
 130 00d9 5C000000 		.4byte	0x5c
 131 00dd 03       		.byte	0x3
 132 00de 00       		.byte	0
 133 00df 0E       		.uleb128 0xe
 134 00e0 08       		.byte	0x8
 135 00e1 02       		.byte	0x2
 136 00e2 A3       		.byte	0xa3
 137 00e3 00010000 		.4byte	0x100
 138 00e7 0F       		.uleb128 0xf
 139 00e8 62010000 		.4byte	.LASF17
 140 00ec 02       		.byte	0x2
 141 00ed A5       		.byte	0xa5
 142 00ee 55000000 		.4byte	0x55
 143 00f2 00       		.byte	0
 144 00f3 0F       		.uleb128 0xf
 145 00f4 21020000 		.4byte	.LASF18
 146 00f8 02       		.byte	0x2
 147 00f9 AA       		.byte	0xaa
 148 00fa B0000000 		.4byte	0xb0
 149 00fe 04       		.byte	0x4
 150 00ff 00       		.byte	0
 151 0100 06       		.uleb128 0x6
 152 0101 05030000 		.4byte	.LASF19
 153 0105 02       		.byte	0x2
 154 0106 AB       		.byte	0xab
 155 0107 DF000000 		.4byte	0xdf
 156 010b 06       		.uleb128 0x6
 157 010c 7D020000 		.4byte	.LASF20
 158 0110 02       		.byte	0x2
 159 0111 AF       		.byte	0xaf
 160 0112 78000000 		.4byte	0x78
 161 0116 06       		.uleb128 0x6
 162 0117 DE020000 		.4byte	.LASF21
 163 011b 04       		.byte	0x4
 164 011c 16       		.byte	0x16
 165 011d 40000000 		.4byte	0x40
 166 0121 10       		.uleb128 0x10
 167 0122 3E010000 		.4byte	.LASF26
 168 0126 18       		.byte	0x18
 169 0127 04       		.byte	0x4
 170 0128 2F       		.byte	0x2f
 171 0129 74010000 		.4byte	0x174
ARM GAS  /var/folders/3j/4xdnk5197cv_b7cw3n33qk7r0000gn/T//ccSfb32Q.s 			page 4


 172 012d 0F       		.uleb128 0xf
 173 012e 0A020000 		.4byte	.LASF22
 174 0132 04       		.byte	0x4
 175 0133 31       		.byte	0x31
 176 0134 74010000 		.4byte	0x174
 177 0138 00       		.byte	0
 178 0139 11       		.uleb128 0x11
 179 013a 5F6B00   		.ascii	"_k\000"
 180 013d 04       		.byte	0x4
 181 013e 32       		.byte	0x32
 182 013f 55000000 		.4byte	0x55
 183 0143 04       		.byte	0x4
 184 0144 0F       		.uleb128 0xf
 185 0145 09040000 		.4byte	.LASF23
 186 0149 04       		.byte	0x4
 187 014a 32       		.byte	0x32
 188 014b 55000000 		.4byte	0x55
 189 014f 08       		.byte	0x8
 190 0150 0F       		.uleb128 0xf
 191 0151 B5030000 		.4byte	.LASF24
 192 0155 04       		.byte	0x4
 193 0156 32       		.byte	0x32
 194 0157 55000000 		.4byte	0x55
 195 015b 0C       		.byte	0xc
 196 015c 0F       		.uleb128 0xf
 197 015d C4010000 		.4byte	.LASF25
 198 0161 04       		.byte	0x4
 199 0162 32       		.byte	0x32
 200 0163 55000000 		.4byte	0x55
 201 0167 10       		.byte	0x10
 202 0168 11       		.uleb128 0x11
 203 0169 5F7800   		.ascii	"_x\000"
 204 016c 04       		.byte	0x4
 205 016d 33       		.byte	0x33
 206 016e 7A010000 		.4byte	0x17a
 207 0172 14       		.byte	0x14
 208 0173 00       		.byte	0
 209 0174 07       		.uleb128 0x7
 210 0175 04       		.byte	0x4
 211 0176 21010000 		.4byte	0x121
 212 017a 0C       		.uleb128 0xc
 213 017b 16010000 		.4byte	0x116
 214 017f 8A010000 		.4byte	0x18a
 215 0183 0D       		.uleb128 0xd
 216 0184 5C000000 		.4byte	0x5c
 217 0188 00       		.byte	0
 218 0189 00       		.byte	0
 219 018a 10       		.uleb128 0x10
 220 018b 24040000 		.4byte	.LASF27
 221 018f 24       		.byte	0x24
 222 0190 04       		.byte	0x4
 223 0191 37       		.byte	0x37
 224 0192 03020000 		.4byte	0x203
 225 0196 0F       		.uleb128 0xf
 226 0197 E3010000 		.4byte	.LASF28
 227 019b 04       		.byte	0x4
 228 019c 39       		.byte	0x39
ARM GAS  /var/folders/3j/4xdnk5197cv_b7cw3n33qk7r0000gn/T//ccSfb32Q.s 			page 5


 229 019d 55000000 		.4byte	0x55
 230 01a1 00       		.byte	0
 231 01a2 0F       		.uleb128 0xf
 232 01a3 6A010000 		.4byte	.LASF29
 233 01a7 04       		.byte	0x4
 234 01a8 3A       		.byte	0x3a
 235 01a9 55000000 		.4byte	0x55
 236 01ad 04       		.byte	0x4
 237 01ae 0F       		.uleb128 0xf
 238 01af 58010000 		.4byte	.LASF30
 239 01b3 04       		.byte	0x4
 240 01b4 3B       		.byte	0x3b
 241 01b5 55000000 		.4byte	0x55
 242 01b9 08       		.byte	0x8
 243 01ba 0F       		.uleb128 0xf
 244 01bb 51020000 		.4byte	.LASF31
 245 01bf 04       		.byte	0x4
 246 01c0 3C       		.byte	0x3c
 247 01c1 55000000 		.4byte	0x55
 248 01c5 0C       		.byte	0xc
 249 01c6 0F       		.uleb128 0xf
 250 01c7 24030000 		.4byte	.LASF32
 251 01cb 04       		.byte	0x4
 252 01cc 3D       		.byte	0x3d
 253 01cd 55000000 		.4byte	0x55
 254 01d1 10       		.byte	0x10
 255 01d2 0F       		.uleb128 0xf
 256 01d3 DB030000 		.4byte	.LASF33
 257 01d7 04       		.byte	0x4
 258 01d8 3E       		.byte	0x3e
 259 01d9 55000000 		.4byte	0x55
 260 01dd 14       		.byte	0x14
 261 01de 0F       		.uleb128 0xf
 262 01df 46010000 		.4byte	.LASF34
 263 01e3 04       		.byte	0x4
 264 01e4 3F       		.byte	0x3f
 265 01e5 55000000 		.4byte	0x55
 266 01e9 18       		.byte	0x18
 267 01ea 0F       		.uleb128 0xf
 268 01eb F6010000 		.4byte	.LASF35
 269 01ef 04       		.byte	0x4
 270 01f0 40       		.byte	0x40
 271 01f1 55000000 		.4byte	0x55
 272 01f5 1C       		.byte	0x1c
 273 01f6 0F       		.uleb128 0xf
 274 01f7 10030000 		.4byte	.LASF36
 275 01fb 04       		.byte	0x4
 276 01fc 41       		.byte	0x41
 277 01fd 55000000 		.4byte	0x55
 278 0201 20       		.byte	0x20
 279 0202 00       		.byte	0
 280 0203 12       		.uleb128 0x12
 281 0204 B3000000 		.4byte	.LASF37
 282 0208 0801     		.2byte	0x108
 283 020a 04       		.byte	0x4
 284 020b 4A       		.byte	0x4a
 285 020c 43020000 		.4byte	0x243
ARM GAS  /var/folders/3j/4xdnk5197cv_b7cw3n33qk7r0000gn/T//ccSfb32Q.s 			page 6


 286 0210 0F       		.uleb128 0xf
 287 0211 C2040000 		.4byte	.LASF38
 288 0215 04       		.byte	0x4
 289 0216 4B       		.byte	0x4b
 290 0217 43020000 		.4byte	0x243
 291 021b 00       		.byte	0
 292 021c 0F       		.uleb128 0xf
 293 021d 4F040000 		.4byte	.LASF39
 294 0221 04       		.byte	0x4
 295 0222 4C       		.byte	0x4c
 296 0223 43020000 		.4byte	0x243
 297 0227 80       		.byte	0x80
 298 0228 13       		.uleb128 0x13
 299 0229 1F050000 		.4byte	.LASF40
 300 022d 04       		.byte	0x4
 301 022e 4E       		.byte	0x4e
 302 022f 16010000 		.4byte	0x116
 303 0233 0001     		.2byte	0x100
 304 0235 13       		.uleb128 0x13
 305 0236 69050000 		.4byte	.LASF41
 306 023a 04       		.byte	0x4
 307 023b 51       		.byte	0x51
 308 023c 16010000 		.4byte	0x116
 309 0240 0401     		.2byte	0x104
 310 0242 00       		.byte	0
 311 0243 0C       		.uleb128 0xc
 312 0244 76000000 		.4byte	0x76
 313 0248 53020000 		.4byte	0x253
 314 024c 0D       		.uleb128 0xd
 315 024d 5C000000 		.4byte	0x5c
 316 0251 1F       		.byte	0x1f
 317 0252 00       		.byte	0
 318 0253 12       		.uleb128 0x12
 319 0254 48030000 		.4byte	.LASF42
 320 0258 9001     		.2byte	0x190
 321 025a 04       		.byte	0x4
 322 025b 5D       		.byte	0x5d
 323 025c 91020000 		.4byte	0x291
 324 0260 0F       		.uleb128 0xf
 325 0261 0A020000 		.4byte	.LASF22
 326 0265 04       		.byte	0x4
 327 0266 5E       		.byte	0x5e
 328 0267 91020000 		.4byte	0x291
 329 026b 00       		.byte	0
 330 026c 0F       		.uleb128 0xf
 331 026d 05020000 		.4byte	.LASF43
 332 0271 04       		.byte	0x4
 333 0272 5F       		.byte	0x5f
 334 0273 55000000 		.4byte	0x55
 335 0277 04       		.byte	0x4
 336 0278 0F       		.uleb128 0xf
 337 0279 31010000 		.4byte	.LASF44
 338 027d 04       		.byte	0x4
 339 027e 61       		.byte	0x61
 340 027f 97020000 		.4byte	0x297
 341 0283 08       		.byte	0x8
 342 0284 0F       		.uleb128 0xf
ARM GAS  /var/folders/3j/4xdnk5197cv_b7cw3n33qk7r0000gn/T//ccSfb32Q.s 			page 7


 343 0285 B3000000 		.4byte	.LASF37
 344 0289 04       		.byte	0x4
 345 028a 62       		.byte	0x62
 346 028b 03020000 		.4byte	0x203
 347 028f 88       		.byte	0x88
 348 0290 00       		.byte	0
 349 0291 07       		.uleb128 0x7
 350 0292 04       		.byte	0x4
 351 0293 53020000 		.4byte	0x253
 352 0297 0C       		.uleb128 0xc
 353 0298 A7020000 		.4byte	0x2a7
 354 029c A7020000 		.4byte	0x2a7
 355 02a0 0D       		.uleb128 0xd
 356 02a1 5C000000 		.4byte	0x5c
 357 02a5 1F       		.byte	0x1f
 358 02a6 00       		.byte	0
 359 02a7 07       		.uleb128 0x7
 360 02a8 04       		.byte	0x4
 361 02a9 AD020000 		.4byte	0x2ad
 362 02ad 14       		.uleb128 0x14
 363 02ae 10       		.uleb128 0x10
 364 02af 8A040000 		.4byte	.LASF45
 365 02b3 08       		.byte	0x8
 366 02b4 04       		.byte	0x4
 367 02b5 75       		.byte	0x75
 368 02b6 D3020000 		.4byte	0x2d3
 369 02ba 0F       		.uleb128 0xf
 370 02bb C8020000 		.4byte	.LASF46
 371 02bf 04       		.byte	0x4
 372 02c0 76       		.byte	0x76
 373 02c1 D3020000 		.4byte	0x2d3
 374 02c5 00       		.byte	0
 375 02c6 0F       		.uleb128 0xf
 376 02c7 28050000 		.4byte	.LASF47
 377 02cb 04       		.byte	0x4
 378 02cc 77       		.byte	0x77
 379 02cd 55000000 		.4byte	0x55
 380 02d1 04       		.byte	0x4
 381 02d2 00       		.byte	0
 382 02d3 07       		.uleb128 0x7
 383 02d4 04       		.byte	0x4
 384 02d5 24000000 		.4byte	0x24
 385 02d9 10       		.uleb128 0x10
 386 02da BC010000 		.4byte	.LASF48
 387 02de 68       		.byte	0x68
 388 02df 04       		.byte	0x4
 389 02e0 B5       		.byte	0xb5
 390 02e1 03040000 		.4byte	0x403
 391 02e5 11       		.uleb128 0x11
 392 02e6 5F7000   		.ascii	"_p\000"
 393 02e9 04       		.byte	0x4
 394 02ea B6       		.byte	0xb6
 395 02eb D3020000 		.4byte	0x2d3
 396 02ef 00       		.byte	0
 397 02f0 11       		.uleb128 0x11
 398 02f1 5F7200   		.ascii	"_r\000"
 399 02f4 04       		.byte	0x4
ARM GAS  /var/folders/3j/4xdnk5197cv_b7cw3n33qk7r0000gn/T//ccSfb32Q.s 			page 8


 400 02f5 B7       		.byte	0xb7
 401 02f6 55000000 		.4byte	0x55
 402 02fa 04       		.byte	0x4
 403 02fb 11       		.uleb128 0x11
 404 02fc 5F7700   		.ascii	"_w\000"
 405 02ff 04       		.byte	0x4
 406 0300 B8       		.byte	0xb8
 407 0301 55000000 		.4byte	0x55
 408 0305 08       		.byte	0x8
 409 0306 0F       		.uleb128 0xf
 410 0307 F6000000 		.4byte	.LASF49
 411 030b 04       		.byte	0x4
 412 030c B9       		.byte	0xb9
 413 030d 2B000000 		.4byte	0x2b
 414 0311 0C       		.byte	0xc
 415 0312 0F       		.uleb128 0xf
 416 0313 F5020000 		.4byte	.LASF50
 417 0317 04       		.byte	0x4
 418 0318 BA       		.byte	0xba
 419 0319 2B000000 		.4byte	0x2b
 420 031d 0E       		.byte	0xe
 421 031e 11       		.uleb128 0x11
 422 031f 5F626600 		.ascii	"_bf\000"
 423 0323 04       		.byte	0x4
 424 0324 BB       		.byte	0xbb
 425 0325 AE020000 		.4byte	0x2ae
 426 0329 10       		.byte	0x10
 427 032a 0F       		.uleb128 0xf
 428 032b ED000000 		.4byte	.LASF51
 429 032f 04       		.byte	0x4
 430 0330 BC       		.byte	0xbc
 431 0331 55000000 		.4byte	0x55
 432 0335 18       		.byte	0x18
 433 0336 0F       		.uleb128 0xf
 434 0337 36010000 		.4byte	.LASF52
 435 033b 04       		.byte	0x4
 436 033c C3       		.byte	0xc3
 437 033d 76000000 		.4byte	0x76
 438 0341 1C       		.byte	0x1c
 439 0342 0F       		.uleb128 0xf
 440 0343 0D010000 		.4byte	.LASF53
 441 0347 04       		.byte	0x4
 442 0348 C5       		.byte	0xc5
 443 0349 64050000 		.4byte	0x564
 444 034d 20       		.byte	0x20
 445 034e 0F       		.uleb128 0xf
 446 034f 41030000 		.4byte	.LASF54
 447 0353 04       		.byte	0x4
 448 0354 C7       		.byte	0xc7
 449 0355 8E050000 		.4byte	0x58e
 450 0359 24       		.byte	0x24
 451 035a 0F       		.uleb128 0xf
 452 035b 8D050000 		.4byte	.LASF55
 453 035f 04       		.byte	0x4
 454 0360 CA       		.byte	0xca
 455 0361 B2050000 		.4byte	0x5b2
 456 0365 28       		.byte	0x28
ARM GAS  /var/folders/3j/4xdnk5197cv_b7cw3n33qk7r0000gn/T//ccSfb32Q.s 			page 9


 457 0366 0F       		.uleb128 0xf
 458 0367 92020000 		.4byte	.LASF56
 459 036b 04       		.byte	0x4
 460 036c CB       		.byte	0xcb
 461 036d CC050000 		.4byte	0x5cc
 462 0371 2C       		.byte	0x2c
 463 0372 11       		.uleb128 0x11
 464 0373 5F756200 		.ascii	"_ub\000"
 465 0377 04       		.byte	0x4
 466 0378 CE       		.byte	0xce
 467 0379 AE020000 		.4byte	0x2ae
 468 037d 30       		.byte	0x30
 469 037e 11       		.uleb128 0x11
 470 037f 5F757000 		.ascii	"_up\000"
 471 0383 04       		.byte	0x4
 472 0384 CF       		.byte	0xcf
 473 0385 D3020000 		.4byte	0x2d3
 474 0389 38       		.byte	0x38
 475 038a 11       		.uleb128 0x11
 476 038b 5F757200 		.ascii	"_ur\000"
 477 038f 04       		.byte	0x4
 478 0390 D0       		.byte	0xd0
 479 0391 55000000 		.4byte	0x55
 480 0395 3C       		.byte	0x3c
 481 0396 0F       		.uleb128 0xf
 482 0397 A4050000 		.4byte	.LASF57
 483 039b 04       		.byte	0x4
 484 039c D3       		.byte	0xd3
 485 039d D2050000 		.4byte	0x5d2
 486 03a1 40       		.byte	0x40
 487 03a2 0F       		.uleb128 0xf
 488 03a3 35050000 		.4byte	.LASF58
 489 03a7 04       		.byte	0x4
 490 03a8 D4       		.byte	0xd4
 491 03a9 E2050000 		.4byte	0x5e2
 492 03ad 43       		.byte	0x43
 493 03ae 11       		.uleb128 0x11
 494 03af 5F6C6200 		.ascii	"_lb\000"
 495 03b3 04       		.byte	0x4
 496 03b4 D7       		.byte	0xd7
 497 03b5 AE020000 		.4byte	0x2ae
 498 03b9 44       		.byte	0x44
 499 03ba 0F       		.uleb128 0xf
 500 03bb 1B040000 		.4byte	.LASF59
 501 03bf 04       		.byte	0x4
 502 03c0 DA       		.byte	0xda
 503 03c1 55000000 		.4byte	0x55
 504 03c5 4C       		.byte	0x4c
 505 03c6 0F       		.uleb128 0xf
 506 03c7 D0010000 		.4byte	.LASF60
 507 03cb 04       		.byte	0x4
 508 03cc DB       		.byte	0xdb
 509 03cd 8E000000 		.4byte	0x8e
 510 03d1 50       		.byte	0x50
 511 03d2 0F       		.uleb128 0xf
 512 03d3 BB030000 		.4byte	.LASF61
 513 03d7 04       		.byte	0x4
ARM GAS  /var/folders/3j/4xdnk5197cv_b7cw3n33qk7r0000gn/T//ccSfb32Q.s 			page 10


 514 03d8 DE       		.byte	0xde
 515 03d9 21040000 		.4byte	0x421
 516 03dd 54       		.byte	0x54
 517 03de 0F       		.uleb128 0xf
 518 03df 29040000 		.4byte	.LASF62
 519 03e3 04       		.byte	0x4
 520 03e4 E2       		.byte	0xe2
 521 03e5 0B010000 		.4byte	0x10b
 522 03e9 58       		.byte	0x58
 523 03ea 0F       		.uleb128 0xf
 524 03eb 04010000 		.4byte	.LASF63
 525 03ef 04       		.byte	0x4
 526 03f0 E4       		.byte	0xe4
 527 03f1 00010000 		.4byte	0x100
 528 03f5 5C       		.byte	0x5c
 529 03f6 0F       		.uleb128 0xf
 530 03f7 61050000 		.4byte	.LASF64
 531 03fb 04       		.byte	0x4
 532 03fc E5       		.byte	0xe5
 533 03fd 55000000 		.4byte	0x55
 534 0401 64       		.byte	0x64
 535 0402 00       		.byte	0
 536 0403 15       		.uleb128 0x15
 537 0404 55000000 		.4byte	0x55
 538 0408 21040000 		.4byte	0x421
 539 040c 16       		.uleb128 0x16
 540 040d 21040000 		.4byte	0x421
 541 0411 16       		.uleb128 0x16
 542 0412 76000000 		.4byte	0x76
 543 0416 16       		.uleb128 0x16
 544 0417 5E050000 		.4byte	0x55e
 545 041b 16       		.uleb128 0x16
 546 041c 55000000 		.4byte	0x55
 547 0420 00       		.byte	0
 548 0421 07       		.uleb128 0x7
 549 0422 04       		.byte	0x4
 550 0423 2C040000 		.4byte	0x42c
 551 0427 04       		.uleb128 0x4
 552 0428 21040000 		.4byte	0x421
 553 042c 17       		.uleb128 0x17
 554 042d D6040000 		.4byte	.LASF65
 555 0431 2804     		.2byte	0x428
 556 0433 04       		.byte	0x4
 557 0434 6002     		.2byte	0x260
 558 0436 5E050000 		.4byte	0x55e
 559 043a 18       		.uleb128 0x18
 560 043b FD000000 		.4byte	.LASF66
 561 043f 04       		.byte	0x4
 562 0440 6202     		.2byte	0x262
 563 0442 55000000 		.4byte	0x55
 564 0446 00       		.byte	0
 565 0447 18       		.uleb128 0x18
 566 0448 A4020000 		.4byte	.LASF67
 567 044c 04       		.byte	0x4
 568 044d 6702     		.2byte	0x267
 569 044f 39060000 		.4byte	0x639
 570 0453 04       		.byte	0x4
ARM GAS  /var/folders/3j/4xdnk5197cv_b7cw3n33qk7r0000gn/T//ccSfb32Q.s 			page 11


 571 0454 18       		.uleb128 0x18
 572 0455 21010000 		.4byte	.LASF68
 573 0459 04       		.byte	0x4
 574 045a 6702     		.2byte	0x267
 575 045c 39060000 		.4byte	0x639
 576 0460 08       		.byte	0x8
 577 0461 18       		.uleb128 0x18
 578 0462 93050000 		.4byte	.LASF69
 579 0466 04       		.byte	0x4
 580 0467 6702     		.2byte	0x267
 581 0469 39060000 		.4byte	0x639
 582 046d 0C       		.byte	0xc
 583 046e 18       		.uleb128 0x18
 584 046f 00020000 		.4byte	.LASF70
 585 0473 04       		.byte	0x4
 586 0474 6902     		.2byte	0x269
 587 0476 55000000 		.4byte	0x55
 588 047a 10       		.byte	0x10
 589 047b 18       		.uleb128 0x18
 590 047c D8010000 		.4byte	.LASF71
 591 0480 04       		.byte	0x4
 592 0481 6A02     		.2byte	0x26a
 593 0483 1B080000 		.4byte	0x81b
 594 0487 14       		.byte	0x14
 595 0488 18       		.uleb128 0x18
 596 0489 48050000 		.4byte	.LASF72
 597 048d 04       		.byte	0x4
 598 048e 6D02     		.2byte	0x26d
 599 0490 55000000 		.4byte	0x55
 600 0494 30       		.byte	0x30
 601 0495 18       		.uleb128 0x18
 602 0496 BA040000 		.4byte	.LASF73
 603 049a 04       		.byte	0x4
 604 049b 6E02     		.2byte	0x26e
 605 049d 30080000 		.4byte	0x830
 606 04a1 34       		.byte	0x34
 607 04a2 18       		.uleb128 0x18
 608 04a3 99020000 		.4byte	.LASF74
 609 04a7 04       		.byte	0x4
 610 04a8 7002     		.2byte	0x270
 611 04aa 55000000 		.4byte	0x55
 612 04ae 38       		.byte	0x38
 613 04af 18       		.uleb128 0x18
 614 04b0 FB020000 		.4byte	.LASF75
 615 04b4 04       		.byte	0x4
 616 04b5 7202     		.2byte	0x272
 617 04b7 41080000 		.4byte	0x841
 618 04bb 3C       		.byte	0x3c
 619 04bc 18       		.uleb128 0x18
 620 04bd 50010000 		.4byte	.LASF76
 621 04c1 04       		.byte	0x4
 622 04c2 7502     		.2byte	0x275
 623 04c4 74010000 		.4byte	0x174
 624 04c8 40       		.byte	0x40
 625 04c9 18       		.uleb128 0x18
 626 04ca 8E010000 		.4byte	.LASF77
 627 04ce 04       		.byte	0x4
ARM GAS  /var/folders/3j/4xdnk5197cv_b7cw3n33qk7r0000gn/T//ccSfb32Q.s 			page 12


 628 04cf 7602     		.2byte	0x276
 629 04d1 55000000 		.4byte	0x55
 630 04d5 44       		.byte	0x44
 631 04d6 18       		.uleb128 0x18
 632 04d7 29020000 		.4byte	.LASF78
 633 04db 04       		.byte	0x4
 634 04dc 7702     		.2byte	0x277
 635 04de 74010000 		.4byte	0x174
 636 04e2 48       		.byte	0x48
 637 04e3 18       		.uleb128 0x18
 638 04e4 CE020000 		.4byte	.LASF79
 639 04e8 04       		.byte	0x4
 640 04e9 7802     		.2byte	0x278
 641 04eb 47080000 		.4byte	0x847
 642 04ef 4C       		.byte	0x4c
 643 04f0 18       		.uleb128 0x18
 644 04f1 01040000 		.4byte	.LASF80
 645 04f5 04       		.byte	0x4
 646 04f6 7B02     		.2byte	0x27b
 647 04f8 55000000 		.4byte	0x55
 648 04fc 50       		.byte	0x50
 649 04fd 18       		.uleb128 0x18
 650 04fe 62040000 		.4byte	.LASF81
 651 0502 04       		.byte	0x4
 652 0503 7C02     		.2byte	0x27c
 653 0505 5E050000 		.4byte	0x55e
 654 0509 54       		.byte	0x54
 655 050a 18       		.uleb128 0x18
 656 050b FC030000 		.4byte	.LASF82
 657 050f 04       		.byte	0x4
 658 0510 9F02     		.2byte	0x29f
 659 0512 F9070000 		.4byte	0x7f9
 660 0516 58       		.byte	0x58
 661 0517 19       		.uleb128 0x19
 662 0518 48030000 		.4byte	.LASF42
 663 051c 04       		.byte	0x4
 664 051d A302     		.2byte	0x2a3
 665 051f 91020000 		.4byte	0x291
 666 0523 4801     		.2byte	0x148
 667 0525 19       		.uleb128 0x19
 668 0526 74020000 		.4byte	.LASF83
 669 052a 04       		.byte	0x4
 670 052b A402     		.2byte	0x2a4
 671 052d 53020000 		.4byte	0x253
 672 0531 4C01     		.2byte	0x14c
 673 0533 19       		.uleb128 0x19
 674 0534 5B020000 		.4byte	.LASF84
 675 0538 04       		.byte	0x4
 676 0539 A802     		.2byte	0x2a8
 677 053b 58080000 		.4byte	0x858
 678 053f DC02     		.2byte	0x2dc
 679 0541 19       		.uleb128 0x19
 680 0542 97040000 		.4byte	.LASF85
 681 0546 04       		.byte	0x4
 682 0547 AD02     		.2byte	0x2ad
 683 0549 FE050000 		.4byte	0x5fe
 684 054d E002     		.2byte	0x2e0
ARM GAS  /var/folders/3j/4xdnk5197cv_b7cw3n33qk7r0000gn/T//ccSfb32Q.s 			page 13


 685 054f 19       		.uleb128 0x19
 686 0550 B0030000 		.4byte	.LASF86
 687 0554 04       		.byte	0x4
 688 0555 AF02     		.2byte	0x2af
 689 0557 64080000 		.4byte	0x864
 690 055b EC02     		.2byte	0x2ec
 691 055d 00       		.byte	0
 692 055e 07       		.uleb128 0x7
 693 055f 04       		.byte	0x4
 694 0560 6A000000 		.4byte	0x6a
 695 0564 07       		.uleb128 0x7
 696 0565 04       		.byte	0x4
 697 0566 03040000 		.4byte	0x403
 698 056a 15       		.uleb128 0x15
 699 056b 55000000 		.4byte	0x55
 700 056f 88050000 		.4byte	0x588
 701 0573 16       		.uleb128 0x16
 702 0574 21040000 		.4byte	0x421
 703 0578 16       		.uleb128 0x16
 704 0579 76000000 		.4byte	0x76
 705 057d 16       		.uleb128 0x16
 706 057e 88050000 		.4byte	0x588
 707 0582 16       		.uleb128 0x16
 708 0583 55000000 		.4byte	0x55
 709 0587 00       		.byte	0
 710 0588 07       		.uleb128 0x7
 711 0589 04       		.byte	0x4
 712 058a 71000000 		.4byte	0x71
 713 058e 07       		.uleb128 0x7
 714 058f 04       		.byte	0x4
 715 0590 6A050000 		.4byte	0x56a
 716 0594 15       		.uleb128 0x15
 717 0595 99000000 		.4byte	0x99
 718 0599 B2050000 		.4byte	0x5b2
 719 059d 16       		.uleb128 0x16
 720 059e 21040000 		.4byte	0x421
 721 05a2 16       		.uleb128 0x16
 722 05a3 76000000 		.4byte	0x76
 723 05a7 16       		.uleb128 0x16
 724 05a8 99000000 		.4byte	0x99
 725 05ac 16       		.uleb128 0x16
 726 05ad 55000000 		.4byte	0x55
 727 05b1 00       		.byte	0
 728 05b2 07       		.uleb128 0x7
 729 05b3 04       		.byte	0x4
 730 05b4 94050000 		.4byte	0x594
 731 05b8 15       		.uleb128 0x15
 732 05b9 55000000 		.4byte	0x55
 733 05bd CC050000 		.4byte	0x5cc
 734 05c1 16       		.uleb128 0x16
 735 05c2 21040000 		.4byte	0x421
 736 05c6 16       		.uleb128 0x16
 737 05c7 76000000 		.4byte	0x76
 738 05cb 00       		.byte	0
 739 05cc 07       		.uleb128 0x7
 740 05cd 04       		.byte	0x4
 741 05ce B8050000 		.4byte	0x5b8
ARM GAS  /var/folders/3j/4xdnk5197cv_b7cw3n33qk7r0000gn/T//ccSfb32Q.s 			page 14


 742 05d2 0C       		.uleb128 0xc
 743 05d3 24000000 		.4byte	0x24
 744 05d7 E2050000 		.4byte	0x5e2
 745 05db 0D       		.uleb128 0xd
 746 05dc 5C000000 		.4byte	0x5c
 747 05e0 02       		.byte	0x2
 748 05e1 00       		.byte	0
 749 05e2 0C       		.uleb128 0xc
 750 05e3 24000000 		.4byte	0x24
 751 05e7 F2050000 		.4byte	0x5f2
 752 05eb 0D       		.uleb128 0xd
 753 05ec 5C000000 		.4byte	0x5c
 754 05f0 00       		.byte	0
 755 05f1 00       		.byte	0
 756 05f2 09       		.uleb128 0x9
 757 05f3 C9010000 		.4byte	.LASF87
 758 05f7 04       		.byte	0x4
 759 05f8 1F01     		.2byte	0x11f
 760 05fa D9020000 		.4byte	0x2d9
 761 05fe 1A       		.uleb128 0x1a
 762 05ff 91040000 		.4byte	.LASF88
 763 0603 0C       		.byte	0xc
 764 0604 04       		.byte	0x4
 765 0605 2301     		.2byte	0x123
 766 0607 33060000 		.4byte	0x633
 767 060b 18       		.uleb128 0x18
 768 060c 0A020000 		.4byte	.LASF22
 769 0610 04       		.byte	0x4
 770 0611 2501     		.2byte	0x125
 771 0613 33060000 		.4byte	0x633
 772 0617 00       		.byte	0
 773 0618 18       		.uleb128 0x18
 774 0619 41040000 		.4byte	.LASF89
 775 061d 04       		.byte	0x4
 776 061e 2601     		.2byte	0x126
 777 0620 55000000 		.4byte	0x55
 778 0624 04       		.byte	0x4
 779 0625 18       		.uleb128 0x18
 780 0626 8C020000 		.4byte	.LASF90
 781 062a 04       		.byte	0x4
 782 062b 2701     		.2byte	0x127
 783 062d 39060000 		.4byte	0x639
 784 0631 08       		.byte	0x8
 785 0632 00       		.byte	0
 786 0633 07       		.uleb128 0x7
 787 0634 04       		.byte	0x4
 788 0635 FE050000 		.4byte	0x5fe
 789 0639 07       		.uleb128 0x7
 790 063a 04       		.byte	0x4
 791 063b F2050000 		.4byte	0x5f2
 792 063f 1A       		.uleb128 0x1a
 793 0640 86010000 		.4byte	.LASF91
 794 0644 0E       		.byte	0xe
 795 0645 04       		.byte	0x4
 796 0646 3F01     		.2byte	0x13f
 797 0648 74060000 		.4byte	0x674
 798 064c 18       		.uleb128 0x18
ARM GAS  /var/folders/3j/4xdnk5197cv_b7cw3n33qk7r0000gn/T//ccSfb32Q.s 			page 15


 799 064d 71050000 		.4byte	.LASF92
 800 0651 04       		.byte	0x4
 801 0652 4001     		.2byte	0x140
 802 0654 74060000 		.4byte	0x674
 803 0658 00       		.byte	0
 804 0659 18       		.uleb128 0x18
 805 065a D8020000 		.4byte	.LASF93
 806 065e 04       		.byte	0x4
 807 065f 4101     		.2byte	0x141
 808 0661 74060000 		.4byte	0x674
 809 0665 06       		.byte	0x6
 810 0666 18       		.uleb128 0x18
 811 0667 85040000 		.4byte	.LASF94
 812 066b 04       		.byte	0x4
 813 066c 4201     		.2byte	0x142
 814 066e 32000000 		.4byte	0x32
 815 0672 0C       		.byte	0xc
 816 0673 00       		.byte	0
 817 0674 0C       		.uleb128 0xc
 818 0675 32000000 		.4byte	0x32
 819 0679 84060000 		.4byte	0x684
 820 067d 0D       		.uleb128 0xd
 821 067e 5C000000 		.4byte	0x5c
 822 0682 02       		.byte	0x2
 823 0683 00       		.byte	0
 824 0684 1B       		.uleb128 0x1b
 825 0685 D0       		.byte	0xd0
 826 0686 04       		.byte	0x4
 827 0687 8002     		.2byte	0x280
 828 0689 85070000 		.4byte	0x785
 829 068d 18       		.uleb128 0x18
 830 068e 3B050000 		.4byte	.LASF95
 831 0692 04       		.byte	0x4
 832 0693 8202     		.2byte	0x282
 833 0695 5C000000 		.4byte	0x5c
 834 0699 00       		.byte	0
 835 069a 18       		.uleb128 0x18
 836 069b 9F040000 		.4byte	.LASF96
 837 069f 04       		.byte	0x4
 838 06a0 8302     		.2byte	0x283
 839 06a2 5E050000 		.4byte	0x55e
 840 06a6 04       		.byte	0x4
 841 06a7 18       		.uleb128 0x18
 842 06a8 AF010000 		.4byte	.LASF97
 843 06ac 04       		.byte	0x4
 844 06ad 8402     		.2byte	0x284
 845 06af 85070000 		.4byte	0x785
 846 06b3 08       		.byte	0x8
 847 06b4 18       		.uleb128 0x18
 848 06b5 E5030000 		.4byte	.LASF98
 849 06b9 04       		.byte	0x4
 850 06ba 8502     		.2byte	0x285
 851 06bc 8A010000 		.4byte	0x18a
 852 06c0 24       		.byte	0x24
 853 06c1 18       		.uleb128 0x18
 854 06c2 AB020000 		.4byte	.LASF99
 855 06c6 04       		.byte	0x4
ARM GAS  /var/folders/3j/4xdnk5197cv_b7cw3n33qk7r0000gn/T//ccSfb32Q.s 			page 16


 856 06c7 8602     		.2byte	0x286
 857 06c9 55000000 		.4byte	0x55
 858 06cd 48       		.byte	0x48
 859 06ce 18       		.uleb128 0x18
 860 06cf 77050000 		.4byte	.LASF100
 861 06d3 04       		.byte	0x4
 862 06d4 8702     		.2byte	0x287
 863 06d6 4E000000 		.4byte	0x4e
 864 06da 50       		.byte	0x50
 865 06db 18       		.uleb128 0x18
 866 06dc CF000000 		.4byte	.LASF101
 867 06e0 04       		.byte	0x4
 868 06e1 8802     		.2byte	0x288
 869 06e3 3F060000 		.4byte	0x63f
 870 06e7 58       		.byte	0x58
 871 06e8 18       		.uleb128 0x18
 872 06e9 3F020000 		.4byte	.LASF102
 873 06ed 04       		.byte	0x4
 874 06ee 8902     		.2byte	0x289
 875 06f0 00010000 		.4byte	0x100
 876 06f4 68       		.byte	0x68
 877 06f5 18       		.uleb128 0x18
 878 06f6 AC040000 		.4byte	.LASF103
 879 06fa 04       		.byte	0x4
 880 06fb 8A02     		.2byte	0x28a
 881 06fd 00010000 		.4byte	0x100
 882 0701 70       		.byte	0x70
 883 0702 18       		.uleb128 0x18
 884 0703 C1000000 		.4byte	.LASF104
 885 0707 04       		.byte	0x4
 886 0708 8B02     		.2byte	0x28b
 887 070a 00010000 		.4byte	0x100
 888 070e 78       		.byte	0x78
 889 070f 18       		.uleb128 0x18
 890 0710 11040000 		.4byte	.LASF105
 891 0714 04       		.byte	0x4
 892 0715 8C02     		.2byte	0x28c
 893 0717 95070000 		.4byte	0x795
 894 071b 80       		.byte	0x80
 895 071c 18       		.uleb128 0x18
 896 071d D4000000 		.4byte	.LASF106
 897 0721 04       		.byte	0x4
 898 0722 8D02     		.2byte	0x28d
 899 0724 A5070000 		.4byte	0x7a5
 900 0728 88       		.byte	0x88
 901 0729 18       		.uleb128 0x18
 902 072a 78040000 		.4byte	.LASF107
 903 072e 04       		.byte	0x4
 904 072f 8E02     		.2byte	0x28e
 905 0731 55000000 		.4byte	0x55
 906 0735 A0       		.byte	0xa0
 907 0736 18       		.uleb128 0x18
 908 0737 13010000 		.4byte	.LASF108
 909 073b 04       		.byte	0x4
 910 073c 8F02     		.2byte	0x28f
 911 073e 00010000 		.4byte	0x100
 912 0742 A4       		.byte	0xa4
ARM GAS  /var/folders/3j/4xdnk5197cv_b7cw3n33qk7r0000gn/T//ccSfb32Q.s 			page 17


 913 0743 18       		.uleb128 0x18
 914 0744 65020000 		.4byte	.LASF109
 915 0748 04       		.byte	0x4
 916 0749 9002     		.2byte	0x290
 917 074b 00010000 		.4byte	0x100
 918 074f AC       		.byte	0xac
 919 0750 18       		.uleb128 0x18
 920 0751 10020000 		.4byte	.LASF110
 921 0755 04       		.byte	0x4
 922 0756 9102     		.2byte	0x291
 923 0758 00010000 		.4byte	0x100
 924 075c B4       		.byte	0xb4
 925 075d 18       		.uleb128 0x18
 926 075e E6020000 		.4byte	.LASF111
 927 0762 04       		.byte	0x4
 928 0763 9202     		.2byte	0x292
 929 0765 00010000 		.4byte	0x100
 930 0769 BC       		.byte	0xbc
 931 076a 18       		.uleb128 0x18
 932 076b 2E020000 		.4byte	.LASF112
 933 076f 04       		.byte	0x4
 934 0770 9302     		.2byte	0x293
 935 0772 00010000 		.4byte	0x100
 936 0776 C4       		.byte	0xc4
 937 0777 18       		.uleb128 0x18
 938 0778 1B030000 		.4byte	.LASF113
 939 077c 04       		.byte	0x4
 940 077d 9402     		.2byte	0x294
 941 077f 55000000 		.4byte	0x55
 942 0783 CC       		.byte	0xcc
 943 0784 00       		.byte	0
 944 0785 0C       		.uleb128 0xc
 945 0786 6A000000 		.4byte	0x6a
 946 078a 95070000 		.4byte	0x795
 947 078e 0D       		.uleb128 0xd
 948 078f 5C000000 		.4byte	0x5c
 949 0793 19       		.byte	0x19
 950 0794 00       		.byte	0
 951 0795 0C       		.uleb128 0xc
 952 0796 6A000000 		.4byte	0x6a
 953 079a A5070000 		.4byte	0x7a5
 954 079e 0D       		.uleb128 0xd
 955 079f 5C000000 		.4byte	0x5c
 956 07a3 07       		.byte	0x7
 957 07a4 00       		.byte	0
 958 07a5 0C       		.uleb128 0xc
 959 07a6 6A000000 		.4byte	0x6a
 960 07aa B5070000 		.4byte	0x7b5
 961 07ae 0D       		.uleb128 0xd
 962 07af 5C000000 		.4byte	0x5c
 963 07b3 17       		.byte	0x17
 964 07b4 00       		.byte	0
 965 07b5 1B       		.uleb128 0x1b
 966 07b6 F0       		.byte	0xf0
 967 07b7 04       		.byte	0x4
 968 07b8 9902     		.2byte	0x299
 969 07ba D9070000 		.4byte	0x7d9
ARM GAS  /var/folders/3j/4xdnk5197cv_b7cw3n33qk7r0000gn/T//ccSfb32Q.s 			page 18


 970 07be 18       		.uleb128 0x18
 971 07bf 7F010000 		.4byte	.LASF114
 972 07c3 04       		.byte	0x4
 973 07c4 9C02     		.2byte	0x29c
 974 07c6 D9070000 		.4byte	0x7d9
 975 07ca 00       		.byte	0
 976 07cb 18       		.uleb128 0x18
 977 07cc 9B050000 		.4byte	.LASF115
 978 07d0 04       		.byte	0x4
 979 07d1 9D02     		.2byte	0x29d
 980 07d3 E9070000 		.4byte	0x7e9
 981 07d7 78       		.byte	0x78
 982 07d8 00       		.byte	0
 983 07d9 0C       		.uleb128 0xc
 984 07da D3020000 		.4byte	0x2d3
 985 07de E9070000 		.4byte	0x7e9
 986 07e2 0D       		.uleb128 0xd
 987 07e3 5C000000 		.4byte	0x5c
 988 07e7 1D       		.byte	0x1d
 989 07e8 00       		.byte	0
 990 07e9 0C       		.uleb128 0xc
 991 07ea 5C000000 		.4byte	0x5c
 992 07ee F9070000 		.4byte	0x7f9
 993 07f2 0D       		.uleb128 0xd
 994 07f3 5C000000 		.4byte	0x5c
 995 07f7 1D       		.byte	0x1d
 996 07f8 00       		.byte	0
 997 07f9 1C       		.uleb128 0x1c
 998 07fa F0       		.byte	0xf0
 999 07fb 04       		.byte	0x4
 1000 07fc 7E02     		.2byte	0x27e
 1001 07fe 1B080000 		.4byte	0x81b
 1002 0802 1D       		.uleb128 0x1d
 1003 0803 D6040000 		.4byte	.LASF65
 1004 0807 04       		.byte	0x4
 1005 0808 9502     		.2byte	0x295
 1006 080a 84060000 		.4byte	0x684
 1007 080e 1D       		.uleb128 0x1d
 1008 080f F4030000 		.4byte	.LASF116
 1009 0813 04       		.byte	0x4
 1010 0814 9E02     		.2byte	0x29e
 1011 0816 B5070000 		.4byte	0x7b5
 1012 081a 00       		.byte	0
 1013 081b 0C       		.uleb128 0xc
 1014 081c 6A000000 		.4byte	0x6a
 1015 0820 2B080000 		.4byte	0x82b
 1016 0824 0D       		.uleb128 0xd
 1017 0825 5C000000 		.4byte	0x5c
 1018 0829 18       		.byte	0x18
 1019 082a 00       		.byte	0
 1020 082b 08       		.uleb128 0x8
 1021 082c 82050000 		.4byte	.LASF118
 1022 0830 07       		.uleb128 0x7
 1023 0831 04       		.byte	0x4
 1024 0832 2B080000 		.4byte	0x82b
 1025 0836 1E       		.uleb128 0x1e
 1026 0837 41080000 		.4byte	0x841
ARM GAS  /var/folders/3j/4xdnk5197cv_b7cw3n33qk7r0000gn/T//ccSfb32Q.s 			page 19


 1027 083b 16       		.uleb128 0x16
 1028 083c 21040000 		.4byte	0x421
 1029 0840 00       		.byte	0
 1030 0841 07       		.uleb128 0x7
 1031 0842 04       		.byte	0x4
 1032 0843 36080000 		.4byte	0x836
 1033 0847 07       		.uleb128 0x7
 1034 0848 04       		.byte	0x4
 1035 0849 74010000 		.4byte	0x174
 1036 084d 1E       		.uleb128 0x1e
 1037 084e 58080000 		.4byte	0x858
 1038 0852 16       		.uleb128 0x16
 1039 0853 55000000 		.4byte	0x55
 1040 0857 00       		.byte	0
 1041 0858 07       		.uleb128 0x7
 1042 0859 04       		.byte	0x4
 1043 085a 5E080000 		.4byte	0x85e
 1044 085e 07       		.uleb128 0x7
 1045 085f 04       		.byte	0x4
 1046 0860 4D080000 		.4byte	0x84d
 1047 0864 0C       		.uleb128 0xc
 1048 0865 F2050000 		.4byte	0x5f2
 1049 0869 74080000 		.4byte	0x874
 1050 086d 0D       		.uleb128 0xd
 1051 086e 5C000000 		.4byte	0x5c
 1052 0872 02       		.byte	0x2
 1053 0873 00       		.byte	0
 1054 0874 1F       		.uleb128 0x1f
 1055 0875 73010000 		.4byte	.LASF119
 1056 0879 04       		.byte	0x4
 1057 087a 2E03     		.2byte	0x32e
 1058 087c 21040000 		.4byte	0x421
 1059 0880 1F       		.uleb128 0x1f
 1060 0881 C8030000 		.4byte	.LASF120
 1061 0885 04       		.byte	0x4
 1062 0886 2F03     		.2byte	0x32f
 1063 0888 27040000 		.4byte	0x427
 1064 088c 20       		.uleb128 0x20
 1065 088d EC010000 		.4byte	.LASF121
 1066 0891 05       		.byte	0x5
 1067 0892 63       		.byte	0x63
 1068 0893 5E050000 		.4byte	0x55e
 1069 0897 00       		.byte	0
 1070              		.section	.debug_abbrev,"",%progbits
 1071              	.Ldebug_abbrev0:
 1072 0000 01       		.uleb128 0x1
 1073 0001 11       		.uleb128 0x11
 1074 0002 01       		.byte	0x1
 1075 0003 25       		.uleb128 0x25
 1076 0004 0E       		.uleb128 0xe
 1077 0005 13       		.uleb128 0x13
 1078 0006 0B       		.uleb128 0xb
 1079 0007 03       		.uleb128 0x3
 1080 0008 0E       		.uleb128 0xe
 1081 0009 1B       		.uleb128 0x1b
 1082 000a 0E       		.uleb128 0xe
 1083 000b 10       		.uleb128 0x10
ARM GAS  /var/folders/3j/4xdnk5197cv_b7cw3n33qk7r0000gn/T//ccSfb32Q.s 			page 20


 1084 000c 17       		.uleb128 0x17
 1085 000d 00       		.byte	0
 1086 000e 00       		.byte	0
 1087 000f 02       		.uleb128 0x2
 1088 0010 24       		.uleb128 0x24
 1089 0011 00       		.byte	0
 1090 0012 0B       		.uleb128 0xb
 1091 0013 0B       		.uleb128 0xb
 1092 0014 3E       		.uleb128 0x3e
 1093 0015 0B       		.uleb128 0xb
 1094 0016 03       		.uleb128 0x3
 1095 0017 0E       		.uleb128 0xe
 1096 0018 00       		.byte	0
 1097 0019 00       		.byte	0
 1098 001a 03       		.uleb128 0x3
 1099 001b 24       		.uleb128 0x24
 1100 001c 00       		.byte	0
 1101 001d 0B       		.uleb128 0xb
 1102 001e 0B       		.uleb128 0xb
 1103 001f 3E       		.uleb128 0x3e
 1104 0020 0B       		.uleb128 0xb
 1105 0021 03       		.uleb128 0x3
 1106 0022 08       		.uleb128 0x8
 1107 0023 00       		.byte	0
 1108 0024 00       		.byte	0
 1109 0025 04       		.uleb128 0x4
 1110 0026 26       		.uleb128 0x26
 1111 0027 00       		.byte	0
 1112 0028 49       		.uleb128 0x49
 1113 0029 13       		.uleb128 0x13
 1114 002a 00       		.byte	0
 1115 002b 00       		.byte	0
 1116 002c 05       		.uleb128 0x5
 1117 002d 0F       		.uleb128 0xf
 1118 002e 00       		.byte	0
 1119 002f 0B       		.uleb128 0xb
 1120 0030 0B       		.uleb128 0xb
 1121 0031 00       		.byte	0
 1122 0032 00       		.byte	0
 1123 0033 06       		.uleb128 0x6
 1124 0034 16       		.uleb128 0x16
 1125 0035 00       		.byte	0
 1126 0036 03       		.uleb128 0x3
 1127 0037 0E       		.uleb128 0xe
 1128 0038 3A       		.uleb128 0x3a
 1129 0039 0B       		.uleb128 0xb
 1130 003a 3B       		.uleb128 0x3b
 1131 003b 0B       		.uleb128 0xb
 1132 003c 49       		.uleb128 0x49
 1133 003d 13       		.uleb128 0x13
 1134 003e 00       		.byte	0
 1135 003f 00       		.byte	0
 1136 0040 07       		.uleb128 0x7
 1137 0041 0F       		.uleb128 0xf
 1138 0042 00       		.byte	0
 1139 0043 0B       		.uleb128 0xb
 1140 0044 0B       		.uleb128 0xb
ARM GAS  /var/folders/3j/4xdnk5197cv_b7cw3n33qk7r0000gn/T//ccSfb32Q.s 			page 21


 1141 0045 49       		.uleb128 0x49
 1142 0046 13       		.uleb128 0x13
 1143 0047 00       		.byte	0
 1144 0048 00       		.byte	0
 1145 0049 08       		.uleb128 0x8
 1146 004a 13       		.uleb128 0x13
 1147 004b 00       		.byte	0
 1148 004c 03       		.uleb128 0x3
 1149 004d 0E       		.uleb128 0xe
 1150 004e 3C       		.uleb128 0x3c
 1151 004f 19       		.uleb128 0x19
 1152 0050 00       		.byte	0
 1153 0051 00       		.byte	0
 1154 0052 09       		.uleb128 0x9
 1155 0053 16       		.uleb128 0x16
 1156 0054 00       		.byte	0
 1157 0055 03       		.uleb128 0x3
 1158 0056 0E       		.uleb128 0xe
 1159 0057 3A       		.uleb128 0x3a
 1160 0058 0B       		.uleb128 0xb
 1161 0059 3B       		.uleb128 0x3b
 1162 005a 05       		.uleb128 0x5
 1163 005b 49       		.uleb128 0x49
 1164 005c 13       		.uleb128 0x13
 1165 005d 00       		.byte	0
 1166 005e 00       		.byte	0
 1167 005f 0A       		.uleb128 0xa
 1168 0060 17       		.uleb128 0x17
 1169 0061 01       		.byte	0x1
 1170 0062 0B       		.uleb128 0xb
 1171 0063 0B       		.uleb128 0xb
 1172 0064 3A       		.uleb128 0x3a
 1173 0065 0B       		.uleb128 0xb
 1174 0066 3B       		.uleb128 0x3b
 1175 0067 0B       		.uleb128 0xb
 1176 0068 01       		.uleb128 0x1
 1177 0069 13       		.uleb128 0x13
 1178 006a 00       		.byte	0
 1179 006b 00       		.byte	0
 1180 006c 0B       		.uleb128 0xb
 1181 006d 0D       		.uleb128 0xd
 1182 006e 00       		.byte	0
 1183 006f 03       		.uleb128 0x3
 1184 0070 0E       		.uleb128 0xe
 1185 0071 3A       		.uleb128 0x3a
 1186 0072 0B       		.uleb128 0xb
 1187 0073 3B       		.uleb128 0x3b
 1188 0074 0B       		.uleb128 0xb
 1189 0075 49       		.uleb128 0x49
 1190 0076 13       		.uleb128 0x13
 1191 0077 00       		.byte	0
 1192 0078 00       		.byte	0
 1193 0079 0C       		.uleb128 0xc
 1194 007a 01       		.uleb128 0x1
 1195 007b 01       		.byte	0x1
 1196 007c 49       		.uleb128 0x49
 1197 007d 13       		.uleb128 0x13
ARM GAS  /var/folders/3j/4xdnk5197cv_b7cw3n33qk7r0000gn/T//ccSfb32Q.s 			page 22


 1198 007e 01       		.uleb128 0x1
 1199 007f 13       		.uleb128 0x13
 1200 0080 00       		.byte	0
 1201 0081 00       		.byte	0
 1202 0082 0D       		.uleb128 0xd
 1203 0083 21       		.uleb128 0x21
 1204 0084 00       		.byte	0
 1205 0085 49       		.uleb128 0x49
 1206 0086 13       		.uleb128 0x13
 1207 0087 2F       		.uleb128 0x2f
 1208 0088 0B       		.uleb128 0xb
 1209 0089 00       		.byte	0
 1210 008a 00       		.byte	0
 1211 008b 0E       		.uleb128 0xe
 1212 008c 13       		.uleb128 0x13
 1213 008d 01       		.byte	0x1
 1214 008e 0B       		.uleb128 0xb
 1215 008f 0B       		.uleb128 0xb
 1216 0090 3A       		.uleb128 0x3a
 1217 0091 0B       		.uleb128 0xb
 1218 0092 3B       		.uleb128 0x3b
 1219 0093 0B       		.uleb128 0xb
 1220 0094 01       		.uleb128 0x1
 1221 0095 13       		.uleb128 0x13
 1222 0096 00       		.byte	0
 1223 0097 00       		.byte	0
 1224 0098 0F       		.uleb128 0xf
 1225 0099 0D       		.uleb128 0xd
 1226 009a 00       		.byte	0
 1227 009b 03       		.uleb128 0x3
 1228 009c 0E       		.uleb128 0xe
 1229 009d 3A       		.uleb128 0x3a
 1230 009e 0B       		.uleb128 0xb
 1231 009f 3B       		.uleb128 0x3b
 1232 00a0 0B       		.uleb128 0xb
 1233 00a1 49       		.uleb128 0x49
 1234 00a2 13       		.uleb128 0x13
 1235 00a3 38       		.uleb128 0x38
 1236 00a4 0B       		.uleb128 0xb
 1237 00a5 00       		.byte	0
 1238 00a6 00       		.byte	0
 1239 00a7 10       		.uleb128 0x10
 1240 00a8 13       		.uleb128 0x13
 1241 00a9 01       		.byte	0x1
 1242 00aa 03       		.uleb128 0x3
 1243 00ab 0E       		.uleb128 0xe
 1244 00ac 0B       		.uleb128 0xb
 1245 00ad 0B       		.uleb128 0xb
 1246 00ae 3A       		.uleb128 0x3a
 1247 00af 0B       		.uleb128 0xb
 1248 00b0 3B       		.uleb128 0x3b
 1249 00b1 0B       		.uleb128 0xb
 1250 00b2 01       		.uleb128 0x1
 1251 00b3 13       		.uleb128 0x13
 1252 00b4 00       		.byte	0
 1253 00b5 00       		.byte	0
 1254 00b6 11       		.uleb128 0x11
ARM GAS  /var/folders/3j/4xdnk5197cv_b7cw3n33qk7r0000gn/T//ccSfb32Q.s 			page 23


 1255 00b7 0D       		.uleb128 0xd
 1256 00b8 00       		.byte	0
 1257 00b9 03       		.uleb128 0x3
 1258 00ba 08       		.uleb128 0x8
 1259 00bb 3A       		.uleb128 0x3a
 1260 00bc 0B       		.uleb128 0xb
 1261 00bd 3B       		.uleb128 0x3b
 1262 00be 0B       		.uleb128 0xb
 1263 00bf 49       		.uleb128 0x49
 1264 00c0 13       		.uleb128 0x13
 1265 00c1 38       		.uleb128 0x38
 1266 00c2 0B       		.uleb128 0xb
 1267 00c3 00       		.byte	0
 1268 00c4 00       		.byte	0
 1269 00c5 12       		.uleb128 0x12
 1270 00c6 13       		.uleb128 0x13
 1271 00c7 01       		.byte	0x1
 1272 00c8 03       		.uleb128 0x3
 1273 00c9 0E       		.uleb128 0xe
 1274 00ca 0B       		.uleb128 0xb
 1275 00cb 05       		.uleb128 0x5
 1276 00cc 3A       		.uleb128 0x3a
 1277 00cd 0B       		.uleb128 0xb
 1278 00ce 3B       		.uleb128 0x3b
 1279 00cf 0B       		.uleb128 0xb
 1280 00d0 01       		.uleb128 0x1
 1281 00d1 13       		.uleb128 0x13
 1282 00d2 00       		.byte	0
 1283 00d3 00       		.byte	0
 1284 00d4 13       		.uleb128 0x13
 1285 00d5 0D       		.uleb128 0xd
 1286 00d6 00       		.byte	0
 1287 00d7 03       		.uleb128 0x3
 1288 00d8 0E       		.uleb128 0xe
 1289 00d9 3A       		.uleb128 0x3a
 1290 00da 0B       		.uleb128 0xb
 1291 00db 3B       		.uleb128 0x3b
 1292 00dc 0B       		.uleb128 0xb
 1293 00dd 49       		.uleb128 0x49
 1294 00de 13       		.uleb128 0x13
 1295 00df 38       		.uleb128 0x38
 1296 00e0 05       		.uleb128 0x5
 1297 00e1 00       		.byte	0
 1298 00e2 00       		.byte	0
 1299 00e3 14       		.uleb128 0x14
 1300 00e4 15       		.uleb128 0x15
 1301 00e5 00       		.byte	0
 1302 00e6 27       		.uleb128 0x27
 1303 00e7 19       		.uleb128 0x19
 1304 00e8 00       		.byte	0
 1305 00e9 00       		.byte	0
 1306 00ea 15       		.uleb128 0x15
 1307 00eb 15       		.uleb128 0x15
 1308 00ec 01       		.byte	0x1
 1309 00ed 27       		.uleb128 0x27
 1310 00ee 19       		.uleb128 0x19
 1311 00ef 49       		.uleb128 0x49
ARM GAS  /var/folders/3j/4xdnk5197cv_b7cw3n33qk7r0000gn/T//ccSfb32Q.s 			page 24


 1312 00f0 13       		.uleb128 0x13
 1313 00f1 01       		.uleb128 0x1
 1314 00f2 13       		.uleb128 0x13
 1315 00f3 00       		.byte	0
 1316 00f4 00       		.byte	0
 1317 00f5 16       		.uleb128 0x16
 1318 00f6 05       		.uleb128 0x5
 1319 00f7 00       		.byte	0
 1320 00f8 49       		.uleb128 0x49
 1321 00f9 13       		.uleb128 0x13
 1322 00fa 00       		.byte	0
 1323 00fb 00       		.byte	0
 1324 00fc 17       		.uleb128 0x17
 1325 00fd 13       		.uleb128 0x13
 1326 00fe 01       		.byte	0x1
 1327 00ff 03       		.uleb128 0x3
 1328 0100 0E       		.uleb128 0xe
 1329 0101 0B       		.uleb128 0xb
 1330 0102 05       		.uleb128 0x5
 1331 0103 3A       		.uleb128 0x3a
 1332 0104 0B       		.uleb128 0xb
 1333 0105 3B       		.uleb128 0x3b
 1334 0106 05       		.uleb128 0x5
 1335 0107 01       		.uleb128 0x1
 1336 0108 13       		.uleb128 0x13
 1337 0109 00       		.byte	0
 1338 010a 00       		.byte	0
 1339 010b 18       		.uleb128 0x18
 1340 010c 0D       		.uleb128 0xd
 1341 010d 00       		.byte	0
 1342 010e 03       		.uleb128 0x3
 1343 010f 0E       		.uleb128 0xe
 1344 0110 3A       		.uleb128 0x3a
 1345 0111 0B       		.uleb128 0xb
 1346 0112 3B       		.uleb128 0x3b
 1347 0113 05       		.uleb128 0x5
 1348 0114 49       		.uleb128 0x49
 1349 0115 13       		.uleb128 0x13
 1350 0116 38       		.uleb128 0x38
 1351 0117 0B       		.uleb128 0xb
 1352 0118 00       		.byte	0
 1353 0119 00       		.byte	0
 1354 011a 19       		.uleb128 0x19
 1355 011b 0D       		.uleb128 0xd
 1356 011c 00       		.byte	0
 1357 011d 03       		.uleb128 0x3
 1358 011e 0E       		.uleb128 0xe
 1359 011f 3A       		.uleb128 0x3a
 1360 0120 0B       		.uleb128 0xb
 1361 0121 3B       		.uleb128 0x3b
 1362 0122 05       		.uleb128 0x5
 1363 0123 49       		.uleb128 0x49
 1364 0124 13       		.uleb128 0x13
 1365 0125 38       		.uleb128 0x38
 1366 0126 05       		.uleb128 0x5
 1367 0127 00       		.byte	0
 1368 0128 00       		.byte	0
ARM GAS  /var/folders/3j/4xdnk5197cv_b7cw3n33qk7r0000gn/T//ccSfb32Q.s 			page 25


 1369 0129 1A       		.uleb128 0x1a
 1370 012a 13       		.uleb128 0x13
 1371 012b 01       		.byte	0x1
 1372 012c 03       		.uleb128 0x3
 1373 012d 0E       		.uleb128 0xe
 1374 012e 0B       		.uleb128 0xb
 1375 012f 0B       		.uleb128 0xb
 1376 0130 3A       		.uleb128 0x3a
 1377 0131 0B       		.uleb128 0xb
 1378 0132 3B       		.uleb128 0x3b
 1379 0133 05       		.uleb128 0x5
 1380 0134 01       		.uleb128 0x1
 1381 0135 13       		.uleb128 0x13
 1382 0136 00       		.byte	0
 1383 0137 00       		.byte	0
 1384 0138 1B       		.uleb128 0x1b
 1385 0139 13       		.uleb128 0x13
 1386 013a 01       		.byte	0x1
 1387 013b 0B       		.uleb128 0xb
 1388 013c 0B       		.uleb128 0xb
 1389 013d 3A       		.uleb128 0x3a
 1390 013e 0B       		.uleb128 0xb
 1391 013f 3B       		.uleb128 0x3b
 1392 0140 05       		.uleb128 0x5
 1393 0141 01       		.uleb128 0x1
 1394 0142 13       		.uleb128 0x13
 1395 0143 00       		.byte	0
 1396 0144 00       		.byte	0
 1397 0145 1C       		.uleb128 0x1c
 1398 0146 17       		.uleb128 0x17
 1399 0147 01       		.byte	0x1
 1400 0148 0B       		.uleb128 0xb
 1401 0149 0B       		.uleb128 0xb
 1402 014a 3A       		.uleb128 0x3a
 1403 014b 0B       		.uleb128 0xb
 1404 014c 3B       		.uleb128 0x3b
 1405 014d 05       		.uleb128 0x5
 1406 014e 01       		.uleb128 0x1
 1407 014f 13       		.uleb128 0x13
 1408 0150 00       		.byte	0
 1409 0151 00       		.byte	0
 1410 0152 1D       		.uleb128 0x1d
 1411 0153 0D       		.uleb128 0xd
 1412 0154 00       		.byte	0
 1413 0155 03       		.uleb128 0x3
 1414 0156 0E       		.uleb128 0xe
 1415 0157 3A       		.uleb128 0x3a
 1416 0158 0B       		.uleb128 0xb
 1417 0159 3B       		.uleb128 0x3b
 1418 015a 05       		.uleb128 0x5
 1419 015b 49       		.uleb128 0x49
 1420 015c 13       		.uleb128 0x13
 1421 015d 00       		.byte	0
 1422 015e 00       		.byte	0
 1423 015f 1E       		.uleb128 0x1e
 1424 0160 15       		.uleb128 0x15
 1425 0161 01       		.byte	0x1
ARM GAS  /var/folders/3j/4xdnk5197cv_b7cw3n33qk7r0000gn/T//ccSfb32Q.s 			page 26


 1426 0162 27       		.uleb128 0x27
 1427 0163 19       		.uleb128 0x19
 1428 0164 01       		.uleb128 0x1
 1429 0165 13       		.uleb128 0x13
 1430 0166 00       		.byte	0
 1431 0167 00       		.byte	0
 1432 0168 1F       		.uleb128 0x1f
 1433 0169 34       		.uleb128 0x34
 1434 016a 00       		.byte	0
 1435 016b 03       		.uleb128 0x3
 1436 016c 0E       		.uleb128 0xe
 1437 016d 3A       		.uleb128 0x3a
 1438 016e 0B       		.uleb128 0xb
 1439 016f 3B       		.uleb128 0x3b
 1440 0170 05       		.uleb128 0x5
 1441 0171 49       		.uleb128 0x49
 1442 0172 13       		.uleb128 0x13
 1443 0173 3F       		.uleb128 0x3f
 1444 0174 19       		.uleb128 0x19
 1445 0175 3C       		.uleb128 0x3c
 1446 0176 19       		.uleb128 0x19
 1447 0177 00       		.byte	0
 1448 0178 00       		.byte	0
 1449 0179 20       		.uleb128 0x20
 1450 017a 34       		.uleb128 0x34
 1451 017b 00       		.byte	0
 1452 017c 03       		.uleb128 0x3
 1453 017d 0E       		.uleb128 0xe
 1454 017e 3A       		.uleb128 0x3a
 1455 017f 0B       		.uleb128 0xb
 1456 0180 3B       		.uleb128 0x3b
 1457 0181 0B       		.uleb128 0xb
 1458 0182 49       		.uleb128 0x49
 1459 0183 13       		.uleb128 0x13
 1460 0184 3F       		.uleb128 0x3f
 1461 0185 19       		.uleb128 0x19
 1462 0186 3C       		.uleb128 0x3c
 1463 0187 19       		.uleb128 0x19
 1464 0188 00       		.byte	0
 1465 0189 00       		.byte	0
 1466 018a 00       		.byte	0
 1467              		.section	.debug_aranges,"",%progbits
 1468 0000 14000000 		.4byte	0x14
 1469 0004 0200     		.2byte	0x2
 1470 0006 00000000 		.4byte	.Ldebug_info0
 1471 000a 04       		.byte	0x4
 1472 000b 00       		.byte	0
 1473 000c 0000     		.2byte	0
 1474 000e 0000     		.2byte	0
 1475 0010 00000000 		.4byte	0
 1476 0014 00000000 		.4byte	0
 1477              		.section	.debug_line,"",%progbits
 1478              	.Ldebug_line0:
 1479 0000 2D010000 		.section	.debug_str,"MS",%progbits,1
 1479      02002701 
 1479      00000201 
 1479      FB0E0D00 
ARM GAS  /var/folders/3j/4xdnk5197cv_b7cw3n33qk7r0000gn/T//ccSfb32Q.s 			page 27


 1479      01010101 
 1480              	.LASF122:
 1481 0000 474E5520 		.ascii	"GNU C11 7.3.1 20180622 (release) [ARM/embedded-7-br"
 1481      43313120 
 1481      372E332E 
 1481      31203230 
 1481      31383036 
 1482 0033 616E6368 		.ascii	"anch revision 261907] -mcpu=arm1176jz-s -mno-thumb-"
 1482      20726576 
 1482      6973696F 
 1482      6E203236 
 1482      31393037 
 1483 0066 696E7465 		.ascii	"interwork -ggdb -O2 -fomit-frame-pointer -ffunction"
 1483      72776F72 
 1483      6B202D67 
 1483      67646220 
 1483      2D4F3220 
 1484 0099 2D736563 		.ascii	"-sections -fdata-sections\000"
 1484      74696F6E 
 1484      73202D66 
 1484      64617461 
 1484      2D736563 
 1485              	.LASF37:
 1486 00b3 5F6F6E5F 		.ascii	"_on_exit_args\000"
 1486      65786974 
 1486      5F617267 
 1486      7300
 1487              	.LASF104:
 1488 00c1 5F776374 		.ascii	"_wctomb_state\000"
 1488      6F6D625F 
 1488      73746174 
 1488      6500
 1489              	.LASF101:
 1490 00cf 5F723438 		.ascii	"_r48\000"
 1490      00
 1491              	.LASF106:
 1492 00d4 5F736967 		.ascii	"_signal_buf\000"
 1492      6E616C5F 
 1492      62756600 
 1493              	.LASF8:
 1494 00e0 756E7369 		.ascii	"unsigned int\000"
 1494      676E6564 
 1494      20696E74 
 1494      00
 1495              	.LASF51:
 1496 00ed 5F6C6266 		.ascii	"_lbfsize\000"
 1496      73697A65 
 1496      00
 1497              	.LASF49:
 1498 00f6 5F666C61 		.ascii	"_flags\000"
 1498      677300
 1499              	.LASF66:
 1500 00fd 5F657272 		.ascii	"_errno\000"
 1500      6E6F00
 1501              	.LASF63:
 1502 0104 5F6D6273 		.ascii	"_mbstate\000"
 1502      74617465 
ARM GAS  /var/folders/3j/4xdnk5197cv_b7cw3n33qk7r0000gn/T//ccSfb32Q.s 			page 28


 1502      00
 1503              	.LASF53:
 1504 010d 5F726561 		.ascii	"_read\000"
 1504      6400
 1505              	.LASF108:
 1506 0113 5F6D6272 		.ascii	"_mbrlen_state\000"
 1506      6C656E5F 
 1506      73746174 
 1506      6500
 1507              	.LASF68:
 1508 0121 5F737464 		.ascii	"_stdout\000"
 1508      6F757400 
 1509              	.LASF13:
 1510 0129 5F66706F 		.ascii	"_fpos_t\000"
 1510      735F7400 
 1511              	.LASF44:
 1512 0131 5F666E73 		.ascii	"_fns\000"
 1512      00
 1513              	.LASF52:
 1514 0136 5F636F6F 		.ascii	"_cookie\000"
 1514      6B696500 
 1515              	.LASF26:
 1516 013e 5F426967 		.ascii	"_Bigint\000"
 1516      696E7400 
 1517              	.LASF34:
 1518 0146 5F5F746D 		.ascii	"__tm_wday\000"
 1518      5F776461 
 1518      7900
 1519              	.LASF76:
 1520 0150 5F726573 		.ascii	"_result\000"
 1520      756C7400 
 1521              	.LASF30:
 1522 0158 5F5F746D 		.ascii	"__tm_hour\000"
 1522      5F686F75 
 1522      7200
 1523              	.LASF17:
 1524 0162 5F5F636F 		.ascii	"__count\000"
 1524      756E7400 
 1525              	.LASF29:
 1526 016a 5F5F746D 		.ascii	"__tm_min\000"
 1526      5F6D696E 
 1526      00
 1527              	.LASF119:
 1528 0173 5F696D70 		.ascii	"_impure_ptr\000"
 1528      7572655F 
 1528      70747200 
 1529              	.LASF114:
 1530 017f 5F6E6578 		.ascii	"_nextf\000"
 1530      746600
 1531              	.LASF91:
 1532 0186 5F72616E 		.ascii	"_rand48\000"
 1532      64343800 
 1533              	.LASF77:
 1534 018e 5F726573 		.ascii	"_result_k\000"
 1534      756C745F 
 1534      6B00
 1535              	.LASF7:
ARM GAS  /var/folders/3j/4xdnk5197cv_b7cw3n33qk7r0000gn/T//ccSfb32Q.s 			page 29


 1536 0198 6C6F6E67 		.ascii	"long long unsigned int\000"
 1536      206C6F6E 
 1536      6720756E 
 1536      7369676E 
 1536      65642069 
 1537              	.LASF97:
 1538 01af 5F617363 		.ascii	"_asctime_buf\000"
 1538      74696D65 
 1538      5F627566 
 1538      00
 1539              	.LASF48:
 1540 01bc 5F5F7346 		.ascii	"__sFILE\000"
 1540      494C4500 
 1541              	.LASF25:
 1542 01c4 5F776473 		.ascii	"_wds\000"
 1542      00
 1543              	.LASF87:
 1544 01c9 5F5F4649 		.ascii	"__FILE\000"
 1544      4C4500
 1545              	.LASF60:
 1546 01d0 5F6F6666 		.ascii	"_offset\000"
 1546      73657400 
 1547              	.LASF71:
 1548 01d8 5F656D65 		.ascii	"_emergency\000"
 1548      7267656E 
 1548      637900
 1549              	.LASF28:
 1550 01e3 5F5F746D 		.ascii	"__tm_sec\000"
 1550      5F736563 
 1550      00
 1551              	.LASF121:
 1552 01ec 7375626F 		.ascii	"suboptarg\000"
 1552      70746172 
 1552      6700
 1553              	.LASF35:
 1554 01f6 5F5F746D 		.ascii	"__tm_yday\000"
 1554      5F796461 
 1554      7900
 1555              	.LASF70:
 1556 0200 5F696E63 		.ascii	"_inc\000"
 1556      00
 1557              	.LASF43:
 1558 0205 5F696E64 		.ascii	"_ind\000"
 1558      00
 1559              	.LASF22:
 1560 020a 5F6E6578 		.ascii	"_next\000"
 1560      7400
 1561              	.LASF110:
 1562 0210 5F6D6273 		.ascii	"_mbsrtowcs_state\000"
 1562      72746F77 
 1562      63735F73 
 1562      74617465 
 1562      00
 1563              	.LASF18:
 1564 0221 5F5F7661 		.ascii	"__value\000"
 1564      6C756500 
 1565              	.LASF78:
ARM GAS  /var/folders/3j/4xdnk5197cv_b7cw3n33qk7r0000gn/T//ccSfb32Q.s 			page 30


 1566 0229 5F703573 		.ascii	"_p5s\000"
 1566      00
 1567              	.LASF112:
 1568 022e 5F776373 		.ascii	"_wcsrtombs_state\000"
 1568      72746F6D 
 1568      62735F73 
 1568      74617465 
 1568      00
 1569              	.LASF102:
 1570 023f 5F6D626C 		.ascii	"_mblen_state\000"
 1570      656E5F73 
 1570      74617465 
 1570      00
 1571              	.LASF10:
 1572 024c 63686172 		.ascii	"char\000"
 1572      00
 1573              	.LASF31:
 1574 0251 5F5F746D 		.ascii	"__tm_mday\000"
 1574      5F6D6461 
 1574      7900
 1575              	.LASF84:
 1576 025b 5F736967 		.ascii	"_sig_func\000"
 1576      5F66756E 
 1576      6300
 1577              	.LASF109:
 1578 0265 5F6D6272 		.ascii	"_mbrtowc_state\000"
 1578      746F7763 
 1578      5F737461 
 1578      746500
 1579              	.LASF83:
 1580 0274 5F617465 		.ascii	"_atexit0\000"
 1580      78697430 
 1580      00
 1581              	.LASF20:
 1582 027d 5F666C6F 		.ascii	"_flock_t\000"
 1582      636B5F74 
 1582      00
 1583              	.LASF15:
 1584 0286 5F5F7763 		.ascii	"__wch\000"
 1584      6800
 1585              	.LASF90:
 1586 028c 5F696F62 		.ascii	"_iobs\000"
 1586      7300
 1587              	.LASF56:
 1588 0292 5F636C6F 		.ascii	"_close\000"
 1588      736500
 1589              	.LASF74:
 1590 0299 5F5F7364 		.ascii	"__sdidinit\000"
 1590      6964696E 
 1590      697400
 1591              	.LASF67:
 1592 02a4 5F737464 		.ascii	"_stdin\000"
 1592      696E00
 1593              	.LASF99:
 1594 02ab 5F67616D 		.ascii	"_gamma_signgam\000"
 1594      6D615F73 
 1594      69676E67 
ARM GAS  /var/folders/3j/4xdnk5197cv_b7cw3n33qk7r0000gn/T//ccSfb32Q.s 			page 31


 1594      616D00
 1595              	.LASF6:
 1596 02ba 6C6F6E67 		.ascii	"long long int\000"
 1596      206C6F6E 
 1596      6720696E 
 1596      7400
 1597              	.LASF46:
 1598 02c8 5F626173 		.ascii	"_base\000"
 1598      6500
 1599              	.LASF79:
 1600 02ce 5F667265 		.ascii	"_freelist\000"
 1600      656C6973 
 1600      7400
 1601              	.LASF93:
 1602 02d8 5F6D756C 		.ascii	"_mult\000"
 1602      7400
 1603              	.LASF21:
 1604 02de 5F5F554C 		.ascii	"__ULong\000"
 1604      6F6E6700 
 1605              	.LASF111:
 1606 02e6 5F776372 		.ascii	"_wcrtomb_state\000"
 1606      746F6D62 
 1606      5F737461 
 1606      746500
 1607              	.LASF50:
 1608 02f5 5F66696C 		.ascii	"_file\000"
 1608      6500
 1609              	.LASF75:
 1610 02fb 5F5F636C 		.ascii	"__cleanup\000"
 1610      65616E75 
 1610      7000
 1611              	.LASF19:
 1612 0305 5F6D6273 		.ascii	"_mbstate_t\000"
 1612      74617465 
 1612      5F7400
 1613              	.LASF36:
 1614 0310 5F5F746D 		.ascii	"__tm_isdst\000"
 1614      5F697364 
 1614      737400
 1615              	.LASF113:
 1616 031b 5F685F65 		.ascii	"_h_errno\000"
 1616      72726E6F 
 1616      00
 1617              	.LASF32:
 1618 0324 5F5F746D 		.ascii	"__tm_mon\000"
 1618      5F6D6F6E 
 1618      00
 1619              	.LASF9:
 1620 032d 6C6F6E67 		.ascii	"long double\000"
 1620      20646F75 
 1620      626C6500 
 1621              	.LASF11:
 1622 0339 5F4C4F43 		.ascii	"_LOCK_T\000"
 1622      4B5F5400 
 1623              	.LASF54:
 1624 0341 5F777269 		.ascii	"_write\000"
 1624      746500
ARM GAS  /var/folders/3j/4xdnk5197cv_b7cw3n33qk7r0000gn/T//ccSfb32Q.s 			page 32


 1625              	.LASF42:
 1626 0348 5F617465 		.ascii	"_atexit\000"
 1626      78697400 
 1627              	.LASF124:
 1628 0350 2F557365 		.ascii	"/Users/kevinmalmsten/development_raspberry_pi/Chibi"
 1628      72732F6B 
 1628      6576696E 
 1628      6D616C6D 
 1628      7374656E 
 1629 0383 4F532D42 		.ascii	"OS-Backup/__Backup_System\000"
 1629      61636B75 
 1629      702F5F5F 
 1629      4261636B 
 1629      75705F53 
 1630              	.LASF2:
 1631 039d 73686F72 		.ascii	"short int\000"
 1631      7420696E 
 1631      7400
 1632              	.LASF4:
 1633 03a7 6C6F6E67 		.ascii	"long int\000"
 1633      20696E74 
 1633      00
 1634              	.LASF86:
 1635 03b0 5F5F7366 		.ascii	"__sf\000"
 1635      00
 1636              	.LASF24:
 1637 03b5 5F736967 		.ascii	"_sign\000"
 1637      6E00
 1638              	.LASF61:
 1639 03bb 5F646174 		.ascii	"_data\000"
 1639      6100
 1640              	.LASF16:
 1641 03c1 5F5F7763 		.ascii	"__wchb\000"
 1641      686200
 1642              	.LASF120:
 1643 03c8 5F676C6F 		.ascii	"_global_impure_ptr\000"
 1643      62616C5F 
 1643      696D7075 
 1643      72655F70 
 1643      747200
 1644              	.LASF33:
 1645 03db 5F5F746D 		.ascii	"__tm_year\000"
 1645      5F796561 
 1645      7200
 1646              	.LASF98:
 1647 03e5 5F6C6F63 		.ascii	"_localtime_buf\000"
 1647      616C7469 
 1647      6D655F62 
 1647      756600
 1648              	.LASF116:
 1649 03f4 5F756E75 		.ascii	"_unused\000"
 1649      73656400 
 1650              	.LASF82:
 1651 03fc 5F6E6577 		.ascii	"_new\000"
 1651      00
 1652              	.LASF80:
 1653 0401 5F637674 		.ascii	"_cvtlen\000"
ARM GAS  /var/folders/3j/4xdnk5197cv_b7cw3n33qk7r0000gn/T//ccSfb32Q.s 			page 33


 1653      6C656E00 
 1654              	.LASF23:
 1655 0409 5F6D6178 		.ascii	"_maxwds\000"
 1655      77647300 
 1656              	.LASF105:
 1657 0411 5F6C3634 		.ascii	"_l64a_buf\000"
 1657      615F6275 
 1657      6600
 1658              	.LASF59:
 1659 041b 5F626C6B 		.ascii	"_blksize\000"
 1659      73697A65 
 1659      00
 1660              	.LASF27:
 1661 0424 5F5F746D 		.ascii	"__tm\000"
 1661      00
 1662              	.LASF62:
 1663 0429 5F6C6F63 		.ascii	"_lock\000"
 1663      6B00
 1664              	.LASF5:
 1665 042f 6C6F6E67 		.ascii	"long unsigned int\000"
 1665      20756E73 
 1665      69676E65 
 1665      6420696E 
 1665      7400
 1666              	.LASF89:
 1667 0441 5F6E696F 		.ascii	"_niobs\000"
 1667      627300
 1668              	.LASF14:
 1669 0448 77696E74 		.ascii	"wint_t\000"
 1669      5F7400
 1670              	.LASF39:
 1671 044f 5F64736F 		.ascii	"_dso_handle\000"
 1671      5F68616E 
 1671      646C6500 
 1672              	.LASF117:
 1673 045b 5F5F6C6F 		.ascii	"__lock\000"
 1673      636B00
 1674              	.LASF81:
 1675 0462 5F637674 		.ascii	"_cvtbuf\000"
 1675      62756600 
 1676              	.LASF1:
 1677 046a 756E7369 		.ascii	"unsigned char\000"
 1677      676E6564 
 1677      20636861 
 1677      7200
 1678              	.LASF107:
 1679 0478 5F676574 		.ascii	"_getdate_err\000"
 1679      64617465 
 1679      5F657272 
 1679      00
 1680              	.LASF94:
 1681 0485 5F616464 		.ascii	"_add\000"
 1681      00
 1682              	.LASF45:
 1683 048a 5F5F7362 		.ascii	"__sbuf\000"
 1683      756600
 1684              	.LASF88:
ARM GAS  /var/folders/3j/4xdnk5197cv_b7cw3n33qk7r0000gn/T//ccSfb32Q.s 			page 34


 1685 0491 5F676C75 		.ascii	"_glue\000"
 1685      6500
 1686              	.LASF85:
 1687 0497 5F5F7367 		.ascii	"__sglue\000"
 1687      6C756500 
 1688              	.LASF96:
 1689 049f 5F737472 		.ascii	"_strtok_last\000"
 1689      746F6B5F 
 1689      6C617374 
 1689      00
 1690              	.LASF103:
 1691 04ac 5F6D6274 		.ascii	"_mbtowc_state\000"
 1691      6F77635F 
 1691      73746174 
 1691      6500
 1692              	.LASF73:
 1693 04ba 5F6C6F63 		.ascii	"_locale\000"
 1693      616C6500 
 1694              	.LASF38:
 1695 04c2 5F666E61 		.ascii	"_fnargs\000"
 1695      72677300 
 1696              	.LASF0:
 1697 04ca 7369676E 		.ascii	"signed char\000"
 1697      65642063 
 1697      68617200 
 1698              	.LASF65:
 1699 04d6 5F726565 		.ascii	"_reent\000"
 1699      6E7400
 1700              	.LASF123:
 1701 04dd 2E2E2F2F 		.ascii	"..//VL53L0X_Api/core/src/vl53l0x_api_ranging.c\000"
 1701      564C3533 
 1701      4C30585F 
 1701      4170692F 
 1701      636F7265 
 1702              	.LASF3:
 1703 050c 73686F72 		.ascii	"short unsigned int\000"
 1703      7420756E 
 1703      7369676E 
 1703      65642069 
 1703      6E7400
 1704              	.LASF40:
 1705 051f 5F666E74 		.ascii	"_fntypes\000"
 1705      79706573 
 1705      00
 1706              	.LASF47:
 1707 0528 5F73697A 		.ascii	"_size\000"
 1707      6500
 1708              	.LASF12:
 1709 052e 5F6F6666 		.ascii	"_off_t\000"
 1709      5F7400
 1710              	.LASF58:
 1711 0535 5F6E6275 		.ascii	"_nbuf\000"
 1711      6600
 1712              	.LASF95:
 1713 053b 5F756E75 		.ascii	"_unused_rand\000"
 1713      7365645F 
 1713      72616E64 
ARM GAS  /var/folders/3j/4xdnk5197cv_b7cw3n33qk7r0000gn/T//ccSfb32Q.s 			page 35


 1713      00
 1714              	.LASF72:
 1715 0548 5F756E73 		.ascii	"_unspecified_locale_info\000"
 1715      70656369 
 1715      66696564 
 1715      5F6C6F63 
 1715      616C655F 
 1716              	.LASF64:
 1717 0561 5F666C61 		.ascii	"_flags2\000"
 1717      67733200 
 1718              	.LASF41:
 1719 0569 5F69735F 		.ascii	"_is_cxa\000"
 1719      63786100 
 1720              	.LASF92:
 1721 0571 5F736565 		.ascii	"_seed\000"
 1721      6400
 1722              	.LASF100:
 1723 0577 5F72616E 		.ascii	"_rand_next\000"
 1723      645F6E65 
 1723      787400
 1724              	.LASF118:
 1725 0582 5F5F6C6F 		.ascii	"__locale_t\000"
 1725      63616C65 
 1725      5F7400
 1726              	.LASF55:
 1727 058d 5F736565 		.ascii	"_seek\000"
 1727      6B00
 1728              	.LASF69:
 1729 0593 5F737464 		.ascii	"_stderr\000"
 1729      65727200 
 1730              	.LASF115:
 1731 059b 5F6E6D61 		.ascii	"_nmalloc\000"
 1731      6C6C6F63 
 1731      00
 1732              	.LASF57:
 1733 05a4 5F756275 		.ascii	"_ubuf\000"
 1733      6600
 1734              		.ident	"GCC: (GNU Tools for Arm Embedded Processors 7-2018-q2-update) 7.3.1 20180622 (release) [AR
ARM GAS  /var/folders/3j/4xdnk5197cv_b7cw3n33qk7r0000gn/T//ccSfb32Q.s 			page 36


DEFINED SYMBOLS
                            *ABS*:0000000000000000 vl53l0x_api_ranging.c

NO UNDEFINED SYMBOLS
